
****** Vitis HLS - High-Level Synthesis from C, C++ and OpenCL v2020.2 (64-bit)
  **** SW Build 3064766 on Wed Nov 18 09:12:47 MST 2020
  **** IP Build 3064653 on Wed Nov 18 14:17:31 MST 2020
    ** Copyright 1986-2020 Xilinx, Inc. All Rights Reserved.

source /usr/local/packages/xilinx_2020/Vitis_HLS/2020.2/scripts/vitis_hls/hls.tcl -notrace
INFO: [HLS 200-10] Running '/usr/local/packages/xilinx_2020/Vitis_HLS/2020.2/bin/unwrapped/lnx64.o/vitis_hls'
INFO: [HLS 200-10] For user 'drauch' on host 'kamek.ece.utexas.edu' (Linux_x86_64 version 3.10.0-1160.6.1.el7.x86_64) on Tue Apr 20 17:53:59 CDT 2021
INFO: [HLS 200-10] On os "CentOS Linux release 7.9.2009 (Core)"
INFO: [HLS 200-10] In directory '/home/ecelrc/students/drauch/research/scale-cnn/networks/vtr/layers/tdf11/r4_o1'
Sourcing Tcl script 'tdf11.tcl'
INFO: [HLS 200-1510] Running: open_project -reset tdf11_prj 
INFO: [HLS 200-10] Creating and opening project '/home/ecelrc/students/drauch/research/scale-cnn/networks/vtr/layers/tdf11/r4_o1/tdf11_prj'.
INFO: [HLS 200-1510] Running: add_files -cflags -I .. -I /home/ecelrc/students/drauch/research/scale-cnn/common -D FAST_COMPILE=0 /home/ecelrc/students/drauch/research/scale-cnn/common/global_defines.h tdf11.cpp 
INFO: [HLS 200-10] Adding design file '/home/ecelrc/students/drauch/research/scale-cnn/common/global_defines.h' to the project
INFO: [HLS 200-10] Adding design file 'tdf11.cpp' to the project
INFO: [HLS 200-1510] Running: add_files -tb -cflags -I .. -I /home/ecelrc/students/drauch/research/scale-cnn/common/test -I /home/ecelrc/students/drauch/research/scale-cnn/common /home/ecelrc/students/drauch/research/scale-cnn/common/test/tb_utils.cpp ../test/golden.cpp ../test/tb_tdf11.cpp 
INFO: [HLS 200-10] Adding test bench file '/home/ecelrc/students/drauch/research/scale-cnn/common/test/tb_utils.cpp' to the project
INFO: [HLS 200-10] Adding test bench file '../test/golden.cpp' to the project
INFO: [HLS 200-10] Adding test bench file '../test/tb_tdf11.cpp' to the project
INFO: [HLS 200-1510] Running: set_top tdf11_top 
INFO: [HLS 200-1510] Running: open_solution -reset solution1 
INFO: [HLS 200-10] Creating and opening solution '/home/ecelrc/students/drauch/research/scale-cnn/networks/vtr/layers/tdf11/r4_o1/tdf11_prj/solution1'.
INFO: [HLS 200-10] Cleaning up the solution database.
WARNING: [HLS 200-40] No /home/ecelrc/students/drauch/research/scale-cnn/networks/vtr/layers/tdf11/r4_o1/tdf11_prj/solution1/solution1.aps file found.
INFO: [HLS 200-1505] Using default flow_target 'vivado'
Resolution: For help on HLS 200-1505 see www.xilinx.com/cgi-bin/docs/rdoc?v=2020.2;t=hls+guidance;d=200-1505.html
INFO: [HLS 200-1510] Running: set_part xcvu3p-ffvc1517-3-e 
INFO: [HLS 200-10] Setting target device to 'xcvu3p-ffvc1517-3-e'
INFO: [HLS 200-1510] Running: create_clock -period 3 
INFO: [SYN 201-201] Setting up clock 'default' with a period of 3ns.
INFO: [HLS 200-1510] Running: set_directive_bind_storage -type ram_s2p -impl uram tdf11_top in_data 
INFO: [HLS 200-1510] Running: set_directive_bind_storage -type ram_s2p -impl uram tdf11_top out_data 
INFO: [HLS 200-1510] Running: set_directive_bind_storage -type ram_2p -impl uram tdf11_top l1_filter_data 
INFO: [HLS 200-1510] Running: set_directive_bind_storage -type ram_2p -impl bram tdf11_top l2_filter_data 
INFO: [HLS 200-1510] Running: set_directive_bind_storage -type ram_2p -impl bram tdf11_top l1_adjustments 
INFO: [HLS 200-1510] Running: set_directive_bind_storage -type ram_2p -impl bram tdf11_top l2_adjustments 
INFO: [HLS 200-1510] Running: set_directive_array_reshape -type cyclic -factor 4 tdf11_top in_data -dim 3 
INFO: [HLS 200-1510] Running: set_directive_array_reshape -type cyclic -factor 4 tdf11_top l1_filter_data -dim 4 
INFO: [HLS 200-1510] Running: set_directive_array_reshape -type cyclic -factor 4 tdf11_top out_data -dim 3 
INFO: [HLS 200-1510] Running: set_directive_array_reshape -type cyclic -factor 4 tdf11_top l1_adjustments -dim 2 
INFO: [HLS 200-1510] Running: set_directive_array_reshape -type cyclic -factor 4 tdf11_top l2_adjustments -dim 2 
INFO: [HLS 200-1510] Running: set_directive_array_partition -type cyclic -factor 4 -dim 3 tdf11 ifmap_vec 
INFO: [HLS 200-1510] Running: set_directive_array_partition -type cyclic -factor 4 -dim 4 tdf11 weight_vecs 
INFO: [HLS 200-1510] Running: set_directive_array_partition -type cyclic -factor 4 -dim 2 tdf11 products 
INFO: [HLS 200-1510] Running: set_directive_pipeline tdf11_readInputs/IL6 
INFO: [HLS 200-1510] Running: set_directive_unroll -factor 4 tdf11_readInputs/IL6 
INFO: [HLS 200-1510] Running: set_directive_pipeline tdf11_readFilters/FL6 
INFO: [HLS 200-1510] Running: set_directive_unroll -factor 4 tdf11_readFilters/FL6 
INFO: [HLS 200-1510] Running: set_directive_pipeline tdf11_dot_product/DP_OUTER_3 
INFO: [HLS 200-1510] Running: set_directive_unroll -factor 4 tdf11_dot_product/DP_OUTER_3 
INFO: [HLS 200-1510] Running: set_directive_dataflow tdf11/TOP_LOOP 
INFO: [HLS 200-1510] Running: config_op hadd -impl fulldsp -latency 7 
INFO: [HLS 200-1445] Configure operator 'hadd' with implementation style 'fulldsp'.
INFO: [HLS 200-1446] Configure operator 'hadd' with latency 7.
INFO: [HLS 200-1510] Running: config_op hmul -impl maxdsp -latency 4 
INFO: [HLS 200-1445] Configure operator 'hmul' with implementation style 'maxdsp'.
INFO: [HLS 200-1446] Configure operator 'hmul' with latency 4.
INFO: [HLS 200-1510] Running: config_dataflow -strict_mode off 
INFO: [HLS 200-1510] Running: csynth_design 
INFO: [HLS 200-111] Finished File checks and directory preparation: CPU user time: 0.01 seconds. CPU system time: 0.05 seconds. Elapsed time: 0.21 seconds; current allocated memory: 239.700 MB.
INFO: [HLS 200-10] Analyzing design file 'tdf11.cpp' ... 
WARNING: [HLS 207-5510] 'Resource pragma' is deprecated, and it will be removed in future release. It is suggested to replace it with 'bind_op/bind_storage pragma'.: /usr/local/packages/xilinx_2020/Vitis_HLS/2020.2/common/technology/autopilot/hls_hotbm_apfixed.h:117:9
WARNING: [HLS 207-5510] 'Resource pragma' is deprecated, and it will be removed in future release. It is suggested to replace it with 'bind_op/bind_storage pragma'.: /usr/local/packages/xilinx_2020/Vitis_HLS/2020.2/common/technology/autopilot/hls_hotbm_apfixed.h:118:9
WARNING: [HLS 207-5510] 'Resource pragma' is deprecated, and it will be removed in future release. It is suggested to replace it with 'bind_op/bind_storage pragma'.: /usr/local/packages/xilinx_2020/Vitis_HLS/2020.2/common/technology/autopilot/hls_hotbm_apfixed.h:119:9
WARNING: [HLS 207-5510] 'Resource pragma' is deprecated, and it will be removed in future release. It is suggested to replace it with 'bind_op/bind_storage pragma'.: /usr/local/packages/xilinx_2020/Vitis_HLS/2020.2/common/technology/autopilot/hls_hotbm_apfixed.h:120:9
WARNING: [HLS 207-5510] 'Resource pragma' is deprecated, and it will be removed in future release. It is suggested to replace it with 'bind_op/bind_storage pragma'.: /usr/local/packages/xilinx_2020/Vitis_HLS/2020.2/common/technology/autopilot/hls_hotbm_apfixed.h:121:9
WARNING: [HLS 207-5510] 'Resource pragma' is deprecated, and it will be removed in future release. It is suggested to replace it with 'bind_op/bind_storage pragma'.: /usr/local/packages/xilinx_2020/Vitis_HLS/2020.2/common/technology/autopilot/hls_hotbm_apfixed.h:151:9
WARNING: [HLS 207-5510] 'Resource pragma' is deprecated, and it will be removed in future release. It is suggested to replace it with 'bind_op/bind_storage pragma'.: /usr/local/packages/xilinx_2020/Vitis_HLS/2020.2/common/technology/autopilot/hls_hotbm_apfixed.h:152:9
WARNING: [HLS 207-5510] 'Resource pragma' is deprecated, and it will be removed in future release. It is suggested to replace it with 'bind_op/bind_storage pragma'.: /usr/local/packages/xilinx_2020/Vitis_HLS/2020.2/common/technology/autopilot/hls_hotbm_apfixed.h:153:9
WARNING: [HLS 207-5510] 'Resource pragma' is deprecated, and it will be removed in future release. It is suggested to replace it with 'bind_op/bind_storage pragma'.: /usr/local/packages/xilinx_2020/Vitis_HLS/2020.2/common/technology/autopilot/hls_hotbm_apfixed.h:154:9
WARNING: [HLS 207-5510] 'Resource pragma' is deprecated, and it will be removed in future release. It is suggested to replace it with 'bind_op/bind_storage pragma'.: /usr/local/packages/xilinx_2020/Vitis_HLS/2020.2/common/technology/autopilot/hls_hotbm_apfixed.h:155:9
WARNING: [HLS 207-5510] 'Resource pragma' is deprecated, and it will be removed in future release. It is suggested to replace it with 'bind_op/bind_storage pragma'.: /usr/local/packages/xilinx_2020/Vitis_HLS/2020.2/common/technology/autopilot/hls_hotbm_apfixed.h:156:9
WARNING: [HLS 207-5510] 'Resource pragma' is deprecated, and it will be removed in future release. It is suggested to replace it with 'bind_op/bind_storage pragma'.: /usr/local/packages/xilinx_2020/Vitis_HLS/2020.2/common/technology/autopilot/hls_hotbm_apfixed.h:157:9
WARNING: [HLS 207-5510] 'Resource pragma' is deprecated, and it will be removed in future release. It is suggested to replace it with 'bind_op/bind_storage pragma'.: /usr/local/packages/xilinx_2020/Vitis_HLS/2020.2/common/technology/autopilot/hls_hotbm_apfixed.h:158:9
WARNING: [HLS 207-5510] 'Resource pragma' is deprecated, and it will be removed in future release. It is suggested to replace it with 'bind_op/bind_storage pragma'.: /usr/local/packages/xilinx_2020/Vitis_HLS/2020.2/common/technology/autopilot/hls_hotbm_apfixed.h:159:9
WARNING: [HLS 207-5510] 'Resource pragma' is deprecated, and it will be removed in future release. It is suggested to replace it with 'bind_op/bind_storage pragma'.: /usr/local/packages/xilinx_2020/Vitis_HLS/2020.2/common/technology/autopilot/hls_hotbm_apfixed.h:160:9
WARNING: [HLS 207-5510] 'Resource pragma' is deprecated, and it will be removed in future release. It is suggested to replace it with 'bind_op/bind_storage pragma'.: /usr/local/packages/xilinx_2020/Vitis_HLS/2020.2/common/technology/autopilot/hls_hotbm_apfixed.h:210:9
WARNING: [HLS 207-5510] 'Resource pragma' is deprecated, and it will be removed in future release. It is suggested to replace it with 'bind_op/bind_storage pragma'.: /usr/local/packages/xilinx_2020/Vitis_HLS/2020.2/common/technology/autopilot/hls_hotbm_apfixed.h:211:9
WARNING: [HLS 207-5510] 'Resource pragma' is deprecated, and it will be removed in future release. It is suggested to replace it with 'bind_op/bind_storage pragma'.: /usr/local/packages/xilinx_2020/Vitis_HLS/2020.2/common/technology/autopilot/hls_hotbm_apfixed.h:212:9
WARNING: [HLS 207-5510] 'Resource pragma' is deprecated, and it will be removed in future release. It is suggested to replace it with 'bind_op/bind_storage pragma'.: /usr/local/packages/xilinx_2020/Vitis_HLS/2020.2/common/technology/autopilot/hls_hotbm_apfixed.h:239:9
WARNING: [HLS 207-5510] 'Resource pragma' is deprecated, and it will be removed in future release. It is suggested to replace it with 'bind_op/bind_storage pragma'.: /usr/local/packages/xilinx_2020/Vitis_HLS/2020.2/common/technology/autopilot/hls_hotbm_apfixed.h:240:9
WARNING: [HLS 207-5510] 'Resource pragma' is deprecated, and it will be removed in future release. It is suggested to replace it with 'bind_op/bind_storage pragma'.: /usr/local/packages/xilinx_2020/Vitis_HLS/2020.2/common/technology/autopilot/hls_hotbm_apfixed.h:241:9
WARNING: [HLS 207-5510] 'Resource pragma' is deprecated, and it will be removed in future release. It is suggested to replace it with 'bind_op/bind_storage pragma'.: /usr/local/packages/xilinx_2020/Vitis_HLS/2020.2/common/technology/autopilot/hls_hotbm_apfixed.h:242:9
WARNING: [HLS 207-5510] 'Resource pragma' is deprecated, and it will be removed in future release. It is suggested to replace it with 'bind_op/bind_storage pragma'.: /usr/local/packages/xilinx_2020/Vitis_HLS/2020.2/common/technology/autopilot/hls_hotbm_apfixed.h:243:9
WARNING: [HLS 207-5510] 'Resource pragma' is deprecated, and it will be removed in future release. It is suggested to replace it with 'bind_op/bind_storage pragma'.: /usr/local/packages/xilinx_2020/Vitis_HLS/2020.2/common/technology/autopilot/hls_hotbm_apfixed.h:244:9
WARNING: [HLS 207-5510] 'Resource pragma' is deprecated, and it will be removed in future release. It is suggested to replace it with 'bind_op/bind_storage pragma'.: /usr/local/packages/xilinx_2020/Vitis_HLS/2020.2/common/technology/autopilot/hls_hotbm_apfixed.h:280:9
WARNING: [HLS 207-5510] 'Resource pragma' is deprecated, and it will be removed in future release. It is suggested to replace it with 'bind_op/bind_storage pragma'.: /usr/local/packages/xilinx_2020/Vitis_HLS/2020.2/common/technology/autopilot/hls_hotbm_apfixed.h:281:9
WARNING: [HLS 207-5301] unused parameter 'k': ./tdf11_conv_stages.h:76:37
INFO: [HLS 200-111] Finished Source Code Analysis and Preprocessing: CPU user time: 44.48 seconds. CPU system time: 2.98 seconds. Elapsed time: 162.22 seconds; current allocated memory: 243.160 MB.
INFO: [HLS 200-777] Using interface defaults for 'Vivado' flow target.
INFO: [HLS 214-131] Inlining function 'tdf11_adjust_value(decimal16, decimal16, decimal16, decimal16)' into 'tdf11_adjust(decimal16*, decimal16*, decimal16 (*) [4], unsigned short)' (./tdf11_conv_stages.h:223:20)
INFO: [HLS 214-131] Inlining function 'tdf11_adjust_value(decimal16, decimal16, decimal16, decimal16)' into 'tdf11_l2_writeOutputs(unsigned short, unsigned short, bool, decimal16*, decimal16 (*) [14][128], decimal16 (*) [4])' (tdf11.cpp:99:25)
WARNING: [HLS 214-185] The resource pragma (storage) on function argument, in 'call' is unsupported (tdf11.cpp:337:9)
INFO: [HLS 214-188] Unrolling loop 'IL6' (./tdf11_conv_stages.h:25:15) in function 'tdf11_readInputs' partially with a factor of 4 (./tdf11_conv_stages.h:25:15)
INFO: [HLS 214-188] Unrolling loop 'FL6' (./tdf11_conv_stages.h:49:15) in function 'tdf11_readFilters' partially with a factor of 4 (./tdf11_conv_stages.h:49:15)
INFO: [HLS 214-186] Unrolling loop 'FL7' (./tdf11_conv_stages.h:50:18) in function 'tdf11_readFilters' completely with a factor of 1 (./tdf11_conv_stages.h:50:18)
INFO: [HLS 214-186] Unrolling loop 'FL7' (./tdf11_conv_stages.h:50:18) in function 'tdf11_readFilters' completely with a factor of 1 (./tdf11_conv_stages.h:50:18)
INFO: [HLS 214-186] Unrolling loop 'FL7' (./tdf11_conv_stages.h:50:18) in function 'tdf11_readFilters' completely with a factor of 1 (./tdf11_conv_stages.h:50:18)
INFO: [HLS 214-186] Unrolling loop 'FL7' (./tdf11_conv_stages.h:50:18) in function 'tdf11_readFilters' completely with a factor of 1 (./tdf11_conv_stages.h:50:18)
INFO: [HLS 214-188] Unrolling loop 'DP_OUTER_3' (./tdf11_conv_stages.h:149:22) in function 'tdf11_dot_product' partially with a factor of 4 (./tdf11_conv_stages.h:149:22)
INFO: [HLS 214-188] Unrolling loop 'OUTPUT_LOOP' (tdf11.cpp:140:17) in function 'tdf11_accum_1' partially with a factor of 2 (tdf11.cpp:140:17)
INFO: [HLS 214-188] Unrolling loop 'OUTPUT_LOOP' (tdf11.cpp:179:17) in function 'tdf11_accum_2' partially with a factor of 2 (tdf11.cpp:179:17)
INFO: [HLS 214-178] Inlining function 'fp_struct<decimal16>::fp_struct(decimal16)' into 'int generic_signbit<decimal16>(decimal16)' (/wrk/ci/prod/2020.2/rdi_builds/continuous/2020_11_18_3064766/src/shared/hls/clib/hlsmath/include/FloatingPoint/hls_signbit.h:11:0)
INFO: [HLS 214-178] Inlining function 'fp_struct<decimal16>::__signbit() const' into 'int generic_signbit<decimal16>(decimal16)' (/wrk/ci/prod/2020.2/rdi_builds/continuous/2020_11_18_3064766/src/shared/hls/clib/hlsmath/include/FloatingPoint/hls_signbit.h:11:0)
INFO: [HLS 214-178] Inlining function 'int generic_signbit<decimal16>(decimal16)' into 'hls::signbit(decimal16)' (/wrk/ci/prod/2020.2/rdi_builds/continuous/2020_11_18_3064766/src/shared/hls/clib/hlsmath/src/c++/signbithalf.cpp:7:0)
INFO: [HLS 214-178] Inlining function 'hls::signbit(decimal16)' into 'tdf11_adjust(decimal16*, decimal16*, decimal16 (*) [4], unsigned short)' (./tdf11_conv_stages.h:212:0)
INFO: [HLS 214-178] Inlining function 'hls::signbit(decimal16)' into 'tdf11_l2_writeOutputs(unsigned short, unsigned short, bool, decimal16*, decimal16 (*) [14][128], decimal16 (*) [4])' (tdf11.cpp:81:0)
INFO: [HLS 214-248] cyclic reshaped array 'out_data' on dimension 3 with 4 (tdf11.cpp:336:139)
INFO: [HLS 200-111] Finished Compiling Optimization and Transform: CPU user time: 10.81 seconds. CPU system time: 1.13 seconds. Elapsed time: 42.49 seconds; current allocated memory: 244.694 MB.
INFO: [HLS 200-111] Finished Checking Pragmas: CPU user time: 0.01 seconds. CPU system time: 0 seconds. Elapsed time: 0.01 seconds; current allocated memory: 244.695 MB.
INFO: [HLS 200-10] Starting code transformations ...
INFO: [XFORM 203-501] Unrolling loop 'ADJUST_LOOP' (/wrk/ci/prod/2020.2/rdi_builds/continuous/2020_11_18_3064766/src/shared/hls/clib/hlsmath/include/FloatingPoint/hls_signbit.h:12) in function 'tdf11_adjust(decimal16*, decimal16*, decimal16 (*) [4], unsigned short)': changing partial unrolling into complete unrolling since the unrolling factor (=1) is no less than the loop trip count (=1).
INFO: [HLS 200-489] Unrolling loop 'ADJUST_LOOP' (/wrk/ci/prod/2020.2/rdi_builds/continuous/2020_11_18_3064766/src/shared/hls/clib/hlsmath/include/FloatingPoint/hls_signbit.h:12) in function 'tdf11_adjust(decimal16*, decimal16*, decimal16 (*) [4], unsigned short)' completely with a factor of 1.
INFO: [HLS 200-111] Finished Standard Transforms: CPU user time: 0.67 seconds. CPU system time: 0.07 seconds. Elapsed time: 3.98 seconds; current allocated memory: 266.059 MB.
INFO: [HLS 200-10] Checking synthesizability ...
INFO: [HLS 200-111] Finished Checking Synthesizability: CPU user time: 0.9 seconds. CPU system time: 0.05 seconds. Elapsed time: 5.29 seconds; current allocated memory: 287.536 MB.
INFO: [XFORM 203-502] Unrolling all sub-loops inside loop 'ACCUM_LOOP_OUTER' (tdf11.cpp:171) in function 'tdf11_accum_2' for pipelining.
INFO: [XFORM 203-502] Unrolling all sub-loops inside loop 'DP_OUTER_3' (./tdf11_conv_stages.h:149) in function 'tdf11_dot_product' for pipelining.
INFO: [XFORM 203-502] Unrolling all sub-loops inside loop 'VITIS_LOOP_86_1' (/wrk/ci/prod/2020.2/rdi_builds/continuous/2020_11_18_3064766/src/shared/hls/clib/hlsmath/include/FloatingPoint/hls_signbit.h:12) in function 'tdf11_l2_writeOutputs' for pipelining.
INFO: [XFORM 203-502] Unrolling all sub-loops inside loop 'ACCUM_LOOP_OUTER' (tdf11.cpp:132) in function 'tdf11_accum_1' for pipelining.
INFO: [XFORM 203-501] Unrolling loop 'L2_MUL' (tdf11.cpp:20) in function 'tdf11_l2_multiply' partially with a factor of 2.
INFO: [HLS 200-489] Unrolling loop 'ACCUM_LOOP_INNER' (tdf11.cpp:173) in function 'tdf11_accum_2' completely with a factor of 8.
INFO: [HLS 200-489] Unrolling loop 'DP_INNER' (./tdf11_conv_stages.h:152) in function 'tdf11_dot_product' completely with a factor of 1.
INFO: [HLS 200-489] Unrolling loop 'VITIS_LOOP_104_2' (tdf11.cpp:104) in function 'tdf11_l2_writeOutputs' completely with a factor of 4.
INFO: [HLS 200-489] Unrolling loop 'ACCUM_LOOP_INNER' (tdf11.cpp:134) in function 'tdf11_accum_1' completely with a factor of 32.
INFO: [XFORM 203-131] Reshaping array 'in_data' (tdf11.cpp:337) in dimension 3 with a cyclic factor of 4.
INFO: [XFORM 203-131] Reshaping array 'l1_filter_data' (tdf11.cpp:338) in dimension 4 with a cyclic factor of 4.
INFO: [XFORM 203-131] Reshaping array 'l1_adjustments' (tdf11.cpp:340) in dimension 2 completely.
INFO: [XFORM 203-131] Reshaping array 'l2_adjustments' (tdf11.cpp:341) in dimension 2 completely.
INFO: [XFORM 203-101] Partitioning array 'ifmap_vec' (tdf11.cpp:277) in dimension 3 with a cyclic factor 4.
INFO: [XFORM 203-101] Partitioning array 'weight_vecs' (tdf11.cpp:278) in dimension 4 with a cyclic factor 4.
INFO: [XFORM 203-101] Partitioning array 'products' (tdf11.cpp:279) in dimension 2 with a cyclic factor 4.
INFO: [XFORM 203-101] Partitioning array 'sums' (tdf11.cpp:280) in dimension 1 completely.
INFO: [XFORM 203-101] Partitioning array 'intermediate_fmaps' (tdf11.cpp:281) in dimension 1 completely.
INFO: [XFORM 203-101] Partitioning array 'indices' (tdf11.cpp:284) in dimension 1 completely.
INFO: [XFORM 203-101] Partitioning array 'l2_products' (tdf11.cpp:317) in dimension 2 with a cyclic factor 2.
INFO: [XFORM 203-101] Partitioning array 'quad' (tdf11.cpp:84) in dimension 1 completely.
INFO: [XFORM 203-101] Partitioning array 'psum' (tdf11.cpp:167) in dimension 1 completely.
INFO: [XFORM 203-101] Partitioning array 'psum' (tdf11.cpp:128) in dimension 1 completely.
INFO: [XFORM 203-102] Partitioning array 'weight_vecs.0' (tdf11.cpp:278) in dimension 1 automatically.
INFO: [XFORM 203-102] Partitioning array 'weight_vecs.1' (tdf11.cpp:278) in dimension 1 automatically.
INFO: [XFORM 203-102] Partitioning array 'weight_vecs.2' (tdf11.cpp:278) in dimension 1 automatically.
INFO: [XFORM 203-102] Partitioning array 'weight_vecs.3' (tdf11.cpp:278) in dimension 1 automatically.
INFO: [XFORM 203-721] Extract dataflow region from loop TOP_LOOP (tdf11.cpp:272)  of function 'tdf11'.
INFO: [HLS 200-988] Store statement on variable  'sums[0]19' (tdf11.cpp:280) in a dataflow region ( 'dataflow_in_loop_TOP_LOOP' (tdf11.cpp:272:16)) will infer a separate dataflow process. Consider placing this store inside a function.
INFO: [XFORM 203-712] Applying dataflow to function 'dataflow_in_loop_TOP_LOOP' (tdf11.cpp:272:2), detected/extracted 11 process function(s): 
	 'tdf11_get_next_ijk'
	 'tdf11_readInputs'
	 'tdf11_readFilters'
	 'tdf11_dot_product'
	 'tdf11_accum_1'
	 'tdf11_accum_2'
	 'tdf11_accum_3'
	 'Block_entry_proc_proc'
	 'tdf11_adjust'
	 'tdf11_l2_multiply'
	 'tdf11_l2_writeOutputs'.
INFO: [XFORM 203-401] Performing if-conversion on hyperblock from (/wrk/ci/prod/2020.2/rdi_builds/continuous/2020_11_18_3064766/src/shared/hls/clib/hlsmath/include/FloatingPoint/hls_signbit.h:12:16) to (tdf11.cpp:103:17) in function 'tdf11_l2_writeOutputs'... converting 8 basic blocks.
INFO: [HLS 200-111] Finished Loop, function and other optimizations: CPU user time: 3.31 seconds. CPU system time: 0.17 seconds. Elapsed time: 12.69 seconds; current allocated memory: 332.133 MB.
INFO: [XFORM 203-541] Flattening a loop nest 'IL5' (./tdf11_conv_stages.h:20:21) in function 'tdf11_readInputs'.
INFO: [XFORM 203-541] Flattening a loop nest 'IL4' (./tdf11_conv_stages.h:19:18) in function 'tdf11_readInputs'.
INFO: [XFORM 203-541] Flattening a loop nest 'FL5' (./tdf11_conv_stages.h:48:26) in function 'tdf11_readFilters'.
INFO: [XFORM 203-541] Flattening a loop nest 'FL4' (./tdf11_conv_stages.h:47:23) in function 'tdf11_readFilters'.
INFO: [XFORM 203-541] Flattening a loop nest 'DP_OUTER_2' (./tdf11_conv_stages.h:148:33) in function 'tdf11_dot_product'.
INFO: [XFORM 203-541] Flattening a loop nest 'DP_OUTER_1' (./tdf11_conv_stages.h:147:28) in function 'tdf11_dot_product'.
WARNING: [ANALYSIS 214-52] Found false 'RAW' inter dependency for variable 'out_data'.
WARNING: [ANALYSIS 214-52] Found false inter dependency for variable 'products[3]' (./tdf11_conv_stages.h:139).
WARNING: [ANALYSIS 214-52] Found false inter dependency for variable 'products[1]' (./tdf11_conv_stages.h:139).
WARNING: [ANALYSIS 214-52] Found false inter dependency for variable 'products[0]' (./tdf11_conv_stages.h:139).
WARNING: [ANALYSIS 214-52] Found false inter dependency for variable 'products[2]' (./tdf11_conv_stages.h:139).
WARNING: [ANALYSIS 214-52] Found false intra dependency for variable 'products[3]' (./tdf11_conv_stages.h:139).
WARNING: [ANALYSIS 214-52] Found false intra dependency for variable 'products[1]' (./tdf11_conv_stages.h:139).
WARNING: [ANALYSIS 214-52] Found false intra dependency for variable 'products[0]' (./tdf11_conv_stages.h:139).
WARNING: [ANALYSIS 214-52] Found false intra dependency for variable 'products[2]' (./tdf11_conv_stages.h:139).
WARNING: [ANALYSIS 214-52] Found false inter dependency for variable 'accum_out' (tdf11.cpp:165).
WARNING: [ANALYSIS 214-52] Found false intra dependency for variable 'accum_out' (tdf11.cpp:165).
WARNING: [ANALYSIS 214-52] Found false inter dependency for variable 'accum_out' (tdf11.cpp:165).
WARNING: [ANALYSIS 214-52] Found false intra dependency for variable 'accum_out' (tdf11.cpp:165).
WARNING: [ANALYSIS 214-52] Found false inter dependency for variable 'accum_out' (tdf11.cpp:126).
WARNING: [ANALYSIS 214-52] Found false intra dependency for variable 'accum_out' (tdf11.cpp:126).
WARNING: [ANALYSIS 214-52] Found false inter dependency for variable 'accum_out' (tdf11.cpp:126).
WARNING: [ANALYSIS 214-52] Found false intra dependency for variable 'accum_out' (tdf11.cpp:126).
INFO: [HLS 200-472] Inferring partial write operation for 'l1_filter_data' (tdf11.cpp:344:31)
INFO: [HLS 200-472] Inferring partial write operation for 'l2_filter_data' (tdf11.cpp:345:25)
INFO: [HLS 200-472] Inferring partial write operation for 'l1_adjustments' (tdf11.cpp:346:25)
INFO: [HLS 200-472] Inferring partial write operation for 'l2_adjustments' (tdf11.cpp:347:25)
INFO: [HLS 200-472] Inferring partial write operation for 'ifmap_vec[0]' (./tdf11_conv_stages.h:33:35)
INFO: [HLS 200-472] Inferring partial write operation for 'weight_vecs[0][0]' (./tdf11_conv_stages.h:55:43)
INFO: [HLS 200-472] Inferring partial write operation for 'running_sums' (tdf11.cpp:93:27)
INFO: [HLS 200-472] Inferring partial write operation for 'l2_products[0]' (tdf11.cpp:29:31)
INFO: [HLS 200-472] Inferring partial write operation for 'products[0]' (./tdf11_conv_stages.h:153:32)
INFO: [HLS 200-472] Inferring partial write operation for 'accum_out' (tdf11.cpp:191:15)
INFO: [HLS 200-472] Inferring partial write operation for 'accum_out' (tdf11.cpp:152:15)
INTERNAL-INFO: never seen llvm instruction 'hsub'(535)
INTERNAL-INFO: never seen llvm instruction 'hsub'(535)
WARNING: [HLS 200-1449] Process tdf11_readInputs8 has both a predecessor and reads an input from its caller (see the GUI dataflow viewer). This may lead to lower throughput. Consider copying this input via a predecessor process.
INFO: [HLS 200-111] Finished Architecture Synthesis: CPU user time: 2.33 seconds. CPU system time: 0.12 seconds. Elapsed time: 7.73 seconds; current allocated memory: 458.866 MB.
INFO: [HLS 200-10] Starting hardware synthesis ...
INFO: [HLS 200-10] Synthesizing 'tdf11_top' ...
INFO: [HLS 200-10] ----------------------------------------------------------------
INFO: [HLS 200-42] -- Implementing module 'tdf11_get_next_ijk' 
INFO: [HLS 200-10] ----------------------------------------------------------------
INFO: [SCHED 204-11] Starting scheduling ...
INFO: [SCHED 204-11] Finished scheduling.
INFO: [HLS 200-111] Finished Scheduling: CPU user time: 0.08 seconds. CPU system time: 0.03 seconds. Elapsed time: 0.21 seconds; current allocated memory: 459.394 MB.
INFO: [BIND 205-100] Starting micro-architecture generation ...
INFO: [BIND 205-101] Performing variable lifetime analysis.
INFO: [BIND 205-101] Exploring resource sharing.
INFO: [BIND 205-101] Binding ...
INFO: [BIND 205-100] Finished micro-architecture generation.
INFO: [HLS 200-111] Finished Binding: CPU user time: 0.07 seconds. CPU system time: 0.01 seconds. Elapsed time: 0.19 seconds; current allocated memory: 459.593 MB.
INFO: [HLS 200-10] ----------------------------------------------------------------
INFO: [HLS 200-42] -- Implementing module 'tdf11_readInputs8' 
INFO: [HLS 200-10] ----------------------------------------------------------------
INFO: [SCHED 204-11] Starting scheduling ...
INFO: [SCHED 204-61] Pipelining loop 'IL4_IL5_IL6'.
INFO: [HLS 200-1470] Pipelining result : Target II = 1, Final II = 1, Depth = 5, loop 'IL4_IL5_IL6'
INFO: [SCHED 204-11] Finished scheduling.
INFO: [HLS 200-111] Finished Scheduling: CPU user time: 0.4 seconds. CPU system time: 0.01 seconds. Elapsed time: 1.34 seconds; current allocated memory: 460.055 MB.
INFO: [BIND 205-100] Starting micro-architecture generation ...
INFO: [BIND 205-101] Performing variable lifetime analysis.
INFO: [BIND 205-101] Exploring resource sharing.
INFO: [BIND 205-101] Binding ...
INFO: [BIND 205-100] Finished micro-architecture generation.
INFO: [HLS 200-111] Finished Binding: CPU user time: 0.22 seconds. CPU system time: 0.01 seconds. Elapsed time: 0.54 seconds; current allocated memory: 460.688 MB.
INFO: [HLS 200-10] ----------------------------------------------------------------
INFO: [HLS 200-42] -- Implementing module 'tdf11_readFilters7' 
INFO: [HLS 200-10] ----------------------------------------------------------------
INFO: [SCHED 204-11] Starting scheduling ...
INFO: [SCHED 204-61] Pipelining loop 'FL4_FL5_FL6'.
INFO: [HLS 200-1470] Pipelining result : Target II = 1, Final II = 1, Depth = 3, loop 'FL4_FL5_FL6'
INFO: [SCHED 204-11] Finished scheduling.
INFO: [HLS 200-111] Finished Scheduling: CPU user time: 0.51 seconds. CPU system time: 0.02 seconds. Elapsed time: 1.68 seconds; current allocated memory: 460.947 MB.
INFO: [BIND 205-100] Starting micro-architecture generation ...
INFO: [BIND 205-101] Performing variable lifetime analysis.
INFO: [BIND 205-101] Exploring resource sharing.
INFO: [BIND 205-101] Binding ...
INFO: [BIND 205-100] Finished micro-architecture generation.
INFO: [HLS 200-111] Finished Binding: CPU user time: 0.17 seconds. CPU system time: 0 seconds. Elapsed time: 0.29 seconds; current allocated memory: 461.285 MB.
INFO: [HLS 200-10] ----------------------------------------------------------------
INFO: [HLS 200-42] -- Implementing module 'tdf11_dot_product' 
INFO: [HLS 200-10] ----------------------------------------------------------------
INFO: [SCHED 204-11] Starting scheduling ...
INFO: [SCHED 204-61] Pipelining loop 'DP_OUTER_1_DP_OUTER_2_DP_OUTER_3'.
INFO: [HLS 200-1470] Pipelining result : Target II = 1, Final II = 1, Depth = 9, loop 'DP_OUTER_1_DP_OUTER_2_DP_OUTER_3'
INFO: [SCHED 204-11] Finished scheduling.
INFO: [HLS 200-111] Finished Scheduling: CPU user time: 0.48 seconds. CPU system time: 0.02 seconds. Elapsed time: 1.99 seconds; current allocated memory: 461.652 MB.
INFO: [BIND 205-100] Starting micro-architecture generation ...
INFO: [BIND 205-101] Performing variable lifetime analysis.
INFO: [BIND 205-101] Exploring resource sharing.
INFO: [BIND 205-101] Binding ...
INFO: [BIND 205-100] Finished micro-architecture generation.
INFO: [HLS 200-111] Finished Binding: CPU user time: 0.35 seconds. CPU system time: 0.01 seconds. Elapsed time: 1.51 seconds; current allocated memory: 462.152 MB.
INFO: [HLS 200-10] ----------------------------------------------------------------
INFO: [HLS 200-42] -- Implementing module 'tdf11_accum_1' 
INFO: [HLS 200-10] ----------------------------------------------------------------
INFO: [SCHED 204-11] Starting scheduling ...
INFO: [SCHED 204-61] Pipelining loop 'ACCUM_LOOP_OUTER'.
WARNING: [HLS 200-881] Unable to enforce a carried constraint (II = 4) between 'hadd' operation ('psum[31]', tdf11.cpp:137) and 'hadd' operation ('psum[31]', tdf11.cpp:137).
Resolution: For help on HLS 200-881 see www.xilinx.com/cgi-bin/docs/rdoc?v=2020.2;t=hls+guidance;d=200-881.html
WARNING: [HLS 200-881] Unable to enforce a carried constraint (II = 5) between 'hadd' operation ('psum[31]', tdf11.cpp:137) and 'hadd' operation ('psum[31]', tdf11.cpp:137).
Resolution: For help on HLS 200-881 see www.xilinx.com/cgi-bin/docs/rdoc?v=2020.2;t=hls+guidance;d=200-881.html
WARNING: [HLS 200-881] Unable to enforce a carried constraint (II = 6) between 'hadd' operation ('psum[31]', tdf11.cpp:137) and 'hadd' operation ('psum[31]', tdf11.cpp:137).
Resolution: For help on HLS 200-881 see www.xilinx.com/cgi-bin/docs/rdoc?v=2020.2;t=hls+guidance;d=200-881.html
INFO: [HLS 200-1470] Pipelining result : Target II = 4, Final II = 7, Depth = 16, loop 'ACCUM_LOOP_OUTER'
INFO: [SCHED 204-61] Pipelining loop 'OUTPUT_LOOP'.
INFO: [HLS 200-1470] Pipelining result : Target II = 1, Final II = 1, Depth = 2, loop 'OUTPUT_LOOP'
WARNING: [HLS 200-871] Estimated clock period (4.472ns) exceeds the target (target clock period: 3ns, clock uncertainty: 0.81ns, effective delay budget: 2.19ns).
Resolution: For help on HLS 200-871 see www.xilinx.com/cgi-bin/docs/rdoc?v=2020.2;t=hls+guidance;d=200-871.html
WARNING: [HLS 200-1016] The critical path in module 'tdf11_accum_1' consists of the following:	'hadd' operation ('psum[0]', tdf11.cpp:137) [55]  (2.24 ns)
	'phi' operation ('psum[0]') with incoming values : ('psum[0]', tdf11.cpp:137) [39]  (0 ns)
	'hadd' operation ('psum[0]', tdf11.cpp:137) [55]  (2.24 ns)

Resolution: For help on HLS 200-1016 see www.xilinx.com/cgi-bin/docs/rdoc?v=2020.2;t=hls+guidance;d=200-1016.html
INFO: [SCHED 204-11] Finished scheduling.
INFO: [HLS 200-111] Finished Scheduling: CPU user time: 0.98 seconds. CPU system time: 0.02 seconds. Elapsed time: 4.99 seconds; current allocated memory: 463.108 MB.
INFO: [BIND 205-100] Starting micro-architecture generation ...
INFO: [BIND 205-101] Performing variable lifetime analysis.
INFO: [BIND 205-101] Exploring resource sharing.
INFO: [BIND 205-101] Binding ...
INFO: [BIND 205-100] Finished micro-architecture generation.
INFO: [HLS 200-111] Finished Binding: CPU user time: 1.21 seconds. CPU system time: 0.01 seconds. Elapsed time: 6.81 seconds; current allocated memory: 464.784 MB.
INFO: [HLS 200-10] ----------------------------------------------------------------
INFO: [HLS 200-42] -- Implementing module 'tdf11_accum_2' 
INFO: [HLS 200-10] ----------------------------------------------------------------
INFO: [SCHED 204-11] Starting scheduling ...
INFO: [SCHED 204-61] Pipelining loop 'ACCUM_LOOP_OUTER'.
WARNING: [HLS 200-881] Unable to enforce a carried constraint (II = 4) between 'hadd' operation ('psum[7]', tdf11.cpp:176) and 'hadd' operation ('psum[7]', tdf11.cpp:176).
Resolution: For help on HLS 200-881 see www.xilinx.com/cgi-bin/docs/rdoc?v=2020.2;t=hls+guidance;d=200-881.html
WARNING: [HLS 200-881] Unable to enforce a carried constraint (II = 5) between 'hadd' operation ('psum[7]', tdf11.cpp:176) and 'hadd' operation ('psum[7]', tdf11.cpp:176).
Resolution: For help on HLS 200-881 see www.xilinx.com/cgi-bin/docs/rdoc?v=2020.2;t=hls+guidance;d=200-881.html
WARNING: [HLS 200-881] Unable to enforce a carried constraint (II = 6) between 'hadd' operation ('psum[7]', tdf11.cpp:176) and 'hadd' operation ('psum[7]', tdf11.cpp:176).
Resolution: For help on HLS 200-881 see www.xilinx.com/cgi-bin/docs/rdoc?v=2020.2;t=hls+guidance;d=200-881.html
INFO: [HLS 200-1470] Pipelining result : Target II = 4, Final II = 7, Depth = 13, loop 'ACCUM_LOOP_OUTER'
INFO: [SCHED 204-61] Pipelining loop 'OUTPUT_LOOP'.
INFO: [HLS 200-1470] Pipelining result : Target II = 1, Final II = 1, Depth = 1, loop 'OUTPUT_LOOP'
WARNING: [HLS 200-871] Estimated clock period (4.472ns) exceeds the target (target clock period: 3ns, clock uncertainty: 0.81ns, effective delay budget: 2.19ns).
Resolution: For help on HLS 200-871 see www.xilinx.com/cgi-bin/docs/rdoc?v=2020.2;t=hls+guidance;d=200-871.html
WARNING: [HLS 200-1016] The critical path in module 'tdf11_accum_2' consists of the following:	'hadd' operation ('psum[0]', tdf11.cpp:176) [25]  (2.24 ns)
	'phi' operation ('psum[0]') with incoming values : ('psum[0]', tdf11.cpp:176) [12]  (0 ns)
	'hadd' operation ('psum[0]', tdf11.cpp:176) [25]  (2.24 ns)

Resolution: For help on HLS 200-1016 see www.xilinx.com/cgi-bin/docs/rdoc?v=2020.2;t=hls+guidance;d=200-1016.html
INFO: [SCHED 204-11] Finished scheduling.
INFO: [HLS 200-111] Finished Scheduling: CPU user time: 1.48 seconds. CPU system time: 0.03 seconds. Elapsed time: 5.41 seconds; current allocated memory: 465.139 MB.
INFO: [BIND 205-100] Starting micro-architecture generation ...
INFO: [BIND 205-101] Performing variable lifetime analysis.
INFO: [BIND 205-101] Exploring resource sharing.
INFO: [BIND 205-101] Binding ...
INFO: [BIND 205-100] Finished micro-architecture generation.
INFO: [HLS 200-111] Finished Binding: CPU user time: 0.24 seconds. CPU system time: 0.01 seconds. Elapsed time: 0.33 seconds; current allocated memory: 465.673 MB.
INFO: [HLS 200-10] ----------------------------------------------------------------
INFO: [HLS 200-42] -- Implementing module 'tdf11_accum_3' 
INFO: [HLS 200-10] ----------------------------------------------------------------
INFO: [SCHED 204-11] Starting scheduling ...
WARNING: [HLS 200-871] Estimated clock period (2.236ns) exceeds the target (target clock period: 3ns, clock uncertainty: 0.81ns, effective delay budget: 2.19ns).
Resolution: For help on HLS 200-871 see www.xilinx.com/cgi-bin/docs/rdoc?v=2020.2;t=hls+guidance;d=200-871.html
WARNING: [HLS 200-1016] The critical path in module 'tdf11_accum_3' consists of the following:	'hadd' operation ('sum', tdf11.cpp:203) [16]  (2.24 ns)

Resolution: For help on HLS 200-1016 see www.xilinx.com/cgi-bin/docs/rdoc?v=2020.2;t=hls+guidance;d=200-1016.html
INFO: [SCHED 204-11] Finished scheduling.
INFO: [HLS 200-111] Finished Scheduling: CPU user time: 0.25 seconds. CPU system time: 0.01 seconds. Elapsed time: 0.43 seconds; current allocated memory: 465.758 MB.
INFO: [BIND 205-100] Starting micro-architecture generation ...
INFO: [BIND 205-101] Performing variable lifetime analysis.
INFO: [BIND 205-101] Exploring resource sharing.
INFO: [BIND 205-101] Binding ...
INFO: [BIND 205-100] Finished micro-architecture generation.
INFO: [HLS 200-111] Finished Binding: CPU user time: 0.2 seconds. CPU system time: 0.01 seconds. Elapsed time: 1.1 seconds; current allocated memory: 465.865 MB.
INFO: [HLS 200-10] ----------------------------------------------------------------
INFO: [HLS 200-42] -- Implementing module 'Block_entry_proc_proc' 
INFO: [HLS 200-10] ----------------------------------------------------------------
INFO: [SCHED 204-11] Starting scheduling ...
INFO: [SCHED 204-11] Finished scheduling.
INFO: [HLS 200-111] Finished Scheduling: CPU user time: 0.1 seconds. CPU system time: 0.01 seconds. Elapsed time: 0.18 seconds; current allocated memory: 465.925 MB.
INFO: [BIND 205-100] Starting micro-architecture generation ...
INFO: [BIND 205-101] Performing variable lifetime analysis.
INFO: [BIND 205-101] Exploring resource sharing.
INFO: [BIND 205-101] Binding ...
INFO: [BIND 205-100] Finished micro-architecture generation.
INFO: [HLS 200-111] Finished Binding: CPU user time: 0.04 seconds. CPU system time: 0 seconds. Elapsed time: 0.06 seconds; current allocated memory: 465.959 MB.
INFO: [HLS 200-10] ----------------------------------------------------------------
INFO: [HLS 200-42] -- Implementing module 'tdf11_adjust' 
INFO: [HLS 200-10] ----------------------------------------------------------------
INFO: [SCHED 204-11] Starting scheduling ...
WARNING: [HLS 200-871] Estimated clock period (2.236ns) exceeds the target (target clock period: 3ns, clock uncertainty: 0.81ns, effective delay budget: 2.19ns).
Resolution: For help on HLS 200-871 see www.xilinx.com/cgi-bin/docs/rdoc?v=2020.2;t=hls+guidance;d=200-871.html
WARNING: [HLS 200-1016] The critical path in module 'tdf11_adjust' consists of the following:	'hadd' operation ('add_i_i_i', ./tdf11_conv_stages.h:187) [24]  (2.24 ns)

Resolution: For help on HLS 200-1016 see www.xilinx.com/cgi-bin/docs/rdoc?v=2020.2;t=hls+guidance;d=200-1016.html
INFO: [SCHED 204-11] Finished scheduling.
INFO: [HLS 200-111] Finished Scheduling: CPU user time: 0.15 seconds. CPU system time: 0.02 seconds. Elapsed time: 0.41 seconds; current allocated memory: 466.081 MB.
INFO: [BIND 205-100] Starting micro-architecture generation ...
INFO: [BIND 205-101] Performing variable lifetime analysis.
INFO: [BIND 205-101] Exploring resource sharing.
INFO: [BIND 205-101] Binding ...
INFO: [BIND 205-100] Finished micro-architecture generation.
INFO: [HLS 200-111] Finished Binding: CPU user time: 0.32 seconds. CPU system time: 0.01 seconds. Elapsed time: 1.11 seconds; current allocated memory: 466.272 MB.
INFO: [HLS 200-10] ----------------------------------------------------------------
INFO: [HLS 200-42] -- Implementing module 'tdf11_l2_multiply4' 
INFO: [HLS 200-10] ----------------------------------------------------------------
INFO: [SCHED 204-11] Starting scheduling ...
INFO: [SCHED 204-61] Pipelining loop 'L2_MUL'.
INFO: [HLS 200-1470] Pipelining result : Target II = 1, Final II = 1, Depth = 8, loop 'L2_MUL'
INFO: [SCHED 204-11] Finished scheduling.
INFO: [HLS 200-111] Finished Scheduling: CPU user time: 0.11 seconds. CPU system time: 0 seconds. Elapsed time: 0.13 seconds; current allocated memory: 466.466 MB.
INFO: [BIND 205-100] Starting micro-architecture generation ...
INFO: [BIND 205-101] Performing variable lifetime analysis.
INFO: [BIND 205-101] Exploring resource sharing.
INFO: [BIND 205-101] Binding ...
INFO: [BIND 205-100] Finished micro-architecture generation.
INFO: [HLS 200-111] Finished Binding: CPU user time: 0.18 seconds. CPU system time: 0.01 seconds. Elapsed time: 0.53 seconds; current allocated memory: 466.711 MB.
INFO: [HLS 200-10] ----------------------------------------------------------------
INFO: [HLS 200-42] -- Implementing module 'tdf11_l2_writeOutputs3' 
INFO: [HLS 200-10] ----------------------------------------------------------------
INFO: [SCHED 204-11] Starting scheduling ...
INFO: [SCHED 204-61] Pipelining loop 'VITIS_LOOP_86_1'.
INFO: [HLS 200-1470] Pipelining result : Target II = 1, Final II = 1, Depth = 31, loop 'VITIS_LOOP_86_1'
WARNING: [HLS 200-871] Estimated clock period (2.236ns) exceeds the target (target clock period: 3ns, clock uncertainty: 0.81ns, effective delay budget: 2.19ns).
Resolution: For help on HLS 200-871 see www.xilinx.com/cgi-bin/docs/rdoc?v=2020.2;t=hls+guidance;d=200-871.html
WARNING: [HLS 200-1016] The critical path in module 'tdf11_l2_writeOutputs3' consists of the following:	'hadd' operation ('sum', tdf11.cpp:90) [60]  (2.24 ns)

Resolution: For help on HLS 200-1016 see www.xilinx.com/cgi-bin/docs/rdoc?v=2020.2;t=hls+guidance;d=200-1016.html
INFO: [SCHED 204-11] Finished scheduling.
INFO: [HLS 200-111] Finished Scheduling: CPU user time: 0.46 seconds. CPU system time: 0.02 seconds. Elapsed time: 1.5 seconds; current allocated memory: 467.076 MB.
INFO: [BIND 205-100] Starting micro-architecture generation ...
INFO: [BIND 205-101] Performing variable lifetime analysis.
INFO: [BIND 205-101] Exploring resource sharing.
INFO: [BIND 205-101] Binding ...
INFO: [BIND 205-100] Finished micro-architecture generation.
INFO: [HLS 200-111] Finished Binding: CPU user time: 0.38 seconds. CPU system time: 0.01 seconds. Elapsed time: 1.28 seconds; current allocated memory: 467.603 MB.
INFO: [HLS 200-10] ----------------------------------------------------------------
INFO: [HLS 200-42] -- Implementing module 'dataflow_in_loop_TOP_LOOP' 
INFO: [HLS 200-10] ----------------------------------------------------------------
INFO: [SCHED 204-11] Starting scheduling ...
INFO: [SCHED 204-11] Finished scheduling.
INFO: [HLS 200-111] Finished Scheduling: CPU user time: 0.51 seconds. CPU system time: 0.01 seconds. Elapsed time: 1.59 seconds; current allocated memory: 467.786 MB.
INFO: [BIND 205-100] Starting micro-architecture generation ...
INFO: [BIND 205-101] Performing variable lifetime analysis.
INFO: [BIND 205-101] Exploring resource sharing.
INFO: [BIND 205-101] Binding ...
INFO: [BIND 205-100] Finished micro-architecture generation.
INFO: [HLS 200-111] Finished Binding: CPU user time: 3.59 seconds. CPU system time: 0 seconds. Elapsed time: 10.89 seconds; current allocated memory: 468.145 MB.
INFO: [HLS 200-10] ----------------------------------------------------------------
INFO: [HLS 200-42] -- Implementing module 'tdf11' 
INFO: [HLS 200-10] ----------------------------------------------------------------
INFO: [SCHED 204-11] Starting scheduling ...
INFO: [SCHED 204-11] Finished scheduling.
INFO: [HLS 200-111] Finished Scheduling: CPU user time: 1.66 seconds. CPU system time: 0.02 seconds. Elapsed time: 8.28 seconds; current allocated memory: 468.219 MB.
INFO: [BIND 205-100] Starting micro-architecture generation ...
INFO: [BIND 205-101] Performing variable lifetime analysis.
INFO: [BIND 205-101] Exploring resource sharing.
INFO: [BIND 205-101] Binding ...
INFO: [BIND 205-100] Finished micro-architecture generation.
INFO: [HLS 200-111] Finished Binding: CPU user time: 0.61 seconds. CPU system time: 0 seconds. Elapsed time: 3.5 seconds; current allocated memory: 468.344 MB.
INFO: [HLS 200-10] ----------------------------------------------------------------
INFO: [HLS 200-42] -- Implementing module 'tdf11_top' 
INFO: [HLS 200-10] ----------------------------------------------------------------
INFO: [SCHED 204-11] Starting scheduling ...
INFO: [SCHED 204-11] Finished scheduling.
INFO: [HLS 200-111] Finished Scheduling: CPU user time: 1.53 seconds. CPU system time: 0.01 seconds. Elapsed time: 5.03 seconds; current allocated memory: 468.429 MB.
INFO: [BIND 205-100] Starting micro-architecture generation ...
INFO: [BIND 205-101] Performing variable lifetime analysis.
INFO: [BIND 205-101] Exploring resource sharing.
WARNING: [BIND 205-102] The specified resource core for memory 'l1_filter_data' will be ignored if a simpler one can be used.
WARNING: [BIND 205-102] The specified resource core for memory 'l2_filter_data' will be ignored if a simpler one can be used.
WARNING: [BIND 205-102] The specified resource core for memory 'l1_adjustments' will be ignored if a simpler one can be used.
WARNING: [BIND 205-102] The specified resource core for memory 'l2_adjustments' will be ignored if a simpler one can be used.
INFO: [BIND 205-101] Binding ...
INFO: [BIND 205-100] Finished micro-architecture generation.
INFO: [HLS 200-111] Finished Binding: CPU user time: 0.53 seconds. CPU system time: 0.01 seconds. Elapsed time: 1.32 seconds; current allocated memory: 468.580 MB.
INFO: [HLS 200-10] ----------------------------------------------------------------
INFO: [HLS 200-10] -- Generating RTL for module 'tdf11_get_next_ijk' 
INFO: [HLS 200-10] ----------------------------------------------------------------
WARNING: [RTGEN 206-101] Register 'i' is power-on initialization.
WARNING: [RTGEN 206-101] Register 'j' is power-on initialization.
WARNING: [RTGEN 206-101] Register 'k' is power-on initialization.
INFO: [RTGEN 206-100] Finished creating RTL model for 'tdf11_get_next_ijk'.
INFO: [HLS 200-111] Finished Creating RTL model: CPU user time: 1.36 seconds. CPU system time: 0.02 seconds. Elapsed time: 3.48 seconds; current allocated memory: 468.830 MB.
INFO: [HLS 200-10] ----------------------------------------------------------------
INFO: [HLS 200-10] -- Generating RTL for module 'tdf11_readInputs8' 
INFO: [HLS 200-10] ----------------------------------------------------------------
INFO: [RTGEN 206-100] Finished creating RTL model for 'tdf11_readInputs8'.
INFO: [HLS 200-111] Finished Creating RTL model: CPU user time: 0.23 seconds. CPU system time: 0.03 seconds. Elapsed time: 0.9 seconds; current allocated memory: 470.435 MB.
INFO: [HLS 200-10] ----------------------------------------------------------------
INFO: [HLS 200-10] -- Generating RTL for module 'tdf11_readFilters7' 
INFO: [HLS 200-10] ----------------------------------------------------------------
INFO: [RTGEN 206-100] Finished creating RTL model for 'tdf11_readFilters7'.
INFO: [HLS 200-111] Finished Creating RTL model: CPU user time: 1.6 seconds. CPU system time: 0.22 seconds. Elapsed time: 5.08 seconds; current allocated memory: 473.247 MB.
INFO: [HLS 200-10] ----------------------------------------------------------------
INFO: [HLS 200-10] -- Generating RTL for module 'tdf11_dot_product' 
INFO: [HLS 200-10] ----------------------------------------------------------------
INFO: [RTGEN 206-100] Generating core module 'hmul_16ns_16ns_16_5_max_dsp_1': 4 instance(s).
INFO: [RTGEN 206-100] Finished creating RTL model for 'tdf11_dot_product'.
INFO: [HLS 200-111] Finished Creating RTL model: CPU user time: 0.66 seconds. CPU system time: 0.11 seconds. Elapsed time: 2.21 seconds; current allocated memory: 475.345 MB.
INFO: [HLS 200-10] ----------------------------------------------------------------
INFO: [HLS 200-10] -- Generating RTL for module 'tdf11_accum_1' 
INFO: [HLS 200-10] ----------------------------------------------------------------
INFO: [RTGEN 206-100] Generating core module 'hadd_16ns_16ns_16_8_full_dsp_1': 5 instance(s).
INFO: [RTGEN 206-100] Finished creating RTL model for 'tdf11_accum_1'.
INFO: [HLS 200-111] Finished Creating RTL model: CPU user time: 0.98 seconds. CPU system time: 0.14 seconds. Elapsed time: 3.69 seconds; current allocated memory: 478.565 MB.
INFO: [HLS 200-10] ----------------------------------------------------------------
INFO: [HLS 200-10] -- Generating RTL for module 'tdf11_accum_2' 
INFO: [HLS 200-10] ----------------------------------------------------------------
INFO: [RTGEN 206-100] Generating core module 'hadd_16ns_16ns_16_8_full_dsp_1': 2 instance(s).
INFO: [RTGEN 206-100] Finished creating RTL model for 'tdf11_accum_2'.
INFO: [HLS 200-111] Finished Creating RTL model: CPU user time: 1.96 seconds. CPU system time: 0.28 seconds. Elapsed time: 11.79 seconds; current allocated memory: 483.275 MB.
INFO: [HLS 200-10] ----------------------------------------------------------------
INFO: [HLS 200-10] -- Generating RTL for module 'tdf11_accum_3' 
INFO: [HLS 200-10] ----------------------------------------------------------------
INFO: [RTGEN 206-100] Generating core module 'hadd_16ns_16ns_16_8_full_dsp_1': 1 instance(s).
INFO: [RTGEN 206-100] Finished creating RTL model for 'tdf11_accum_3'.
INFO: [HLS 200-111] Finished Creating RTL model: CPU user time: 0.69 seconds. CPU system time: 0.14 seconds. Elapsed time: 5.49 seconds; current allocated memory: 484.980 MB.
INFO: [HLS 200-10] ----------------------------------------------------------------
INFO: [HLS 200-10] -- Generating RTL for module 'Block_entry_proc_proc' 
INFO: [HLS 200-10] ----------------------------------------------------------------
INFO: [RTGEN 206-100] Finished creating RTL model for 'Block_entry_proc_proc'.
INFO: [HLS 200-111] Finished Creating RTL model: CPU user time: 0.23 seconds. CPU system time: 0.03 seconds. Elapsed time: 1.6 seconds; current allocated memory: 485.451 MB.
INFO: [HLS 200-10] ----------------------------------------------------------------
INFO: [HLS 200-10] -- Generating RTL for module 'tdf11_adjust' 
INFO: [HLS 200-10] ----------------------------------------------------------------
INFO: [RTGEN 206-100] Generating core module 'hadd_16ns_16ns_16_8_full_dsp_1': 1 instance(s).
INFO: [RTGEN 206-100] Generating core module 'hmul_16ns_16ns_16_5_max_dsp_1': 1 instance(s).
INFO: [RTGEN 206-100] Generating core module 'hsub_16ns_16ns_16_7_full_dsp_1': 1 instance(s).
INFO: [RTGEN 206-100] Finished creating RTL model for 'tdf11_adjust'.
INFO: [HLS 200-111] Finished Creating RTL model: CPU user time: 0.11 seconds. CPU system time: 0.02 seconds. Elapsed time: 0.51 seconds; current allocated memory: 485.975 MB.
INFO: [HLS 200-10] ----------------------------------------------------------------
INFO: [HLS 200-10] -- Generating RTL for module 'tdf11_l2_multiply4' 
INFO: [HLS 200-10] ----------------------------------------------------------------
INFO: [RTGEN 206-100] Generating core module 'hmul_16ns_16ns_16_5_max_dsp_1': 2 instance(s).
INFO: [RTGEN 206-100] Finished creating RTL model for 'tdf11_l2_multiply4'.
INFO: [HLS 200-111] Finished Creating RTL model: CPU user time: 0.29 seconds. CPU system time: 0.04 seconds. Elapsed time: 1.12 seconds; current allocated memory: 486.938 MB.
INFO: [HLS 200-10] ----------------------------------------------------------------
INFO: [HLS 200-10] -- Generating RTL for module 'tdf11_l2_writeOutputs3' 
INFO: [HLS 200-10] ----------------------------------------------------------------
INFO: [RTGEN 206-100] Generating core module 'hadd_16ns_16ns_16_8_full_dsp_1': 2 instance(s).
INFO: [RTGEN 206-100] Generating core module 'hmul_16ns_16ns_16_5_max_dsp_1': 1 instance(s).
INFO: [RTGEN 206-100] Generating core module 'hsub_16ns_16ns_16_7_full_dsp_1': 1 instance(s).
INFO: [RTGEN 206-100] Finished creating RTL model for 'tdf11_l2_writeOutputs3'.
INFO: [HLS 200-111] Finished Creating RTL model: CPU user time: 0.35 seconds. CPU system time: 0.05 seconds. Elapsed time: 0.82 seconds; current allocated memory: 488.902 MB.
INFO: [HLS 200-10] ----------------------------------------------------------------
INFO: [HLS 200-10] -- Generating RTL for module 'dataflow_in_loop_TOP_LOOP' 
INFO: [HLS 200-10] ----------------------------------------------------------------
INFO: [RTGEN 206-100] Finished creating RTL model for 'dataflow_in_loop_TOP_LOOP'.
INFO: [HLS 200-111] Finished Creating RTL model: CPU user time: 0.91 seconds. CPU system time: 0.06 seconds. Elapsed time: 2.49 seconds; current allocated memory: 493.148 MB.
INFO: [HLS 200-10] ----------------------------------------------------------------
INFO: [HLS 200-10] -- Generating RTL for module 'tdf11' 
INFO: [HLS 200-10] ----------------------------------------------------------------
INFO: [RTGEN 206-100] Finished creating RTL model for 'tdf11'.
INFO: [HLS 200-111] Finished Creating RTL model: CPU user time: 2.07 seconds. CPU system time: 0.04 seconds. Elapsed time: 5.83 seconds; current allocated memory: 494.848 MB.
INFO: [HLS 200-10] ----------------------------------------------------------------
INFO: [HLS 200-10] -- Generating RTL for module 'tdf11_top' 
INFO: [HLS 200-10] ----------------------------------------------------------------
INFO: [RTGEN 206-500] Setting interface mode on port 'tdf11_top/dummy_val' to 'ap_none'.
INFO: [RTGEN 206-500] Setting interface mode on port 'tdf11_top/out_data' to 'ap_memory'.
INFO: [RTGEN 206-500] Setting interface mode on function 'tdf11_top' to 'ap_ctrl_hs'.
INFO: [RTGEN 206-100] Finished creating RTL model for 'tdf11_top'.
INFO: [HLS 200-111] Finished Creating RTL model: CPU user time: 1.34 seconds. CPU system time: 0.03 seconds. Elapsed time: 3.47 seconds; current allocated memory: 495.702 MB.
INFO: [RTMG 210-278] Implementing memory 'tdf11_top_tdf11_l2_writeOutputs3_running_sums_ram (RAM_T2P_BRAM)' using block RAMs with power-on initialization.
INFO: [HLS 200-741] Implementing PIPO tdf11_top_dataflow_in_loop_TOP_LOOP_ifmap_vec_0_memcore using a single memory for all blocks
INFO: [RTMG 210-278] Implementing memory 'tdf11_top_dataflow_in_loop_TOP_LOOP_ifmap_vec_0_memcore_ram (RAM)' using auto RAMs.
INFO: [HLS 200-740] Implementing PIPO tdf11_top_dataflow_in_loop_TOP_LOOP_products_0_memcore using a separate memory for each block
INFO: [RTMG 210-278] Implementing memory 'tdf11_top_dataflow_in_loop_TOP_LOOP_products_0_memcore_ram (RAM)' using auto RAMs.
INFO: [HLS 200-740] Implementing PIPO tdf11_top_dataflow_in_loop_TOP_LOOP_accum1_out_0_memcore using a separate memory for each block
INFO: [RTMG 210-278] Implementing memory 'tdf11_top_dataflow_in_loop_TOP_LOOP_accum1_out_0_memcore_ram (RAM)' using auto RAMs.
INFO: [HLS 200-740] Implementing PIPO tdf11_top_dataflow_in_loop_TOP_LOOP_accum2_out_0_memcore using a separate memory for each block
INFO: [RTMG 210-278] Implementing memory 'tdf11_top_dataflow_in_loop_TOP_LOOP_accum2_out_0_memcore_ram (RAM)' using auto RAMs.
INFO: [HLS 200-741] Implementing PIPO tdf11_top_dataflow_in_loop_TOP_LOOP_l2_products_0_memcore using a single memory for all blocks
INFO: [RTMG 210-278] Implementing memory 'tdf11_top_dataflow_in_loop_TOP_LOOP_l2_products_0_memcore_ram (RAM)' using block RAMs.
INFO: [RTMG 210-285] Implementing FIFO 'indices_01_c_U(tdf11_top_fifo_w16_d2_S)' using Shift Registers.
INFO: [RTMG 210-285] Implementing FIFO 'indices_12_c_U(tdf11_top_fifo_w16_d2_S)' using Shift Registers.
INFO: [RTMG 210-285] Implementing FIFO 'indices_23_c_U(tdf11_top_fifo_w9_d2_S)' using Shift Registers.
INFO: [RTMG 210-285] Implementing FIFO 'indices_23_c1_U(tdf11_top_fifo_w16_d8_S)' using Shift Registers.
INFO: [RTMG 210-285] Implementing FIFO 'write4_c_U(tdf11_top_fifo_w1_d10_S)' using Shift Registers.
INFO: [RTMG 210-285] Implementing FIFO 'indices_01_c2_U(tdf11_top_fifo_w4_d9_S)' using Shift Registers.
INFO: [RTMG 210-285] Implementing FIFO 'indices_12_c3_U(tdf11_top_fifo_w8_d9_S)' using Shift Registers.
INFO: [RTMG 210-285] Implementing FIFO 'tmp_channel_U(tdf11_top_fifo_w16_d2_S)' using Shift Registers.
INFO: [RTMG 210-285] Implementing FIFO 'sums_0_U(tdf11_top_fifo_w16_d2_S)' using Shift Registers.
INFO: [RTMG 210-285] Implementing FIFO 'indices_23_c4_U(tdf11_top_fifo_w16_d2_S)' using Shift Registers.
INFO: [RTMG 210-285] Implementing FIFO 'intermediate_fmaps_0_U(tdf11_top_fifo_w16_d2_S)' using Shift Registers.
INFO: [RTMG 210-285] Implementing FIFO 'start_for_tdf11_readFilters7_U0_U(tdf11_top_start_for_tdf11_readFilters7_U0)' using Shift Registers.
WARNING: [RTMG 210-274] Memory 'tdf11_top_in_data' is read-only, switch it to a ROM.
INFO: [RTMG 210-279] Implementing memory 'tdf11_top_in_data_rom' using ultra ROMs.
INFO: [RTMG 210-278] Implementing memory 'tdf11_top_l1_filter_data_ram (RAM_2P_URAM)' using ultra RAMs.
INFO: [RTMG 210-278] Implementing memory 'tdf11_top_l2_filter_data_ram (RAM_2P_BRAM)' using block RAMs.
INFO: [RTMG 210-278] Implementing memory 'tdf11_top_l1_adjustments_ram (RAM_2P_BRAM)' using block RAMs.
INFO: [RTMG 210-278] Implementing memory 'tdf11_top_l2_adjustments_ram (RAM_2P_BRAM)' using block RAMs.
INFO: [HLS 200-741] Implementing PIPO tdf11_top_dataflow_in_loop_TOP_LOOP_ifmap_vec_0_memcore using a single memory for all blocks
INFO: [HLS 200-740] Implementing PIPO tdf11_top_dataflow_in_loop_TOP_LOOP_products_0_memcore using a separate memory for each block
INFO: [HLS 200-740] Implementing PIPO tdf11_top_dataflow_in_loop_TOP_LOOP_accum1_out_0_memcore using a separate memory for each block
INFO: [HLS 200-740] Implementing PIPO tdf11_top_dataflow_in_loop_TOP_LOOP_accum2_out_0_memcore using a separate memory for each block
INFO: [HLS 200-741] Implementing PIPO tdf11_top_dataflow_in_loop_TOP_LOOP_l2_products_0_memcore using a single memory for all blocks
INFO: [HLS 200-741] Implementing PIPO tdf11_top_dataflow_in_loop_TOP_LOOP_ifmap_vec_0_memcore using a single memory for all blocks
INFO: [HLS 200-740] Implementing PIPO tdf11_top_dataflow_in_loop_TOP_LOOP_products_0_memcore using a separate memory for each block
INFO: [HLS 200-740] Implementing PIPO tdf11_top_dataflow_in_loop_TOP_LOOP_accum1_out_0_memcore using a separate memory for each block
INFO: [HLS 200-740] Implementing PIPO tdf11_top_dataflow_in_loop_TOP_LOOP_accum2_out_0_memcore using a separate memory for each block
INFO: [HLS 200-741] Implementing PIPO tdf11_top_dataflow_in_loop_TOP_LOOP_l2_products_0_memcore using a single memory for all blocks
INFO: [HLS 200-111] Finished Generating all RTL models: CPU user time: 8.51 seconds. CPU system time: 2.76 seconds. Elapsed time: 42.19 seconds; current allocated memory: 504.866 MB.
INFO: [VHDL 208-304] Generating VHDL RTL for tdf11_top.
INFO: [VLOG 209-307] Generating Verilog RTL for tdf11_top.
INFO: [HLS 200-790] **** Loop Constraint Status: All loop constraints were satisfied.
INFO: [HLS 200-789] **** Estimated Fmax: 223.61 MHz
INFO: [HLS 200-111] Finished Command csynth_design CPU user time: 101.2 seconds. CPU system time: 8.96 seconds. Elapsed time: 390.11 seconds; current allocated memory: 506.404 MB.
INFO: [HLS 200-112] Total CPU user time: 110.78 seconds. Total CPU system time: 14.33 seconds. Total elapsed time: 434.1 seconds; peak allocated memory: 504.866 MB.
INFO: [Common 17-206] Exiting vitis_hls at Tue Apr 20 18:01:10 2021...
