
****** Vitis HLS - High-Level Synthesis from C, C++ and OpenCL v2020.2 (64-bit)
  **** SW Build 3064766 on Wed Nov 18 09:12:47 MST 2020
  **** IP Build 3064653 on Wed Nov 18 14:17:31 MST 2020
    ** Copyright 1986-2020 Xilinx, Inc. All Rights Reserved.

source /usr/local/packages/xilinx_2020/Vitis_HLS/2020.2/scripts/vitis_hls/hls.tcl -notrace
INFO: [HLS 200-10] Running '/usr/local/packages/xilinx_2020/Vitis_HLS/2020.2/bin/unwrapped/lnx64.o/vitis_hls'
INFO: [HLS 200-10] For user 'drauch' on host 'yoshi.ece.utexas.edu' (Linux_x86_64 version 3.10.0-1160.11.1.el7.x86_64) on Sat Mar 20 12:17:43 CDT 2021
INFO: [HLS 200-10] On os "CentOS Linux release 7.9.2009 (Core)"
INFO: [HLS 200-10] In directory '/home/ecelrc/students/drauch/research/scale-cnn/networks/td_fused/layers/tdf2/r16_o1'
Sourcing Tcl script 'tdf2.tcl'
INFO: [HLS 200-1510] Running: open_project -reset tdf2_prj 
INFO: [HLS 200-10] Creating and opening project '/home/ecelrc/students/drauch/research/scale-cnn/networks/td_fused/layers/tdf2/r16_o1/tdf2_prj'.
INFO: [HLS 200-1510] Running: add_files -cflags -I .. -I /home/ecelrc/students/drauch/research/scale-cnn/common -D FAST_COMPILE=0 /home/ecelrc/students/drauch/research/scale-cnn/common/global_defines.h tdf2.cpp 
INFO: [HLS 200-10] Adding design file '/home/ecelrc/students/drauch/research/scale-cnn/common/global_defines.h' to the project
INFO: [HLS 200-10] Adding design file 'tdf2.cpp' to the project
INFO: [HLS 200-1510] Running: add_files -tb -cflags -I .. -I /home/ecelrc/students/drauch/research/scale-cnn/common/test -I /home/ecelrc/students/drauch/research/scale-cnn/common /home/ecelrc/students/drauch/research/scale-cnn/common/test/tb_utils.cpp ../test/golden.cpp ../test/tb_tdf2.cpp 
INFO: [HLS 200-10] Adding test bench file '/home/ecelrc/students/drauch/research/scale-cnn/common/test/tb_utils.cpp' to the project
INFO: [HLS 200-10] Adding test bench file '../test/golden.cpp' to the project
INFO: [HLS 200-10] Adding test bench file '../test/tb_tdf2.cpp' to the project
INFO: [HLS 200-1510] Running: set_top tdf2_top 
INFO: [HLS 200-1510] Running: open_solution -reset solution1 
INFO: [HLS 200-10] Creating and opening solution '/home/ecelrc/students/drauch/research/scale-cnn/networks/td_fused/layers/tdf2/r16_o1/tdf2_prj/solution1'.
INFO: [HLS 200-10] Cleaning up the solution database.
WARNING: [HLS 200-40] No /home/ecelrc/students/drauch/research/scale-cnn/networks/td_fused/layers/tdf2/r16_o1/tdf2_prj/solution1/solution1.aps file found.
INFO: [HLS 200-1505] Using default flow_target 'vivado'
Resolution: For help on HLS 200-1505 see www.xilinx.com/cgi-bin/docs/rdoc?v=2020.2;t=hls+guidance;d=200-1505.html
INFO: [HLS 200-1510] Running: set_part xcvu3p-ffvc1517-3-e 
INFO: [HLS 200-10] Setting target device to 'xcvu3p-ffvc1517-3-e'
INFO: [HLS 200-1510] Running: create_clock -period 10 
INFO: [SYN 201-201] Setting up clock 'default' with a period of 10ns.
INFO: [HLS 200-1510] Running: set_directive_bind_storage -type ram_s2p -impl uram tdf2_top in_data 
INFO: [HLS 200-1510] Running: set_directive_bind_storage -type ram_s2p -impl uram tdf2_top out_data 
INFO: [HLS 200-1510] Running: set_directive_bind_storage -type ram_2p -impl bram tdf2_top filter_data 
INFO: [HLS 200-1510] Running: set_directive_bind_storage -type ram_2p -impl bram tdf2_top adjustments 
INFO: [HLS 200-1510] Running: set_directive_array_reshape -type cyclic -factor 16 tdf2_top in_data -dim 3 
INFO: [HLS 200-1510] Running: set_directive_array_reshape -type cyclic -factor 16 tdf2_top filter_data -dim 4 
INFO: [HLS 200-1510] Running: set_directive_array_reshape -type cyclic -factor 4 tdf2_top out_data -dim 3 
INFO: [HLS 200-1510] Running: set_directive_array_reshape -type cyclic -factor 4 tdf2_top adjustments -dim 2 
INFO: [HLS 200-1510] Running: set_directive_array_partition -type cyclic -factor 16 -dim 3 tdf2 ifmap_vec 
INFO: [HLS 200-1510] Running: set_directive_array_partition -type cyclic -factor 16 -dim 4 tdf2 weight_vecs 
INFO: [HLS 200-1510] Running: set_directive_array_partition -type cyclic -factor 16 -dim 2 tdf2 products 
INFO: [HLS 200-1510] Running: set_directive_pipeline tdf2_readInputs/IL5 
INFO: [HLS 200-1510] Running: set_directive_pipeline tdf2_readFilters/FL5 
INFO: [HLS 200-1510] Running: set_directive_pipeline tdf2_dot_product/DP_OUTER_2 
INFO: [HLS 200-1510] Running: set_directive_dataflow tdf2/TOP_LOOP 
INFO: [HLS 200-1510] Running: config_op hadd -impl fulldsp -latency 1 
INFO: [HLS 200-1445] Configure operator 'hadd' with implementation style 'fulldsp'.
INFO: [HLS 200-1446] Configure operator 'hadd' with latency 1.
INFO: [HLS 200-1510] Running: config_op hmul -impl maxdsp -latency 1 
INFO: [HLS 200-1445] Configure operator 'hmul' with implementation style 'maxdsp'.
INFO: [HLS 200-1446] Configure operator 'hmul' with latency 1.
INFO: [HLS 200-1510] Running: csim_design -clean 
INFO: [SIM 211-2] *************** CSIM start ***************
INFO: [SIM 211-4] CSIM will launch GCC as the compiler.
   Compiling ../../../../../../../../../common/test/tb_utils.cpp in debug mode
   Compiling ../../../../../test/golden.cpp in debug mode
   Compiling ../../../../../test/tb_tdf2.cpp in debug mode
   Compiling ../../../../tdf2.cpp in debug mode
   Generating csim.exe
In file included from /usr/local/packages/xilinx_2020/Vitis_HLS/2020.2/include/hls_hotbm_apfixed.h:45:0,
                 from /usr/local/packages/xilinx_2020/Vitis_HLS/2020.2/include/hls_math.h:1065,
                 from ../../../../tdf2_conv_stages.h:8,
                 from ../../../../tdf2.cpp:6:
/usr/local/packages/xilinx_2020/Vitis_HLS/2020.2/include/utils/x_hls_utils.h:243:40: warning: ‘hls_preserve’ attribute directive ignored [-Wattributes]
 __attribute__((hls_preserve)) T reg(T d)
                                        ^
Beginning functional validation.
Generating random inputs.
Running synthesized function...
Running golden comparison function...
Comparing expected vs. actual values.
0 out of 100352 points exceeded low error threshold.
58116 out of 100352 points equaled their exact expected values.
Validation successful.
INFO: [SIM 211-1] CSim done with 0 errors.
INFO: [SIM 211-3] *************** CSIM finish ***************
INFO: [HLS 200-111] Finished Command csim_design CPU user time: 67.24 seconds. CPU system time: 1.39 seconds. Elapsed time: 68.96 seconds; current allocated memory: 239.825 MB.
INFO: [HLS 200-1510] Running: config_dataflow -strict_mode off 
INFO: [HLS 200-1510] Running: csynth_design 
INFO: [HLS 200-111] Finished File checks and directory preparation: CPU user time: 0.01 seconds. CPU system time: 0.01 seconds. Elapsed time: 0.02 seconds; current allocated memory: 240.002 MB.
INFO: [HLS 200-10] Analyzing design file 'tdf2.cpp' ... 
WARNING: [HLS 207-5510] 'Resource pragma' is deprecated, and it will be removed in future release. It is suggested to replace it with 'bind_op/bind_storage pragma'.: /usr/local/packages/xilinx_2020/Vitis_HLS/2020.2/common/technology/autopilot/hls_hotbm_apfixed.h:117:9
WARNING: [HLS 207-5510] 'Resource pragma' is deprecated, and it will be removed in future release. It is suggested to replace it with 'bind_op/bind_storage pragma'.: /usr/local/packages/xilinx_2020/Vitis_HLS/2020.2/common/technology/autopilot/hls_hotbm_apfixed.h:118:9
WARNING: [HLS 207-5510] 'Resource pragma' is deprecated, and it will be removed in future release. It is suggested to replace it with 'bind_op/bind_storage pragma'.: /usr/local/packages/xilinx_2020/Vitis_HLS/2020.2/common/technology/autopilot/hls_hotbm_apfixed.h:119:9
WARNING: [HLS 207-5510] 'Resource pragma' is deprecated, and it will be removed in future release. It is suggested to replace it with 'bind_op/bind_storage pragma'.: /usr/local/packages/xilinx_2020/Vitis_HLS/2020.2/common/technology/autopilot/hls_hotbm_apfixed.h:120:9
WARNING: [HLS 207-5510] 'Resource pragma' is deprecated, and it will be removed in future release. It is suggested to replace it with 'bind_op/bind_storage pragma'.: /usr/local/packages/xilinx_2020/Vitis_HLS/2020.2/common/technology/autopilot/hls_hotbm_apfixed.h:121:9
WARNING: [HLS 207-5510] 'Resource pragma' is deprecated, and it will be removed in future release. It is suggested to replace it with 'bind_op/bind_storage pragma'.: /usr/local/packages/xilinx_2020/Vitis_HLS/2020.2/common/technology/autopilot/hls_hotbm_apfixed.h:151:9
WARNING: [HLS 207-5510] 'Resource pragma' is deprecated, and it will be removed in future release. It is suggested to replace it with 'bind_op/bind_storage pragma'.: /usr/local/packages/xilinx_2020/Vitis_HLS/2020.2/common/technology/autopilot/hls_hotbm_apfixed.h:152:9
WARNING: [HLS 207-5510] 'Resource pragma' is deprecated, and it will be removed in future release. It is suggested to replace it with 'bind_op/bind_storage pragma'.: /usr/local/packages/xilinx_2020/Vitis_HLS/2020.2/common/technology/autopilot/hls_hotbm_apfixed.h:153:9
WARNING: [HLS 207-5510] 'Resource pragma' is deprecated, and it will be removed in future release. It is suggested to replace it with 'bind_op/bind_storage pragma'.: /usr/local/packages/xilinx_2020/Vitis_HLS/2020.2/common/technology/autopilot/hls_hotbm_apfixed.h:154:9
WARNING: [HLS 207-5510] 'Resource pragma' is deprecated, and it will be removed in future release. It is suggested to replace it with 'bind_op/bind_storage pragma'.: /usr/local/packages/xilinx_2020/Vitis_HLS/2020.2/common/technology/autopilot/hls_hotbm_apfixed.h:155:9
WARNING: [HLS 207-5510] 'Resource pragma' is deprecated, and it will be removed in future release. It is suggested to replace it with 'bind_op/bind_storage pragma'.: /usr/local/packages/xilinx_2020/Vitis_HLS/2020.2/common/technology/autopilot/hls_hotbm_apfixed.h:156:9
WARNING: [HLS 207-5510] 'Resource pragma' is deprecated, and it will be removed in future release. It is suggested to replace it with 'bind_op/bind_storage pragma'.: /usr/local/packages/xilinx_2020/Vitis_HLS/2020.2/common/technology/autopilot/hls_hotbm_apfixed.h:157:9
WARNING: [HLS 207-5510] 'Resource pragma' is deprecated, and it will be removed in future release. It is suggested to replace it with 'bind_op/bind_storage pragma'.: /usr/local/packages/xilinx_2020/Vitis_HLS/2020.2/common/technology/autopilot/hls_hotbm_apfixed.h:158:9
WARNING: [HLS 207-5510] 'Resource pragma' is deprecated, and it will be removed in future release. It is suggested to replace it with 'bind_op/bind_storage pragma'.: /usr/local/packages/xilinx_2020/Vitis_HLS/2020.2/common/technology/autopilot/hls_hotbm_apfixed.h:159:9
WARNING: [HLS 207-5510] 'Resource pragma' is deprecated, and it will be removed in future release. It is suggested to replace it with 'bind_op/bind_storage pragma'.: /usr/local/packages/xilinx_2020/Vitis_HLS/2020.2/common/technology/autopilot/hls_hotbm_apfixed.h:160:9
WARNING: [HLS 207-5510] 'Resource pragma' is deprecated, and it will be removed in future release. It is suggested to replace it with 'bind_op/bind_storage pragma'.: /usr/local/packages/xilinx_2020/Vitis_HLS/2020.2/common/technology/autopilot/hls_hotbm_apfixed.h:210:9
WARNING: [HLS 207-5510] 'Resource pragma' is deprecated, and it will be removed in future release. It is suggested to replace it with 'bind_op/bind_storage pragma'.: /usr/local/packages/xilinx_2020/Vitis_HLS/2020.2/common/technology/autopilot/hls_hotbm_apfixed.h:211:9
WARNING: [HLS 207-5510] 'Resource pragma' is deprecated, and it will be removed in future release. It is suggested to replace it with 'bind_op/bind_storage pragma'.: /usr/local/packages/xilinx_2020/Vitis_HLS/2020.2/common/technology/autopilot/hls_hotbm_apfixed.h:212:9
WARNING: [HLS 207-5510] 'Resource pragma' is deprecated, and it will be removed in future release. It is suggested to replace it with 'bind_op/bind_storage pragma'.: /usr/local/packages/xilinx_2020/Vitis_HLS/2020.2/common/technology/autopilot/hls_hotbm_apfixed.h:239:9
WARNING: [HLS 207-5510] 'Resource pragma' is deprecated, and it will be removed in future release. It is suggested to replace it with 'bind_op/bind_storage pragma'.: /usr/local/packages/xilinx_2020/Vitis_HLS/2020.2/common/technology/autopilot/hls_hotbm_apfixed.h:240:9
WARNING: [HLS 207-5510] 'Resource pragma' is deprecated, and it will be removed in future release. It is suggested to replace it with 'bind_op/bind_storage pragma'.: /usr/local/packages/xilinx_2020/Vitis_HLS/2020.2/common/technology/autopilot/hls_hotbm_apfixed.h:241:9
WARNING: [HLS 207-5510] 'Resource pragma' is deprecated, and it will be removed in future release. It is suggested to replace it with 'bind_op/bind_storage pragma'.: /usr/local/packages/xilinx_2020/Vitis_HLS/2020.2/common/technology/autopilot/hls_hotbm_apfixed.h:242:9
WARNING: [HLS 207-5510] 'Resource pragma' is deprecated, and it will be removed in future release. It is suggested to replace it with 'bind_op/bind_storage pragma'.: /usr/local/packages/xilinx_2020/Vitis_HLS/2020.2/common/technology/autopilot/hls_hotbm_apfixed.h:243:9
WARNING: [HLS 207-5510] 'Resource pragma' is deprecated, and it will be removed in future release. It is suggested to replace it with 'bind_op/bind_storage pragma'.: /usr/local/packages/xilinx_2020/Vitis_HLS/2020.2/common/technology/autopilot/hls_hotbm_apfixed.h:244:9
WARNING: [HLS 207-5510] 'Resource pragma' is deprecated, and it will be removed in future release. It is suggested to replace it with 'bind_op/bind_storage pragma'.: /usr/local/packages/xilinx_2020/Vitis_HLS/2020.2/common/technology/autopilot/hls_hotbm_apfixed.h:280:9
WARNING: [HLS 207-5510] 'Resource pragma' is deprecated, and it will be removed in future release. It is suggested to replace it with 'bind_op/bind_storage pragma'.: /usr/local/packages/xilinx_2020/Vitis_HLS/2020.2/common/technology/autopilot/hls_hotbm_apfixed.h:281:9
WARNING: [HLS 207-5301] unused parameter 'k': ./tdf2_conv_stages.h:76:37
INFO: [HLS 200-111] Finished Source Code Analysis and Preprocessing: CPU user time: 33.21 seconds. CPU system time: 2.9 seconds. Elapsed time: 36.37 seconds; current allocated memory: 243.380 MB.
INFO: [HLS 200-777] Using interface defaults for 'Vivado' flow target.
INFO: [HLS 214-131] Inlining function 'tdf2_adjust_value(decimal16, decimal16, decimal16, decimal16)' into 'tdf2_adjust(decimal16*, decimal16*, decimal16 (*) [4], unsigned short)' (./tdf2_conv_stages.h:223:20)
WARNING: [HLS 214-185] The resource pragma (storage) on function argument, in 'call' is unsupported (tdf2.cpp:306:9)
INFO: [HLS 214-186] Unrolling loop 'FL7' (./tdf2_conv_stages.h:50:18) in function 'tdf2_readFilters' completely with a factor of 1 (./tdf2_conv_stages.h:50:18)
INFO: [HLS 214-186] Unrolling loop 'VITIS_LOOP_90_2' (./tdf2_conv_stages.h:90:27) in function 'tdf2_writeOutputs_unaligned' completely with a factor of 4 (./tdf2_conv_stages.h:90:27)
INFO: [HLS 214-186] Unrolling loop 'VITIS_LOOP_21_1' (tdf2.cpp:21:19) in function 'tdf2_poolOutputs' completely with a factor of 1 (tdf2.cpp:21:19)
INFO: [HLS 214-178] Inlining function 'fp_struct<decimal16>::fp_struct(decimal16)' into 'int generic_signbit<decimal16>(decimal16)' (/wrk/ci/prod/2020.2/rdi_builds/continuous/2020_11_18_3064766/src/shared/hls/clib/hlsmath/include/FloatingPoint/hls_signbit.h:11:0)
INFO: [HLS 214-178] Inlining function 'fp_struct<decimal16>::__signbit() const' into 'int generic_signbit<decimal16>(decimal16)' (/wrk/ci/prod/2020.2/rdi_builds/continuous/2020_11_18_3064766/src/shared/hls/clib/hlsmath/include/FloatingPoint/hls_signbit.h:11:0)
INFO: [HLS 214-178] Inlining function 'int generic_signbit<decimal16>(decimal16)' into 'hls::signbit(decimal16)' (/wrk/ci/prod/2020.2/rdi_builds/continuous/2020_11_18_3064766/src/shared/hls/clib/hlsmath/src/c++/signbithalf.cpp:7:0)
INFO: [HLS 214-178] Inlining function 'hls::signbit(decimal16)' into 'tdf2_adjust(decimal16*, decimal16*, decimal16 (*) [4], unsigned short)' (./tdf2_conv_stages.h:212:0)
WARNING: [HLS 214-167] The program may have out of bound array access (./tdf2_conv_stages.h:94:37)
WARNING: [HLS 214-167] The program may have out of bound array access (./tdf2_conv_stages.h:94:37)
WARNING: [HLS 214-167] The program may have out of bound array access (./tdf2_conv_stages.h:94:37)
WARNING: [HLS 214-167] The program may have out of bound array access (./tdf2_conv_stages.h:94:37)
WARNING: [HLS 214-167] The program may have out of bound array access (tdf2.cpp:23:42)
WARNING: [HLS 214-167] The program may have out of bound array access (tdf2.cpp:24:19)
INFO: [HLS 214-248] cyclic reshaped array 'out_data' on dimension 3 with 4 (tdf2.cpp:305:137)
INFO: [HLS 200-111] Finished Compiling Optimization and Transform: CPU user time: 7.22 seconds. CPU system time: 0.75 seconds. Elapsed time: 8.4 seconds; current allocated memory: 245.622 MB.
INFO: [HLS 200-111] Finished Checking Pragmas: CPU user time: 0 seconds. CPU system time: 0 seconds. Elapsed time: 0 seconds; current allocated memory: 245.624 MB.
INFO: [HLS 200-10] Starting code transformations ...
INFO: [XFORM 203-501] Unrolling loop 'ADJUST_LOOP' (/wrk/ci/prod/2020.2/rdi_builds/continuous/2020_11_18_3064766/src/shared/hls/clib/hlsmath/include/FloatingPoint/hls_signbit.h:12) in function 'tdf2_adjust(decimal16*, decimal16*, decimal16 (*) [4], unsigned short)': changing partial unrolling into complete unrolling since the unrolling factor (=1) is no less than the loop trip count (=1).
INFO: [HLS 200-489] Unrolling loop 'ADJUST_LOOP' (/wrk/ci/prod/2020.2/rdi_builds/continuous/2020_11_18_3064766/src/shared/hls/clib/hlsmath/include/FloatingPoint/hls_signbit.h:12) in function 'tdf2_adjust(decimal16*, decimal16*, decimal16 (*) [4], unsigned short)' completely with a factor of 1.
INFO: [HLS 200-111] Finished Standard Transforms: CPU user time: 0.3 seconds. CPU system time: 0.03 seconds. Elapsed time: 0.44 seconds; current allocated memory: 266.975 MB.
INFO: [HLS 200-10] Checking synthesizability ...
INFO: [HLS 200-111] Finished Checking Synthesizability: CPU user time: 0.39 seconds. CPU system time: 0.03 seconds. Elapsed time: 0.44 seconds; current allocated memory: 288.396 MB.
INFO: [XFORM 203-502] Unrolling small iteration loop 'VITIS_LOOP_85_1' (./tdf2_conv_stages.h:85) in function 'tdf2_writeOutputs_unaligned' automatically.
INFO: [XFORM 203-502] Unrolling all sub-loops inside loop 'IL_LOOP' (tdf2.cpp:104) in function 'tdf2_accum_2' for pipelining.
INFO: [XFORM 203-502] Unrolling all sub-loops inside loop 'DP_OUTER_2' (./tdf2_conv_stages.h:148) in function 'tdf2_dot_product' for pipelining.
INFO: [XFORM 203-502] Unrolling all sub-loops inside loop 'FL5' (./tdf2_conv_stages.h:48) in function 'tdf2_readFilters' for pipelining.
INFO: [XFORM 203-502] Unrolling all sub-loops inside loop 'IL5' (./tdf2_conv_stages.h:20) in function 'tdf2_readInputs' for pipelining.
INFO: [XFORM 203-502] Unrolling all sub-loops inside loop 'IL_LOOP' (tdf2.cpp:44) in function 'tdf2_accum_1' for pipelining.
INFO: [HLS 200-489] Unrolling loop 'VITIS_LOOP_85_1' (./tdf2_conv_stages.h:85) in function 'tdf2_writeOutputs_unaligned' completely with a factor of 1.
INFO: [HLS 200-489] Unrolling loop 'WRPC_LOOP' (tdf2.cpp:112) in function 'tdf2_accum_2' completely with a factor of 16.
INFO: [HLS 200-489] Unrolling loop 'DP_OUTER_3' (./tdf2_conv_stages.h:149) in function 'tdf2_dot_product' completely with a factor of 16.
INFO: [HLS 200-489] Unrolling loop 'DP_INNER' (./tdf2_conv_stages.h:152) in function 'tdf2_dot_product' completely with a factor of 1.
INFO: [HLS 200-489] Unrolling loop 'FL6' (./tdf2_conv_stages.h:49) in function 'tdf2_readFilters' completely with a factor of 16.
INFO: [HLS 200-489] Unrolling loop 'IL6' (./tdf2_conv_stages.h:25) in function 'tdf2_readInputs' completely with a factor of 16.
INFO: [HLS 200-489] Unrolling loop 'WRPC_LOOP' (tdf2.cpp:52) in function 'tdf2_accum_1' completely with a factor of 32.
INFO: [XFORM 203-131] Reshaping array 'in_data' (tdf2.cpp:306) in dimension 3 completely.
INFO: [XFORM 203-131] Reshaping array 'filter_data' (tdf2.cpp:307) in dimension 4 completely.
INFO: [XFORM 203-131] Reshaping array 'adjustments' (tdf2.cpp:308) in dimension 2 completely.
INFO: [XFORM 203-101] Partitioning array 'ifmap_vec' (tdf2.cpp:259) in dimension 3 completely.
INFO: [XFORM 203-101] Partitioning array 'weight_vecs' (tdf2.cpp:260) in dimension 4 completely.
INFO: [XFORM 203-101] Partitioning array 'products' (tdf2.cpp:261) in dimension 2 with a cyclic factor 16.
INFO: [XFORM 203-101] Partitioning array 'sums' (tdf2.cpp:262) in dimension 1 completely.
INFO: [XFORM 203-101] Partitioning array 'outputs' (tdf2.cpp:263) in dimension 1 completely.
INFO: [XFORM 203-101] Partitioning array 'input_indices' (tdf2.cpp:266) in dimension 1 completely.
INFO: [XFORM 203-101] Partitioning array 'output_indices' (tdf2.cpp:267) in dimension 1 completely.
INFO: [XFORM 203-101] Partitioning array 'accum1_out_0' (tdf2.cpp:289) in dimension 1 with a cyclic factor 8.
INFO: [XFORM 203-101] Partitioning array 'accum2_out_0' (tdf2.cpp:292) in dimension 1 completely.
INFO: [XFORM 203-101] Partitioning array 'outputRow'  in dimension 1 completely.
INFO: [XFORM 203-101] Partitioning array 'max_vals'  in dimension 1 completely.
INFO: [XFORM 203-101] Partitioning array 'vals' (tdf2.cpp:108) in dimension 1 completely.
INFO: [XFORM 203-101] Partitioning array 'vals' (tdf2.cpp:48) in dimension 1 completely.
INFO: [XFORM 203-102] Partitioning array 'weight_vecs.0' (tdf2.cpp:260) in dimension 1 automatically.
INFO: [XFORM 203-102] Partitioning array 'weight_vecs.1' (tdf2.cpp:260) in dimension 1 automatically.
INFO: [XFORM 203-102] Partitioning array 'weight_vecs.2' (tdf2.cpp:260) in dimension 1 automatically.
INFO: [XFORM 203-102] Partitioning array 'weight_vecs.3' (tdf2.cpp:260) in dimension 1 automatically.
INFO: [XFORM 203-102] Partitioning array 'weight_vecs.4' (tdf2.cpp:260) in dimension 1 automatically.
INFO: [XFORM 203-102] Partitioning array 'weight_vecs.5' (tdf2.cpp:260) in dimension 1 automatically.
INFO: [XFORM 203-102] Partitioning array 'weight_vecs.6' (tdf2.cpp:260) in dimension 1 automatically.
INFO: [XFORM 203-102] Partitioning array 'weight_vecs.7' (tdf2.cpp:260) in dimension 1 automatically.
INFO: [XFORM 203-102] Partitioning array 'weight_vecs.8' (tdf2.cpp:260) in dimension 1 automatically.
INFO: [XFORM 203-102] Partitioning array 'weight_vecs.9' (tdf2.cpp:260) in dimension 1 automatically.
INFO: [XFORM 203-102] Partitioning array 'weight_vecs.10' (tdf2.cpp:260) in dimension 1 automatically.
INFO: [XFORM 203-102] Partitioning array 'weight_vecs.11' (tdf2.cpp:260) in dimension 1 automatically.
INFO: [XFORM 203-102] Partitioning array 'weight_vecs.12' (tdf2.cpp:260) in dimension 1 automatically.
INFO: [XFORM 203-102] Partitioning array 'weight_vecs.13' (tdf2.cpp:260) in dimension 1 automatically.
INFO: [XFORM 203-102] Partitioning array 'weight_vecs.14' (tdf2.cpp:260) in dimension 1 automatically.
INFO: [XFORM 203-102] Partitioning array 'weight_vecs.15' (tdf2.cpp:260) in dimension 1 automatically.
INFO: [XFORM 203-721] Extract dataflow region from loop TOP_LOOP (tdf2.cpp:256)  of function 'tdf2'.
INFO: [HLS 200-988] Store statement on variable  'sums[0]70' (tdf2.cpp:262) in a dataflow region ( 'dataflow_in_loop_TOP_LOOP' (tdf2.cpp:256:7)) will infer a separate dataflow process. Consider placing this store inside a function.
INFO: [XFORM 203-712] Applying dataflow to function 'dataflow_in_loop_TOP_LOOP' (tdf2.cpp:256:7), detected/extracted 10 process function(s): 
	 'tdf2_get_next_ijk'
	 'tdf2_readInputs'
	 'tdf2_readFilters'
	 'tdf2_dot_product'
	 'tdf2_accum_1'
	 'tdf2_accum_2'
	 'tdf2_accum_3'
	 'Block_entry_proc_proc'
	 'tdf2_adjust'
	 'tdf2_poolOutputs'.
INFO: [XFORM 203-401] Performing if-conversion on hyperblock in function 'tdf2_get_next_ijk'... converting 6 basic blocks.
INFO: [XFORM 203-401] Performing if-conversion on hyperblock from (tdf2.cpp:104:13) to (tdf2.cpp:131:28) in function 'tdf2_accum_2'... converting 17 basic blocks.
INFO: [XFORM 203-401] Performing if-conversion on hyperblock from (tdf2.cpp:44:13) in function 'tdf2_accum_1'... converting 63 basic blocks.
INFO: [HLS 200-111] Finished Loop, function and other optimizations: CPU user time: 1.95 seconds. CPU system time: 0.09 seconds. Elapsed time: 2.21 seconds; current allocated memory: 333.256 MB.
INFO: [XFORM 203-541] Flattening a loop nest 'IL4' (./tdf2_conv_stages.h:19:18) in function 'tdf2_readInputs'.
INFO: [XFORM 203-541] Flattening a loop nest 'FL4' (./tdf2_conv_stages.h:47:23) in function 'tdf2_readFilters'.
INFO: [XFORM 203-541] Flattening a loop nest 'DP_OUTER_1' (./tdf2_conv_stages.h:147:28) in function 'tdf2_dot_product'.
WARNING: [ANALYSIS 214-52] Found false inter dependency for variable 'products[15]' (./tdf2_conv_stages.h:139).
WARNING: [ANALYSIS 214-52] Found false inter dependency for variable 'products[13]' (./tdf2_conv_stages.h:139).
WARNING: [ANALYSIS 214-52] Found false inter dependency for variable 'products[6]' (./tdf2_conv_stages.h:139).
WARNING: [ANALYSIS 214-52] Found false inter dependency for variable 'products[0]' (./tdf2_conv_stages.h:139).
WARNING: [ANALYSIS 214-52] Found false inter dependency for variable 'products[12]' (./tdf2_conv_stages.h:139).
WARNING: [ANALYSIS 214-52] Found false inter dependency for variable 'products[7]' (./tdf2_conv_stages.h:139).
WARNING: [ANALYSIS 214-52] Found false inter dependency for variable 'products[14]' (./tdf2_conv_stages.h:139).
WARNING: [ANALYSIS 214-52] Found false inter dependency for variable 'products[4]' (./tdf2_conv_stages.h:139).
WARNING: [ANALYSIS 214-52] Found false inter dependency for variable 'products[5]' (./tdf2_conv_stages.h:139).
WARNING: [ANALYSIS 214-52] Found false inter dependency for variable 'products[3]' (./tdf2_conv_stages.h:139).
WARNING: [ANALYSIS 214-52] Found false inter dependency for variable 'products[10]' (./tdf2_conv_stages.h:139).
WARNING: [ANALYSIS 214-52] Found false inter dependency for variable 'products[2]' (./tdf2_conv_stages.h:139).
WARNING: [ANALYSIS 214-52] Found false inter dependency for variable 'products[11]' (./tdf2_conv_stages.h:139).
WARNING: [ANALYSIS 214-52] Found false inter dependency for variable 'products[8]' (./tdf2_conv_stages.h:139).
WARNING: [ANALYSIS 214-52] Found false inter dependency for variable 'products[9]' (./tdf2_conv_stages.h:139).
WARNING: [ANALYSIS 214-52] Found false inter dependency for variable 'products[1]' (./tdf2_conv_stages.h:139).
WARNING: [ANALYSIS 214-52] Found false intra dependency for variable 'products[15]' (./tdf2_conv_stages.h:139).
WARNING: [ANALYSIS 214-52] Found false intra dependency for variable 'products[13]' (./tdf2_conv_stages.h:139).
WARNING: [ANALYSIS 214-52] Found false intra dependency for variable 'products[6]' (./tdf2_conv_stages.h:139).
WARNING: [ANALYSIS 214-52] Found false intra dependency for variable 'products[0]' (./tdf2_conv_stages.h:139).
WARNING: [ANALYSIS 214-52] Found false intra dependency for variable 'products[12]' (./tdf2_conv_stages.h:139).
WARNING: [ANALYSIS 214-52] Found false intra dependency for variable 'products[7]' (./tdf2_conv_stages.h:139).
WARNING: [ANALYSIS 214-52] Found false intra dependency for variable 'products[14]' (./tdf2_conv_stages.h:139).
WARNING: [ANALYSIS 214-52] Found false intra dependency for variable 'products[4]' (./tdf2_conv_stages.h:139).
WARNING: [ANALYSIS 214-52] Found false intra dependency for variable 'products[5]' (./tdf2_conv_stages.h:139).
WARNING: [ANALYSIS 214-52] Found false intra dependency for variable 'products[3]' (./tdf2_conv_stages.h:139).
WARNING: [ANALYSIS 214-52] Found false intra dependency for variable 'products[10]' (./tdf2_conv_stages.h:139).
WARNING: [ANALYSIS 214-52] Found false intra dependency for variable 'products[2]' (./tdf2_conv_stages.h:139).
WARNING: [ANALYSIS 214-52] Found false intra dependency for variable 'products[11]' (./tdf2_conv_stages.h:139).
WARNING: [ANALYSIS 214-52] Found false intra dependency for variable 'products[8]' (./tdf2_conv_stages.h:139).
WARNING: [ANALYSIS 214-52] Found false intra dependency for variable 'products[9]' (./tdf2_conv_stages.h:139).
WARNING: [ANALYSIS 214-52] Found false intra dependency for variable 'products[1]' (./tdf2_conv_stages.h:139).
INFO: [HLS 200-472] Inferring partial write operation for 'filter_data' (tdf2.cpp:311:28)
INFO: [HLS 200-472] Inferring partial write operation for 'adjustments' (tdf2.cpp:312:22)
INFO: [HLS 200-472] Inferring partial write operation for 'ifmap_vec[0]' (./tdf2_conv_stages.h:33:35)
INFO: [HLS 200-472] Inferring partial write operation for 'weight_vecs[0][0]' (./tdf2_conv_stages.h:55:43)
INFO: [HLS 200-472] Inferring partial write operation for 'products[0]' (./tdf2_conv_stages.h:153:32)
INFO: [HLS 200-472] Inferring partial write operation for 'accum_out[0]' (tdf2.cpp:81:28)
INFO: [HLS 200-472] Inferring partial write operation for 'accum_out[1]' (tdf2.cpp:82:28)
INFO: [HLS 200-472] Inferring partial write operation for 'accum_out[2]' (tdf2.cpp:83:28)
INFO: [HLS 200-472] Inferring partial write operation for 'accum_out[3]' (tdf2.cpp:84:28)
INFO: [HLS 200-472] Inferring partial write operation for 'accum_out[4]' (tdf2.cpp:85:28)
INFO: [HLS 200-472] Inferring partial write operation for 'accum_out[5]' (tdf2.cpp:86:28)
INFO: [HLS 200-472] Inferring partial write operation for 'accum_out[6]' (tdf2.cpp:87:28)
INFO: [HLS 200-472] Inferring partial write operation for 'accum_out[7]' (tdf2.cpp:88:28)
INTERNAL-INFO: never seen llvm instruction 'hsub'(535)
WARNING: [HLS 200-1449] Process tdf2_readInputs6 has both a predecessor and reads an input from its caller (see the GUI dataflow viewer). This may lead to lower throughput. Consider copying this input via a predecessor process.
INFO: [HLS 200-111] Finished Architecture Synthesis: CPU user time: 1.37 seconds. CPU system time: 0.16 seconds. Elapsed time: 1.64 seconds; current allocated memory: 460.113 MB.
INFO: [HLS 200-10] Starting hardware synthesis ...
INFO: [HLS 200-10] Synthesizing 'tdf2_top' ...
INFO: [HLS 200-10] ----------------------------------------------------------------
INFO: [HLS 200-42] -- Implementing module 'tdf2_get_next_ijk' 
INFO: [HLS 200-10] ----------------------------------------------------------------
INFO: [SCHED 204-11] Starting scheduling ...
INFO: [SCHED 204-11] Finished scheduling.
INFO: [HLS 200-111] Finished Scheduling: CPU user time: 0.12 seconds. CPU system time: 0.01 seconds. Elapsed time: 0.15 seconds; current allocated memory: 460.812 MB.
INFO: [BIND 205-100] Starting micro-architecture generation ...
INFO: [BIND 205-101] Performing variable lifetime analysis.
INFO: [BIND 205-101] Exploring resource sharing.
INFO: [BIND 205-101] Binding ...
INFO: [BIND 205-100] Finished micro-architecture generation.
INFO: [HLS 200-111] Finished Binding: CPU user time: 0.11 seconds. CPU system time: 0 seconds. Elapsed time: 0.13 seconds; current allocated memory: 461.140 MB.
INFO: [HLS 200-10] ----------------------------------------------------------------
INFO: [HLS 200-42] -- Implementing module 'tdf2_readInputs6' 
INFO: [HLS 200-10] ----------------------------------------------------------------
INFO: [SCHED 204-11] Starting scheduling ...
INFO: [SCHED 204-61] Pipelining loop 'IL4_IL5'.
INFO: [HLS 200-1470] Pipelining result : Target II = 1, Final II = 1, Depth = 2, loop 'IL4_IL5'
INFO: [SCHED 204-11] Finished scheduling.
INFO: [HLS 200-111] Finished Scheduling: CPU user time: 0.35 seconds. CPU system time: 0 seconds. Elapsed time: 0.38 seconds; current allocated memory: 461.620 MB.
INFO: [BIND 205-100] Starting micro-architecture generation ...
INFO: [BIND 205-101] Performing variable lifetime analysis.
INFO: [BIND 205-101] Exploring resource sharing.
INFO: [BIND 205-101] Binding ...
INFO: [BIND 205-100] Finished micro-architecture generation.
INFO: [HLS 200-111] Finished Binding: CPU user time: 0.16 seconds. CPU system time: 0.01 seconds. Elapsed time: 0.19 seconds; current allocated memory: 462.209 MB.
INFO: [HLS 200-10] ----------------------------------------------------------------
INFO: [HLS 200-42] -- Implementing module 'tdf2_readFilters5' 
INFO: [HLS 200-10] ----------------------------------------------------------------
INFO: [SCHED 204-11] Starting scheduling ...
INFO: [SCHED 204-61] Pipelining loop 'FL4_FL5'.
INFO: [HLS 200-1470] Pipelining result : Target II = 1, Final II = 1, Depth = 2, loop 'FL4_FL5'
INFO: [SCHED 204-11] Finished scheduling.
INFO: [HLS 200-111] Finished Scheduling: CPU user time: 0.36 seconds. CPU system time: 0.01 seconds. Elapsed time: 0.4 seconds; current allocated memory: 462.580 MB.
INFO: [BIND 205-100] Starting micro-architecture generation ...
INFO: [BIND 205-101] Performing variable lifetime analysis.
INFO: [BIND 205-101] Exploring resource sharing.
INFO: [BIND 205-101] Binding ...
INFO: [BIND 205-100] Finished micro-architecture generation.
INFO: [HLS 200-111] Finished Binding: CPU user time: 0.09 seconds. CPU system time: 0 seconds. Elapsed time: 0.12 seconds; current allocated memory: 463.042 MB.
INFO: [HLS 200-10] ----------------------------------------------------------------
INFO: [HLS 200-42] -- Implementing module 'tdf2_dot_product' 
INFO: [HLS 200-10] ----------------------------------------------------------------
INFO: [SCHED 204-11] Starting scheduling ...
INFO: [SCHED 204-61] Pipelining loop 'DP_OUTER_1_DP_OUTER_2'.
INFO: [HLS 200-1470] Pipelining result : Target II = 1, Final II = 1, Depth = 3, loop 'DP_OUTER_1_DP_OUTER_2'
INFO: [SCHED 204-11] Finished scheduling.
INFO: [HLS 200-111] Finished Scheduling: CPU user time: 0.29 seconds. CPU system time: 0.01 seconds. Elapsed time: 0.34 seconds; current allocated memory: 463.654 MB.
INFO: [BIND 205-100] Starting micro-architecture generation ...
INFO: [BIND 205-101] Performing variable lifetime analysis.
INFO: [BIND 205-101] Exploring resource sharing.
INFO: [BIND 205-101] Binding ...
INFO: [BIND 205-100] Finished micro-architecture generation.
INFO: [HLS 200-111] Finished Binding: CPU user time: 0.23 seconds. CPU system time: 0 seconds. Elapsed time: 0.27 seconds; current allocated memory: 464.409 MB.
INFO: [HLS 200-10] ----------------------------------------------------------------
INFO: [HLS 200-42] -- Implementing module 'tdf2_accum_1' 
INFO: [HLS 200-10] ----------------------------------------------------------------
INFO: [SCHED 204-11] Starting scheduling ...
INFO: [SCHED 204-61] Pipelining loop 'IL_LOOP'.
INFO: [HLS 200-1470] Pipelining result : Target II = 1, Final II = 1, Depth = 4, loop 'IL_LOOP'
INFO: [SCHED 204-11] Finished scheduling.
INFO: [HLS 200-111] Finished Scheduling: CPU user time: 0.48 seconds. CPU system time: 0 seconds. Elapsed time: 0.53 seconds; current allocated memory: 464.876 MB.
INFO: [BIND 205-100] Starting micro-architecture generation ...
INFO: [BIND 205-101] Performing variable lifetime analysis.
INFO: [BIND 205-101] Exploring resource sharing.
INFO: [BIND 205-101] Binding ...
INFO: [BIND 205-100] Finished micro-architecture generation.
INFO: [HLS 200-111] Finished Binding: CPU user time: 0.29 seconds. CPU system time: 0.01 seconds. Elapsed time: 0.33 seconds; current allocated memory: 465.508 MB.
INFO: [HLS 200-10] ----------------------------------------------------------------
INFO: [HLS 200-42] -- Implementing module 'tdf2_accum_2' 
INFO: [HLS 200-10] ----------------------------------------------------------------
INFO: [SCHED 204-11] Starting scheduling ...
INFO: [SCHED 204-61] Pipelining loop 'IL_LOOP'.
INFO: [HLS 200-1470] Pipelining result : Target II = 1, Final II = 1, Depth = 7, loop 'IL_LOOP'
INFO: [SCHED 204-11] Finished scheduling.
INFO: [HLS 200-111] Finished Scheduling: CPU user time: 0.65 seconds. CPU system time: 0.01 seconds. Elapsed time: 0.7 seconds; current allocated memory: 466.032 MB.
INFO: [BIND 205-100] Starting micro-architecture generation ...
INFO: [BIND 205-101] Performing variable lifetime analysis.
INFO: [BIND 205-101] Exploring resource sharing.
INFO: [BIND 205-101] Binding ...
INFO: [BIND 205-100] Finished micro-architecture generation.
INFO: [HLS 200-111] Finished Binding: CPU user time: 0.25 seconds. CPU system time: 0.01 seconds. Elapsed time: 0.27 seconds; current allocated memory: 466.828 MB.
INFO: [HLS 200-10] ----------------------------------------------------------------
INFO: [HLS 200-42] -- Implementing module 'tdf2_accum_3' 
INFO: [HLS 200-10] ----------------------------------------------------------------
INFO: [SCHED 204-11] Starting scheduling ...
INFO: [SCHED 204-11] Finished scheduling.
INFO: [HLS 200-111] Finished Scheduling: CPU user time: 0.39 seconds. CPU system time: 0.01 seconds. Elapsed time: 0.44 seconds; current allocated memory: 466.901 MB.
INFO: [BIND 205-100] Starting micro-architecture generation ...
INFO: [BIND 205-101] Performing variable lifetime analysis.
INFO: [BIND 205-101] Exploring resource sharing.
INFO: [BIND 205-101] Binding ...
INFO: [BIND 205-100] Finished micro-architecture generation.
INFO: [HLS 200-111] Finished Binding: CPU user time: 0.08 seconds. CPU system time: 0 seconds. Elapsed time: 0.1 seconds; current allocated memory: 466.997 MB.
INFO: [HLS 200-10] ----------------------------------------------------------------
INFO: [HLS 200-42] -- Implementing module 'Block_entry_proc_proc' 
INFO: [HLS 200-10] ----------------------------------------------------------------
INFO: [SCHED 204-11] Starting scheduling ...
INFO: [SCHED 204-11] Finished scheduling.
INFO: [HLS 200-111] Finished Scheduling: CPU user time: 0.07 seconds. CPU system time: 0.01 seconds. Elapsed time: 0.09 seconds; current allocated memory: 467.027 MB.
INFO: [BIND 205-100] Starting micro-architecture generation ...
INFO: [BIND 205-101] Performing variable lifetime analysis.
INFO: [BIND 205-101] Exploring resource sharing.
INFO: [BIND 205-101] Binding ...
INFO: [BIND 205-100] Finished micro-architecture generation.
INFO: [HLS 200-111] Finished Binding: CPU user time: 0.02 seconds. CPU system time: 0 seconds. Elapsed time: 0.04 seconds; current allocated memory: 467.061 MB.
INFO: [HLS 200-10] ----------------------------------------------------------------
INFO: [HLS 200-42] -- Implementing module 'tdf2_adjust' 
INFO: [HLS 200-10] ----------------------------------------------------------------
INFO: [SCHED 204-11] Starting scheduling ...
INFO: [SCHED 204-11] Finished scheduling.
INFO: [HLS 200-111] Finished Scheduling: CPU user time: 0.07 seconds. CPU system time: 0.01 seconds. Elapsed time: 0.09 seconds; current allocated memory: 467.148 MB.
INFO: [BIND 205-100] Starting micro-architecture generation ...
INFO: [BIND 205-101] Performing variable lifetime analysis.
INFO: [BIND 205-101] Exploring resource sharing.
INFO: [BIND 205-101] Binding ...
INFO: [BIND 205-100] Finished micro-architecture generation.
INFO: [HLS 200-111] Finished Binding: CPU user time: 0.09 seconds. CPU system time: 0 seconds. Elapsed time: 0.1 seconds; current allocated memory: 467.280 MB.
INFO: [HLS 200-10] ----------------------------------------------------------------
INFO: [HLS 200-42] -- Implementing module 'tdf2_writeOutputs_unaligned' 
INFO: [HLS 200-10] ----------------------------------------------------------------
INFO: [SCHED 204-11] Starting scheduling ...
INFO: [SCHED 204-11] Finished scheduling.
INFO: [HLS 200-111] Finished Scheduling: CPU user time: 0.1 seconds. CPU system time: 0.01 seconds. Elapsed time: 0.13 seconds; current allocated memory: 467.444 MB.
INFO: [BIND 205-100] Starting micro-architecture generation ...
INFO: [BIND 205-101] Performing variable lifetime analysis.
INFO: [BIND 205-101] Exploring resource sharing.
INFO: [BIND 205-101] Binding ...
INFO: [BIND 205-100] Finished micro-architecture generation.
INFO: [HLS 200-111] Finished Binding: CPU user time: 0.04 seconds. CPU system time: 0 seconds. Elapsed time: 0.07 seconds; current allocated memory: 467.649 MB.
INFO: [HLS 200-10] ----------------------------------------------------------------
INFO: [HLS 200-42] -- Implementing module 'tdf2_poolOutputs' 
INFO: [HLS 200-10] ----------------------------------------------------------------
INFO: [SCHED 204-11] Starting scheduling ...
INFO: [SCHED 204-11] Finished scheduling.
INFO: [HLS 200-111] Finished Scheduling: CPU user time: 0.08 seconds. CPU system time: 0 seconds. Elapsed time: 0.11 seconds; current allocated memory: 467.725 MB.
INFO: [BIND 205-100] Starting micro-architecture generation ...
INFO: [BIND 205-101] Performing variable lifetime analysis.
INFO: [BIND 205-101] Exploring resource sharing.
INFO: [BIND 205-101] Binding ...
INFO: [BIND 205-100] Finished micro-architecture generation.
INFO: [HLS 200-111] Finished Binding: CPU user time: 0.05 seconds. CPU system time: 0.01 seconds. Elapsed time: 0.07 seconds; current allocated memory: 467.870 MB.
INFO: [HLS 200-10] ----------------------------------------------------------------
INFO: [HLS 200-42] -- Implementing module 'dataflow_in_loop_TOP_LOOP' 
INFO: [HLS 200-10] ----------------------------------------------------------------
INFO: [SCHED 204-11] Starting scheduling ...
INFO: [SCHED 204-11] Finished scheduling.
INFO: [HLS 200-111] Finished Scheduling: CPU user time: 0.14 seconds. CPU system time: 0 seconds. Elapsed time: 0.17 seconds; current allocated memory: 468.159 MB.
INFO: [BIND 205-100] Starting micro-architecture generation ...
INFO: [BIND 205-101] Performing variable lifetime analysis.
INFO: [BIND 205-101] Exploring resource sharing.
INFO: [BIND 205-101] Binding ...
INFO: [BIND 205-100] Finished micro-architecture generation.
INFO: [HLS 200-111] Finished Binding: CPU user time: 2.42 seconds. CPU system time: 0.01 seconds. Elapsed time: 2.45 seconds; current allocated memory: 468.662 MB.
INFO: [HLS 200-10] ----------------------------------------------------------------
INFO: [HLS 200-42] -- Implementing module 'tdf2' 
INFO: [HLS 200-10] ----------------------------------------------------------------
INFO: [SCHED 204-11] Starting scheduling ...
INFO: [SCHED 204-11] Finished scheduling.
INFO: [HLS 200-111] Finished Scheduling: CPU user time: 1.27 seconds. CPU system time: 0.02 seconds. Elapsed time: 1.34 seconds; current allocated memory: 468.733 MB.
INFO: [BIND 205-100] Starting micro-architecture generation ...
INFO: [BIND 205-101] Performing variable lifetime analysis.
INFO: [BIND 205-101] Exploring resource sharing.
INFO: [BIND 205-101] Binding ...
INFO: [BIND 205-100] Finished micro-architecture generation.
INFO: [HLS 200-111] Finished Binding: CPU user time: 0.46 seconds. CPU system time: 0 seconds. Elapsed time: 0.49 seconds; current allocated memory: 468.867 MB.
INFO: [HLS 200-10] ----------------------------------------------------------------
INFO: [HLS 200-42] -- Implementing module 'tdf2_top' 
INFO: [HLS 200-10] ----------------------------------------------------------------
INFO: [SCHED 204-11] Starting scheduling ...
INFO: [SCHED 204-11] Finished scheduling.
INFO: [HLS 200-111] Finished Scheduling: CPU user time: 1.29 seconds. CPU system time: 0.01 seconds. Elapsed time: 1.32 seconds; current allocated memory: 468.940 MB.
INFO: [BIND 205-100] Starting micro-architecture generation ...
INFO: [BIND 205-101] Performing variable lifetime analysis.
INFO: [BIND 205-101] Exploring resource sharing.
WARNING: [BIND 205-102] The specified resource core for memory 'filter_data' will be ignored if a simpler one can be used.
WARNING: [BIND 205-102] The specified resource core for memory 'adjustments' will be ignored if a simpler one can be used.
INFO: [BIND 205-101] Binding ...
INFO: [BIND 205-100] Finished micro-architecture generation.
INFO: [HLS 200-111] Finished Binding: CPU user time: 0.49 seconds. CPU system time: 0 seconds. Elapsed time: 0.51 seconds; current allocated memory: 469.092 MB.
INFO: [HLS 200-10] ----------------------------------------------------------------
INFO: [HLS 200-10] -- Generating RTL for module 'tdf2_get_next_ijk' 
INFO: [HLS 200-10] ----------------------------------------------------------------
WARNING: [RTGEN 206-101] Register 'i_p' is power-on initialization.
WARNING: [RTGEN 206-101] Register 'j_p' is power-on initialization.
WARNING: [RTGEN 206-101] Register 'i' is power-on initialization.
WARNING: [RTGEN 206-101] Register 'j' is power-on initialization.
WARNING: [RTGEN 206-101] Register 'k' is power-on initialization.
WARNING: [RTGEN 206-101] Register 'i_out' is power-on initialization.
WARNING: [RTGEN 206-101] Register 'j_out' is power-on initialization.
INFO: [RTGEN 206-100] Finished creating RTL model for 'tdf2_get_next_ijk'.
INFO: [HLS 200-111] Finished Creating RTL model: CPU user time: 1.3 seconds. CPU system time: 0.01 seconds. Elapsed time: 1.36 seconds; current allocated memory: 469.576 MB.
INFO: [HLS 200-10] ----------------------------------------------------------------
INFO: [HLS 200-10] -- Generating RTL for module 'tdf2_readInputs6' 
INFO: [HLS 200-10] ----------------------------------------------------------------
INFO: [RTGEN 206-100] Finished creating RTL model for 'tdf2_readInputs6'.
INFO: [HLS 200-111] Finished Creating RTL model: CPU user time: 0.54 seconds. CPU system time: 0.03 seconds. Elapsed time: 0.62 seconds; current allocated memory: 471.899 MB.
INFO: [HLS 200-10] ----------------------------------------------------------------
INFO: [HLS 200-10] -- Generating RTL for module 'tdf2_readFilters5' 
INFO: [HLS 200-10] ----------------------------------------------------------------
INFO: [RTGEN 206-100] Finished creating RTL model for 'tdf2_readFilters5'.
INFO: [HLS 200-111] Finished Creating RTL model: CPU user time: 0.67 seconds. CPU system time: 0.02 seconds. Elapsed time: 0.76 seconds; current allocated memory: 474.875 MB.
INFO: [HLS 200-10] ----------------------------------------------------------------
INFO: [HLS 200-10] -- Generating RTL for module 'tdf2_dot_product' 
INFO: [HLS 200-10] ----------------------------------------------------------------
INFO: [RTGEN 206-100] Generating core module 'hmul_16ns_16ns_16_2_max_dsp_1': 16 instance(s).
INFO: [RTGEN 206-100] Finished creating RTL model for 'tdf2_dot_product'.
INFO: [HLS 200-111] Finished Creating RTL model: CPU user time: 0.33 seconds. CPU system time: 0.02 seconds. Elapsed time: 0.41 seconds; current allocated memory: 477.706 MB.
INFO: [HLS 200-10] ----------------------------------------------------------------
INFO: [HLS 200-10] -- Generating RTL for module 'tdf2_accum_1' 
INFO: [HLS 200-10] ----------------------------------------------------------------
INFO: [RTGEN 206-100] Generating core module 'hadd_16ns_16ns_16_2_full_dsp_1': 24 instance(s).
INFO: [RTGEN 206-100] Finished creating RTL model for 'tdf2_accum_1'.
INFO: [HLS 200-111] Finished Creating RTL model: CPU user time: 0.77 seconds. CPU system time: 0.04 seconds. Elapsed time: 0.88 seconds; current allocated memory: 481.570 MB.
INFO: [HLS 200-10] ----------------------------------------------------------------
INFO: [HLS 200-10] -- Generating RTL for module 'tdf2_accum_2' 
INFO: [HLS 200-10] ----------------------------------------------------------------
INFO: [RTGEN 206-100] Generating core module 'hadd_16ns_16ns_16_2_full_dsp_1': 14 instance(s).
INFO: [RTGEN 206-100] Generating core module 'mux_83_1_1_1': 6 instance(s).
INFO: [RTGEN 206-100] Finished creating RTL model for 'tdf2_accum_2'.
INFO: [HLS 200-111] Finished Creating RTL model: CPU user time: 1.15 seconds. CPU system time: 0.02 seconds. Elapsed time: 1.24 seconds; current allocated memory: 485.348 MB.
INFO: [HLS 200-10] ----------------------------------------------------------------
INFO: [HLS 200-10] -- Generating RTL for module 'tdf2_accum_3' 
INFO: [HLS 200-10] ----------------------------------------------------------------
INFO: [RTGEN 206-100] Generating core module 'hadd_16ns_16ns_16_2_full_dsp_1': 2 instance(s).
INFO: [RTGEN 206-100] Finished creating RTL model for 'tdf2_accum_3'.
INFO: [HLS 200-111] Finished Creating RTL model: CPU user time: 1.01 seconds. CPU system time: 0.04 seconds. Elapsed time: 1.12 seconds; current allocated memory: 488.166 MB.
INFO: [HLS 200-10] ----------------------------------------------------------------
INFO: [HLS 200-10] -- Generating RTL for module 'Block_entry_proc_proc' 
INFO: [HLS 200-10] ----------------------------------------------------------------
INFO: [RTGEN 206-100] Finished creating RTL model for 'Block_entry_proc_proc'.
INFO: [HLS 200-111] Finished Creating RTL model: CPU user time: 0.11 seconds. CPU system time: 0.01 seconds. Elapsed time: 0.15 seconds; current allocated memory: 488.657 MB.
INFO: [HLS 200-10] ----------------------------------------------------------------
INFO: [HLS 200-10] -- Generating RTL for module 'tdf2_adjust' 
INFO: [HLS 200-10] ----------------------------------------------------------------
INFO: [RTGEN 206-100] Generating core module 'hadd_16ns_16ns_16_2_full_dsp_1': 1 instance(s).
INFO: [RTGEN 206-100] Generating core module 'hmul_16ns_16ns_16_2_max_dsp_1': 1 instance(s).
INFO: [RTGEN 206-100] Generating core module 'hsub_16ns_16ns_16_2_full_dsp_1': 1 instance(s).
INFO: [RTGEN 206-100] Finished creating RTL model for 'tdf2_adjust'.
INFO: [HLS 200-111] Finished Creating RTL model: CPU user time: 0.06 seconds. CPU system time: 0 seconds. Elapsed time: 0.11 seconds; current allocated memory: 489.028 MB.
INFO: [HLS 200-10] ----------------------------------------------------------------
INFO: [HLS 200-10] -- Generating RTL for module 'tdf2_writeOutputs_unaligned' 
INFO: [HLS 200-10] ----------------------------------------------------------------
WARNING: [RTGEN 206-101] Register 'outputCount' is power-on initialization.
WARNING: [RTGEN 206-101] Register 'outputChanIdx' is power-on initialization.
WARNING: [RTGEN 206-101] Register 'outputRow_0' is power-on initialization.
WARNING: [RTGEN 206-101] Register 'outputRow_1' is power-on initialization.
WARNING: [RTGEN 206-101] Register 'outputRow_2' is power-on initialization.
WARNING: [RTGEN 206-101] Register 'outputRow_3' is power-on initialization.
INFO: [RTGEN 206-100] Finished creating RTL model for 'tdf2_writeOutputs_unaligned'.
INFO: [HLS 200-111] Finished Creating RTL model: CPU user time: 0.18 seconds. CPU system time: 0.01 seconds. Elapsed time: 0.25 seconds; current allocated memory: 489.733 MB.
INFO: [HLS 200-10] ----------------------------------------------------------------
INFO: [HLS 200-10] -- Generating RTL for module 'tdf2_poolOutputs' 
INFO: [HLS 200-10] ----------------------------------------------------------------
WARNING: [RTGEN 206-101] Register 'max_vals_0' is power-on initialization.
INFO: [RTGEN 206-100] Generating core module 'hcmp_16ns_16ns_1_1_no_dsp_1': 1 instance(s).
INFO: [RTGEN 206-100] Finished creating RTL model for 'tdf2_poolOutputs'.
INFO: [HLS 200-111] Finished Creating RTL model: CPU user time: 0.14 seconds. CPU system time: 0.02 seconds. Elapsed time: 0.22 seconds; current allocated memory: 490.773 MB.
INFO: [HLS 200-10] ----------------------------------------------------------------
INFO: [HLS 200-10] -- Generating RTL for module 'dataflow_in_loop_TOP_LOOP' 
INFO: [HLS 200-10] ----------------------------------------------------------------
INFO: [RTGEN 206-100] Finished creating RTL model for 'dataflow_in_loop_TOP_LOOP'.
INFO: [HLS 200-111] Finished Creating RTL model: CPU user time: 0.78 seconds. CPU system time: 0.03 seconds. Elapsed time: 0.85 seconds; current allocated memory: 498.081 MB.
INFO: [HLS 200-10] ----------------------------------------------------------------
INFO: [HLS 200-10] -- Generating RTL for module 'tdf2' 
INFO: [HLS 200-10] ----------------------------------------------------------------
INFO: [RTGEN 206-100] Finished creating RTL model for 'tdf2'.
INFO: [HLS 200-111] Finished Creating RTL model: CPU user time: 2.6 seconds. CPU system time: 0.02 seconds. Elapsed time: 2.69 seconds; current allocated memory: 501.132 MB.
INFO: [HLS 200-10] ----------------------------------------------------------------
INFO: [HLS 200-10] -- Generating RTL for module 'tdf2_top' 
INFO: [HLS 200-10] ----------------------------------------------------------------
INFO: [RTGEN 206-500] Setting interface mode on port 'tdf2_top/dummy_val' to 'ap_none'.
INFO: [RTGEN 206-500] Setting interface mode on port 'tdf2_top/out_data' to 'ap_memory'.
INFO: [RTGEN 206-500] Setting interface mode on function 'tdf2_top' to 'ap_ctrl_hs'.
INFO: [RTGEN 206-100] Finished creating RTL model for 'tdf2_top'.
INFO: [HLS 200-111] Finished Creating RTL model: CPU user time: 1.33 seconds. CPU system time: 0.03 seconds. Elapsed time: 1.41 seconds; current allocated memory: 501.825 MB.
INFO: [HLS 200-741] Implementing PIPO tdf2_top_dataflow_in_loop_TOP_LOOP_ifmap_vec_0_memcore using a single memory for all blocks
INFO: [RTMG 210-278] Implementing memory 'tdf2_top_dataflow_in_loop_TOP_LOOP_ifmap_vec_0_memcore_ram (RAM)' using auto RAMs.
INFO: [HLS 200-740] Implementing PIPO tdf2_top_dataflow_in_loop_TOP_LOOP_accum1_out_0_0_memcore using a separate memory for each block
INFO: [RTMG 210-278] Implementing memory 'tdf2_top_dataflow_in_loop_TOP_LOOP_accum1_out_0_0_memcore_ram (RAM)' using auto RAMs.
INFO: [RTMG 210-285] Implementing FIFO 'input_indices_23_c_U(tdf2_top_fifo_w5_d2_S)' using Shift Registers.
INFO: [RTMG 210-285] Implementing FIFO 'input_indices_23_c1_U(tdf2_top_fifo_w5_d8_S)' using Shift Registers.
INFO: [RTMG 210-285] Implementing FIFO 'output_indices_04_c_U(tdf2_top_fifo_w6_d9_S)' using Shift Registers.
INFO: [RTMG 210-285] Implementing FIFO 'output_indices_15_c_U(tdf2_top_fifo_w12_d9_S)' using Shift Registers.
INFO: [RTMG 210-285] Implementing FIFO 'resetMaximum6_c_U(tdf2_top_fifo_w1_d9_S)' using Shift Registers.
INFO: [RTMG 210-285] Implementing FIFO 'storeOutput7_c_U(tdf2_top_fifo_w1_d9_S)' using Shift Registers.
INFO: [RTMG 210-285] Implementing FIFO 'input_indices_0_U(tdf2_top_fifo_w16_d2_S)' using Shift Registers.
INFO: [RTMG 210-285] Implementing FIFO 'input_indices_1_U(tdf2_top_fifo_w16_d2_S)' using Shift Registers.
INFO: [RTMG 210-285] Implementing FIFO 'accum2_out_0_0_U(tdf2_top_fifo_w16_d2_S)' using Shift Registers.
INFO: [RTMG 210-285] Implementing FIFO 'accum2_out_0_1_U(tdf2_top_fifo_w16_d2_S)' using Shift Registers.
INFO: [RTMG 210-285] Implementing FIFO 'accum2_out_0_2_U(tdf2_top_fifo_w16_d2_S)' using Shift Registers.
INFO: [RTMG 210-285] Implementing FIFO 'accum2_out_0_3_U(tdf2_top_fifo_w16_d2_S)' using Shift Registers.
INFO: [RTMG 210-285] Implementing FIFO 'accum2_out_0_4_U(tdf2_top_fifo_w16_d2_S)' using Shift Registers.
INFO: [RTMG 210-285] Implementing FIFO 'accum2_out_0_5_U(tdf2_top_fifo_w16_d2_S)' using Shift Registers.
INFO: [RTMG 210-285] Implementing FIFO 'tmp_channel_U(tdf2_top_fifo_w16_d2_S)' using Shift Registers.
INFO: [RTMG 210-285] Implementing FIFO 'sums_0_U(tdf2_top_fifo_w16_d2_S)' using Shift Registers.
INFO: [RTMG 210-285] Implementing FIFO 'outputs_0_U(tdf2_top_fifo_w16_d2_S)' using Shift Registers.
INFO: [RTMG 210-285] Implementing FIFO 'start_for_tdf2_readFilters5_U0_U(tdf2_top_start_for_tdf2_readFilters5_U0)' using Shift Registers.
WARNING: [RTMG 210-274] Memory 'tdf2_top_in_data' is read-only, switch it to a ROM.
INFO: [RTMG 210-279] Implementing memory 'tdf2_top_in_data_rom' using ultra ROMs.
INFO: [RTMG 210-278] Implementing memory 'tdf2_top_filter_data_ram (RAM_2P_BRAM)' using block RAMs.
INFO: [RTMG 210-278] Implementing memory 'tdf2_top_adjustments_ram (RAM_2P_BRAM)' using block RAMs.
INFO: [HLS 200-741] Implementing PIPO tdf2_top_dataflow_in_loop_TOP_LOOP_ifmap_vec_0_memcore using a single memory for all blocks
INFO: [HLS 200-740] Implementing PIPO tdf2_top_dataflow_in_loop_TOP_LOOP_accum1_out_0_0_memcore using a separate memory for each block
INFO: [HLS 200-741] Implementing PIPO tdf2_top_dataflow_in_loop_TOP_LOOP_ifmap_vec_0_memcore using a single memory for all blocks
INFO: [HLS 200-740] Implementing PIPO tdf2_top_dataflow_in_loop_TOP_LOOP_accum1_out_0_0_memcore using a separate memory for each block
INFO: [HLS 200-111] Finished Generating all RTL models: CPU user time: 5.59 seconds. CPU system time: 0.54 seconds. Elapsed time: 8.13 seconds; current allocated memory: 510.692 MB.
INFO: [VHDL 208-304] Generating VHDL RTL for tdf2_top.
INFO: [VLOG 209-307] Generating Verilog RTL for tdf2_top.
INFO: [HLS 200-790] **** Loop Constraint Status: All loop constraints were satisfied.
INFO: [HLS 200-789] **** Estimated Fmax: 148.48 MHz
INFO: [HLS 200-111] Finished Command csynth_design CPU user time: 71.9 seconds. CPU system time: 5.02 seconds. Elapsed time: 81.69 seconds; current allocated memory: 513.013 MB.
INFO: [HLS 200-112] Total CPU user time: 143.69 seconds. Total CPU system time: 8.28 seconds. Total elapsed time: 155.43 seconds; peak allocated memory: 510.692 MB.
INFO: [Common 17-206] Exiting vitis_hls at Sat Mar 20 12:20:18 2021...
