
****** Vitis HLS - High-Level Synthesis from C, C++ and OpenCL v2020.2 (64-bit)
  **** SW Build 3064766 on Wed Nov 18 09:12:47 MST 2020
  **** IP Build 3064653 on Wed Nov 18 14:17:31 MST 2020
    ** Copyright 1986-2020 Xilinx, Inc. All Rights Reserved.

source /usr/local/packages/xilinx_2020/Vitis_HLS/2020.2/scripts/vitis_hls/hls.tcl -notrace
INFO: [HLS 200-10] Running '/usr/local/packages/xilinx_2020/Vitis_HLS/2020.2/bin/unwrapped/lnx64.o/vitis_hls'
INFO: [HLS 200-10] For user 'drauch' on host 'yoshi.ece.utexas.edu' (Linux_x86_64 version 3.10.0-1160.11.1.el7.x86_64) on Wed Mar 17 18:09:10 CDT 2021
INFO: [HLS 200-10] On os "CentOS Linux release 7.9.2009 (Core)"
INFO: [HLS 200-10] In directory '/home/ecelrc/students/drauch/research/scale-cnn/networks/td_fused/layers/tdf11/r64_o1'
Sourcing Tcl script 'tdf11.tcl'
INFO: [HLS 200-1510] Running: open_project -reset tdf11_prj 
INFO: [HLS 200-10] Creating and opening project '/home/ecelrc/students/drauch/research/scale-cnn/networks/td_fused/layers/tdf11/r64_o1/tdf11_prj'.
INFO: [HLS 200-1510] Running: add_files -cflags -I .. -I /home/ecelrc/students/drauch/research/scale-cnn/common -D FAST_COMPILE=0 /home/ecelrc/students/drauch/research/scale-cnn/common/global_defines.h tdf11.cpp 
INFO: [HLS 200-10] Adding design file '/home/ecelrc/students/drauch/research/scale-cnn/common/global_defines.h' to the project
INFO: [HLS 200-10] Adding design file 'tdf11.cpp' to the project
INFO: [HLS 200-1510] Running: add_files -tb -cflags -I .. -I /home/ecelrc/students/drauch/research/scale-cnn/common/test -I /home/ecelrc/students/drauch/research/scale-cnn/common /home/ecelrc/students/drauch/research/scale-cnn/common/test/tb_utils.cpp ../test/golden.cpp ../test/tb_tdf11.cpp 
INFO: [HLS 200-10] Adding test bench file '/home/ecelrc/students/drauch/research/scale-cnn/common/test/tb_utils.cpp' to the project
INFO: [HLS 200-10] Adding test bench file '../test/golden.cpp' to the project
INFO: [HLS 200-10] Adding test bench file '../test/tb_tdf11.cpp' to the project
INFO: [HLS 200-1510] Running: set_top tdf11_top 
INFO: [HLS 200-1510] Running: open_solution -reset solution1 
INFO: [HLS 200-10] Creating and opening solution '/home/ecelrc/students/drauch/research/scale-cnn/networks/td_fused/layers/tdf11/r64_o1/tdf11_prj/solution1'.
INFO: [HLS 200-10] Cleaning up the solution database.
WARNING: [HLS 200-40] No /home/ecelrc/students/drauch/research/scale-cnn/networks/td_fused/layers/tdf11/r64_o1/tdf11_prj/solution1/solution1.aps file found.
INFO: [HLS 200-1505] Using default flow_target 'vivado'
Resolution: For help on HLS 200-1505 see www.xilinx.com/cgi-bin/docs/rdoc?v=2020.2;t=hls+guidance;d=200-1505.html
INFO: [HLS 200-1510] Running: set_part xcvu3p-ffvc1517-3-e 
INFO: [HLS 200-10] Setting target device to 'xcvu3p-ffvc1517-3-e'
INFO: [HLS 200-1510] Running: create_clock -period 10 
INFO: [SYN 201-201] Setting up clock 'default' with a period of 10ns.
INFO: [HLS 200-1510] Running: set_directive_bind_storage -type ram_s2p -impl uram tdf11_top in_data 
INFO: [HLS 200-1510] Running: set_directive_bind_storage -type ram_s2p -impl uram tdf11_top out_data 
INFO: [HLS 200-1510] Running: set_directive_bind_storage -type ram_2p -impl uram tdf11_top l1_filter_data 
INFO: [HLS 200-1510] Running: set_directive_bind_storage -type ram_2p -impl bram tdf11_top l2_filter_data 
INFO: [HLS 200-1510] Running: set_directive_bind_storage -type ram_2p -impl bram tdf11_top l1_adjustments 
INFO: [HLS 200-1510] Running: set_directive_bind_storage -type ram_2p -impl bram tdf11_top l2_adjustments 
INFO: [HLS 200-1510] Running: set_directive_array_reshape -type cyclic -factor 64 tdf11_top in_data -dim 3 
INFO: [HLS 200-1510] Running: set_directive_array_reshape -type cyclic -factor 64 tdf11_top l1_filter_data -dim 4 
INFO: [HLS 200-1510] Running: set_directive_array_reshape -type cyclic -factor 4 tdf11_top out_data -dim 3 
INFO: [HLS 200-1510] Running: set_directive_array_reshape -type cyclic -factor 4 tdf11_top l1_adjustments -dim 2 
INFO: [HLS 200-1510] Running: set_directive_array_reshape -type cyclic -factor 4 tdf11_top l2_adjustments -dim 2 
INFO: [HLS 200-1510] Running: set_directive_array_partition -type cyclic -factor 64 -dim 3 tdf11 ifmap_vec 
INFO: [HLS 200-1510] Running: set_directive_array_partition -type cyclic -factor 64 -dim 4 tdf11 weight_vecs 
INFO: [HLS 200-1510] Running: set_directive_array_partition -type cyclic -factor 64 -dim 2 tdf11 products 
INFO: [HLS 200-1510] Running: set_directive_array_partition -type cyclic -factor 8 -dim 1 tdf11_top l2_filter_data 
INFO: [HLS 200-1510] Running: set_directive_pipeline tdf11_readInputs/IL5 
INFO: [HLS 200-1510] Running: set_directive_pipeline tdf11_readFilters/FL5 
INFO: [HLS 200-1510] Running: set_directive_pipeline tdf11_dot_product/DP_OUTER_2 
INFO: [HLS 200-1510] Running: set_directive_dataflow tdf11/TOP_LOOP 
INFO: [HLS 200-1510] Running: config_op hadd -impl fulldsp -latency 1 
INFO: [HLS 200-1445] Configure operator 'hadd' with implementation style 'fulldsp'.
INFO: [HLS 200-1446] Configure operator 'hadd' with latency 1.
INFO: [HLS 200-1510] Running: config_op hmul -impl maxdsp -latency 1 
INFO: [HLS 200-1445] Configure operator 'hmul' with implementation style 'maxdsp'.
INFO: [HLS 200-1446] Configure operator 'hmul' with latency 1.
INFO: [HLS 200-1510] Running: csim_design -clean 
INFO: [SIM 211-2] *************** CSIM start ***************
INFO: [SIM 211-4] CSIM will launch GCC as the compiler.
   Compiling ../../../../../../../../../common/test/tb_utils.cpp in debug mode
   Compiling ../../../../../test/golden.cpp in debug mode
   Compiling ../../../../../test/tb_tdf11.cpp in debug mode
   Compiling ../../../../tdf11.cpp in debug mode
   Generating csim.exe
In file included from /usr/local/packages/xilinx_2020/Vitis_HLS/2020.2/include/hls_hotbm_apfixed.h:45:0,
                 from /usr/local/packages/xilinx_2020/Vitis_HLS/2020.2/include/hls_math.h:1065,
                 from ../../../../tdf11_conv_stages.h:8,
                 from ../../../../tdf11.cpp:5:
/usr/local/packages/xilinx_2020/Vitis_HLS/2020.2/include/utils/x_hls_utils.h:243:40: warning: ‘hls_preserve’ attribute directive ignored [-Wattributes]
 __attribute__((hls_preserve)) T reg(T d)
                                        ^
Beginning functional validation.
Generating random inputs.
Running synthesized function...
Running golden comparison function...
Comparing expected vs. actual values.
0 out of 25088 points exceeded low error threshold.
12735 out of 25088 points equaled their exact expected values.
Validation successful.
INFO: [SIM 211-1] CSim done with 0 errors.
INFO: [SIM 211-3] *************** CSIM finish ***************
INFO: [HLS 200-111] Finished Command csim_design CPU user time: 90.16 seconds. CPU system time: 1.34 seconds. Elapsed time: 91.82 seconds; current allocated memory: 240.011 MB.
INFO: [HLS 200-1510] Running: config_dataflow -strict_mode off 
INFO: [HLS 200-1510] Running: csynth_design 
INFO: [HLS 200-111] Finished File checks and directory preparation: CPU user time: 0.01 seconds. CPU system time: 0 seconds. Elapsed time: 0.01 seconds; current allocated memory: 240.211 MB.
INFO: [HLS 200-10] Analyzing design file 'tdf11.cpp' ... 
WARNING: [HLS 207-5510] 'Resource pragma' is deprecated, and it will be removed in future release. It is suggested to replace it with 'bind_op/bind_storage pragma'.: /usr/local/packages/xilinx_2020/Vitis_HLS/2020.2/common/technology/autopilot/hls_hotbm_apfixed.h:117:9
WARNING: [HLS 207-5510] 'Resource pragma' is deprecated, and it will be removed in future release. It is suggested to replace it with 'bind_op/bind_storage pragma'.: /usr/local/packages/xilinx_2020/Vitis_HLS/2020.2/common/technology/autopilot/hls_hotbm_apfixed.h:118:9
WARNING: [HLS 207-5510] 'Resource pragma' is deprecated, and it will be removed in future release. It is suggested to replace it with 'bind_op/bind_storage pragma'.: /usr/local/packages/xilinx_2020/Vitis_HLS/2020.2/common/technology/autopilot/hls_hotbm_apfixed.h:119:9
WARNING: [HLS 207-5510] 'Resource pragma' is deprecated, and it will be removed in future release. It is suggested to replace it with 'bind_op/bind_storage pragma'.: /usr/local/packages/xilinx_2020/Vitis_HLS/2020.2/common/technology/autopilot/hls_hotbm_apfixed.h:120:9
WARNING: [HLS 207-5510] 'Resource pragma' is deprecated, and it will be removed in future release. It is suggested to replace it with 'bind_op/bind_storage pragma'.: /usr/local/packages/xilinx_2020/Vitis_HLS/2020.2/common/technology/autopilot/hls_hotbm_apfixed.h:121:9
WARNING: [HLS 207-5510] 'Resource pragma' is deprecated, and it will be removed in future release. It is suggested to replace it with 'bind_op/bind_storage pragma'.: /usr/local/packages/xilinx_2020/Vitis_HLS/2020.2/common/technology/autopilot/hls_hotbm_apfixed.h:151:9
WARNING: [HLS 207-5510] 'Resource pragma' is deprecated, and it will be removed in future release. It is suggested to replace it with 'bind_op/bind_storage pragma'.: /usr/local/packages/xilinx_2020/Vitis_HLS/2020.2/common/technology/autopilot/hls_hotbm_apfixed.h:152:9
WARNING: [HLS 207-5510] 'Resource pragma' is deprecated, and it will be removed in future release. It is suggested to replace it with 'bind_op/bind_storage pragma'.: /usr/local/packages/xilinx_2020/Vitis_HLS/2020.2/common/technology/autopilot/hls_hotbm_apfixed.h:153:9
WARNING: [HLS 207-5510] 'Resource pragma' is deprecated, and it will be removed in future release. It is suggested to replace it with 'bind_op/bind_storage pragma'.: /usr/local/packages/xilinx_2020/Vitis_HLS/2020.2/common/technology/autopilot/hls_hotbm_apfixed.h:154:9
WARNING: [HLS 207-5510] 'Resource pragma' is deprecated, and it will be removed in future release. It is suggested to replace it with 'bind_op/bind_storage pragma'.: /usr/local/packages/xilinx_2020/Vitis_HLS/2020.2/common/technology/autopilot/hls_hotbm_apfixed.h:155:9
WARNING: [HLS 207-5510] 'Resource pragma' is deprecated, and it will be removed in future release. It is suggested to replace it with 'bind_op/bind_storage pragma'.: /usr/local/packages/xilinx_2020/Vitis_HLS/2020.2/common/technology/autopilot/hls_hotbm_apfixed.h:156:9
WARNING: [HLS 207-5510] 'Resource pragma' is deprecated, and it will be removed in future release. It is suggested to replace it with 'bind_op/bind_storage pragma'.: /usr/local/packages/xilinx_2020/Vitis_HLS/2020.2/common/technology/autopilot/hls_hotbm_apfixed.h:157:9
WARNING: [HLS 207-5510] 'Resource pragma' is deprecated, and it will be removed in future release. It is suggested to replace it with 'bind_op/bind_storage pragma'.: /usr/local/packages/xilinx_2020/Vitis_HLS/2020.2/common/technology/autopilot/hls_hotbm_apfixed.h:158:9
WARNING: [HLS 207-5510] 'Resource pragma' is deprecated, and it will be removed in future release. It is suggested to replace it with 'bind_op/bind_storage pragma'.: /usr/local/packages/xilinx_2020/Vitis_HLS/2020.2/common/technology/autopilot/hls_hotbm_apfixed.h:159:9
WARNING: [HLS 207-5510] 'Resource pragma' is deprecated, and it will be removed in future release. It is suggested to replace it with 'bind_op/bind_storage pragma'.: /usr/local/packages/xilinx_2020/Vitis_HLS/2020.2/common/technology/autopilot/hls_hotbm_apfixed.h:160:9
WARNING: [HLS 207-5510] 'Resource pragma' is deprecated, and it will be removed in future release. It is suggested to replace it with 'bind_op/bind_storage pragma'.: /usr/local/packages/xilinx_2020/Vitis_HLS/2020.2/common/technology/autopilot/hls_hotbm_apfixed.h:210:9
WARNING: [HLS 207-5510] 'Resource pragma' is deprecated, and it will be removed in future release. It is suggested to replace it with 'bind_op/bind_storage pragma'.: /usr/local/packages/xilinx_2020/Vitis_HLS/2020.2/common/technology/autopilot/hls_hotbm_apfixed.h:211:9
WARNING: [HLS 207-5510] 'Resource pragma' is deprecated, and it will be removed in future release. It is suggested to replace it with 'bind_op/bind_storage pragma'.: /usr/local/packages/xilinx_2020/Vitis_HLS/2020.2/common/technology/autopilot/hls_hotbm_apfixed.h:212:9
WARNING: [HLS 207-5510] 'Resource pragma' is deprecated, and it will be removed in future release. It is suggested to replace it with 'bind_op/bind_storage pragma'.: /usr/local/packages/xilinx_2020/Vitis_HLS/2020.2/common/technology/autopilot/hls_hotbm_apfixed.h:239:9
WARNING: [HLS 207-5510] 'Resource pragma' is deprecated, and it will be removed in future release. It is suggested to replace it with 'bind_op/bind_storage pragma'.: /usr/local/packages/xilinx_2020/Vitis_HLS/2020.2/common/technology/autopilot/hls_hotbm_apfixed.h:240:9
WARNING: [HLS 207-5510] 'Resource pragma' is deprecated, and it will be removed in future release. It is suggested to replace it with 'bind_op/bind_storage pragma'.: /usr/local/packages/xilinx_2020/Vitis_HLS/2020.2/common/technology/autopilot/hls_hotbm_apfixed.h:241:9
WARNING: [HLS 207-5510] 'Resource pragma' is deprecated, and it will be removed in future release. It is suggested to replace it with 'bind_op/bind_storage pragma'.: /usr/local/packages/xilinx_2020/Vitis_HLS/2020.2/common/technology/autopilot/hls_hotbm_apfixed.h:242:9
WARNING: [HLS 207-5510] 'Resource pragma' is deprecated, and it will be removed in future release. It is suggested to replace it with 'bind_op/bind_storage pragma'.: /usr/local/packages/xilinx_2020/Vitis_HLS/2020.2/common/technology/autopilot/hls_hotbm_apfixed.h:243:9
WARNING: [HLS 207-5510] 'Resource pragma' is deprecated, and it will be removed in future release. It is suggested to replace it with 'bind_op/bind_storage pragma'.: /usr/local/packages/xilinx_2020/Vitis_HLS/2020.2/common/technology/autopilot/hls_hotbm_apfixed.h:244:9
WARNING: [HLS 207-5510] 'Resource pragma' is deprecated, and it will be removed in future release. It is suggested to replace it with 'bind_op/bind_storage pragma'.: /usr/local/packages/xilinx_2020/Vitis_HLS/2020.2/common/technology/autopilot/hls_hotbm_apfixed.h:280:9
WARNING: [HLS 207-5510] 'Resource pragma' is deprecated, and it will be removed in future release. It is suggested to replace it with 'bind_op/bind_storage pragma'.: /usr/local/packages/xilinx_2020/Vitis_HLS/2020.2/common/technology/autopilot/hls_hotbm_apfixed.h:281:9
WARNING: [HLS 207-5301] unused parameter 'k': ./tdf11_conv_stages.h:76:37
INFO: [HLS 200-111] Finished Source Code Analysis and Preprocessing: CPU user time: 32.93 seconds. CPU system time: 2.44 seconds. Elapsed time: 35.65 seconds; current allocated memory: 243.677 MB.
INFO: [HLS 200-777] Using interface defaults for 'Vivado' flow target.
INFO: [HLS 214-131] Inlining function 'tdf11_adjust_value(decimal16, decimal16, decimal16, decimal16)' into 'tdf11_adjust(decimal16*, decimal16*, decimal16 (*) [4], unsigned short)' (./tdf11_conv_stages.h:223:20)
INFO: [HLS 214-131] Inlining function 'tdf11_adjust_value(decimal16, decimal16, decimal16, decimal16)' into 'tdf11_l2_writeOutputs(unsigned short, unsigned short, bool, decimal16*, decimal16 (*) [14][128], decimal16 (*) [4])' (tdf11.cpp:99:25)
WARNING: [HLS 214-185] The resource pragma (storage) on function argument, in 'call' is unsupported (tdf11.cpp:414:9)
INFO: [HLS 214-186] Unrolling loop 'FL7' (./tdf11_conv_stages.h:50:18) in function 'tdf11_readFilters' completely with a factor of 1 (./tdf11_conv_stages.h:50:18)
INFO: [HLS 214-178] Inlining function 'fp_struct<decimal16>::fp_struct(decimal16)' into 'int generic_signbit<decimal16>(decimal16)' (/wrk/ci/prod/2020.2/rdi_builds/continuous/2020_11_18_3064766/src/shared/hls/clib/hlsmath/include/FloatingPoint/hls_signbit.h:11:0)
INFO: [HLS 214-178] Inlining function 'fp_struct<decimal16>::__signbit() const' into 'int generic_signbit<decimal16>(decimal16)' (/wrk/ci/prod/2020.2/rdi_builds/continuous/2020_11_18_3064766/src/shared/hls/clib/hlsmath/include/FloatingPoint/hls_signbit.h:11:0)
INFO: [HLS 214-178] Inlining function 'int generic_signbit<decimal16>(decimal16)' into 'hls::signbit(decimal16)' (/wrk/ci/prod/2020.2/rdi_builds/continuous/2020_11_18_3064766/src/shared/hls/clib/hlsmath/src/c++/signbithalf.cpp:7:0)
INFO: [HLS 214-178] Inlining function 'hls::signbit(decimal16)' into 'tdf11_adjust(decimal16*, decimal16*, decimal16 (*) [4], unsigned short)' (./tdf11_conv_stages.h:212:0)
INFO: [HLS 214-178] Inlining function 'hls::signbit(decimal16)' into 'tdf11_l2_writeOutputs(unsigned short, unsigned short, bool, decimal16*, decimal16 (*) [14][128], decimal16 (*) [4])' (tdf11.cpp:81:0)
INFO: [HLS 214-248] cyclic reshaped array 'out_data' on dimension 3 with 4 (tdf11.cpp:413:139)
INFO: [HLS 200-111] Finished Compiling Optimization and Transform: CPU user time: 7.77 seconds. CPU system time: 0.73 seconds. Elapsed time: 8.91 seconds; current allocated memory: 246.827 MB.
INFO: [HLS 200-111] Finished Checking Pragmas: CPU user time: 0 seconds. CPU system time: 0 seconds. Elapsed time: 0 seconds; current allocated memory: 246.828 MB.
INFO: [HLS 200-10] Starting code transformations ...
INFO: [XFORM 203-501] Unrolling loop 'ADJUST_LOOP' (/wrk/ci/prod/2020.2/rdi_builds/continuous/2020_11_18_3064766/src/shared/hls/clib/hlsmath/include/FloatingPoint/hls_signbit.h:12) in function 'tdf11_adjust(decimal16*, decimal16*, decimal16 (*) [4], unsigned short)': changing partial unrolling into complete unrolling since the unrolling factor (=1) is no less than the loop trip count (=1).
INFO: [HLS 200-489] Unrolling loop 'ADJUST_LOOP' (/wrk/ci/prod/2020.2/rdi_builds/continuous/2020_11_18_3064766/src/shared/hls/clib/hlsmath/include/FloatingPoint/hls_signbit.h:12) in function 'tdf11_adjust(decimal16*, decimal16*, decimal16 (*) [4], unsigned short)' completely with a factor of 1.
INFO: [HLS 200-111] Finished Standard Transforms: CPU user time: 0.39 seconds. CPU system time: 0.04 seconds. Elapsed time: 0.55 seconds; current allocated memory: 268.394 MB.
INFO: [HLS 200-10] Checking synthesizability ...
INFO: [HLS 200-111] Finished Checking Synthesizability: CPU user time: 0.44 seconds. CPU system time: 0.02 seconds. Elapsed time: 0.5 seconds; current allocated memory: 290.190 MB.
INFO: [XFORM 203-502] Unrolling all sub-loops inside loop 'DP_OUTER_2' (./tdf11_conv_stages.h:148) in function 'tdf11_dot_product' for pipelining.
INFO: [XFORM 203-502] Unrolling all sub-loops inside loop 'FL5' (./tdf11_conv_stages.h:48) in function 'tdf11_readFilters' for pipelining.
INFO: [XFORM 203-502] Unrolling all sub-loops inside loop 'IL5' (./tdf11_conv_stages.h:20) in function 'tdf11_readInputs' for pipelining.
INFO: [XFORM 203-502] Unrolling all sub-loops inside loop 'VITIS_LOOP_86_1' (/wrk/ci/prod/2020.2/rdi_builds/continuous/2020_11_18_3064766/src/shared/hls/clib/hlsmath/include/FloatingPoint/hls_signbit.h:12) in function 'tdf11_l2_writeOutputs' for pipelining.
INFO: [XFORM 203-502] Unrolling all sub-loops inside loop 'IL_LOOP' (tdf11.cpp:127) in function 'tdf11_accum_1' for pipelining.
INFO: [XFORM 203-501] Unrolling loop 'L2_MUL' (tdf11.cpp:20) in function 'tdf11_l2_multiply' partially with a factor of 16.
INFO: [HLS 200-489] Unrolling loop 'DP_OUTER_3' (./tdf11_conv_stages.h:149) in function 'tdf11_dot_product' completely with a factor of 64.
INFO: [HLS 200-489] Unrolling loop 'DP_INNER' (./tdf11_conv_stages.h:152) in function 'tdf11_dot_product' completely with a factor of 1.
INFO: [HLS 200-489] Unrolling loop 'FL6' (./tdf11_conv_stages.h:49) in function 'tdf11_readFilters' completely with a factor of 64.
INFO: [HLS 200-489] Unrolling loop 'IL6' (./tdf11_conv_stages.h:25) in function 'tdf11_readInputs' completely with a factor of 64.
INFO: [HLS 200-489] Unrolling loop 'VITIS_LOOP_104_2' (tdf11.cpp:104) in function 'tdf11_l2_writeOutputs' completely with a factor of 4.
INFO: [HLS 200-489] Unrolling loop 'WRPC_LOOP' (tdf11.cpp:135) in function 'tdf11_accum_1' completely with a factor of 128.
INFO: [XFORM 203-131] Reshaping array 'in_data' (tdf11.cpp:414) in dimension 3 completely.
INFO: [XFORM 203-131] Reshaping array 'l1_filter_data' (tdf11.cpp:415) in dimension 4 completely.
INFO: [XFORM 203-131] Reshaping array 'l1_adjustments' (tdf11.cpp:417) in dimension 2 completely.
INFO: [XFORM 203-131] Reshaping array 'l2_adjustments' (tdf11.cpp:418) in dimension 2 completely.
INFO: [XFORM 203-101] Partitioning array 'ifmap_vec' (tdf11.cpp:355) in dimension 3 completely.
INFO: [XFORM 203-101] Partitioning array 'weight_vecs' (tdf11.cpp:356) in dimension 4 completely.
INFO: [XFORM 203-101] Partitioning array 'products' (tdf11.cpp:357) in dimension 2 with a cyclic factor 64.
INFO: [XFORM 203-101] Partitioning array 'sums' (tdf11.cpp:358) in dimension 1 completely.
INFO: [XFORM 203-101] Partitioning array 'intermediate_fmaps' (tdf11.cpp:359) in dimension 1 completely.
INFO: [XFORM 203-101] Partitioning array 'indices' (tdf11.cpp:362) in dimension 1 completely.
INFO: [XFORM 203-101] Partitioning array 'accum1_out_0' (tdf11.cpp:388) in dimension 1 completely.
INFO: [XFORM 203-101] Partitioning array 'l2_products' (tdf11.cpp:394) in dimension 2 with a cyclic factor 8.
INFO: [XFORM 203-101] Partitioning array 'quad' (tdf11.cpp:84) in dimension 1 completely.
INFO: [XFORM 203-101] Partitioning array 'l2_filter_data' (tdf11.cpp:416) in dimension 1 with a cyclic factor 8.
INFO: [XFORM 203-101] Partitioning array 'vals' (tdf11.cpp:131) in dimension 1 completely.
INFO: [XFORM 203-102] Partitioning array 'weight_vecs.0' (tdf11.cpp:356) in dimension 1 automatically.
INFO: [XFORM 203-102] Partitioning array 'weight_vecs.1' (tdf11.cpp:356) in dimension 1 automatically.
INFO: [XFORM 203-102] Partitioning array 'weight_vecs.2' (tdf11.cpp:356) in dimension 1 automatically.
INFO: [XFORM 203-102] Partitioning array 'weight_vecs.3' (tdf11.cpp:356) in dimension 1 automatically.
INFO: [XFORM 203-102] Partitioning array 'weight_vecs.4' (tdf11.cpp:356) in dimension 1 automatically.
INFO: [XFORM 203-102] Partitioning array 'weight_vecs.5' (tdf11.cpp:356) in dimension 1 automatically.
INFO: [XFORM 203-102] Partitioning array 'weight_vecs.6' (tdf11.cpp:356) in dimension 1 automatically.
INFO: [XFORM 203-102] Partitioning array 'weight_vecs.7' (tdf11.cpp:356) in dimension 1 automatically.
INFO: [XFORM 203-102] Partitioning array 'weight_vecs.8' (tdf11.cpp:356) in dimension 1 automatically.
INFO: [XFORM 203-102] Partitioning array 'weight_vecs.9' (tdf11.cpp:356) in dimension 1 automatically.
INFO: [XFORM 203-102] Partitioning array 'weight_vecs.10' (tdf11.cpp:356) in dimension 1 automatically.
INFO: [XFORM 203-102] Partitioning array 'weight_vecs.11' (tdf11.cpp:356) in dimension 1 automatically.
INFO: [XFORM 203-102] Partitioning array 'weight_vecs.12' (tdf11.cpp:356) in dimension 1 automatically.
INFO: [XFORM 203-102] Partitioning array 'weight_vecs.13' (tdf11.cpp:356) in dimension 1 automatically.
INFO: [XFORM 203-102] Partitioning array 'weight_vecs.14' (tdf11.cpp:356) in dimension 1 automatically.
INFO: [XFORM 203-102] Partitioning array 'weight_vecs.15' (tdf11.cpp:356) in dimension 1 automatically.
INFO: [XFORM 203-102] Partitioning array 'weight_vecs.16' (tdf11.cpp:356) in dimension 1 automatically.
INFO: [XFORM 203-102] Partitioning array 'weight_vecs.17' (tdf11.cpp:356) in dimension 1 automatically.
INFO: [XFORM 203-102] Partitioning array 'weight_vecs.18' (tdf11.cpp:356) in dimension 1 automatically.
INFO: [XFORM 203-102] Partitioning array 'weight_vecs.19' (tdf11.cpp:356) in dimension 1 automatically.
INFO: [XFORM 203-102] Partitioning array 'weight_vecs.20' (tdf11.cpp:356) in dimension 1 automatically.
INFO: [XFORM 203-102] Partitioning array 'weight_vecs.21' (tdf11.cpp:356) in dimension 1 automatically.
INFO: [XFORM 203-102] Partitioning array 'weight_vecs.22' (tdf11.cpp:356) in dimension 1 automatically.
INFO: [XFORM 203-102] Partitioning array 'weight_vecs.23' (tdf11.cpp:356) in dimension 1 automatically.
INFO: [XFORM 203-102] Partitioning array 'weight_vecs.24' (tdf11.cpp:356) in dimension 1 automatically.
INFO: [XFORM 203-102] Partitioning array 'weight_vecs.25' (tdf11.cpp:356) in dimension 1 automatically.
INFO: [XFORM 203-102] Partitioning array 'weight_vecs.26' (tdf11.cpp:356) in dimension 1 automatically.
INFO: [XFORM 203-102] Partitioning array 'weight_vecs.27' (tdf11.cpp:356) in dimension 1 automatically.
INFO: [XFORM 203-102] Partitioning array 'weight_vecs.28' (tdf11.cpp:356) in dimension 1 automatically.
INFO: [XFORM 203-102] Partitioning array 'weight_vecs.29' (tdf11.cpp:356) in dimension 1 automatically.
INFO: [XFORM 203-102] Partitioning array 'weight_vecs.30' (tdf11.cpp:356) in dimension 1 automatically.
INFO: [XFORM 203-102] Partitioning array 'weight_vecs.31' (tdf11.cpp:356) in dimension 1 automatically.
INFO: [XFORM 203-102] Partitioning array 'weight_vecs.32' (tdf11.cpp:356) in dimension 1 automatically.
INFO: [XFORM 203-102] Partitioning array 'weight_vecs.33' (tdf11.cpp:356) in dimension 1 automatically.
INFO: [XFORM 203-102] Partitioning array 'weight_vecs.34' (tdf11.cpp:356) in dimension 1 automatically.
INFO: [XFORM 203-102] Partitioning array 'weight_vecs.35' (tdf11.cpp:356) in dimension 1 automatically.
INFO: [XFORM 203-102] Partitioning array 'weight_vecs.36' (tdf11.cpp:356) in dimension 1 automatically.
INFO: [XFORM 203-102] Partitioning array 'weight_vecs.37' (tdf11.cpp:356) in dimension 1 automatically.
INFO: [XFORM 203-102] Partitioning array 'weight_vecs.38' (tdf11.cpp:356) in dimension 1 automatically.
INFO: [XFORM 203-102] Partitioning array 'weight_vecs.39' (tdf11.cpp:356) in dimension 1 automatically.
INFO: [XFORM 203-102] Partitioning array 'weight_vecs.40' (tdf11.cpp:356) in dimension 1 automatically.
INFO: [XFORM 203-102] Partitioning array 'weight_vecs.41' (tdf11.cpp:356) in dimension 1 automatically.
INFO: [XFORM 203-102] Partitioning array 'weight_vecs.42' (tdf11.cpp:356) in dimension 1 automatically.
INFO: [XFORM 203-102] Partitioning array 'weight_vecs.43' (tdf11.cpp:356) in dimension 1 automatically.
INFO: [XFORM 203-102] Partitioning array 'weight_vecs.44' (tdf11.cpp:356) in dimension 1 automatically.
INFO: [XFORM 203-102] Partitioning array 'weight_vecs.45' (tdf11.cpp:356) in dimension 1 automatically.
INFO: [XFORM 203-102] Partitioning array 'weight_vecs.46' (tdf11.cpp:356) in dimension 1 automatically.
INFO: [XFORM 203-102] Partitioning array 'weight_vecs.47' (tdf11.cpp:356) in dimension 1 automatically.
INFO: [XFORM 203-102] Partitioning array 'weight_vecs.48' (tdf11.cpp:356) in dimension 1 automatically.
INFO: [XFORM 203-102] Partitioning array 'weight_vecs.49' (tdf11.cpp:356) in dimension 1 automatically.
INFO: [XFORM 203-102] Partitioning array 'weight_vecs.50' (tdf11.cpp:356) in dimension 1 automatically.
INFO: [XFORM 203-102] Partitioning array 'weight_vecs.51' (tdf11.cpp:356) in dimension 1 automatically.
INFO: [XFORM 203-102] Partitioning array 'weight_vecs.52' (tdf11.cpp:356) in dimension 1 automatically.
INFO: [XFORM 203-102] Partitioning array 'weight_vecs.53' (tdf11.cpp:356) in dimension 1 automatically.
INFO: [XFORM 203-102] Partitioning array 'weight_vecs.54' (tdf11.cpp:356) in dimension 1 automatically.
INFO: [XFORM 203-102] Partitioning array 'weight_vecs.55' (tdf11.cpp:356) in dimension 1 automatically.
INFO: [XFORM 203-102] Partitioning array 'weight_vecs.56' (tdf11.cpp:356) in dimension 1 automatically.
INFO: [XFORM 203-102] Partitioning array 'weight_vecs.57' (tdf11.cpp:356) in dimension 1 automatically.
INFO: [XFORM 203-102] Partitioning array 'weight_vecs.58' (tdf11.cpp:356) in dimension 1 automatically.
INFO: [XFORM 203-102] Partitioning array 'weight_vecs.59' (tdf11.cpp:356) in dimension 1 automatically.
INFO: [XFORM 203-102] Partitioning array 'weight_vecs.60' (tdf11.cpp:356) in dimension 1 automatically.
INFO: [XFORM 203-102] Partitioning array 'weight_vecs.61' (tdf11.cpp:356) in dimension 1 automatically.
INFO: [XFORM 203-102] Partitioning array 'weight_vecs.62' (tdf11.cpp:356) in dimension 1 automatically.
INFO: [XFORM 203-102] Partitioning array 'weight_vecs.63' (tdf11.cpp:356) in dimension 1 automatically.
INFO: [XFORM 203-721] Extract dataflow region from loop TOP_LOOP (tdf11.cpp:350)  of function 'tdf11'.
INFO: [HLS 200-988] Store statement on variable  'sums[0]202' (tdf11.cpp:358) in a dataflow region ( 'dataflow_in_loop_TOP_LOOP' (tdf11.cpp:350:16)) will infer a separate dataflow process. Consider placing this store inside a function.
INFO: [XFORM 203-712] Applying dataflow to function 'dataflow_in_loop_TOP_LOOP' (tdf11.cpp:350:2), detected/extracted 10 process function(s): 
	 'tdf11_get_next_ijk'
	 'tdf11_readInputs'
	 'tdf11_readFilters'
	 'tdf11_dot_product'
	 'tdf11_accum_1'
	 'tdf11_accum_2'
	 'Block_entry_proc_proc'
	 'tdf11_adjust'
	 'tdf11_l2_multiply'
	 'tdf11_l2_writeOutputs'.
INFO: [XFORM 203-401] Performing if-conversion on hyperblock from (/wrk/ci/prod/2020.2/rdi_builds/continuous/2020_11_18_3064766/src/shared/hls/clib/hlsmath/include/FloatingPoint/hls_signbit.h:12:16) to (tdf11.cpp:103:17) in function 'tdf11_l2_writeOutputs'... converting 5 basic blocks.
INFO: [XFORM 203-401] Performing if-conversion on hyperblock from (tdf11.cpp:127:13) to (tdf11.cpp:267:28) in function 'tdf11_accum_1'... converting 255 basic blocks.
INFO: [HLS 200-111] Finished Loop, function and other optimizations: CPU user time: 6.37 seconds. CPU system time: 0.09 seconds. Elapsed time: 6.72 seconds; current allocated memory: 338.534 MB.
INFO: [XFORM 203-541] Flattening a loop nest 'IL4' (./tdf11_conv_stages.h:19:18) in function 'tdf11_readInputs'.
INFO: [XFORM 203-541] Flattening a loop nest 'FL4' (./tdf11_conv_stages.h:47:23) in function 'tdf11_readFilters'.
INFO: [XFORM 203-541] Flattening a loop nest 'DP_OUTER_1' (./tdf11_conv_stages.h:147:28) in function 'tdf11_dot_product'.
WARNING: [ANALYSIS 214-52] Found false 'RAW' inter dependency for variable 'out_data'.
WARNING: [ANALYSIS 214-52] Found false inter dependency for variable 'products[56]' (./tdf11_conv_stages.h:139).
WARNING: [ANALYSIS 214-52] Found false inter dependency for variable 'products[50]' (./tdf11_conv_stages.h:139).
WARNING: [ANALYSIS 214-52] Found false inter dependency for variable 'products[32]' (./tdf11_conv_stages.h:139).
WARNING: [ANALYSIS 214-52] Found false inter dependency for variable 'products[51]' (./tdf11_conv_stages.h:139).
WARNING: [ANALYSIS 214-52] Found false inter dependency for variable 'products[40]' (./tdf11_conv_stages.h:139).
WARNING: [ANALYSIS 214-52] Found false inter dependency for variable 'products[47]' (./tdf11_conv_stages.h:139).
WARNING: [ANALYSIS 214-52] Found false inter dependency for variable 'products[43]' (./tdf11_conv_stages.h:139).
WARNING: [ANALYSIS 214-52] Found false inter dependency for variable 'products[37]' (./tdf11_conv_stages.h:139).
WARNING: [ANALYSIS 214-52] Found false inter dependency for variable 'products[8]' (./tdf11_conv_stages.h:139).
WARNING: [ANALYSIS 214-52] Found false inter dependency for variable 'products[0]' (./tdf11_conv_stages.h:139).
WARNING: [ANALYSIS 214-52] Found false inter dependency for variable 'products[39]' (./tdf11_conv_stages.h:139).
WARNING: [ANALYSIS 214-52] Found false inter dependency for variable 'products[12]' (./tdf11_conv_stages.h:139).
WARNING: [ANALYSIS 214-52] Found false inter dependency for variable 'products[17]' (./tdf11_conv_stages.h:139).
WARNING: [ANALYSIS 214-52] Found false inter dependency for variable 'products[20]' (./tdf11_conv_stages.h:139).
WARNING: [ANALYSIS 214-52] Found false inter dependency for variable 'products[46]' (./tdf11_conv_stages.h:139).
WARNING: [ANALYSIS 214-52] Found false inter dependency for variable 'products[5]' (./tdf11_conv_stages.h:139).
WARNING: [ANALYSIS 214-52] Found false inter dependency for variable 'products[62]' (./tdf11_conv_stages.h:139).
WARNING: [ANALYSIS 214-52] Found false inter dependency for variable 'products[31]' (./tdf11_conv_stages.h:139).
WARNING: [ANALYSIS 214-52] Found false inter dependency for variable 'products[48]' (./tdf11_conv_stages.h:139).
WARNING: [ANALYSIS 214-52] Found false inter dependency for variable 'products[14]' (./tdf11_conv_stages.h:139).
WARNING: [ANALYSIS 214-52] Found false inter dependency for variable 'products[27]' (./tdf11_conv_stages.h:139).
WARNING: [ANALYSIS 214-52] Found false inter dependency for variable 'products[28]' (./tdf11_conv_stages.h:139).
WARNING: [ANALYSIS 214-52] Found false inter dependency for variable 'products[7]' (./tdf11_conv_stages.h:139).
WARNING: [ANALYSIS 214-52] Found false inter dependency for variable 'products[9]' (./tdf11_conv_stages.h:139).
WARNING: [ANALYSIS 214-52] Found false inter dependency for variable 'products[29]' (./tdf11_conv_stages.h:139).
WARNING: [ANALYSIS 214-52] Found false inter dependency for variable 'products[4]' (./tdf11_conv_stages.h:139).
WARNING: [ANALYSIS 214-52] Found false inter dependency for variable 'products[22]' (./tdf11_conv_stages.h:139).
WARNING: [ANALYSIS 214-52] Found false inter dependency for variable 'products[16]' (./tdf11_conv_stages.h:139).
WARNING: [ANALYSIS 214-52] Found false inter dependency for variable 'products[49]' (./tdf11_conv_stages.h:139).
WARNING: [ANALYSIS 214-52] Found false inter dependency for variable 'products[11]' (./tdf11_conv_stages.h:139).
WARNING: [ANALYSIS 214-52] Found false inter dependency for variable 'products[6]' (./tdf11_conv_stages.h:139).
WARNING: [ANALYSIS 214-52] Found false inter dependency for variable 'products[60]' (./tdf11_conv_stages.h:139).
WARNING: [ANALYSIS 214-52] Found false inter dependency for variable 'products[35]' (./tdf11_conv_stages.h:139).
WARNING: [ANALYSIS 214-52] Found false inter dependency for variable 'products[21]' (./tdf11_conv_stages.h:139).
WARNING: [ANALYSIS 214-52] Found false inter dependency for variable 'products[13]' (./tdf11_conv_stages.h:139).
WARNING: [ANALYSIS 214-52] Found false inter dependency for variable 'products[18]' (./tdf11_conv_stages.h:139).
WARNING: [ANALYSIS 214-52] Found false inter dependency for variable 'products[36]' (./tdf11_conv_stages.h:139).
WARNING: [ANALYSIS 214-52] Found false inter dependency for variable 'products[61]' (./tdf11_conv_stages.h:139).
WARNING: [ANALYSIS 214-52] Found false inter dependency for variable 'products[45]' (./tdf11_conv_stages.h:139).
WARNING: [ANALYSIS 214-52] Found false inter dependency for variable 'products[26]' (./tdf11_conv_stages.h:139).
WARNING: [ANALYSIS 214-52] Found false inter dependency for variable 'products[2]' (./tdf11_conv_stages.h:139).
WARNING: [ANALYSIS 214-52] Found false inter dependency for variable 'products[54]' (./tdf11_conv_stages.h:139).
WARNING: [ANALYSIS 214-52] Found false inter dependency for variable 'products[58]' (./tdf11_conv_stages.h:139).
WARNING: [ANALYSIS 214-52] Found false inter dependency for variable 'products[10]' (./tdf11_conv_stages.h:139).
WARNING: [ANALYSIS 214-52] Found false inter dependency for variable 'products[52]' (./tdf11_conv_stages.h:139).
WARNING: [ANALYSIS 214-52] Found false inter dependency for variable 'products[34]' (./tdf11_conv_stages.h:139).
WARNING: [ANALYSIS 214-52] Found false inter dependency for variable 'products[55]' (./tdf11_conv_stages.h:139).
WARNING: [ANALYSIS 214-52] Found false inter dependency for variable 'products[25]' (./tdf11_conv_stages.h:139).
WARNING: [ANALYSIS 214-52] Found false inter dependency for variable 'products[24]' (./tdf11_conv_stages.h:139).
WARNING: [ANALYSIS 214-52] Found false inter dependency for variable 'products[59]' (./tdf11_conv_stages.h:139).
WARNING: [ANALYSIS 214-52] Found false inter dependency for variable 'products[1]' (./tdf11_conv_stages.h:139).
WARNING: [ANALYSIS 214-52] Found false inter dependency for variable 'products[57]' (./tdf11_conv_stages.h:139).
WARNING: [ANALYSIS 214-52] Found false inter dependency for variable 'products[15]' (./tdf11_conv_stages.h:139).
WARNING: [ANALYSIS 214-52] Found false inter dependency for variable 'products[42]' (./tdf11_conv_stages.h:139).
WARNING: [ANALYSIS 214-52] Found false inter dependency for variable 'products[38]' (./tdf11_conv_stages.h:139).
WARNING: [ANALYSIS 214-52] Found false inter dependency for variable 'products[63]' (./tdf11_conv_stages.h:139).
WARNING: [ANALYSIS 214-52] Found false inter dependency for variable 'products[33]' (./tdf11_conv_stages.h:139).
WARNING: [ANALYSIS 214-52] Found false inter dependency for variable 'products[53]' (./tdf11_conv_stages.h:139).
WARNING: [ANALYSIS 214-52] Found false inter dependency for variable 'products[41]' (./tdf11_conv_stages.h:139).
WARNING: [ANALYSIS 214-52] Found false inter dependency for variable 'products[23]' (./tdf11_conv_stages.h:139).
WARNING: [ANALYSIS 214-52] Found false inter dependency for variable 'products[30]' (./tdf11_conv_stages.h:139).
WARNING: [ANALYSIS 214-52] Found false inter dependency for variable 'products[3]' (./tdf11_conv_stages.h:139).
WARNING: [ANALYSIS 214-52] Found false inter dependency for variable 'products[19]' (./tdf11_conv_stages.h:139).
WARNING: [ANALYSIS 214-52] Found false inter dependency for variable 'products[44]' (./tdf11_conv_stages.h:139).
WARNING: [ANALYSIS 214-52] Found false intra dependency for variable 'products[56]' (./tdf11_conv_stages.h:139).
WARNING: [ANALYSIS 214-52] Found false intra dependency for variable 'products[50]' (./tdf11_conv_stages.h:139).
WARNING: [ANALYSIS 214-52] Found false intra dependency for variable 'products[32]' (./tdf11_conv_stages.h:139).
WARNING: [ANALYSIS 214-52] Found false intra dependency for variable 'products[51]' (./tdf11_conv_stages.h:139).
WARNING: [ANALYSIS 214-52] Found false intra dependency for variable 'products[40]' (./tdf11_conv_stages.h:139).
WARNING: [ANALYSIS 214-52] Found false intra dependency for variable 'products[47]' (./tdf11_conv_stages.h:139).
WARNING: [ANALYSIS 214-52] Found false intra dependency for variable 'products[43]' (./tdf11_conv_stages.h:139).
WARNING: [ANALYSIS 214-52] Found false intra dependency for variable 'products[37]' (./tdf11_conv_stages.h:139).
WARNING: [ANALYSIS 214-52] Found false intra dependency for variable 'products[8]' (./tdf11_conv_stages.h:139).
WARNING: [ANALYSIS 214-52] Found false intra dependency for variable 'products[0]' (./tdf11_conv_stages.h:139).
WARNING: [ANALYSIS 214-52] Found false intra dependency for variable 'products[39]' (./tdf11_conv_stages.h:139).
WARNING: [ANALYSIS 214-52] Found false intra dependency for variable 'products[12]' (./tdf11_conv_stages.h:139).
WARNING: [ANALYSIS 214-52] Found false intra dependency for variable 'products[17]' (./tdf11_conv_stages.h:139).
WARNING: [ANALYSIS 214-52] Found false intra dependency for variable 'products[20]' (./tdf11_conv_stages.h:139).
WARNING: [ANALYSIS 214-52] Found false intra dependency for variable 'products[46]' (./tdf11_conv_stages.h:139).
WARNING: [ANALYSIS 214-52] Found false intra dependency for variable 'products[5]' (./tdf11_conv_stages.h:139).
WARNING: [ANALYSIS 214-52] Found false intra dependency for variable 'products[62]' (./tdf11_conv_stages.h:139).
WARNING: [ANALYSIS 214-52] Found false intra dependency for variable 'products[31]' (./tdf11_conv_stages.h:139).
WARNING: [ANALYSIS 214-52] Found false intra dependency for variable 'products[48]' (./tdf11_conv_stages.h:139).
WARNING: [ANALYSIS 214-52] Found false intra dependency for variable 'products[14]' (./tdf11_conv_stages.h:139).
WARNING: [ANALYSIS 214-52] Found false intra dependency for variable 'products[27]' (./tdf11_conv_stages.h:139).
WARNING: [ANALYSIS 214-52] Found false intra dependency for variable 'products[28]' (./tdf11_conv_stages.h:139).
WARNING: [ANALYSIS 214-52] Found false intra dependency for variable 'products[7]' (./tdf11_conv_stages.h:139).
WARNING: [ANALYSIS 214-52] Found false intra dependency for variable 'products[9]' (./tdf11_conv_stages.h:139).
WARNING: [ANALYSIS 214-52] Found false intra dependency for variable 'products[29]' (./tdf11_conv_stages.h:139).
WARNING: [ANALYSIS 214-52] Found false intra dependency for variable 'products[4]' (./tdf11_conv_stages.h:139).
WARNING: [ANALYSIS 214-52] Found false intra dependency for variable 'products[22]' (./tdf11_conv_stages.h:139).
WARNING: [ANALYSIS 214-52] Found false intra dependency for variable 'products[16]' (./tdf11_conv_stages.h:139).
WARNING: [ANALYSIS 214-52] Found false intra dependency for variable 'products[49]' (./tdf11_conv_stages.h:139).
WARNING: [ANALYSIS 214-52] Found false intra dependency for variable 'products[11]' (./tdf11_conv_stages.h:139).
WARNING: [ANALYSIS 214-52] Found false intra dependency for variable 'products[6]' (./tdf11_conv_stages.h:139).
WARNING: [ANALYSIS 214-52] Found false intra dependency for variable 'products[60]' (./tdf11_conv_stages.h:139).
WARNING: [ANALYSIS 214-52] Found false intra dependency for variable 'products[35]' (./tdf11_conv_stages.h:139).
WARNING: [ANALYSIS 214-52] Found false intra dependency for variable 'products[21]' (./tdf11_conv_stages.h:139).
WARNING: [ANALYSIS 214-52] Found false intra dependency for variable 'products[13]' (./tdf11_conv_stages.h:139).
WARNING: [ANALYSIS 214-52] Found false intra dependency for variable 'products[18]' (./tdf11_conv_stages.h:139).
WARNING: [ANALYSIS 214-52] Found false intra dependency for variable 'products[36]' (./tdf11_conv_stages.h:139).
WARNING: [ANALYSIS 214-52] Found false intra dependency for variable 'products[61]' (./tdf11_conv_stages.h:139).
WARNING: [ANALYSIS 214-52] Found false intra dependency for variable 'products[45]' (./tdf11_conv_stages.h:139).
WARNING: [ANALYSIS 214-52] Found false intra dependency for variable 'products[26]' (./tdf11_conv_stages.h:139).
WARNING: [ANALYSIS 214-52] Found false intra dependency for variable 'products[2]' (./tdf11_conv_stages.h:139).
WARNING: [ANALYSIS 214-52] Found false intra dependency for variable 'products[54]' (./tdf11_conv_stages.h:139).
WARNING: [ANALYSIS 214-52] Found false intra dependency for variable 'products[58]' (./tdf11_conv_stages.h:139).
WARNING: [ANALYSIS 214-52] Found false intra dependency for variable 'products[10]' (./tdf11_conv_stages.h:139).
WARNING: [ANALYSIS 214-52] Found false intra dependency for variable 'products[52]' (./tdf11_conv_stages.h:139).
WARNING: [ANALYSIS 214-52] Found false intra dependency for variable 'products[34]' (./tdf11_conv_stages.h:139).
WARNING: [ANALYSIS 214-52] Found false intra dependency for variable 'products[55]' (./tdf11_conv_stages.h:139).
WARNING: [ANALYSIS 214-52] Found false intra dependency for variable 'products[25]' (./tdf11_conv_stages.h:139).
WARNING: [ANALYSIS 214-52] Found false intra dependency for variable 'products[24]' (./tdf11_conv_stages.h:139).
WARNING: [ANALYSIS 214-52] Found false intra dependency for variable 'products[59]' (./tdf11_conv_stages.h:139).
WARNING: [ANALYSIS 214-52] Found false intra dependency for variable 'products[1]' (./tdf11_conv_stages.h:139).
WARNING: [ANALYSIS 214-52] Found false intra dependency for variable 'products[57]' (./tdf11_conv_stages.h:139).
WARNING: [ANALYSIS 214-52] Found false intra dependency for variable 'products[15]' (./tdf11_conv_stages.h:139).
WARNING: [ANALYSIS 214-52] Found false intra dependency for variable 'products[42]' (./tdf11_conv_stages.h:139).
WARNING: [ANALYSIS 214-52] Found false intra dependency for variable 'products[38]' (./tdf11_conv_stages.h:139).
WARNING: [ANALYSIS 214-52] Found false intra dependency for variable 'products[63]' (./tdf11_conv_stages.h:139).
WARNING: [ANALYSIS 214-52] Found false intra dependency for variable 'products[33]' (./tdf11_conv_stages.h:139).
WARNING: [ANALYSIS 214-52] Found false intra dependency for variable 'products[53]' (./tdf11_conv_stages.h:139).
WARNING: [ANALYSIS 214-52] Found false intra dependency for variable 'products[41]' (./tdf11_conv_stages.h:139).
WARNING: [ANALYSIS 214-52] Found false intra dependency for variable 'products[23]' (./tdf11_conv_stages.h:139).
WARNING: [ANALYSIS 214-52] Found false intra dependency for variable 'products[30]' (./tdf11_conv_stages.h:139).
WARNING: [ANALYSIS 214-52] Found false intra dependency for variable 'products[3]' (./tdf11_conv_stages.h:139).
WARNING: [ANALYSIS 214-52] Found false intra dependency for variable 'products[19]' (./tdf11_conv_stages.h:139).
WARNING: [ANALYSIS 214-52] Found false intra dependency for variable 'products[44]' (./tdf11_conv_stages.h:139).
INFO: [HLS 200-472] Inferring partial write operation for 'l1_filter_data' (tdf11.cpp:421:31)
INFO: [HLS 200-472] Inferring partial write operation for 'l2_filter_data[0]' (tdf11.cpp:422:25)
INFO: [HLS 200-472] Inferring partial write operation for 'l1_adjustments' (tdf11.cpp:423:25)
INFO: [HLS 200-472] Inferring partial write operation for 'l2_adjustments' (tdf11.cpp:424:25)
INFO: [HLS 200-472] Inferring partial write operation for 'ifmap_vec[0]' (./tdf11_conv_stages.h:33:35)
INFO: [HLS 200-472] Inferring partial write operation for 'weight_vecs[0][0]' (./tdf11_conv_stages.h:55:43)
INFO: [HLS 200-472] Inferring partial write operation for 'running_sums' (tdf11.cpp:93:27)
INFO: [HLS 200-472] Inferring partial write operation for 'l2_products[0]' (tdf11.cpp:29:31)
INFO: [HLS 200-472] Inferring partial write operation for 'products[0]' (./tdf11_conv_stages.h:153:32)
INTERNAL-INFO: never seen llvm instruction 'hsub'(535)
INTERNAL-INFO: never seen llvm instruction 'hsub'(535)
WARNING: [HLS 200-1449] Process tdf11_readInputs8 has both a predecessor and reads an input from its caller (see the GUI dataflow viewer). This may lead to lower throughput. Consider copying this input via a predecessor process.
INFO: [HLS 200-111] Finished Architecture Synthesis: CPU user time: 3.88 seconds. CPU system time: 0.14 seconds. Elapsed time: 4.54 seconds; current allocated memory: 461.244 MB.
INFO: [HLS 200-10] Starting hardware synthesis ...
INFO: [HLS 200-10] Synthesizing 'tdf11_top' ...
INFO: [HLS 200-10] ----------------------------------------------------------------
INFO: [HLS 200-42] -- Implementing module 'tdf11_get_next_ijk' 
INFO: [HLS 200-10] ----------------------------------------------------------------
INFO: [SCHED 204-11] Starting scheduling ...
INFO: [SCHED 204-11] Finished scheduling.
INFO: [HLS 200-111] Finished Scheduling: CPU user time: 0.12 seconds. CPU system time: 0.02 seconds. Elapsed time: 0.17 seconds; current allocated memory: 462.351 MB.
INFO: [BIND 205-100] Starting micro-architecture generation ...
INFO: [BIND 205-101] Performing variable lifetime analysis.
INFO: [BIND 205-101] Exploring resource sharing.
INFO: [BIND 205-101] Binding ...
INFO: [BIND 205-100] Finished micro-architecture generation.
INFO: [HLS 200-111] Finished Binding: CPU user time: 0.05 seconds. CPU system time: 0 seconds. Elapsed time: 0.08 seconds; current allocated memory: 462.573 MB.
INFO: [HLS 200-10] ----------------------------------------------------------------
INFO: [HLS 200-42] -- Implementing module 'tdf11_readInputs8' 
INFO: [HLS 200-10] ----------------------------------------------------------------
INFO: [SCHED 204-11] Starting scheduling ...
INFO: [SCHED 204-61] Pipelining loop 'IL4_IL5'.
INFO: [HLS 200-1470] Pipelining result : Target II = 1, Final II = 1, Depth = 2, loop 'IL4_IL5'
INFO: [SCHED 204-11] Finished scheduling.
INFO: [HLS 200-111] Finished Scheduling: CPU user time: 0.44 seconds. CPU system time: 0.01 seconds. Elapsed time: 0.48 seconds; current allocated memory: 463.900 MB.
INFO: [BIND 205-100] Starting micro-architecture generation ...
INFO: [BIND 205-101] Performing variable lifetime analysis.
INFO: [BIND 205-101] Exploring resource sharing.
INFO: [BIND 205-101] Binding ...
INFO: [BIND 205-100] Finished micro-architecture generation.
INFO: [HLS 200-111] Finished Binding: CPU user time: 0.31 seconds. CPU system time: 0 seconds. Elapsed time: 0.36 seconds; current allocated memory: 465.524 MB.
INFO: [HLS 200-10] ----------------------------------------------------------------
INFO: [HLS 200-42] -- Implementing module 'tdf11_readFilters7' 
INFO: [HLS 200-10] ----------------------------------------------------------------
INFO: [SCHED 204-11] Starting scheduling ...
INFO: [SCHED 204-61] Pipelining loop 'FL4_FL5'.
INFO: [HLS 200-1470] Pipelining result : Target II = 1, Final II = 1, Depth = 2, loop 'FL4_FL5'
INFO: [SCHED 204-11] Finished scheduling.
INFO: [HLS 200-111] Finished Scheduling: CPU user time: 0.75 seconds. CPU system time: 0.02 seconds. Elapsed time: 0.82 seconds; current allocated memory: 466.579 MB.
INFO: [BIND 205-100] Starting micro-architecture generation ...
INFO: [BIND 205-101] Performing variable lifetime analysis.
INFO: [BIND 205-101] Exploring resource sharing.
INFO: [BIND 205-101] Binding ...
INFO: [BIND 205-100] Finished micro-architecture generation.
INFO: [HLS 200-111] Finished Binding: CPU user time: 0.14 seconds. CPU system time: 0 seconds. Elapsed time: 0.19 seconds; current allocated memory: 467.835 MB.
INFO: [HLS 200-10] ----------------------------------------------------------------
INFO: [HLS 200-42] -- Implementing module 'tdf11_dot_product' 
INFO: [HLS 200-10] ----------------------------------------------------------------
INFO: [SCHED 204-11] Starting scheduling ...
INFO: [SCHED 204-61] Pipelining loop 'DP_OUTER_1_DP_OUTER_2'.
INFO: [HLS 200-1470] Pipelining result : Target II = 1, Final II = 1, Depth = 3, loop 'DP_OUTER_1_DP_OUTER_2'
INFO: [SCHED 204-11] Finished scheduling.
INFO: [HLS 200-111] Finished Scheduling: CPU user time: 0.93 seconds. CPU system time: 0.02 seconds. Elapsed time: 1.02 seconds; current allocated memory: 469.892 MB.
INFO: [BIND 205-100] Starting micro-architecture generation ...
INFO: [BIND 205-101] Performing variable lifetime analysis.
INFO: [BIND 205-101] Exploring resource sharing.
INFO: [BIND 205-101] Binding ...
INFO: [BIND 205-100] Finished micro-architecture generation.
INFO: [HLS 200-111] Finished Binding: CPU user time: 0.66 seconds. CPU system time: 0.02 seconds. Elapsed time: 0.73 seconds; current allocated memory: 472.424 MB.
INFO: [HLS 200-10] ----------------------------------------------------------------
INFO: [HLS 200-42] -- Implementing module 'tdf11_accum_1' 
INFO: [HLS 200-10] ----------------------------------------------------------------
INFO: [SCHED 204-11] Starting scheduling ...
INFO: [SCHED 204-61] Pipelining loop 'IL_LOOP'.
INFO: [HLS 200-1470] Pipelining result : Target II = 1, Final II = 1, Depth = 14, loop 'IL_LOOP'
INFO: [SCHED 204-11] Finished scheduling.
INFO: [HLS 200-111] Finished Scheduling: CPU user time: 1.72 seconds. CPU system time: 0.03 seconds. Elapsed time: 1.81 seconds; current allocated memory: 473.990 MB.
INFO: [BIND 205-100] Starting micro-architecture generation ...
INFO: [BIND 205-101] Performing variable lifetime analysis.
INFO: [BIND 205-101] Exploring resource sharing.
INFO: [BIND 205-101] Binding ...
INFO: [BIND 205-100] Finished micro-architecture generation.
INFO: [HLS 200-111] Finished Binding: CPU user time: 1.3 seconds. CPU system time: 0.02 seconds. Elapsed time: 1.36 seconds; current allocated memory: 476.483 MB.
INFO: [HLS 200-10] ----------------------------------------------------------------
INFO: [HLS 200-42] -- Implementing module 'tdf11_accum_2' 
INFO: [HLS 200-10] ----------------------------------------------------------------
INFO: [SCHED 204-11] Starting scheduling ...
INFO: [SCHED 204-11] Finished scheduling.
INFO: [HLS 200-111] Finished Scheduling: CPU user time: 2.12 seconds. CPU system time: 0.02 seconds. Elapsed time: 2.21 seconds; current allocated memory: 476.570 MB.
INFO: [BIND 205-100] Starting micro-architecture generation ...
INFO: [BIND 205-101] Performing variable lifetime analysis.
INFO: [BIND 205-101] Exploring resource sharing.
INFO: [BIND 205-101] Binding ...
INFO: [BIND 205-100] Finished micro-architecture generation.
INFO: [HLS 200-111] Finished Binding: CPU user time: 0.05 seconds. CPU system time: 0 seconds. Elapsed time: 0.08 seconds; current allocated memory: 476.682 MB.
INFO: [HLS 200-10] ----------------------------------------------------------------
INFO: [HLS 200-42] -- Implementing module 'Block_entry_proc_proc' 
INFO: [HLS 200-10] ----------------------------------------------------------------
INFO: [SCHED 204-11] Starting scheduling ...
INFO: [SCHED 204-11] Finished scheduling.
INFO: [HLS 200-111] Finished Scheduling: CPU user time: 0.07 seconds. CPU system time: 0 seconds. Elapsed time: 0.1 seconds; current allocated memory: 476.712 MB.
INFO: [BIND 205-100] Starting micro-architecture generation ...
INFO: [BIND 205-101] Performing variable lifetime analysis.
INFO: [BIND 205-101] Exploring resource sharing.
INFO: [BIND 205-101] Binding ...
INFO: [BIND 205-100] Finished micro-architecture generation.
INFO: [HLS 200-111] Finished Binding: CPU user time: 0.04 seconds. CPU system time: 0.01 seconds. Elapsed time: 0.07 seconds; current allocated memory: 476.747 MB.
INFO: [HLS 200-10] ----------------------------------------------------------------
INFO: [HLS 200-42] -- Implementing module 'tdf11_adjust' 
INFO: [HLS 200-10] ----------------------------------------------------------------
INFO: [SCHED 204-11] Starting scheduling ...
INFO: [SCHED 204-11] Finished scheduling.
INFO: [HLS 200-111] Finished Scheduling: CPU user time: 0.08 seconds. CPU system time: 0.01 seconds. Elapsed time: 0.11 seconds; current allocated memory: 476.840 MB.
INFO: [BIND 205-100] Starting micro-architecture generation ...
INFO: [BIND 205-101] Performing variable lifetime analysis.
INFO: [BIND 205-101] Exploring resource sharing.
INFO: [BIND 205-101] Binding ...
INFO: [BIND 205-100] Finished micro-architecture generation.
INFO: [HLS 200-111] Finished Binding: CPU user time: 0.09 seconds. CPU system time: 0 seconds. Elapsed time: 0.12 seconds; current allocated memory: 476.986 MB.
INFO: [HLS 200-10] ----------------------------------------------------------------
INFO: [HLS 200-42] -- Implementing module 'tdf11_l2_multiply4' 
INFO: [HLS 200-10] ----------------------------------------------------------------
INFO: [SCHED 204-11] Starting scheduling ...
INFO: [SCHED 204-61] Pipelining loop 'L2_MUL'.
WARNING: [HLS 200-880] The II Violation in module 'tdf11_l2_multiply4' (loop 'L2_MUL'): Unable to enforce a carried dependence constraint (II = 1, distance = 1, offset = 1) between 'store' operation ('l2_products_0_addr_1_write_ln29', tdf11.cpp:29->tdf11.cpp:397) of variable 'mul_8_i_i', tdf11.cpp:29->tdf11.cpp:397 on array 'l2_products_0' and 'store' operation ('l2_products_0_addr_write_ln29', tdf11.cpp:29->tdf11.cpp:397) of variable 'mul_i_i', tdf11.cpp:29->tdf11.cpp:397 on array 'l2_products_0'.
Resolution: For help on HLS 200-880 see www.xilinx.com/cgi-bin/docs/rdoc?v=2020.2;t=hls+guidance;d=200-880.html
INFO: [HLS 200-1470] Pipelining result : Target II = 1, Final II = 2, Depth = 4, loop 'L2_MUL'
INFO: [SCHED 204-11] Finished scheduling.
INFO: [HLS 200-111] Finished Scheduling: CPU user time: 0.23 seconds. CPU system time: 0.01 seconds. Elapsed time: 0.28 seconds; current allocated memory: 477.409 MB.
INFO: [BIND 205-100] Starting micro-architecture generation ...
INFO: [BIND 205-101] Performing variable lifetime analysis.
INFO: [BIND 205-101] Exploring resource sharing.
INFO: [BIND 205-101] Binding ...
INFO: [BIND 205-100] Finished micro-architecture generation.
INFO: [HLS 200-111] Finished Binding: CPU user time: 0.19 seconds. CPU system time: 0.01 seconds. Elapsed time: 0.22 seconds; current allocated memory: 477.978 MB.
INFO: [HLS 200-10] ----------------------------------------------------------------
INFO: [HLS 200-42] -- Implementing module 'tdf11_l2_writeOutputs3' 
INFO: [HLS 200-10] ----------------------------------------------------------------
INFO: [SCHED 204-11] Starting scheduling ...
INFO: [SCHED 204-61] Pipelining loop 'VITIS_LOOP_86_1'.
INFO: [HLS 200-1470] Pipelining result : Target II = 1, Final II = 1, Depth = 10, loop 'VITIS_LOOP_86_1'
INFO: [SCHED 204-11] Finished scheduling.
INFO: [HLS 200-111] Finished Scheduling: CPU user time: 0.35 seconds. CPU system time: 0.01 seconds. Elapsed time: 0.41 seconds; current allocated memory: 478.346 MB.
INFO: [BIND 205-100] Starting micro-architecture generation ...
INFO: [BIND 205-101] Performing variable lifetime analysis.
INFO: [BIND 205-101] Exploring resource sharing.
INFO: [BIND 205-101] Binding ...
INFO: [BIND 205-100] Finished micro-architecture generation.
INFO: [HLS 200-111] Finished Binding: CPU user time: 0.18 seconds. CPU system time: 0 seconds. Elapsed time: 0.22 seconds; current allocated memory: 478.865 MB.
INFO: [HLS 200-10] ----------------------------------------------------------------
INFO: [HLS 200-42] -- Implementing module 'dataflow_in_loop_TOP_LOOP' 
INFO: [HLS 200-10] ----------------------------------------------------------------
INFO: [SCHED 204-11] Starting scheduling ...
INFO: [SCHED 204-11] Finished scheduling.
INFO: [HLS 200-111] Finished Scheduling: CPU user time: 0.32 seconds. CPU system time: 0.02 seconds. Elapsed time: 0.37 seconds; current allocated memory: 479.572 MB.
INFO: [BIND 205-100] Starting micro-architecture generation ...
INFO: [BIND 205-101] Performing variable lifetime analysis.
INFO: [BIND 205-101] Exploring resource sharing.
INFO: [BIND 205-101] Binding ...
INFO: [BIND 205-100] Finished micro-architecture generation.
INFO: [HLS 200-111] Finished Binding: CPU user time: 4.14 seconds. CPU system time: 0.04 seconds. Elapsed time: 4.23 seconds; current allocated memory: 480.672 MB.
INFO: [HLS 200-10] ----------------------------------------------------------------
INFO: [HLS 200-42] -- Implementing module 'tdf11' 
INFO: [HLS 200-10] ----------------------------------------------------------------
INFO: [SCHED 204-11] Starting scheduling ...
INFO: [SCHED 204-11] Finished scheduling.
INFO: [HLS 200-111] Finished Scheduling: CPU user time: 2.87 seconds. CPU system time: 0.02 seconds. Elapsed time: 2.93 seconds; current allocated memory: 480.761 MB.
INFO: [BIND 205-100] Starting micro-architecture generation ...
INFO: [BIND 205-101] Performing variable lifetime analysis.
INFO: [BIND 205-101] Exploring resource sharing.
INFO: [BIND 205-101] Binding ...
INFO: [BIND 205-100] Finished micro-architecture generation.
INFO: [HLS 200-111] Finished Binding: CPU user time: 1.01 seconds. CPU system time: 0 seconds. Elapsed time: 1.04 seconds; current allocated memory: 480.911 MB.
INFO: [HLS 200-10] ----------------------------------------------------------------
INFO: [HLS 200-42] -- Implementing module 'tdf11_top' 
INFO: [HLS 200-10] ----------------------------------------------------------------
INFO: [SCHED 204-11] Starting scheduling ...
INFO: [SCHED 204-11] Finished scheduling.
INFO: [HLS 200-111] Finished Scheduling: CPU user time: 2.91 seconds. CPU system time: 0.02 seconds. Elapsed time: 2.95 seconds; current allocated memory: 481.045 MB.
INFO: [BIND 205-100] Starting micro-architecture generation ...
INFO: [BIND 205-101] Performing variable lifetime analysis.
INFO: [BIND 205-101] Exploring resource sharing.
WARNING: [BIND 205-102] The specified resource core for memory 'l1_filter_data' will be ignored if a simpler one can be used.
WARNING: [BIND 205-102] The specified resource core for memory 'l2_filter_data_0' will be ignored if a simpler one can be used.
WARNING: [BIND 205-102] The specified resource core for memory 'l1_adjustments' will be ignored if a simpler one can be used.
WARNING: [BIND 205-102] The specified resource core for memory 'l2_adjustments' will be ignored if a simpler one can be used.
INFO: [BIND 205-101] Binding ...
INFO: [BIND 205-100] Finished micro-architecture generation.
INFO: [HLS 200-111] Finished Binding: CPU user time: 1.07 seconds. CPU system time: 0.01 seconds. Elapsed time: 1.11 seconds; current allocated memory: 481.229 MB.
INFO: [HLS 200-10] ----------------------------------------------------------------
INFO: [HLS 200-10] -- Generating RTL for module 'tdf11_get_next_ijk' 
INFO: [HLS 200-10] ----------------------------------------------------------------
WARNING: [RTGEN 206-101] Register 'i' is power-on initialization.
WARNING: [RTGEN 206-101] Register 'j' is power-on initialization.
WARNING: [RTGEN 206-101] Register 'k' is power-on initialization.
INFO: [RTGEN 206-100] Finished creating RTL model for 'tdf11_get_next_ijk'.
INFO: [HLS 200-111] Finished Creating RTL model: CPU user time: 2.94 seconds. CPU system time: 0.03 seconds. Elapsed time: 3.01 seconds; current allocated memory: 481.482 MB.
INFO: [HLS 200-10] ----------------------------------------------------------------
INFO: [HLS 200-10] -- Generating RTL for module 'tdf11_readInputs8' 
INFO: [HLS 200-10] ----------------------------------------------------------------
INFO: [RTGEN 206-100] Finished creating RTL model for 'tdf11_readInputs8'.
INFO: [HLS 200-111] Finished Creating RTL model: CPU user time: 0.3 seconds. CPU system time: 0.02 seconds. Elapsed time: 0.36 seconds; current allocated memory: 484.612 MB.
INFO: [HLS 200-10] ----------------------------------------------------------------
INFO: [HLS 200-10] -- Generating RTL for module 'tdf11_readFilters7' 
INFO: [HLS 200-10] ----------------------------------------------------------------
INFO: [RTGEN 206-100] Finished creating RTL model for 'tdf11_readFilters7'.
INFO: [HLS 200-111] Finished Creating RTL model: CPU user time: 1.36 seconds. CPU system time: 0.07 seconds. Elapsed time: 1.56 seconds; current allocated memory: 492.682 MB.
INFO: [HLS 200-10] ----------------------------------------------------------------
INFO: [HLS 200-10] -- Generating RTL for module 'tdf11_dot_product' 
INFO: [HLS 200-10] ----------------------------------------------------------------
INFO: [RTGEN 206-100] Generating core module 'hmul_16ns_16ns_16_2_max_dsp_1': 64 instance(s).
INFO: [RTGEN 206-100] Finished creating RTL model for 'tdf11_dot_product'.
INFO: [HLS 200-111] Finished Creating RTL model: CPU user time: 0.63 seconds. CPU system time: 0.06 seconds. Elapsed time: 0.83 seconds; current allocated memory: 501.097 MB.
INFO: [HLS 200-10] ----------------------------------------------------------------
INFO: [HLS 200-10] -- Generating RTL for module 'tdf11_accum_1' 
INFO: [HLS 200-10] ----------------------------------------------------------------
INFO: [RTGEN 206-100] Generating core module 'hadd_16ns_16ns_16_2_full_dsp_1': 127 instance(s).
INFO: [RTGEN 206-100] Generating core module 'mux_83_1_1_1': 5 instance(s).
INFO: [RTGEN 206-100] Finished creating RTL model for 'tdf11_accum_1'.
INFO: [HLS 200-111] Finished Creating RTL model: CPU user time: 2.47 seconds. CPU system time: 0.12 seconds. Elapsed time: 2.73 seconds; current allocated memory: 515.233 MB.
INFO: [HLS 200-10] ----------------------------------------------------------------
INFO: [HLS 200-10] -- Generating RTL for module 'tdf11_accum_2' 
INFO: [HLS 200-10] ----------------------------------------------------------------
INFO: [RTGEN 206-100] Generating core module 'hadd_16ns_16ns_16_2_full_dsp_1': 1 instance(s).
INFO: [RTGEN 206-100] Generating core module 'mux_53_16_1_1': 1 instance(s).
INFO: [RTGEN 206-100] Finished creating RTL model for 'tdf11_accum_2'.
INFO: [HLS 200-111] Finished Creating RTL model: CPU user time: 4.95 seconds. CPU system time: 0.11 seconds. Elapsed time: 5.19 seconds; current allocated memory: 524.493 MB.
INFO: [HLS 200-10] ----------------------------------------------------------------
INFO: [HLS 200-10] -- Generating RTL for module 'Block_entry_proc_proc' 
INFO: [HLS 200-10] ----------------------------------------------------------------
INFO: [RTGEN 206-100] Finished creating RTL model for 'Block_entry_proc_proc'.
INFO: [HLS 200-111] Finished Creating RTL model: CPU user time: 0.12 seconds. CPU system time: 0.01 seconds. Elapsed time: 0.16 seconds; current allocated memory: 525.011 MB.
INFO: [HLS 200-10] ----------------------------------------------------------------
INFO: [HLS 200-10] -- Generating RTL for module 'tdf11_adjust' 
INFO: [HLS 200-10] ----------------------------------------------------------------
INFO: [RTGEN 206-100] Generating core module 'hadd_16ns_16ns_16_2_full_dsp_1': 1 instance(s).
INFO: [RTGEN 206-100] Generating core module 'hmul_16ns_16ns_16_2_max_dsp_1': 1 instance(s).
INFO: [RTGEN 206-100] Generating core module 'hsub_16ns_16ns_16_2_full_dsp_1': 1 instance(s).
INFO: [RTGEN 206-100] Finished creating RTL model for 'tdf11_adjust'.
INFO: [HLS 200-111] Finished Creating RTL model: CPU user time: 0.08 seconds. CPU system time: 0 seconds. Elapsed time: 0.13 seconds; current allocated memory: 525.392 MB.
INFO: [HLS 200-10] ----------------------------------------------------------------
INFO: [HLS 200-10] -- Generating RTL for module 'tdf11_l2_multiply4' 
INFO: [HLS 200-10] ----------------------------------------------------------------
INFO: [RTGEN 206-100] Generating core module 'hmul_16ns_16ns_16_2_max_dsp_1': 8 instance(s).
INFO: [RTGEN 206-100] Finished creating RTL model for 'tdf11_l2_multiply4'.
INFO: [HLS 200-111] Finished Creating RTL model: CPU user time: 0.2 seconds. CPU system time: 0.01 seconds. Elapsed time: 0.25 seconds; current allocated memory: 526.611 MB.
INFO: [HLS 200-10] ----------------------------------------------------------------
INFO: [HLS 200-10] -- Generating RTL for module 'tdf11_l2_writeOutputs3' 
INFO: [HLS 200-10] ----------------------------------------------------------------
INFO: [RTGEN 206-100] Generating core module 'hadd_16ns_16ns_16_2_full_dsp_1': 2 instance(s).
INFO: [RTGEN 206-100] Generating core module 'hmul_16ns_16ns_16_2_max_dsp_1': 1 instance(s).
INFO: [RTGEN 206-100] Generating core module 'hsub_16ns_16ns_16_2_full_dsp_1': 1 instance(s).
INFO: [RTGEN 206-100] Generating core module 'mux_864_16_1_1': 1 instance(s).
INFO: [RTGEN 206-100] Finished creating RTL model for 'tdf11_l2_writeOutputs3'.
INFO: [HLS 200-111] Finished Creating RTL model: CPU user time: 0.52 seconds. CPU system time: 0.02 seconds. Elapsed time: 0.61 seconds; current allocated memory: 529.458 MB.
INFO: [HLS 200-10] ----------------------------------------------------------------
INFO: [HLS 200-10] -- Generating RTL for module 'dataflow_in_loop_TOP_LOOP' 
INFO: [HLS 200-10] ----------------------------------------------------------------
INFO: [RTGEN 206-100] Finished creating RTL model for 'dataflow_in_loop_TOP_LOOP'.
INFO: [HLS 200-111] Finished Creating RTL model: CPU user time: 7.16 seconds. CPU system time: 0.08 seconds. Elapsed time: 7.29 seconds; current allocated memory: 554.128 MB.
INFO: [HLS 200-10] ----------------------------------------------------------------
INFO: [HLS 200-10] -- Generating RTL for module 'tdf11' 
INFO: [HLS 200-10] ----------------------------------------------------------------
INFO: [RTGEN 206-100] Finished creating RTL model for 'tdf11'.
INFO: [HLS 200-111] Finished Creating RTL model: CPU user time: 6.84 seconds. CPU system time: 0.09 seconds. Elapsed time: 7.05 seconds; current allocated memory: 562.481 MB.
INFO: [HLS 200-10] ----------------------------------------------------------------
INFO: [HLS 200-10] -- Generating RTL for module 'tdf11_top' 
INFO: [HLS 200-10] ----------------------------------------------------------------
INFO: [RTGEN 206-500] Setting interface mode on port 'tdf11_top/dummy_val' to 'ap_none'.
INFO: [RTGEN 206-500] Setting interface mode on port 'tdf11_top/out_data' to 'ap_memory'.
INFO: [RTGEN 206-500] Setting interface mode on function 'tdf11_top' to 'ap_ctrl_hs'.
INFO: [RTGEN 206-100] Finished creating RTL model for 'tdf11_top'.
INFO: [HLS 200-111] Finished Creating RTL model: CPU user time: 3.04 seconds. CPU system time: 0.02 seconds. Elapsed time: 3.12 seconds; current allocated memory: 563.815 MB.
INFO: [RTMG 210-278] Implementing memory 'tdf11_top_tdf11_l2_writeOutputs3_running_sums_ram (RAM_T2P_BRAM)' using block RAMs with power-on initialization.
INFO: [HLS 200-741] Implementing PIPO tdf11_top_dataflow_in_loop_TOP_LOOP_ifmap_vec_0_memcore using a single memory for all blocks
INFO: [RTMG 210-278] Implementing memory 'tdf11_top_dataflow_in_loop_TOP_LOOP_ifmap_vec_0_memcore_ram (RAM)' using auto RAMs.
INFO: [HLS 200-741] Implementing PIPO tdf11_top_dataflow_in_loop_TOP_LOOP_l2_products_0_memcore using a single memory for all blocks
INFO: [RTMG 210-278] Implementing memory 'tdf11_top_dataflow_in_loop_TOP_LOOP_l2_products_0_memcore_ram (RAM)' using block RAMs.
INFO: [RTMG 210-285] Implementing FIFO 'indices_01_c_U(tdf11_top_fifo_w16_d2_S)' using Shift Registers.
INFO: [RTMG 210-285] Implementing FIFO 'indices_12_c_U(tdf11_top_fifo_w16_d2_S)' using Shift Registers.
INFO: [RTMG 210-285] Implementing FIFO 'indices_23_c_U(tdf11_top_fifo_w9_d2_S)' using Shift Registers.
INFO: [RTMG 210-285] Implementing FIFO 'indices_23_c1_U(tdf11_top_fifo_w13_d7_S)' using Shift Registers.
INFO: [RTMG 210-285] Implementing FIFO 'write4_c_U(tdf11_top_fifo_w1_d9_S)' using Shift Registers.
INFO: [RTMG 210-285] Implementing FIFO 'indices_01_c2_U(tdf11_top_fifo_w4_d8_S)' using Shift Registers.
INFO: [RTMG 210-285] Implementing FIFO 'indices_12_c3_U(tdf11_top_fifo_w8_d8_S)' using Shift Registers.
INFO: [RTMG 210-285] Implementing FIFO 'accum1_out_0_0_U(tdf11_top_fifo_w16_d2_S)' using Shift Registers.
INFO: [RTMG 210-285] Implementing FIFO 'accum1_out_0_1_U(tdf11_top_fifo_w16_d2_S)' using Shift Registers.
INFO: [RTMG 210-285] Implementing FIFO 'accum1_out_0_2_U(tdf11_top_fifo_w16_d2_S)' using Shift Registers.
INFO: [RTMG 210-285] Implementing FIFO 'accum1_out_0_3_U(tdf11_top_fifo_w16_d2_S)' using Shift Registers.
INFO: [RTMG 210-285] Implementing FIFO 'accum1_out_0_4_U(tdf11_top_fifo_w16_d2_S)' using Shift Registers.
INFO: [RTMG 210-285] Implementing FIFO 'tmp_channel_U(tdf11_top_fifo_w16_d2_S)' using Shift Registers.
INFO: [RTMG 210-285] Implementing FIFO 'sums_0_U(tdf11_top_fifo_w16_d2_S)' using Shift Registers.
INFO: [RTMG 210-285] Implementing FIFO 'indices_23_c4_U(tdf11_top_fifo_w13_d2_S)' using Shift Registers.
INFO: [RTMG 210-285] Implementing FIFO 'intermediate_fmaps_0_U(tdf11_top_fifo_w16_d2_S)' using Shift Registers.
INFO: [RTMG 210-285] Implementing FIFO 'start_for_tdf11_readFilters7_U0_U(tdf11_top_start_for_tdf11_readFilters7_U0)' using Shift Registers.
WARNING: [RTMG 210-274] Memory 'tdf11_top_in_data' is read-only, switch it to a ROM.
INFO: [RTMG 210-279] Implementing memory 'tdf11_top_in_data_rom' using ultra ROMs.
INFO: [RTMG 210-278] Implementing memory 'tdf11_top_l1_filter_data_ram (RAM_2P_URAM)' using ultra RAMs.
INFO: [RTMG 210-278] Implementing memory 'tdf11_top_l2_filter_data_0_ram (RAM_2P_BRAM)' using block RAMs.
WARNING: [RTMG 210-274] Memory 'tdf11_top_l2_filter_data_1' is read-only, switch it to a ROM.
INFO: [RTMG 210-279] Implementing memory 'tdf11_top_l2_filter_data_1_rom' using block ROMs.
INFO: [RTMG 210-278] Implementing memory 'tdf11_top_l1_adjustments_ram (RAM_2P_BRAM)' using block RAMs.
INFO: [RTMG 210-278] Implementing memory 'tdf11_top_l2_adjustments_ram (RAM_2P_BRAM)' using block RAMs.
INFO: [HLS 200-741] Implementing PIPO tdf11_top_dataflow_in_loop_TOP_LOOP_ifmap_vec_0_memcore using a single memory for all blocks
INFO: [HLS 200-741] Implementing PIPO tdf11_top_dataflow_in_loop_TOP_LOOP_l2_products_0_memcore using a single memory for all blocks
INFO: [HLS 200-741] Implementing PIPO tdf11_top_dataflow_in_loop_TOP_LOOP_ifmap_vec_0_memcore using a single memory for all blocks
INFO: [HLS 200-741] Implementing PIPO tdf11_top_dataflow_in_loop_TOP_LOOP_l2_products_0_memcore using a single memory for all blocks
INFO: [HLS 200-111] Finished Generating all RTL models: CPU user time: 9.91 seconds. CPU system time: 0.56 seconds. Elapsed time: 12.77 seconds; current allocated memory: 574.538 MB.
INFO: [VHDL 208-304] Generating VHDL RTL for tdf11_top.
INFO: [VLOG 209-307] Generating Verilog RTL for tdf11_top.
INFO: [HLS 200-790] **** Loop Constraint Status: All loop constraints were satisfied.
INFO: [HLS 200-789] **** Estimated Fmax: 137.53 MHz
INFO: [HLS 200-111] Finished Command csynth_design CPU user time: 114.95 seconds. CPU system time: 5.03 seconds. Elapsed time: 126.17 seconds; current allocated memory: 580.271 MB.
INFO: [HLS 200-112] Total CPU user time: 209.71 seconds. Total CPU system time: 8.14 seconds. Total elapsed time: 222.93 seconds; peak allocated memory: 574.538 MB.
INFO: [Common 17-206] Exiting vitis_hls at Wed Mar 17 18:12:53 2021...
