
****** Vitis HLS - High-Level Synthesis from C, C++ and OpenCL v2020.2 (64-bit)
  **** SW Build 3064766 on Wed Nov 18 09:12:47 MST 2020
  **** IP Build 3064653 on Wed Nov 18 14:17:31 MST 2020
    ** Copyright 1986-2020 Xilinx, Inc. All Rights Reserved.

source /usr/local/packages/xilinx_2020/Vitis_HLS/2020.2/scripts/vitis_hls/hls.tcl -notrace
INFO: [HLS 200-10] Running '/usr/local/packages/xilinx_2020/Vitis_HLS/2020.2/bin/unwrapped/lnx64.o/vitis_hls'
INFO: [HLS 200-10] For user 'drauch' on host 'yoshi.ece.utexas.edu' (Linux_x86_64 version 3.10.0-1160.11.1.el7.x86_64) on Mon Mar 15 15:48:11 CDT 2021
INFO: [HLS 200-10] On os "CentOS Linux release 7.9.2009 (Core)"
INFO: [HLS 200-10] In directory '/home/ecelrc/students/drauch/research/scale-cnn/networks/td_fused/layers/tdf8/r16_o4'
Sourcing Tcl script 'tdf8.tcl'
INFO: [HLS 200-1510] Running: open_project -reset tdf8_prj 
INFO: [HLS 200-10] Creating and opening project '/home/ecelrc/students/drauch/research/scale-cnn/networks/td_fused/layers/tdf8/r16_o4/tdf8_prj'.
INFO: [HLS 200-1510] Running: add_files -cflags -I .. -I /home/ecelrc/students/drauch/research/scale-cnn/common -D FAST_COMPILE=0 /home/ecelrc/students/drauch/research/scale-cnn/common/global_defines.h tdf8.cpp 
INFO: [HLS 200-10] Adding design file '/home/ecelrc/students/drauch/research/scale-cnn/common/global_defines.h' to the project
INFO: [HLS 200-10] Adding design file 'tdf8.cpp' to the project
INFO: [HLS 200-1510] Running: add_files -tb -cflags -I .. -I /home/ecelrc/students/drauch/research/scale-cnn/common/test -I /home/ecelrc/students/drauch/research/scale-cnn/common /home/ecelrc/students/drauch/research/scale-cnn/common/test/tb_utils.cpp ../test/golden.cpp ../test/tb_tdf8.cpp 
INFO: [HLS 200-10] Adding test bench file '/home/ecelrc/students/drauch/research/scale-cnn/common/test/tb_utils.cpp' to the project
INFO: [HLS 200-10] Adding test bench file '../test/golden.cpp' to the project
INFO: [HLS 200-10] Adding test bench file '../test/tb_tdf8.cpp' to the project
INFO: [HLS 200-1510] Running: set_top tdf8_top 
INFO: [HLS 200-1510] Running: open_solution -reset solution1 
INFO: [HLS 200-10] Creating and opening solution '/home/ecelrc/students/drauch/research/scale-cnn/networks/td_fused/layers/tdf8/r16_o4/tdf8_prj/solution1'.
INFO: [HLS 200-10] Cleaning up the solution database.
WARNING: [HLS 200-40] No /home/ecelrc/students/drauch/research/scale-cnn/networks/td_fused/layers/tdf8/r16_o4/tdf8_prj/solution1/solution1.aps file found.
INFO: [HLS 200-1505] Using default flow_target 'vivado'
Resolution: For help on HLS 200-1505 see www.xilinx.com/cgi-bin/docs/rdoc?v=2020.2;t=hls+guidance;d=200-1505.html
INFO: [HLS 200-1510] Running: set_part xcvu3p-ffvc1517-3-e 
INFO: [HLS 200-10] Setting target device to 'xcvu3p-ffvc1517-3-e'
INFO: [HLS 200-1510] Running: create_clock -period 10 
INFO: [SYN 201-201] Setting up clock 'default' with a period of 10ns.
INFO: [HLS 200-1510] Running: set_directive_bind_storage -type ram_s2p -impl uram tdf8_top in_data 
INFO: [HLS 200-1510] Running: set_directive_bind_storage -type ram_s2p -impl uram tdf8_top out_data 
INFO: [HLS 200-1510] Running: set_directive_bind_storage -type ram_2p -impl bram tdf8_top filter_data 
INFO: [HLS 200-1510] Running: set_directive_bind_storage -type ram_2p -impl bram tdf8_top adjustments 
INFO: [HLS 200-1510] Running: set_directive_array_reshape -type cyclic -factor 16 tdf8_top in_data -dim 3 
INFO: [HLS 200-1510] Running: set_directive_array_reshape -type cyclic -factor 16 tdf8_top filter_data -dim 4 
INFO: [HLS 200-1510] Running: set_directive_array_reshape -type cyclic -factor 4 tdf8_top out_data -dim 3 
INFO: [HLS 200-1510] Running: set_directive_array_reshape -type cyclic -factor 4 tdf8_top adjustments -dim 2 
INFO: [HLS 200-1510] Running: set_directive_array_partition -type cyclic -factor 4 -dim 1 tdf8_top filter_data 
INFO: [HLS 200-1510] Running: set_directive_array_partition -type cyclic -factor 4 -dim 1 tdf8 weight_vecs 
INFO: [HLS 200-1510] Running: set_directive_array_partition -type cyclic -factor 4 -dim 1 tdf8 products 
INFO: [HLS 200-1510] Running: set_directive_array_partition -type cyclic -factor 16 -dim 3 tdf8 ifmap_vec 
INFO: [HLS 200-1510] Running: set_directive_array_partition -type cyclic -factor 16 -dim 4 tdf8 weight_vecs 
INFO: [HLS 200-1510] Running: set_directive_array_partition -type cyclic -factor 16 -dim 2 tdf8 products 
INFO: [HLS 200-1510] Running: set_directive_pipeline tdf8_readInputs/IL6 
INFO: [HLS 200-1510] Running: set_directive_unroll -factor 16 tdf8_readInputs/IL6 
INFO: [HLS 200-1510] Running: set_directive_pipeline tdf8_readFilters/FL6 
INFO: [HLS 200-1510] Running: set_directive_unroll -factor 16 tdf8_readFilters/FL6 
INFO: [HLS 200-1510] Running: set_directive_pipeline tdf8_dot_product/DP_OUTER_3 
INFO: [HLS 200-1510] Running: set_directive_unroll -factor 16 tdf8_dot_product/DP_OUTER_3 
INFO: [HLS 200-1510] Running: set_directive_dataflow tdf8/TOP_LOOP 
INFO: [HLS 200-1510] Running: config_op hadd -impl fulldsp -latency 1 
INFO: [HLS 200-1445] Configure operator 'hadd' with implementation style 'fulldsp'.
INFO: [HLS 200-1446] Configure operator 'hadd' with latency 1.
INFO: [HLS 200-1510] Running: config_op hmul -impl maxdsp -latency 1 
INFO: [HLS 200-1445] Configure operator 'hmul' with implementation style 'maxdsp'.
INFO: [HLS 200-1446] Configure operator 'hmul' with latency 1.
INFO: [HLS 200-1510] Running: csim_design -clean 
INFO: [SIM 211-2] *************** CSIM start ***************
INFO: [SIM 211-4] CSIM will launch GCC as the compiler.
   Compiling ../../../../../../../../../common/test/tb_utils.cpp in debug mode
   Compiling ../../../../../test/golden.cpp in debug mode
   Compiling ../../../../../test/tb_tdf8.cpp in debug mode
   Compiling ../../../../tdf8.cpp in debug mode
   Generating csim.exe
In file included from /usr/local/packages/xilinx_2020/Vitis_HLS/2020.2/include/hls_hotbm_apfixed.h:45:0,
                 from /usr/local/packages/xilinx_2020/Vitis_HLS/2020.2/include/hls_math.h:1065,
                 from ../../../../tdf8_conv_stages.h:8,
                 from ../../../../tdf8.cpp:6:
/usr/local/packages/xilinx_2020/Vitis_HLS/2020.2/include/utils/x_hls_utils.h:243:40: warning: ‘hls_preserve’ attribute directive ignored [-Wattributes]
 __attribute__((hls_preserve)) T reg(T d)
                                        ^
Beginning functional validation.
Generating random inputs.
Running synthesized function...
Running golden comparison function...
Comparing expected vs. actual values.
0 out of 50176 points exceeded low error threshold.
25642 out of 50176 points equaled their exact expected values.
Validation successful.
INFO: [SIM 211-1] CSim done with 0 errors.
INFO: [SIM 211-3] *************** CSIM finish ***************
INFO: [HLS 200-111] Finished Command csim_design CPU user time: 61.65 seconds. CPU system time: 1.25 seconds. Elapsed time: 63.24 seconds; current allocated memory: 240.075 MB.
INFO: [HLS 200-1510] Running: config_dataflow -strict_mode off 
INFO: [HLS 200-1510] Running: csynth_design 
INFO: [HLS 200-111] Finished File checks and directory preparation: CPU user time: 0.01 seconds. CPU system time: 0 seconds. Elapsed time: 0.02 seconds; current allocated memory: 240.333 MB.
INFO: [HLS 200-10] Analyzing design file 'tdf8.cpp' ... 
WARNING: [HLS 207-5510] 'Resource pragma' is deprecated, and it will be removed in future release. It is suggested to replace it with 'bind_op/bind_storage pragma'.: /usr/local/packages/xilinx_2020/Vitis_HLS/2020.2/common/technology/autopilot/hls_hotbm_apfixed.h:117:9
WARNING: [HLS 207-5510] 'Resource pragma' is deprecated, and it will be removed in future release. It is suggested to replace it with 'bind_op/bind_storage pragma'.: /usr/local/packages/xilinx_2020/Vitis_HLS/2020.2/common/technology/autopilot/hls_hotbm_apfixed.h:118:9
WARNING: [HLS 207-5510] 'Resource pragma' is deprecated, and it will be removed in future release. It is suggested to replace it with 'bind_op/bind_storage pragma'.: /usr/local/packages/xilinx_2020/Vitis_HLS/2020.2/common/technology/autopilot/hls_hotbm_apfixed.h:119:9
WARNING: [HLS 207-5510] 'Resource pragma' is deprecated, and it will be removed in future release. It is suggested to replace it with 'bind_op/bind_storage pragma'.: /usr/local/packages/xilinx_2020/Vitis_HLS/2020.2/common/technology/autopilot/hls_hotbm_apfixed.h:120:9
WARNING: [HLS 207-5510] 'Resource pragma' is deprecated, and it will be removed in future release. It is suggested to replace it with 'bind_op/bind_storage pragma'.: /usr/local/packages/xilinx_2020/Vitis_HLS/2020.2/common/technology/autopilot/hls_hotbm_apfixed.h:121:9
WARNING: [HLS 207-5510] 'Resource pragma' is deprecated, and it will be removed in future release. It is suggested to replace it with 'bind_op/bind_storage pragma'.: /usr/local/packages/xilinx_2020/Vitis_HLS/2020.2/common/technology/autopilot/hls_hotbm_apfixed.h:151:9
WARNING: [HLS 207-5510] 'Resource pragma' is deprecated, and it will be removed in future release. It is suggested to replace it with 'bind_op/bind_storage pragma'.: /usr/local/packages/xilinx_2020/Vitis_HLS/2020.2/common/technology/autopilot/hls_hotbm_apfixed.h:152:9
WARNING: [HLS 207-5510] 'Resource pragma' is deprecated, and it will be removed in future release. It is suggested to replace it with 'bind_op/bind_storage pragma'.: /usr/local/packages/xilinx_2020/Vitis_HLS/2020.2/common/technology/autopilot/hls_hotbm_apfixed.h:153:9
WARNING: [HLS 207-5510] 'Resource pragma' is deprecated, and it will be removed in future release. It is suggested to replace it with 'bind_op/bind_storage pragma'.: /usr/local/packages/xilinx_2020/Vitis_HLS/2020.2/common/technology/autopilot/hls_hotbm_apfixed.h:154:9
WARNING: [HLS 207-5510] 'Resource pragma' is deprecated, and it will be removed in future release. It is suggested to replace it with 'bind_op/bind_storage pragma'.: /usr/local/packages/xilinx_2020/Vitis_HLS/2020.2/common/technology/autopilot/hls_hotbm_apfixed.h:155:9
WARNING: [HLS 207-5510] 'Resource pragma' is deprecated, and it will be removed in future release. It is suggested to replace it with 'bind_op/bind_storage pragma'.: /usr/local/packages/xilinx_2020/Vitis_HLS/2020.2/common/technology/autopilot/hls_hotbm_apfixed.h:156:9
WARNING: [HLS 207-5510] 'Resource pragma' is deprecated, and it will be removed in future release. It is suggested to replace it with 'bind_op/bind_storage pragma'.: /usr/local/packages/xilinx_2020/Vitis_HLS/2020.2/common/technology/autopilot/hls_hotbm_apfixed.h:157:9
WARNING: [HLS 207-5510] 'Resource pragma' is deprecated, and it will be removed in future release. It is suggested to replace it with 'bind_op/bind_storage pragma'.: /usr/local/packages/xilinx_2020/Vitis_HLS/2020.2/common/technology/autopilot/hls_hotbm_apfixed.h:158:9
WARNING: [HLS 207-5510] 'Resource pragma' is deprecated, and it will be removed in future release. It is suggested to replace it with 'bind_op/bind_storage pragma'.: /usr/local/packages/xilinx_2020/Vitis_HLS/2020.2/common/technology/autopilot/hls_hotbm_apfixed.h:159:9
WARNING: [HLS 207-5510] 'Resource pragma' is deprecated, and it will be removed in future release. It is suggested to replace it with 'bind_op/bind_storage pragma'.: /usr/local/packages/xilinx_2020/Vitis_HLS/2020.2/common/technology/autopilot/hls_hotbm_apfixed.h:160:9
WARNING: [HLS 207-5510] 'Resource pragma' is deprecated, and it will be removed in future release. It is suggested to replace it with 'bind_op/bind_storage pragma'.: /usr/local/packages/xilinx_2020/Vitis_HLS/2020.2/common/technology/autopilot/hls_hotbm_apfixed.h:210:9
WARNING: [HLS 207-5510] 'Resource pragma' is deprecated, and it will be removed in future release. It is suggested to replace it with 'bind_op/bind_storage pragma'.: /usr/local/packages/xilinx_2020/Vitis_HLS/2020.2/common/technology/autopilot/hls_hotbm_apfixed.h:211:9
WARNING: [HLS 207-5510] 'Resource pragma' is deprecated, and it will be removed in future release. It is suggested to replace it with 'bind_op/bind_storage pragma'.: /usr/local/packages/xilinx_2020/Vitis_HLS/2020.2/common/technology/autopilot/hls_hotbm_apfixed.h:212:9
WARNING: [HLS 207-5510] 'Resource pragma' is deprecated, and it will be removed in future release. It is suggested to replace it with 'bind_op/bind_storage pragma'.: /usr/local/packages/xilinx_2020/Vitis_HLS/2020.2/common/technology/autopilot/hls_hotbm_apfixed.h:239:9
WARNING: [HLS 207-5510] 'Resource pragma' is deprecated, and it will be removed in future release. It is suggested to replace it with 'bind_op/bind_storage pragma'.: /usr/local/packages/xilinx_2020/Vitis_HLS/2020.2/common/technology/autopilot/hls_hotbm_apfixed.h:240:9
WARNING: [HLS 207-5510] 'Resource pragma' is deprecated, and it will be removed in future release. It is suggested to replace it with 'bind_op/bind_storage pragma'.: /usr/local/packages/xilinx_2020/Vitis_HLS/2020.2/common/technology/autopilot/hls_hotbm_apfixed.h:241:9
WARNING: [HLS 207-5510] 'Resource pragma' is deprecated, and it will be removed in future release. It is suggested to replace it with 'bind_op/bind_storage pragma'.: /usr/local/packages/xilinx_2020/Vitis_HLS/2020.2/common/technology/autopilot/hls_hotbm_apfixed.h:242:9
WARNING: [HLS 207-5510] 'Resource pragma' is deprecated, and it will be removed in future release. It is suggested to replace it with 'bind_op/bind_storage pragma'.: /usr/local/packages/xilinx_2020/Vitis_HLS/2020.2/common/technology/autopilot/hls_hotbm_apfixed.h:243:9
WARNING: [HLS 207-5510] 'Resource pragma' is deprecated, and it will be removed in future release. It is suggested to replace it with 'bind_op/bind_storage pragma'.: /usr/local/packages/xilinx_2020/Vitis_HLS/2020.2/common/technology/autopilot/hls_hotbm_apfixed.h:244:9
WARNING: [HLS 207-5510] 'Resource pragma' is deprecated, and it will be removed in future release. It is suggested to replace it with 'bind_op/bind_storage pragma'.: /usr/local/packages/xilinx_2020/Vitis_HLS/2020.2/common/technology/autopilot/hls_hotbm_apfixed.h:280:9
WARNING: [HLS 207-5510] 'Resource pragma' is deprecated, and it will be removed in future release. It is suggested to replace it with 'bind_op/bind_storage pragma'.: /usr/local/packages/xilinx_2020/Vitis_HLS/2020.2/common/technology/autopilot/hls_hotbm_apfixed.h:281:9
WARNING: [HLS 207-5301] unused parameter 'k': ./tdf8_conv_stages.h:76:37
INFO: [HLS 200-111] Finished Source Code Analysis and Preprocessing: CPU user time: 33.8 seconds. CPU system time: 2.82 seconds. Elapsed time: 36.92 seconds; current allocated memory: 243.773 MB.
INFO: [HLS 200-777] Using interface defaults for 'Vivado' flow target.
INFO: [HLS 214-131] Inlining function 'adjust(decimal16, decimal16, decimal16, decimal16)' into 'tdf8_adjust(decimal16*, decimal16*, decimal16 (*) [4], unsigned short)' (./tdf8_conv_stages.h:223:20)
WARNING: [HLS 214-185] The resource pragma (storage) on function argument, in 'call' is unsupported (tdf8.cpp:311:9)
INFO: [HLS 214-188] Unrolling loop 'IL6' (./tdf8_conv_stages.h:25:15) in function 'tdf8_readInputs' partially with a factor of 16 (./tdf8_conv_stages.h:25:15)
INFO: [HLS 214-188] Unrolling loop 'FL6' (./tdf8_conv_stages.h:49:15) in function 'tdf8_readFilters' partially with a factor of 16 (./tdf8_conv_stages.h:49:15)
INFO: [HLS 214-186] Unrolling loop 'FL7' (./tdf8_conv_stages.h:50:18) in function 'tdf8_readFilters' completely with a factor of 4 (./tdf8_conv_stages.h:50:18)
INFO: [HLS 214-186] Unrolling loop 'FL7' (./tdf8_conv_stages.h:50:18) in function 'tdf8_readFilters' completely with a factor of 4 (./tdf8_conv_stages.h:50:18)
INFO: [HLS 214-186] Unrolling loop 'FL7' (./tdf8_conv_stages.h:50:18) in function 'tdf8_readFilters' completely with a factor of 4 (./tdf8_conv_stages.h:50:18)
INFO: [HLS 214-186] Unrolling loop 'FL7' (./tdf8_conv_stages.h:50:18) in function 'tdf8_readFilters' completely with a factor of 4 (./tdf8_conv_stages.h:50:18)
INFO: [HLS 214-186] Unrolling loop 'FL7' (./tdf8_conv_stages.h:50:18) in function 'tdf8_readFilters' completely with a factor of 4 (./tdf8_conv_stages.h:50:18)
INFO: [HLS 214-186] Unrolling loop 'FL7' (./tdf8_conv_stages.h:50:18) in function 'tdf8_readFilters' completely with a factor of 4 (./tdf8_conv_stages.h:50:18)
INFO: [HLS 214-186] Unrolling loop 'FL7' (./tdf8_conv_stages.h:50:18) in function 'tdf8_readFilters' completely with a factor of 4 (./tdf8_conv_stages.h:50:18)
INFO: [HLS 214-186] Unrolling loop 'FL7' (./tdf8_conv_stages.h:50:18) in function 'tdf8_readFilters' completely with a factor of 4 (./tdf8_conv_stages.h:50:18)
INFO: [HLS 214-186] Unrolling loop 'FL7' (./tdf8_conv_stages.h:50:18) in function 'tdf8_readFilters' completely with a factor of 4 (./tdf8_conv_stages.h:50:18)
INFO: [HLS 214-186] Unrolling loop 'FL7' (./tdf8_conv_stages.h:50:18) in function 'tdf8_readFilters' completely with a factor of 4 (./tdf8_conv_stages.h:50:18)
INFO: [HLS 214-186] Unrolling loop 'FL7' (./tdf8_conv_stages.h:50:18) in function 'tdf8_readFilters' completely with a factor of 4 (./tdf8_conv_stages.h:50:18)
INFO: [HLS 214-186] Unrolling loop 'FL7' (./tdf8_conv_stages.h:50:18) in function 'tdf8_readFilters' completely with a factor of 4 (./tdf8_conv_stages.h:50:18)
INFO: [HLS 214-186] Unrolling loop 'FL7' (./tdf8_conv_stages.h:50:18) in function 'tdf8_readFilters' completely with a factor of 4 (./tdf8_conv_stages.h:50:18)
INFO: [HLS 214-186] Unrolling loop 'FL7' (./tdf8_conv_stages.h:50:18) in function 'tdf8_readFilters' completely with a factor of 4 (./tdf8_conv_stages.h:50:18)
INFO: [HLS 214-186] Unrolling loop 'FL7' (./tdf8_conv_stages.h:50:18) in function 'tdf8_readFilters' completely with a factor of 4 (./tdf8_conv_stages.h:50:18)
INFO: [HLS 214-186] Unrolling loop 'FL7' (./tdf8_conv_stages.h:50:18) in function 'tdf8_readFilters' completely with a factor of 4 (./tdf8_conv_stages.h:50:18)
INFO: [HLS 214-186] Unrolling loop 'VITIS_LOOP_117_2' (./tdf8_conv_stages.h:117:25) in function 'tdf8_writeOutputs_aligned' completely with a factor of 4 (./tdf8_conv_stages.h:117:25)
INFO: [HLS 214-188] Unrolling loop 'DP_OUTER_3' (./tdf8_conv_stages.h:149:22) in function 'tdf8_dot_product' partially with a factor of 16 (./tdf8_conv_stages.h:149:22)
INFO: [HLS 214-186] Unrolling loop 'VITIS_LOOP_21_1' (tdf8.cpp:21:19) in function 'tdf8_poolOutputs' completely with a factor of 4 (tdf8.cpp:21:19)
INFO: [HLS 214-178] Inlining function 'fp_struct<decimal16>::fp_struct(decimal16)' into 'int generic_signbit<decimal16>(decimal16)' (/wrk/ci/prod/2020.2/rdi_builds/continuous/2020_11_18_3064766/src/shared/hls/clib/hlsmath/include/FloatingPoint/hls_signbit.h:11:0)
INFO: [HLS 214-178] Inlining function 'fp_struct<decimal16>::__signbit() const' into 'int generic_signbit<decimal16>(decimal16)' (/wrk/ci/prod/2020.2/rdi_builds/continuous/2020_11_18_3064766/src/shared/hls/clib/hlsmath/include/FloatingPoint/hls_signbit.h:11:0)
INFO: [HLS 214-178] Inlining function 'int generic_signbit<decimal16>(decimal16)' into 'hls::signbit(decimal16)' (/wrk/ci/prod/2020.2/rdi_builds/continuous/2020_11_18_3064766/src/shared/hls/clib/hlsmath/src/c++/signbithalf.cpp:7:0)
INFO: [HLS 214-178] Inlining function 'hls::signbit(decimal16)' into 'tdf8_adjust(decimal16*, decimal16*, decimal16 (*) [4], unsigned short)' (./tdf8_conv_stages.h:212:0)
WARNING: [HLS 214-167] The program may have out of bound array access (tdf8.cpp:23:42)
WARNING: [HLS 214-167] The program may have out of bound array access (tdf8.cpp:24:19)
WARNING: [HLS 214-167] The program may have out of bound array access (tdf8.cpp:23:42)
WARNING: [HLS 214-167] The program may have out of bound array access (tdf8.cpp:24:19)
WARNING: [HLS 214-167] The program may have out of bound array access (tdf8.cpp:23:42)
WARNING: [HLS 214-167] The program may have out of bound array access (tdf8.cpp:24:19)
WARNING: [HLS 214-167] The program may have out of bound array access (tdf8.cpp:23:42)
WARNING: [HLS 214-167] The program may have out of bound array access (tdf8.cpp:24:19)
INFO: [HLS 214-248] cyclic reshaped array 'out_data' on dimension 3 with 4 (tdf8.cpp:310:137)
INFO: [HLS 200-111] Finished Compiling Optimization and Transform: CPU user time: 10.71 seconds. CPU system time: 0.75 seconds. Elapsed time: 11.97 seconds; current allocated memory: 249.519 MB.
INFO: [HLS 200-111] Finished Checking Pragmas: CPU user time: 0.01 seconds. CPU system time: 0 seconds. Elapsed time: 0 seconds; current allocated memory: 249.521 MB.
INFO: [HLS 200-10] Starting code transformations ...
INFO: [HLS 200-111] Finished Standard Transforms: CPU user time: 0.42 seconds. CPU system time: 0.03 seconds. Elapsed time: 0.55 seconds; current allocated memory: 271.197 MB.
INFO: [HLS 200-10] Checking synthesizability ...
INFO: [HLS 200-111] Finished Checking Synthesizability: CPU user time: 0.62 seconds. CPU system time: 0.04 seconds. Elapsed time: 0.69 seconds; current allocated memory: 293.705 MB.
INFO: [XFORM 203-502] Unrolling all sub-loops inside loop 'IL_LOOP' (tdf8.cpp:104) in function 'tdf8_accum_2' for pipelining.
INFO: [XFORM 203-502] Unrolling all sub-loops inside loop 'DP_OUTER_3' (./tdf8_conv_stages.h:149) in function 'tdf8_dot_product' for pipelining.
INFO: [XFORM 203-502] Unrolling all sub-loops inside loop 'IL_LOOP' (tdf8.cpp:44) in function 'tdf8_accum_1' for pipelining.
INFO: [HLS 200-489] Unrolling loop 'WRPC_LOOP' (tdf8.cpp:112) in function 'tdf8_accum_2' completely with a factor of 4.
INFO: [HLS 200-489] Unrolling loop 'DP_INNER' (./tdf8_conv_stages.h:152) in function 'tdf8_dot_product' completely with a factor of 4.
INFO: [HLS 200-489] Unrolling loop 'WRPC_LOOP' (tdf8.cpp:52) in function 'tdf8_accum_1' completely with a factor of 32.
WARNING: [HLS 200-1476] Applying partition directive (tdf8.cpp:312:4) and reshape directive (tdf8.cpp:313:9) on the same variable 'filter_data' (tdf8.cpp:312) may lead to unexpected synthesis behaviors.\

INFO: [XFORM 203-131] Reshaping array 'in_data' (tdf8.cpp:311) in dimension 3 with a cyclic factor of 16.
INFO: [XFORM 203-131] Reshaping array 'filter_data' (tdf8.cpp:312) in dimension 4 with a cyclic factor of 16.
INFO: [XFORM 203-131] Reshaping array 'adjustments' (tdf8.cpp:313) in dimension 2 completely.
INFO: [XFORM 203-101] Partitioning array 'ifmap_vec' (tdf8.cpp:243) in dimension 3 with a cyclic factor 16.
INFO: [XFORM 203-101] Partitioning array 'weight_vecs' (tdf8.cpp:244) in dimension 1 completely.
INFO: [XFORM 203-101] Partitioning array 'products' (tdf8.cpp:245) in dimension 1 completely.
INFO: [XFORM 203-101] Partitioning array 'sums' (tdf8.cpp:246) in dimension 1 completely.
INFO: [XFORM 203-101] Partitioning array 'outputs' (tdf8.cpp:247) in dimension 1 completely.
INFO: [XFORM 203-101] Partitioning array 'input_indices' (tdf8.cpp:250) in dimension 1 completely.
INFO: [XFORM 203-101] Partitioning array 'output_indices' (tdf8.cpp:251) in dimension 1 completely.
INFO: [XFORM 203-101] Partitioning array 'accum1_out_0' (tdf8.cpp:273) in dimension 1 with a cyclic factor 2.
INFO: [XFORM 203-101] Partitioning array 'accum1_out_1' (tdf8.cpp:274) in dimension 1 with a cyclic factor 2.
INFO: [XFORM 203-101] Partitioning array 'accum1_out_2' (tdf8.cpp:275) in dimension 1 with a cyclic factor 2.
INFO: [XFORM 203-101] Partitioning array 'accum1_out_3' (tdf8.cpp:276) in dimension 1 with a cyclic factor 2.
INFO: [XFORM 203-101] Partitioning array 'accum2_out_0' (tdf8.cpp:285) in dimension 1 completely.
INFO: [XFORM 203-101] Partitioning array 'accum2_out_1' (tdf8.cpp:286) in dimension 1 completely.
INFO: [XFORM 203-101] Partitioning array 'accum2_out_2' (tdf8.cpp:287) in dimension 1 completely.
INFO: [XFORM 203-101] Partitioning array 'accum2_out_3' (tdf8.cpp:288) in dimension 1 completely.
INFO: [XFORM 203-101] Partitioning array 'filter_data' (tdf8.cpp:312) in dimension 1 with a cyclic factor 4.
INFO: [XFORM 203-101] Partitioning array 'max_vals'  in dimension 1 completely.
INFO: [XFORM 203-101] Partitioning array 'vals' (tdf8.cpp:108) in dimension 1 completely.
INFO: [XFORM 203-101] Partitioning array 'vals' (tdf8.cpp:48) in dimension 1 completely.
INFO: [XFORM 203-101] Partitioning array 'weight_vecs' (tdf8.cpp:244) in dimension 4 with a cyclic factor 16.
INFO: [XFORM 203-101] Partitioning array 'products' (tdf8.cpp:245) in dimension 2 with a cyclic factor 16.
INFO: [XFORM 203-721] Extract dataflow region from loop TOP_LOOP (tdf8.cpp:240)  of function 'tdf8'.
INFO: [HLS 200-988] Store statement on variable  'sums[0]180' (tdf8.cpp:246) in a dataflow region ( 'dataflow_in_loop_TOP_LOOP' (tdf8.cpp:240:7)) will infer a separate dataflow process. Consider placing this store inside a function.
INFO: [HLS 200-988] Store statement on variable  'sums[1]181' (tdf8.cpp:246) in a dataflow region ( 'dataflow_in_loop_TOP_LOOP' (tdf8.cpp:240:7)) will infer a separate dataflow process. Consider placing this store inside a function.
INFO: [HLS 200-988] Store statement on variable  'sums[2]182' (tdf8.cpp:246) in a dataflow region ( 'dataflow_in_loop_TOP_LOOP' (tdf8.cpp:240:7)) will infer a separate dataflow process. Consider placing this store inside a function.
INFO: [HLS 200-988] Store statement on variable  'sums[3]183' (tdf8.cpp:246) in a dataflow region ( 'dataflow_in_loop_TOP_LOOP' (tdf8.cpp:240:7)) will infer a separate dataflow process. Consider placing this store inside a function.
INFO: [XFORM 203-712] Applying dataflow to function 'dataflow_in_loop_TOP_LOOP' (tdf8.cpp:240:7), detected/extracted 22 process function(s): 
	 'tdf8_get_next_ijk'
	 'tdf8_readInputs'
	 'tdf8_readFilters'
	 'tdf8_dot_product'
	 'tdf8_accum_1'
	 'tdf8_accum_1'
	 'tdf8_accum_1'
	 'tdf8_accum_1'
	 'tdf8_accum_2'
	 'tdf8_accum_2'
	 'tdf8_accum_2'
	 'tdf8_accum_2'
	 'tdf8_accum_3'
	 'Block_entry_proc_proc'
	 'tdf8_accum_3'
	 'Block_entry_proc_proc38'
	 'tdf8_accum_3'
	 'Block_entry_proc_proc39'
	 'tdf8_accum_3'
	 'Block_entry_proc_proc40'
	 'tdf8_adjust'
	 'tdf8_poolOutputs'.
INFO: [XFORM 203-401] Performing if-conversion on hyperblock in function 'tdf8_get_next_ijk'... converting 6 basic blocks.
INFO: [XFORM 203-401] Performing if-conversion on hyperblock from (tdf8.cpp:104:13) to (tdf8.cpp:120:28) in function 'tdf8_accum_2.3'... converting 5 basic blocks.
INFO: [XFORM 203-401] Performing if-conversion on hyperblock from (tdf8.cpp:104:13) to (tdf8.cpp:120:28) in function 'tdf8_accum_2.2'... converting 5 basic blocks.
INFO: [XFORM 203-401] Performing if-conversion on hyperblock from (tdf8.cpp:104:13) to (tdf8.cpp:120:28) in function 'tdf8_accum_2.1'... converting 5 basic blocks.
INFO: [XFORM 203-401] Performing if-conversion on hyperblock from (tdf8.cpp:104:13) to (tdf8.cpp:120:28) in function 'tdf8_accum_2'... converting 5 basic blocks.
INFO: [HLS 200-111] Finished Loop, function and other optimizations: CPU user time: 5.75 seconds. CPU system time: 0.13 seconds. Elapsed time: 6.02 seconds; current allocated memory: 340.884 MB.
INFO: [XFORM 203-541] Flattening a loop nest 'IL5' (./tdf8_conv_stages.h:20:21) in function 'tdf8_readInputs'.
INFO: [XFORM 203-541] Flattening a loop nest 'IL4' (./tdf8_conv_stages.h:19:18) in function 'tdf8_readInputs'.
INFO: [XFORM 203-541] Flattening a loop nest 'FL5' (./tdf8_conv_stages.h:48:26) in function 'tdf8_readFilters'.
INFO: [XFORM 203-541] Flattening a loop nest 'FL4' (./tdf8_conv_stages.h:47:23) in function 'tdf8_readFilters'.
INFO: [XFORM 203-541] Flattening a loop nest 'DP_OUTER_2' (./tdf8_conv_stages.h:148:33) in function 'tdf8_dot_product'.
INFO: [XFORM 203-541] Flattening a loop nest 'DP_OUTER_1' (./tdf8_conv_stages.h:147:28) in function 'tdf8_dot_product'.
WARNING: [ANALYSIS 214-52] Found false inter dependency for variable 'products[0][0]' (./tdf8_conv_stages.h:139).
WARNING: [ANALYSIS 214-52] Found false inter dependency for variable 'products[0][2]' (./tdf8_conv_stages.h:139).
WARNING: [ANALYSIS 214-52] Found false inter dependency for variable 'products[0][1]' (./tdf8_conv_stages.h:139).
WARNING: [ANALYSIS 214-52] Found false inter dependency for variable 'products[0][5]' (./tdf8_conv_stages.h:139).
WARNING: [ANALYSIS 214-52] Found false inter dependency for variable 'products[0][9]' (./tdf8_conv_stages.h:139).
WARNING: [ANALYSIS 214-52] Found false inter dependency for variable 'products[2][8]' (./tdf8_conv_stages.h:139).
WARNING: [ANALYSIS 214-52] Found false inter dependency for variable 'products[2][6]' (./tdf8_conv_stages.h:139).
WARNING: [ANALYSIS 214-52] Found false inter dependency for variable 'products[2][3]' (./tdf8_conv_stages.h:139).
WARNING: [ANALYSIS 214-52] Found false inter dependency for variable 'products[3][12]' (./tdf8_conv_stages.h:139).
WARNING: [ANALYSIS 214-52] Found false inter dependency for variable 'products[3][10]' (./tdf8_conv_stages.h:139).
WARNING: [ANALYSIS 214-52] Found false inter dependency for variable 'products[3][8]' (./tdf8_conv_stages.h:139).
WARNING: [ANALYSIS 214-52] Found false inter dependency for variable 'products[3][6]' (./tdf8_conv_stages.h:139).
WARNING: [ANALYSIS 214-52] Found false inter dependency for variable 'products[3][4]' (./tdf8_conv_stages.h:139).
WARNING: [ANALYSIS 214-52] Found false inter dependency for variable 'products[3][2]' (./tdf8_conv_stages.h:139).
WARNING: [ANALYSIS 214-52] Found false inter dependency for variable 'products[3][0]' (./tdf8_conv_stages.h:139).
WARNING: [ANALYSIS 214-52] Found false inter dependency for variable 'products[3][15]' (./tdf8_conv_stages.h:139).
WARNING: [ANALYSIS 214-52] Found false inter dependency for variable 'products[3][13]' (./tdf8_conv_stages.h:139).
WARNING: [ANALYSIS 214-52] Found false inter dependency for variable 'products[1][13]' (./tdf8_conv_stages.h:139).
WARNING: [ANALYSIS 214-52] Found false inter dependency for variable 'products[3][7]' (./tdf8_conv_stages.h:139).
WARNING: [ANALYSIS 214-52] Found false inter dependency for variable 'products[2][12]' (./tdf8_conv_stages.h:139).
WARNING: [ANALYSIS 214-52] Found false inter dependency for variable 'products[1][15]' (./tdf8_conv_stages.h:139).
WARNING: [ANALYSIS 214-52] Found false inter dependency for variable 'products[1][8]' (./tdf8_conv_stages.h:139).
WARNING: [ANALYSIS 214-52] Found false inter dependency for variable 'products[0][13]' (./tdf8_conv_stages.h:139).
WARNING: [ANALYSIS 214-52] Found false inter dependency for variable 'products[1][0]' (./tdf8_conv_stages.h:139).
WARNING: [ANALYSIS 214-52] Found false inter dependency for variable 'products[0][10]' (./tdf8_conv_stages.h:139).
WARNING: [ANALYSIS 214-52] Found false inter dependency for variable 'products[3][3]' (./tdf8_conv_stages.h:139).
WARNING: [ANALYSIS 214-52] Found false inter dependency for variable 'products[3][5]' (./tdf8_conv_stages.h:139).
WARNING: [ANALYSIS 214-52] Found false inter dependency for variable 'products[2][2]' (./tdf8_conv_stages.h:139).
WARNING: [ANALYSIS 214-52] Found false inter dependency for variable 'products[3][11]' (./tdf8_conv_stages.h:139).
WARNING: [ANALYSIS 214-52] Found false inter dependency for variable 'products[2][1]' (./tdf8_conv_stages.h:139).
WARNING: [ANALYSIS 214-52] Found false inter dependency for variable 'products[1][9]' (./tdf8_conv_stages.h:139).
WARNING: [ANALYSIS 214-52] Found false inter dependency for variable 'products[2][4]' (./tdf8_conv_stages.h:139).
WARNING: [ANALYSIS 214-52] Found false inter dependency for variable 'products[1][4]' (./tdf8_conv_stages.h:139).
WARNING: [ANALYSIS 214-52] Found false inter dependency for variable 'products[2][15]' (./tdf8_conv_stages.h:139).
WARNING: [ANALYSIS 214-52] Found false inter dependency for variable 'products[1][10]' (./tdf8_conv_stages.h:139).
WARNING: [ANALYSIS 214-52] Found false inter dependency for variable 'products[1][1]' (./tdf8_conv_stages.h:139).
WARNING: [ANALYSIS 214-52] Found false inter dependency for variable 'products[1][6]' (./tdf8_conv_stages.h:139).
WARNING: [ANALYSIS 214-52] Found false inter dependency for variable 'products[0][4]' (./tdf8_conv_stages.h:139).
WARNING: [ANALYSIS 214-52] Found false inter dependency for variable 'products[0][15]' (./tdf8_conv_stages.h:139).
WARNING: [ANALYSIS 214-52] Found false inter dependency for variable 'products[2][11]' (./tdf8_conv_stages.h:139).
WARNING: [ANALYSIS 214-52] Found false inter dependency for variable 'products[2][5]' (./tdf8_conv_stages.h:139).
WARNING: [ANALYSIS 214-52] Found false inter dependency for variable 'products[1][12]' (./tdf8_conv_stages.h:139).
WARNING: [ANALYSIS 214-52] Found false inter dependency for variable 'products[3][1]' (./tdf8_conv_stages.h:139).
WARNING: [ANALYSIS 214-52] Found false inter dependency for variable 'products[1][7]' (./tdf8_conv_stages.h:139).
WARNING: [ANALYSIS 214-52] Found false inter dependency for variable 'products[1][14]' (./tdf8_conv_stages.h:139).
WARNING: [ANALYSIS 214-52] Found false inter dependency for variable 'products[2][0]' (./tdf8_conv_stages.h:139).
WARNING: [ANALYSIS 214-52] Found false inter dependency for variable 'products[2][10]' (./tdf8_conv_stages.h:139).
WARNING: [ANALYSIS 214-52] Found false inter dependency for variable 'products[0][6]' (./tdf8_conv_stages.h:139).
WARNING: [ANALYSIS 214-52] Found false inter dependency for variable 'products[0][14]' (./tdf8_conv_stages.h:139).
WARNING: [ANALYSIS 214-52] Found false inter dependency for variable 'products[0][12]' (./tdf8_conv_stages.h:139).
WARNING: [ANALYSIS 214-52] Found false inter dependency for variable 'products[1][2]' (./tdf8_conv_stages.h:139).
WARNING: [ANALYSIS 214-52] Found false inter dependency for variable 'products[3][9]' (./tdf8_conv_stages.h:139).
WARNING: [ANALYSIS 214-52] Found false inter dependency for variable 'products[2][14]' (./tdf8_conv_stages.h:139).
WARNING: [ANALYSIS 214-52] Found false inter dependency for variable 'products[1][11]' (./tdf8_conv_stages.h:139).
WARNING: [ANALYSIS 214-52] Found false inter dependency for variable 'products[2][13]' (./tdf8_conv_stages.h:139).
WARNING: [ANALYSIS 214-52] Found false inter dependency for variable 'products[2][9]' (./tdf8_conv_stages.h:139).
WARNING: [ANALYSIS 214-52] Found false inter dependency for variable 'products[0][3]' (./tdf8_conv_stages.h:139).
WARNING: [ANALYSIS 214-52] Found false inter dependency for variable 'products[0][11]' (./tdf8_conv_stages.h:139).
WARNING: [ANALYSIS 214-52] Found false inter dependency for variable 'products[1][5]' (./tdf8_conv_stages.h:139).
WARNING: [ANALYSIS 214-52] Found false inter dependency for variable 'products[1][3]' (./tdf8_conv_stages.h:139).
WARNING: [ANALYSIS 214-52] Found false inter dependency for variable 'products[3][14]' (./tdf8_conv_stages.h:139).
WARNING: [ANALYSIS 214-52] Found false inter dependency for variable 'products[2][7]' (./tdf8_conv_stages.h:139).
WARNING: [ANALYSIS 214-52] Found false inter dependency for variable 'products[0][8]' (./tdf8_conv_stages.h:139).
WARNING: [ANALYSIS 214-52] Found false inter dependency for variable 'products[0][7]' (./tdf8_conv_stages.h:139).
WARNING: [ANALYSIS 214-52] Found false intra dependency for variable 'products[0][0]' (./tdf8_conv_stages.h:139).
WARNING: [ANALYSIS 214-52] Found false intra dependency for variable 'products[0][2]' (./tdf8_conv_stages.h:139).
WARNING: [ANALYSIS 214-52] Found false intra dependency for variable 'products[0][1]' (./tdf8_conv_stages.h:139).
WARNING: [ANALYSIS 214-52] Found false intra dependency for variable 'products[0][5]' (./tdf8_conv_stages.h:139).
WARNING: [ANALYSIS 214-52] Found false intra dependency for variable 'products[0][9]' (./tdf8_conv_stages.h:139).
WARNING: [ANALYSIS 214-52] Found false intra dependency for variable 'products[2][8]' (./tdf8_conv_stages.h:139).
WARNING: [ANALYSIS 214-52] Found false intra dependency for variable 'products[2][6]' (./tdf8_conv_stages.h:139).
WARNING: [ANALYSIS 214-52] Found false intra dependency for variable 'products[2][3]' (./tdf8_conv_stages.h:139).
WARNING: [ANALYSIS 214-52] Found false intra dependency for variable 'products[3][12]' (./tdf8_conv_stages.h:139).
WARNING: [ANALYSIS 214-52] Found false intra dependency for variable 'products[3][10]' (./tdf8_conv_stages.h:139).
WARNING: [ANALYSIS 214-52] Found false intra dependency for variable 'products[3][8]' (./tdf8_conv_stages.h:139).
WARNING: [ANALYSIS 214-52] Found false intra dependency for variable 'products[3][6]' (./tdf8_conv_stages.h:139).
WARNING: [ANALYSIS 214-52] Found false intra dependency for variable 'products[3][4]' (./tdf8_conv_stages.h:139).
WARNING: [ANALYSIS 214-52] Found false intra dependency for variable 'products[3][2]' (./tdf8_conv_stages.h:139).
WARNING: [ANALYSIS 214-52] Found false intra dependency for variable 'products[3][0]' (./tdf8_conv_stages.h:139).
WARNING: [ANALYSIS 214-52] Found false intra dependency for variable 'products[3][15]' (./tdf8_conv_stages.h:139).
WARNING: [ANALYSIS 214-52] Found false intra dependency for variable 'products[3][13]' (./tdf8_conv_stages.h:139).
WARNING: [ANALYSIS 214-52] Found false intra dependency for variable 'products[1][13]' (./tdf8_conv_stages.h:139).
WARNING: [ANALYSIS 214-52] Found false intra dependency for variable 'products[3][7]' (./tdf8_conv_stages.h:139).
WARNING: [ANALYSIS 214-52] Found false intra dependency for variable 'products[2][12]' (./tdf8_conv_stages.h:139).
WARNING: [ANALYSIS 214-52] Found false intra dependency for variable 'products[1][15]' (./tdf8_conv_stages.h:139).
WARNING: [ANALYSIS 214-52] Found false intra dependency for variable 'products[1][8]' (./tdf8_conv_stages.h:139).
WARNING: [ANALYSIS 214-52] Found false intra dependency for variable 'products[0][13]' (./tdf8_conv_stages.h:139).
WARNING: [ANALYSIS 214-52] Found false intra dependency for variable 'products[1][0]' (./tdf8_conv_stages.h:139).
WARNING: [ANALYSIS 214-52] Found false intra dependency for variable 'products[0][10]' (./tdf8_conv_stages.h:139).
WARNING: [ANALYSIS 214-52] Found false intra dependency for variable 'products[3][3]' (./tdf8_conv_stages.h:139).
WARNING: [ANALYSIS 214-52] Found false intra dependency for variable 'products[3][5]' (./tdf8_conv_stages.h:139).
WARNING: [ANALYSIS 214-52] Found false intra dependency for variable 'products[2][2]' (./tdf8_conv_stages.h:139).
WARNING: [ANALYSIS 214-52] Found false intra dependency for variable 'products[3][11]' (./tdf8_conv_stages.h:139).
WARNING: [ANALYSIS 214-52] Found false intra dependency for variable 'products[2][1]' (./tdf8_conv_stages.h:139).
WARNING: [ANALYSIS 214-52] Found false intra dependency for variable 'products[1][9]' (./tdf8_conv_stages.h:139).
WARNING: [ANALYSIS 214-52] Found false intra dependency for variable 'products[2][4]' (./tdf8_conv_stages.h:139).
WARNING: [ANALYSIS 214-52] Found false intra dependency for variable 'products[1][4]' (./tdf8_conv_stages.h:139).
WARNING: [ANALYSIS 214-52] Found false intra dependency for variable 'products[2][15]' (./tdf8_conv_stages.h:139).
WARNING: [ANALYSIS 214-52] Found false intra dependency for variable 'products[1][10]' (./tdf8_conv_stages.h:139).
WARNING: [ANALYSIS 214-52] Found false intra dependency for variable 'products[1][1]' (./tdf8_conv_stages.h:139).
WARNING: [ANALYSIS 214-52] Found false intra dependency for variable 'products[1][6]' (./tdf8_conv_stages.h:139).
WARNING: [ANALYSIS 214-52] Found false intra dependency for variable 'products[0][4]' (./tdf8_conv_stages.h:139).
WARNING: [ANALYSIS 214-52] Found false intra dependency for variable 'products[0][15]' (./tdf8_conv_stages.h:139).
WARNING: [ANALYSIS 214-52] Found false intra dependency for variable 'products[2][11]' (./tdf8_conv_stages.h:139).
WARNING: [ANALYSIS 214-52] Found false intra dependency for variable 'products[2][5]' (./tdf8_conv_stages.h:139).
WARNING: [ANALYSIS 214-52] Found false intra dependency for variable 'products[1][12]' (./tdf8_conv_stages.h:139).
WARNING: [ANALYSIS 214-52] Found false intra dependency for variable 'products[3][1]' (./tdf8_conv_stages.h:139).
WARNING: [ANALYSIS 214-52] Found false intra dependency for variable 'products[1][7]' (./tdf8_conv_stages.h:139).
WARNING: [ANALYSIS 214-52] Found false intra dependency for variable 'products[1][14]' (./tdf8_conv_stages.h:139).
WARNING: [ANALYSIS 214-52] Found false intra dependency for variable 'products[2][0]' (./tdf8_conv_stages.h:139).
WARNING: [ANALYSIS 214-52] Found false intra dependency for variable 'products[2][10]' (./tdf8_conv_stages.h:139).
WARNING: [ANALYSIS 214-52] Found false intra dependency for variable 'products[0][6]' (./tdf8_conv_stages.h:139).
WARNING: [ANALYSIS 214-52] Found false intra dependency for variable 'products[0][14]' (./tdf8_conv_stages.h:139).
WARNING: [ANALYSIS 214-52] Found false intra dependency for variable 'products[0][12]' (./tdf8_conv_stages.h:139).
WARNING: [ANALYSIS 214-52] Found false intra dependency for variable 'products[1][2]' (./tdf8_conv_stages.h:139).
WARNING: [ANALYSIS 214-52] Found false intra dependency for variable 'products[3][9]' (./tdf8_conv_stages.h:139).
WARNING: [ANALYSIS 214-52] Found false intra dependency for variable 'products[2][14]' (./tdf8_conv_stages.h:139).
WARNING: [ANALYSIS 214-52] Found false intra dependency for variable 'products[1][11]' (./tdf8_conv_stages.h:139).
WARNING: [ANALYSIS 214-52] Found false intra dependency for variable 'products[2][13]' (./tdf8_conv_stages.h:139).
WARNING: [ANALYSIS 214-52] Found false intra dependency for variable 'products[2][9]' (./tdf8_conv_stages.h:139).
WARNING: [ANALYSIS 214-52] Found false intra dependency for variable 'products[0][3]' (./tdf8_conv_stages.h:139).
WARNING: [ANALYSIS 214-52] Found false intra dependency for variable 'products[0][11]' (./tdf8_conv_stages.h:139).
WARNING: [ANALYSIS 214-52] Found false intra dependency for variable 'products[1][5]' (./tdf8_conv_stages.h:139).
WARNING: [ANALYSIS 214-52] Found false intra dependency for variable 'products[1][3]' (./tdf8_conv_stages.h:139).
WARNING: [ANALYSIS 214-52] Found false intra dependency for variable 'products[3][14]' (./tdf8_conv_stages.h:139).
WARNING: [ANALYSIS 214-52] Found false intra dependency for variable 'products[2][7]' (./tdf8_conv_stages.h:139).
WARNING: [ANALYSIS 214-52] Found false intra dependency for variable 'products[0][8]' (./tdf8_conv_stages.h:139).
WARNING: [ANALYSIS 214-52] Found false intra dependency for variable 'products[0][7]' (./tdf8_conv_stages.h:139).
INFO: [HLS 200-472] Inferring partial write operation for 'filter_data[0]' (tdf8.cpp:316:28)
INFO: [HLS 200-472] Inferring partial write operation for 'adjustments' (tdf8.cpp:317:22)
INFO: [HLS 200-472] Inferring partial write operation for 'ifmap_vec[0]' (./tdf8_conv_stages.h:33:35)
INFO: [HLS 200-472] Inferring partial write operation for 'weight_vecs[0][0]' (./tdf8_conv_stages.h:55:43)
INFO: [HLS 200-472] Inferring partial write operation for 'products[0][0]' (./tdf8_conv_stages.h:153:32)
INFO: [HLS 200-472] Inferring partial write operation for 'accum_out[0]' (tdf8.cpp:87:28)
INFO: [HLS 200-472] Inferring partial write operation for 'accum_out[1]' (tdf8.cpp:88:28)
INTERNAL-INFO: never seen llvm instruction 'hsub'(535)
WARNING: [HLS 200-1449] Process tdf8_readInputs5 has both a predecessor and reads an input from its caller (see the GUI dataflow viewer). This may lead to lower throughput. Consider copying this input via a predecessor process.
INFO: [HLS 200-111] Finished Architecture Synthesis: CPU user time: 3.67 seconds. CPU system time: 0.18 seconds. Elapsed time: 4.24 seconds; current allocated memory: 557.906 MB.
INFO: [HLS 200-10] Starting hardware synthesis ...
INFO: [HLS 200-10] Synthesizing 'tdf8_top' ...
WARNING: [SYN 201-103] Legalizing function name 'tdf8_accum_2.1' to 'tdf8_accum_2_1'.
WARNING: [SYN 201-103] Legalizing function name 'tdf8_accum_2.2' to 'tdf8_accum_2_2'.
WARNING: [SYN 201-103] Legalizing function name 'tdf8_accum_2.3' to 'tdf8_accum_2_3'.
WARNING: [SYN 201-103] Legalizing function name 'tdf8_accum_3.1' to 'tdf8_accum_3_1'.
WARNING: [SYN 201-103] Legalizing function name 'tdf8_accum_3.2' to 'tdf8_accum_3_2'.
WARNING: [SYN 201-103] Legalizing function name 'tdf8_accum_3.3' to 'tdf8_accum_3_3'.
INFO: [HLS 200-10] ----------------------------------------------------------------
INFO: [HLS 200-42] -- Implementing module 'tdf8_get_next_ijk' 
INFO: [HLS 200-10] ----------------------------------------------------------------
INFO: [SCHED 204-11] Starting scheduling ...
INFO: [SCHED 204-11] Finished scheduling.
INFO: [HLS 200-111] Finished Scheduling: CPU user time: 0.17 seconds. CPU system time: 0.03 seconds. Elapsed time: 0.25 seconds; current allocated memory: 558.998 MB.
INFO: [BIND 205-100] Starting micro-architecture generation ...
INFO: [BIND 205-101] Performing variable lifetime analysis.
INFO: [BIND 205-101] Exploring resource sharing.
INFO: [BIND 205-101] Binding ...
INFO: [BIND 205-100] Finished micro-architecture generation.
INFO: [HLS 200-111] Finished Binding: CPU user time: 0.12 seconds. CPU system time: 0.01 seconds. Elapsed time: 0.15 seconds; current allocated memory: 559.324 MB.
INFO: [HLS 200-10] ----------------------------------------------------------------
INFO: [HLS 200-42] -- Implementing module 'tdf8_readInputs5' 
INFO: [HLS 200-10] ----------------------------------------------------------------
INFO: [SCHED 204-11] Starting scheduling ...
INFO: [SCHED 204-61] Pipelining loop 'IL4_IL5_IL6'.
INFO: [HLS 200-1470] Pipelining result : Target II = 1, Final II = 1, Depth = 2, loop 'IL4_IL5_IL6'
INFO: [SCHED 204-11] Finished scheduling.
INFO: [HLS 200-111] Finished Scheduling: CPU user time: 0.42 seconds. CPU system time: 0.01 seconds. Elapsed time: 0.47 seconds; current allocated memory: 559.951 MB.
INFO: [BIND 205-100] Starting micro-architecture generation ...
INFO: [BIND 205-101] Performing variable lifetime analysis.
INFO: [BIND 205-101] Exploring resource sharing.
INFO: [BIND 205-101] Binding ...
INFO: [BIND 205-100] Finished micro-architecture generation.
INFO: [HLS 200-111] Finished Binding: CPU user time: 0.23 seconds. CPU system time: 0.01 seconds. Elapsed time: 0.27 seconds; current allocated memory: 560.737 MB.
INFO: [HLS 200-10] ----------------------------------------------------------------
INFO: [HLS 200-42] -- Implementing module 'tdf8_readFilters4' 
INFO: [HLS 200-10] ----------------------------------------------------------------
INFO: [SCHED 204-11] Starting scheduling ...
INFO: [SCHED 204-61] Pipelining loop 'FL4_FL5_FL6'.
INFO: [HLS 200-1470] Pipelining result : Target II = 1, Final II = 1, Depth = 2, loop 'FL4_FL5_FL6'
INFO: [SCHED 204-11] Finished scheduling.
INFO: [HLS 200-111] Finished Scheduling: CPU user time: 0.71 seconds. CPU system time: 0.02 seconds. Elapsed time: 0.78 seconds; current allocated memory: 561.832 MB.
INFO: [BIND 205-100] Starting micro-architecture generation ...
INFO: [BIND 205-101] Performing variable lifetime analysis.
INFO: [BIND 205-101] Exploring resource sharing.
INFO: [BIND 205-101] Binding ...
INFO: [BIND 205-100] Finished micro-architecture generation.
INFO: [HLS 200-111] Finished Binding: CPU user time: 0.17 seconds. CPU system time: 0.01 seconds. Elapsed time: 0.22 seconds; current allocated memory: 563.140 MB.
INFO: [HLS 200-10] ----------------------------------------------------------------
INFO: [HLS 200-42] -- Implementing module 'tdf8_dot_product' 
INFO: [HLS 200-10] ----------------------------------------------------------------
INFO: [SCHED 204-11] Starting scheduling ...
INFO: [SCHED 204-61] Pipelining loop 'DP_OUTER_1_DP_OUTER_2_DP_OUTER_3'.
INFO: [HLS 200-1470] Pipelining result : Target II = 1, Final II = 1, Depth = 3, loop 'DP_OUTER_1_DP_OUTER_2_DP_OUTER_3'
INFO: [SCHED 204-11] Finished scheduling.
INFO: [HLS 200-111] Finished Scheduling: CPU user time: 0.86 seconds. CPU system time: 0.03 seconds. Elapsed time: 0.95 seconds; current allocated memory: 564.997 MB.
INFO: [BIND 205-100] Starting micro-architecture generation ...
INFO: [BIND 205-101] Performing variable lifetime analysis.
INFO: [BIND 205-101] Exploring resource sharing.
INFO: [BIND 205-101] Binding ...
INFO: [BIND 205-100] Finished micro-architecture generation.
INFO: [HLS 200-111] Finished Binding: CPU user time: 0.63 seconds. CPU system time: 0.01 seconds. Elapsed time: 0.69 seconds; current allocated memory: 567.294 MB.
INFO: [HLS 200-10] ----------------------------------------------------------------
INFO: [HLS 200-42] -- Implementing module 'tdf8_accum_1' 
INFO: [HLS 200-10] ----------------------------------------------------------------
INFO: [SCHED 204-11] Starting scheduling ...
INFO: [SCHED 204-61] Pipelining loop 'IL_LOOP'.
INFO: [HLS 200-1470] Pipelining result : Target II = 1, Final II = 1, Depth = 9, loop 'IL_LOOP'
INFO: [SCHED 204-11] Finished scheduling.
INFO: [HLS 200-111] Finished Scheduling: CPU user time: 1.17 seconds. CPU system time: 0.02 seconds. Elapsed time: 1.27 seconds; current allocated memory: 567.748 MB.
INFO: [BIND 205-100] Starting micro-architecture generation ...
INFO: [BIND 205-101] Performing variable lifetime analysis.
INFO: [BIND 205-101] Exploring resource sharing.
INFO: [BIND 205-101] Binding ...
INFO: [BIND 205-100] Finished micro-architecture generation.
INFO: [HLS 200-111] Finished Binding: CPU user time: 0.32 seconds. CPU system time: 0.01 seconds. Elapsed time: 0.35 seconds; current allocated memory: 568.400 MB.
INFO: [HLS 200-10] ----------------------------------------------------------------
INFO: [HLS 200-42] -- Implementing module 'tdf8_accum_2' 
INFO: [HLS 200-10] ----------------------------------------------------------------
INFO: [SCHED 204-11] Starting scheduling ...
INFO: [SCHED 204-61] Pipelining loop 'IL_LOOP'.
INFO: [HLS 200-1470] Pipelining result : Target II = 1, Final II = 1, Depth = 5, loop 'IL_LOOP'
INFO: [SCHED 204-11] Finished scheduling.
INFO: [HLS 200-111] Finished Scheduling: CPU user time: 0.53 seconds. CPU system time: 0.01 seconds. Elapsed time: 0.59 seconds; current allocated memory: 568.664 MB.
INFO: [BIND 205-100] Starting micro-architecture generation ...
INFO: [BIND 205-101] Performing variable lifetime analysis.
INFO: [BIND 205-101] Exploring resource sharing.
INFO: [BIND 205-101] Binding ...
INFO: [BIND 205-100] Finished micro-architecture generation.
INFO: [HLS 200-111] Finished Binding: CPU user time: 0.14 seconds. CPU system time: 0 seconds. Elapsed time: 0.18 seconds; current allocated memory: 569.102 MB.
INFO: [HLS 200-10] ----------------------------------------------------------------
INFO: [HLS 200-42] -- Implementing module 'tdf8_accum_2_1' 
INFO: [HLS 200-10] ----------------------------------------------------------------
INFO: [SCHED 204-11] Starting scheduling ...
INFO: [SCHED 204-61] Pipelining loop 'IL_LOOP'.
INFO: [HLS 200-1470] Pipelining result : Target II = 1, Final II = 1, Depth = 5, loop 'IL_LOOP'
INFO: [SCHED 204-11] Finished scheduling.
INFO: [HLS 200-111] Finished Scheduling: CPU user time: 0.3 seconds. CPU system time: 0.01 seconds. Elapsed time: 0.36 seconds; current allocated memory: 569.363 MB.
INFO: [BIND 205-100] Starting micro-architecture generation ...
INFO: [BIND 205-101] Performing variable lifetime analysis.
INFO: [BIND 205-101] Exploring resource sharing.
INFO: [BIND 205-101] Binding ...
INFO: [BIND 205-100] Finished micro-architecture generation.
INFO: [HLS 200-111] Finished Binding: CPU user time: 0.15 seconds. CPU system time: 0 seconds. Elapsed time: 0.18 seconds; current allocated memory: 569.803 MB.
INFO: [HLS 200-10] ----------------------------------------------------------------
INFO: [HLS 200-42] -- Implementing module 'tdf8_accum_2_2' 
INFO: [HLS 200-10] ----------------------------------------------------------------
INFO: [SCHED 204-11] Starting scheduling ...
INFO: [SCHED 204-61] Pipelining loop 'IL_LOOP'.
INFO: [HLS 200-1470] Pipelining result : Target II = 1, Final II = 1, Depth = 5, loop 'IL_LOOP'
INFO: [SCHED 204-11] Finished scheduling.
INFO: [HLS 200-111] Finished Scheduling: CPU user time: 0.31 seconds. CPU system time: 0.01 seconds. Elapsed time: 0.35 seconds; current allocated memory: 570.063 MB.
INFO: [BIND 205-100] Starting micro-architecture generation ...
INFO: [BIND 205-101] Performing variable lifetime analysis.
INFO: [BIND 205-101] Exploring resource sharing.
INFO: [BIND 205-101] Binding ...
INFO: [BIND 205-100] Finished micro-architecture generation.
INFO: [HLS 200-111] Finished Binding: CPU user time: 0.15 seconds. CPU system time: 0.01 seconds. Elapsed time: 0.18 seconds; current allocated memory: 570.503 MB.
INFO: [HLS 200-10] ----------------------------------------------------------------
INFO: [HLS 200-42] -- Implementing module 'tdf8_accum_2_3' 
INFO: [HLS 200-10] ----------------------------------------------------------------
INFO: [SCHED 204-11] Starting scheduling ...
INFO: [SCHED 204-61] Pipelining loop 'IL_LOOP'.
INFO: [HLS 200-1470] Pipelining result : Target II = 1, Final II = 1, Depth = 5, loop 'IL_LOOP'
INFO: [SCHED 204-11] Finished scheduling.
INFO: [HLS 200-111] Finished Scheduling: CPU user time: 0.3 seconds. CPU system time: 0.01 seconds. Elapsed time: 0.35 seconds; current allocated memory: 570.764 MB.
INFO: [BIND 205-100] Starting micro-architecture generation ...
INFO: [BIND 205-101] Performing variable lifetime analysis.
INFO: [BIND 205-101] Exploring resource sharing.
INFO: [BIND 205-101] Binding ...
INFO: [BIND 205-100] Finished micro-architecture generation.
INFO: [HLS 200-111] Finished Binding: CPU user time: 0.14 seconds. CPU system time: 0 seconds. Elapsed time: 0.18 seconds; current allocated memory: 571.205 MB.
INFO: [HLS 200-10] ----------------------------------------------------------------
INFO: [HLS 200-42] -- Implementing module 'tdf8_accum_3' 
INFO: [HLS 200-10] ----------------------------------------------------------------
INFO: [SCHED 204-11] Starting scheduling ...
INFO: [SCHED 204-11] Finished scheduling.
INFO: [HLS 200-111] Finished Scheduling: CPU user time: 0.21 seconds. CPU system time: 0.01 seconds. Elapsed time: 0.24 seconds; current allocated memory: 571.284 MB.
INFO: [BIND 205-100] Starting micro-architecture generation ...
INFO: [BIND 205-101] Performing variable lifetime analysis.
INFO: [BIND 205-101] Exploring resource sharing.
INFO: [BIND 205-101] Binding ...
INFO: [BIND 205-100] Finished micro-architecture generation.
INFO: [HLS 200-111] Finished Binding: CPU user time: 0.06 seconds. CPU system time: 0 seconds. Elapsed time: 0.09 seconds; current allocated memory: 571.397 MB.
INFO: [HLS 200-10] ----------------------------------------------------------------
INFO: [HLS 200-42] -- Implementing module 'Block_entry_proc_proc' 
INFO: [HLS 200-10] ----------------------------------------------------------------
INFO: [SCHED 204-11] Starting scheduling ...
INFO: [SCHED 204-11] Finished scheduling.
INFO: [HLS 200-111] Finished Scheduling: CPU user time: 0.07 seconds. CPU system time: 0.01 seconds. Elapsed time: 0.1 seconds; current allocated memory: 571.457 MB.
INFO: [BIND 205-100] Starting micro-architecture generation ...
INFO: [BIND 205-101] Performing variable lifetime analysis.
INFO: [BIND 205-101] Exploring resource sharing.
INFO: [BIND 205-101] Binding ...
INFO: [BIND 205-100] Finished micro-architecture generation.
INFO: [HLS 200-111] Finished Binding: CPU user time: 0.04 seconds. CPU system time: 0.01 seconds. Elapsed time: 0.06 seconds; current allocated memory: 571.491 MB.
INFO: [HLS 200-10] ----------------------------------------------------------------
INFO: [HLS 200-42] -- Implementing module 'tdf8_accum_3_1' 
INFO: [HLS 200-10] ----------------------------------------------------------------
INFO: [SCHED 204-11] Starting scheduling ...
INFO: [SCHED 204-11] Finished scheduling.
INFO: [HLS 200-111] Finished Scheduling: CPU user time: 0.05 seconds. CPU system time: 0 seconds. Elapsed time: 0.09 seconds; current allocated memory: 571.569 MB.
INFO: [BIND 205-100] Starting micro-architecture generation ...
INFO: [BIND 205-101] Performing variable lifetime analysis.
INFO: [BIND 205-101] Exploring resource sharing.
INFO: [BIND 205-101] Binding ...
INFO: [BIND 205-100] Finished micro-architecture generation.
INFO: [HLS 200-111] Finished Binding: CPU user time: 0.06 seconds. CPU system time: 0.01 seconds. Elapsed time: 0.09 seconds; current allocated memory: 571.682 MB.
INFO: [HLS 200-10] ----------------------------------------------------------------
INFO: [HLS 200-42] -- Implementing module 'Block_entry_proc_proc38' 
INFO: [HLS 200-10] ----------------------------------------------------------------
INFO: [SCHED 204-11] Starting scheduling ...
INFO: [SCHED 204-11] Finished scheduling.
INFO: [HLS 200-111] Finished Scheduling: CPU user time: 0.07 seconds. CPU system time: 0 seconds. Elapsed time: 0.1 seconds; current allocated memory: 571.742 MB.
INFO: [BIND 205-100] Starting micro-architecture generation ...
INFO: [BIND 205-101] Performing variable lifetime analysis.
INFO: [BIND 205-101] Exploring resource sharing.
INFO: [BIND 205-101] Binding ...
INFO: [BIND 205-100] Finished micro-architecture generation.
INFO: [HLS 200-111] Finished Binding: CPU user time: 0.03 seconds. CPU system time: 0.01 seconds. Elapsed time: 0.06 seconds; current allocated memory: 571.775 MB.
INFO: [HLS 200-10] ----------------------------------------------------------------
INFO: [HLS 200-42] -- Implementing module 'tdf8_accum_3_2' 
INFO: [HLS 200-10] ----------------------------------------------------------------
INFO: [SCHED 204-11] Starting scheduling ...
INFO: [SCHED 204-11] Finished scheduling.
INFO: [HLS 200-111] Finished Scheduling: CPU user time: 0.05 seconds. CPU system time: 0.01 seconds. Elapsed time: 0.08 seconds; current allocated memory: 571.854 MB.
INFO: [BIND 205-100] Starting micro-architecture generation ...
INFO: [BIND 205-101] Performing variable lifetime analysis.
INFO: [BIND 205-101] Exploring resource sharing.
INFO: [BIND 205-101] Binding ...
INFO: [BIND 205-100] Finished micro-architecture generation.
INFO: [HLS 200-111] Finished Binding: CPU user time: 0.07 seconds. CPU system time: 0 seconds. Elapsed time: 0.09 seconds; current allocated memory: 571.967 MB.
INFO: [HLS 200-10] ----------------------------------------------------------------
INFO: [HLS 200-42] -- Implementing module 'Block_entry_proc_proc39' 
INFO: [HLS 200-10] ----------------------------------------------------------------
INFO: [SCHED 204-11] Starting scheduling ...
INFO: [SCHED 204-11] Finished scheduling.
INFO: [HLS 200-111] Finished Scheduling: CPU user time: 0.07 seconds. CPU system time: 0.01 seconds. Elapsed time: 0.11 seconds; current allocated memory: 572.001 MB.
INFO: [BIND 205-100] Starting micro-architecture generation ...
INFO: [BIND 205-101] Performing variable lifetime analysis.
INFO: [BIND 205-101] Exploring resource sharing.
INFO: [BIND 205-101] Binding ...
INFO: [BIND 205-100] Finished micro-architecture generation.
INFO: [HLS 200-111] Finished Binding: CPU user time: 0.04 seconds. CPU system time: 0.01 seconds. Elapsed time: 0.06 seconds; current allocated memory: 572.034 MB.
INFO: [HLS 200-10] ----------------------------------------------------------------
INFO: [HLS 200-42] -- Implementing module 'tdf8_accum_3_3' 
INFO: [HLS 200-10] ----------------------------------------------------------------
INFO: [SCHED 204-11] Starting scheduling ...
INFO: [SCHED 204-11] Finished scheduling.
INFO: [HLS 200-111] Finished Scheduling: CPU user time: 0.05 seconds. CPU system time: 0 seconds. Elapsed time: 0.09 seconds; current allocated memory: 572.112 MB.
INFO: [BIND 205-100] Starting micro-architecture generation ...
INFO: [BIND 205-101] Performing variable lifetime analysis.
INFO: [BIND 205-101] Exploring resource sharing.
INFO: [BIND 205-101] Binding ...
INFO: [BIND 205-100] Finished micro-architecture generation.
INFO: [HLS 200-111] Finished Binding: CPU user time: 0.06 seconds. CPU system time: 0 seconds. Elapsed time: 0.09 seconds; current allocated memory: 572.226 MB.
INFO: [HLS 200-10] ----------------------------------------------------------------
INFO: [HLS 200-42] -- Implementing module 'Block_entry_proc_proc40' 
INFO: [HLS 200-10] ----------------------------------------------------------------
INFO: [SCHED 204-11] Starting scheduling ...
INFO: [SCHED 204-11] Finished scheduling.
INFO: [HLS 200-111] Finished Scheduling: CPU user time: 0.07 seconds. CPU system time: 0.01 seconds. Elapsed time: 0.1 seconds; current allocated memory: 572.256 MB.
INFO: [BIND 205-100] Starting micro-architecture generation ...
INFO: [BIND 205-101] Performing variable lifetime analysis.
INFO: [BIND 205-101] Exploring resource sharing.
INFO: [BIND 205-101] Binding ...
INFO: [BIND 205-100] Finished micro-architecture generation.
INFO: [HLS 200-111] Finished Binding: CPU user time: 0.04 seconds. CPU system time: 0 seconds. Elapsed time: 0.07 seconds; current allocated memory: 572.289 MB.
INFO: [HLS 200-10] ----------------------------------------------------------------
INFO: [HLS 200-42] -- Implementing module 'tdf8_adjust' 
INFO: [HLS 200-10] ----------------------------------------------------------------
INFO: [SCHED 204-11] Starting scheduling ...
INFO: [SCHED 204-61] Pipelining loop 'ADJUST_LOOP'.
INFO: [HLS 200-1470] Pipelining result : Target II = 1, Final II = 1, Depth = 7, loop 'ADJUST_LOOP'
INFO: [SCHED 204-11] Finished scheduling.
INFO: [HLS 200-111] Finished Scheduling: CPU user time: 0.14 seconds. CPU system time: 0.01 seconds. Elapsed time: 0.17 seconds; current allocated memory: 572.519 MB.
INFO: [BIND 205-100] Starting micro-architecture generation ...
INFO: [BIND 205-101] Performing variable lifetime analysis.
INFO: [BIND 205-101] Exploring resource sharing.
INFO: [BIND 205-101] Binding ...
INFO: [BIND 205-100] Finished micro-architecture generation.
INFO: [HLS 200-111] Finished Binding: CPU user time: 0.15 seconds. CPU system time: 0 seconds. Elapsed time: 0.17 seconds; current allocated memory: 572.904 MB.
INFO: [HLS 200-10] ----------------------------------------------------------------
INFO: [HLS 200-42] -- Implementing module 'tdf8_writeOutputs_aligned' 
INFO: [HLS 200-10] ----------------------------------------------------------------
INFO: [SCHED 204-11] Starting scheduling ...
INFO: [SCHED 204-11] Finished scheduling.
INFO: [HLS 200-111] Finished Scheduling: CPU user time: 0.19 seconds. CPU system time: 0.01 seconds. Elapsed time: 0.22 seconds; current allocated memory: 573.001 MB.
INFO: [BIND 205-100] Starting micro-architecture generation ...
INFO: [BIND 205-101] Performing variable lifetime analysis.
INFO: [BIND 205-101] Exploring resource sharing.
INFO: [BIND 205-101] Binding ...
INFO: [BIND 205-100] Finished micro-architecture generation.
INFO: [HLS 200-111] Finished Binding: CPU user time: 0.06 seconds. CPU system time: 0.01 seconds. Elapsed time: 0.08 seconds; current allocated memory: 573.123 MB.
INFO: [HLS 200-10] ----------------------------------------------------------------
INFO: [HLS 200-42] -- Implementing module 'tdf8_poolOutputs' 
INFO: [HLS 200-10] ----------------------------------------------------------------
INFO: [SCHED 204-11] Starting scheduling ...
INFO: [SCHED 204-11] Finished scheduling.
INFO: [HLS 200-111] Finished Scheduling: CPU user time: 0.09 seconds. CPU system time: 0 seconds. Elapsed time: 0.12 seconds; current allocated memory: 573.255 MB.
INFO: [BIND 205-100] Starting micro-architecture generation ...
INFO: [BIND 205-101] Performing variable lifetime analysis.
INFO: [BIND 205-101] Exploring resource sharing.
INFO: [BIND 205-101] Binding ...
INFO: [BIND 205-100] Finished micro-architecture generation.
INFO: [HLS 200-111] Finished Binding: CPU user time: 0.08 seconds. CPU system time: 0.01 seconds. Elapsed time: 0.11 seconds; current allocated memory: 573.463 MB.
INFO: [HLS 200-10] ----------------------------------------------------------------
INFO: [HLS 200-42] -- Implementing module 'dataflow_in_loop_TOP_LOOP' 
INFO: [HLS 200-10] ----------------------------------------------------------------
INFO: [SCHED 204-11] Starting scheduling ...
INFO: [SCHED 204-11] Finished scheduling.
INFO: [HLS 200-111] Finished Scheduling: CPU user time: 0.22 seconds. CPU system time: 0.01 seconds. Elapsed time: 0.26 seconds; current allocated memory: 574.120 MB.
INFO: [BIND 205-100] Starting micro-architecture generation ...
INFO: [BIND 205-101] Performing variable lifetime analysis.
INFO: [BIND 205-101] Exploring resource sharing.
INFO: [BIND 205-101] Binding ...
INFO: [BIND 205-100] Finished micro-architecture generation.
INFO: [HLS 200-111] Finished Binding: CPU user time: 6.4 seconds. CPU system time: 0.09 seconds. Elapsed time: 6.54 seconds; current allocated memory: 575.148 MB.
INFO: [HLS 200-10] ----------------------------------------------------------------
INFO: [HLS 200-42] -- Implementing module 'tdf8' 
INFO: [HLS 200-10] ----------------------------------------------------------------
INFO: [SCHED 204-11] Starting scheduling ...
INFO: [SCHED 204-11] Finished scheduling.
INFO: [HLS 200-111] Finished Scheduling: CPU user time: 2.76 seconds. CPU system time: 0.04 seconds. Elapsed time: 2.87 seconds; current allocated memory: 575.254 MB.
INFO: [BIND 205-100] Starting micro-architecture generation ...
INFO: [BIND 205-101] Performing variable lifetime analysis.
INFO: [BIND 205-101] Exploring resource sharing.
INFO: [BIND 205-101] Binding ...
INFO: [BIND 205-100] Finished micro-architecture generation.
INFO: [HLS 200-111] Finished Binding: CPU user time: 0.94 seconds. CPU system time: 0.02 seconds. Elapsed time: 0.98 seconds; current allocated memory: 575.393 MB.
INFO: [HLS 200-10] ----------------------------------------------------------------
INFO: [HLS 200-42] -- Implementing module 'tdf8_top' 
INFO: [HLS 200-10] ----------------------------------------------------------------
INFO: [SCHED 204-11] Starting scheduling ...
INFO: [SCHED 204-11] Finished scheduling.
INFO: [HLS 200-111] Finished Scheduling: CPU user time: 2.77 seconds. CPU system time: 0.04 seconds. Elapsed time: 2.84 seconds; current allocated memory: 575.472 MB.
INFO: [BIND 205-100] Starting micro-architecture generation ...
INFO: [BIND 205-101] Performing variable lifetime analysis.
INFO: [BIND 205-101] Exploring resource sharing.
WARNING: [BIND 205-102] The specified resource core for memory 'filter_data_0' will be ignored if a simpler one can be used.
WARNING: [BIND 205-102] The specified resource core for memory 'adjustments' will be ignored if a simpler one can be used.
INFO: [BIND 205-101] Binding ...
INFO: [BIND 205-100] Finished micro-architecture generation.
INFO: [HLS 200-111] Finished Binding: CPU user time: 0.98 seconds. CPU system time: 0.02 seconds. Elapsed time: 1.03 seconds; current allocated memory: 575.628 MB.
INFO: [HLS 200-10] ----------------------------------------------------------------
INFO: [HLS 200-10] -- Generating RTL for module 'tdf8_get_next_ijk' 
INFO: [HLS 200-10] ----------------------------------------------------------------
WARNING: [RTGEN 206-101] Register 'i_p' is power-on initialization.
WARNING: [RTGEN 206-101] Register 'j_p' is power-on initialization.
WARNING: [RTGEN 206-101] Register 'i' is power-on initialization.
WARNING: [RTGEN 206-101] Register 'j' is power-on initialization.
WARNING: [RTGEN 206-101] Register 'k' is power-on initialization.
WARNING: [RTGEN 206-101] Register 'i_out' is power-on initialization.
WARNING: [RTGEN 206-101] Register 'j_out' is power-on initialization.
INFO: [RTGEN 206-100] Finished creating RTL model for 'tdf8_get_next_ijk'.
INFO: [HLS 200-111] Finished Creating RTL model: CPU user time: 2.82 seconds. CPU system time: 0.03 seconds. Elapsed time: 2.92 seconds; current allocated memory: 576.117 MB.
INFO: [HLS 200-10] ----------------------------------------------------------------
INFO: [HLS 200-10] -- Generating RTL for module 'tdf8_readInputs5' 
INFO: [HLS 200-10] ----------------------------------------------------------------
INFO: [RTGEN 206-100] Finished creating RTL model for 'tdf8_readInputs5'.
INFO: [HLS 200-111] Finished Creating RTL model: CPU user time: 0.59 seconds. CPU system time: 0.03 seconds. Elapsed time: 0.68 seconds; current allocated memory: 578.665 MB.
INFO: [HLS 200-10] ----------------------------------------------------------------
INFO: [HLS 200-10] -- Generating RTL for module 'tdf8_readFilters4' 
INFO: [HLS 200-10] ----------------------------------------------------------------
INFO: [RTGEN 206-100] Generating core module 'mux_416_256_1_1': 4 instance(s).
INFO: [RTGEN 206-100] Finished creating RTL model for 'tdf8_readFilters4'.
INFO: [HLS 200-111] Finished Creating RTL model: CPU user time: 1.13 seconds. CPU system time: 0.05 seconds. Elapsed time: 1.24 seconds; current allocated memory: 583.773 MB.
INFO: [HLS 200-10] ----------------------------------------------------------------
INFO: [HLS 200-10] -- Generating RTL for module 'tdf8_dot_product' 
INFO: [HLS 200-10] ----------------------------------------------------------------
INFO: [RTGEN 206-100] Generating core module 'hmul_16ns_16ns_16_2_max_dsp_1': 64 instance(s).
INFO: [RTGEN 206-100] Finished creating RTL model for 'tdf8_dot_product'.
INFO: [HLS 200-111] Finished Creating RTL model: CPU user time: 0.77 seconds. CPU system time: 0.08 seconds. Elapsed time: 0.95 seconds; current allocated memory: 592.237 MB.
INFO: [HLS 200-10] ----------------------------------------------------------------
INFO: [HLS 200-10] -- Generating RTL for module 'tdf8_accum_1' 
INFO: [HLS 200-10] ----------------------------------------------------------------
INFO: [RTGEN 206-100] Generating core module 'hadd_16ns_16ns_16_2_full_dsp_1': 30 instance(s).
INFO: [RTGEN 206-100] Finished creating RTL model for 'tdf8_accum_1'.
INFO: [HLS 200-111] Finished Creating RTL model: CPU user time: 2.34 seconds. CPU system time: 0.12 seconds. Elapsed time: 2.59 seconds; current allocated memory: 601.489 MB.
INFO: [HLS 200-10] ----------------------------------------------------------------
INFO: [HLS 200-10] -- Generating RTL for module 'tdf8_accum_2' 
INFO: [HLS 200-10] ----------------------------------------------------------------
INFO: [RTGEN 206-100] Generating core module 'hadd_16ns_16ns_16_2_full_dsp_1': 3 instance(s).
INFO: [RTGEN 206-100] Generating core module 'mux_83_1_1_1': 5 instance(s).
INFO: [RTGEN 206-100] Finished creating RTL model for 'tdf8_accum_2'.
INFO: [HLS 200-111] Finished Creating RTL model: CPU user time: 0.95 seconds. CPU system time: 0.03 seconds. Elapsed time: 1.05 seconds; current allocated memory: 604.440 MB.
INFO: [HLS 200-10] ----------------------------------------------------------------
INFO: [HLS 200-10] -- Generating RTL for module 'tdf8_accum_2_1' 
INFO: [HLS 200-10] ----------------------------------------------------------------
INFO: [RTGEN 206-100] Generating core module 'hadd_16ns_16ns_16_2_full_dsp_1': 3 instance(s).
INFO: [RTGEN 206-100] Generating core module 'mux_83_1_1_1': 5 instance(s).
INFO: [RTGEN 206-100] Finished creating RTL model for 'tdf8_accum_2_1'.
INFO: [HLS 200-111] Finished Creating RTL model: CPU user time: 0.55 seconds. CPU system time: 0.04 seconds. Elapsed time: 0.66 seconds; current allocated memory: 606.707 MB.
INFO: [HLS 200-10] ----------------------------------------------------------------
INFO: [HLS 200-10] -- Generating RTL for module 'tdf8_accum_2_2' 
INFO: [HLS 200-10] ----------------------------------------------------------------
INFO: [RTGEN 206-100] Generating core module 'hadd_16ns_16ns_16_2_full_dsp_1': 3 instance(s).
INFO: [RTGEN 206-100] Generating core module 'mux_83_1_1_1': 5 instance(s).
INFO: [RTGEN 206-100] Finished creating RTL model for 'tdf8_accum_2_2'.
INFO: [HLS 200-111] Finished Creating RTL model: CPU user time: 0.57 seconds. CPU system time: 0.02 seconds. Elapsed time: 0.65 seconds; current allocated memory: 608.982 MB.
INFO: [HLS 200-10] ----------------------------------------------------------------
INFO: [HLS 200-10] -- Generating RTL for module 'tdf8_accum_2_3' 
INFO: [HLS 200-10] ----------------------------------------------------------------
INFO: [RTGEN 206-100] Generating core module 'hadd_16ns_16ns_16_2_full_dsp_1': 3 instance(s).
INFO: [RTGEN 206-100] Generating core module 'mux_83_1_1_1': 5 instance(s).
INFO: [RTGEN 206-100] Finished creating RTL model for 'tdf8_accum_2_3'.
INFO: [HLS 200-111] Finished Creating RTL model: CPU user time: 0.57 seconds. CPU system time: 0.03 seconds. Elapsed time: 0.67 seconds; current allocated memory: 611.278 MB.
INFO: [HLS 200-10] ----------------------------------------------------------------
INFO: [HLS 200-10] -- Generating RTL for module 'tdf8_accum_3' 
INFO: [HLS 200-10] ----------------------------------------------------------------
INFO: [RTGEN 206-100] Generating core module 'hadd_16ns_16ns_16_2_full_dsp_1': 1 instance(s).
INFO: [RTGEN 206-100] Generating core module 'mux_53_16_1_1': 1 instance(s).
INFO: [RTGEN 206-100] Finished creating RTL model for 'tdf8_accum_3'.
INFO: [HLS 200-111] Finished Creating RTL model: CPU user time: 0.54 seconds. CPU system time: 0.02 seconds. Elapsed time: 0.62 seconds; current allocated memory: 612.861 MB.
INFO: [HLS 200-10] ----------------------------------------------------------------
INFO: [HLS 200-10] -- Generating RTL for module 'Block_entry_proc_proc' 
INFO: [HLS 200-10] ----------------------------------------------------------------
INFO: [RTGEN 206-100] Finished creating RTL model for 'Block_entry_proc_proc'.
INFO: [HLS 200-111] Finished Creating RTL model: CPU user time: 0.12 seconds. CPU system time: 0.02 seconds. Elapsed time: 0.18 seconds; current allocated memory: 613.367 MB.
INFO: [HLS 200-10] ----------------------------------------------------------------
INFO: [HLS 200-10] -- Generating RTL for module 'tdf8_accum_3_1' 
INFO: [HLS 200-10] ----------------------------------------------------------------
INFO: [RTGEN 206-100] Generating core module 'hadd_16ns_16ns_16_2_full_dsp_1': 1 instance(s).
INFO: [RTGEN 206-100] Generating core module 'mux_53_16_1_1': 1 instance(s).
INFO: [RTGEN 206-100] Finished creating RTL model for 'tdf8_accum_3_1'.
INFO: [HLS 200-111] Finished Creating RTL model: CPU user time: 0.07 seconds. CPU system time: 0 seconds. Elapsed time: 0.13 seconds; current allocated memory: 613.662 MB.
INFO: [HLS 200-10] ----------------------------------------------------------------
INFO: [HLS 200-10] -- Generating RTL for module 'Block_entry_proc_proc38' 
INFO: [HLS 200-10] ----------------------------------------------------------------
INFO: [RTGEN 206-100] Finished creating RTL model for 'Block_entry_proc_proc38'.
INFO: [HLS 200-111] Finished Creating RTL model: CPU user time: 0.12 seconds. CPU system time: 0.01 seconds. Elapsed time: 0.17 seconds; current allocated memory: 614.139 MB.
INFO: [HLS 200-10] ----------------------------------------------------------------
INFO: [HLS 200-10] -- Generating RTL for module 'tdf8_accum_3_2' 
INFO: [HLS 200-10] ----------------------------------------------------------------
INFO: [RTGEN 206-100] Generating core module 'hadd_16ns_16ns_16_2_full_dsp_1': 1 instance(s).
INFO: [RTGEN 206-100] Generating core module 'mux_53_16_1_1': 1 instance(s).
INFO: [RTGEN 206-100] Finished creating RTL model for 'tdf8_accum_3_2'.
INFO: [HLS 200-111] Finished Creating RTL model: CPU user time: 0.07 seconds. CPU system time: 0.01 seconds. Elapsed time: 0.12 seconds; current allocated memory: 614.449 MB.
INFO: [HLS 200-10] ----------------------------------------------------------------
INFO: [HLS 200-10] -- Generating RTL for module 'Block_entry_proc_proc39' 
INFO: [HLS 200-10] ----------------------------------------------------------------
INFO: [RTGEN 206-100] Finished creating RTL model for 'Block_entry_proc_proc39'.
INFO: [HLS 200-111] Finished Creating RTL model: CPU user time: 0.12 seconds. CPU system time: 0.01 seconds. Elapsed time: 0.17 seconds; current allocated memory: 614.972 MB.
INFO: [HLS 200-10] ----------------------------------------------------------------
INFO: [HLS 200-10] -- Generating RTL for module 'tdf8_accum_3_3' 
INFO: [HLS 200-10] ----------------------------------------------------------------
INFO: [RTGEN 206-100] Generating core module 'hadd_16ns_16ns_16_2_full_dsp_1': 1 instance(s).
INFO: [RTGEN 206-100] Generating core module 'mux_53_16_1_1': 1 instance(s).
INFO: [RTGEN 206-100] Finished creating RTL model for 'tdf8_accum_3_3'.
INFO: [HLS 200-111] Finished Creating RTL model: CPU user time: 0.07 seconds. CPU system time: 0 seconds. Elapsed time: 0.13 seconds; current allocated memory: 615.253 MB.
INFO: [HLS 200-10] ----------------------------------------------------------------
INFO: [HLS 200-10] -- Generating RTL for module 'Block_entry_proc_proc40' 
INFO: [HLS 200-10] ----------------------------------------------------------------
INFO: [RTGEN 206-100] Finished creating RTL model for 'Block_entry_proc_proc40'.
INFO: [HLS 200-111] Finished Creating RTL model: CPU user time: 0.12 seconds. CPU system time: 0.01 seconds. Elapsed time: 0.17 seconds; current allocated memory: 615.775 MB.
INFO: [HLS 200-10] ----------------------------------------------------------------
INFO: [HLS 200-10] -- Generating RTL for module 'tdf8_adjust' 
INFO: [HLS 200-10] ----------------------------------------------------------------
INFO: [RTGEN 206-100] Generating core module 'hadd_16ns_16ns_16_2_full_dsp_1': 1 instance(s).
INFO: [RTGEN 206-100] Generating core module 'hmul_16ns_16ns_16_2_max_dsp_1': 1 instance(s).
INFO: [RTGEN 206-100] Generating core module 'hsub_16ns_16ns_16_2_full_dsp_1': 1 instance(s).
INFO: [RTGEN 206-100] Generating core module 'mux_42_16_1_1': 1 instance(s).
INFO: [RTGEN 206-100] Generating core module 'mux_42_1_1_1': 4 instance(s).
INFO: [RTGEN 206-100] Finished creating RTL model for 'tdf8_adjust'.
INFO: [HLS 200-111] Finished Creating RTL model: CPU user time: 0.11 seconds. CPU system time: 0.02 seconds. Elapsed time: 0.18 seconds; current allocated memory: 616.622 MB.
INFO: [HLS 200-10] ----------------------------------------------------------------
INFO: [HLS 200-10] -- Generating RTL for module 'tdf8_writeOutputs_aligned' 
INFO: [HLS 200-10] ----------------------------------------------------------------
INFO: [RTGEN 206-100] Finished creating RTL model for 'tdf8_writeOutputs_aligned'.
INFO: [HLS 200-111] Finished Creating RTL model: CPU user time: 0.39 seconds. CPU system time: 0.02 seconds. Elapsed time: 0.47 seconds; current allocated memory: 617.971 MB.
INFO: [HLS 200-10] ----------------------------------------------------------------
INFO: [HLS 200-10] -- Generating RTL for module 'tdf8_poolOutputs' 
INFO: [HLS 200-10] ----------------------------------------------------------------
WARNING: [RTGEN 206-101] Register 'max_vals_0' is power-on initialization.
WARNING: [RTGEN 206-101] Register 'max_vals_1' is power-on initialization.
WARNING: [RTGEN 206-101] Register 'max_vals_2' is power-on initialization.
WARNING: [RTGEN 206-101] Register 'max_vals_3' is power-on initialization.
INFO: [RTGEN 206-100] Generating core module 'hcmp_16ns_16ns_1_1_no_dsp_1': 4 instance(s).
INFO: [RTGEN 206-100] Finished creating RTL model for 'tdf8_poolOutputs'.
INFO: [HLS 200-111] Finished Creating RTL model: CPU user time: 0.13 seconds. CPU system time: 0.01 seconds. Elapsed time: 0.2 seconds; current allocated memory: 618.772 MB.
INFO: [HLS 200-10] ----------------------------------------------------------------
INFO: [HLS 200-10] -- Generating RTL for module 'dataflow_in_loop_TOP_LOOP' 
INFO: [HLS 200-10] ----------------------------------------------------------------
INFO: [RTGEN 206-100] Finished creating RTL model for 'dataflow_in_loop_TOP_LOOP'.
INFO: [HLS 200-111] Finished Creating RTL model: CPU user time: 6.15 seconds. CPU system time: 0.12 seconds. Elapsed time: 6.32 seconds; current allocated memory: 639.454 MB.
INFO: [HLS 200-10] ----------------------------------------------------------------
INFO: [HLS 200-10] -- Generating RTL for module 'tdf8' 
INFO: [HLS 200-10] ----------------------------------------------------------------
INFO: [RTGEN 206-100] Finished creating RTL model for 'tdf8'.
INFO: [HLS 200-111] Finished Creating RTL model: CPU user time: 6.36 seconds. CPU system time: 0.1 seconds. Elapsed time: 6.57 seconds; current allocated memory: 646.826 MB.
INFO: [HLS 200-10] ----------------------------------------------------------------
INFO: [HLS 200-10] -- Generating RTL for module 'tdf8_top' 
INFO: [HLS 200-10] ----------------------------------------------------------------
INFO: [RTGEN 206-500] Setting interface mode on port 'tdf8_top/dummy_val' to 'ap_none'.
INFO: [RTGEN 206-500] Setting interface mode on port 'tdf8_top/out_data' to 'ap_memory'.
INFO: [RTGEN 206-500] Setting interface mode on function 'tdf8_top' to 'ap_ctrl_hs'.
INFO: [RTGEN 206-100] Finished creating RTL model for 'tdf8_top'.
INFO: [HLS 200-111] Finished Creating RTL model: CPU user time: 2.83 seconds. CPU system time: 0.05 seconds. Elapsed time: 2.95 seconds; current allocated memory: 647.685 MB.
INFO: [HLS 200-741] Implementing PIPO tdf8_top_dataflow_in_loop_TOP_LOOP_ifmap_vec_0_memcore using a single memory for all blocks
INFO: [RTMG 210-278] Implementing memory 'tdf8_top_dataflow_in_loop_TOP_LOOP_ifmap_vec_0_memcore_ram (RAM)' using auto RAMs.
INFO: [HLS 200-740] Implementing PIPO tdf8_top_dataflow_in_loop_TOP_LOOP_products_0_0_memcore using a separate memory for each block
INFO: [RTMG 210-278] Implementing memory 'tdf8_top_dataflow_in_loop_TOP_LOOP_products_0_0_memcore_ram (RAM)' using auto RAMs.
INFO: [HLS 200-740] Implementing PIPO tdf8_top_dataflow_in_loop_TOP_LOOP_accum1_out_0_0_memcore using a separate memory for each block
INFO: [RTMG 210-278] Implementing memory 'tdf8_top_dataflow_in_loop_TOP_LOOP_accum1_out_0_0_memcore_ram (RAM)' using auto RAMs.
INFO: [RTMG 210-285] Implementing FIFO 'input_indices_23_c_U(tdf8_top_fifo_w6_d2_S)' using Shift Registers.
INFO: [RTMG 210-285] Implementing FIFO 'input_indices_23_c1_U(tdf8_top_fifo_w6_d8_S)' using Shift Registers.
INFO: [RTMG 210-285] Implementing FIFO 'output_indices_04_c_U(tdf8_top_fifo_w4_d9_S)' using Shift Registers.
INFO: [RTMG 210-285] Implementing FIFO 'output_indices_15_c_U(tdf8_top_fifo_w8_d9_S)' using Shift Registers.
INFO: [RTMG 210-285] Implementing FIFO 'resetMaximum6_c_U(tdf8_top_fifo_w1_d9_S)' using Shift Registers.
INFO: [RTMG 210-285] Implementing FIFO 'storeOutput7_c_U(tdf8_top_fifo_w1_d9_S)' using Shift Registers.
INFO: [RTMG 210-285] Implementing FIFO 'input_indices_0_U(tdf8_top_fifo_w16_d2_S)' using Shift Registers.
INFO: [RTMG 210-285] Implementing FIFO 'input_indices_1_U(tdf8_top_fifo_w16_d2_S)' using Shift Registers.
INFO: [RTMG 210-285] Implementing FIFO 'accum2_out_0_0_U(tdf8_top_fifo_w16_d2_S)' using Shift Registers.
INFO: [RTMG 210-285] Implementing FIFO 'accum2_out_0_1_U(tdf8_top_fifo_w16_d2_S)' using Shift Registers.
INFO: [RTMG 210-285] Implementing FIFO 'accum2_out_0_2_U(tdf8_top_fifo_w16_d2_S)' using Shift Registers.
INFO: [RTMG 210-285] Implementing FIFO 'accum2_out_0_3_U(tdf8_top_fifo_w16_d2_S)' using Shift Registers.
INFO: [RTMG 210-285] Implementing FIFO 'accum2_out_0_4_U(tdf8_top_fifo_w16_d2_S)' using Shift Registers.
INFO: [RTMG 210-285] Implementing FIFO 'accum2_out_1_0_U(tdf8_top_fifo_w16_d2_S)' using Shift Registers.
INFO: [RTMG 210-285] Implementing FIFO 'accum2_out_1_1_U(tdf8_top_fifo_w16_d2_S)' using Shift Registers.
INFO: [RTMG 210-285] Implementing FIFO 'accum2_out_1_2_U(tdf8_top_fifo_w16_d2_S)' using Shift Registers.
INFO: [RTMG 210-285] Implementing FIFO 'accum2_out_1_3_U(tdf8_top_fifo_w16_d2_S)' using Shift Registers.
INFO: [RTMG 210-285] Implementing FIFO 'accum2_out_1_4_U(tdf8_top_fifo_w16_d2_S)' using Shift Registers.
INFO: [RTMG 210-285] Implementing FIFO 'accum2_out_2_0_U(tdf8_top_fifo_w16_d2_S)' using Shift Registers.
INFO: [RTMG 210-285] Implementing FIFO 'accum2_out_2_1_U(tdf8_top_fifo_w16_d2_S)' using Shift Registers.
INFO: [RTMG 210-285] Implementing FIFO 'accum2_out_2_2_U(tdf8_top_fifo_w16_d2_S)' using Shift Registers.
INFO: [RTMG 210-285] Implementing FIFO 'accum2_out_2_3_U(tdf8_top_fifo_w16_d2_S)' using Shift Registers.
INFO: [RTMG 210-285] Implementing FIFO 'accum2_out_2_4_U(tdf8_top_fifo_w16_d2_S)' using Shift Registers.
INFO: [RTMG 210-285] Implementing FIFO 'accum2_out_3_0_U(tdf8_top_fifo_w16_d2_S)' using Shift Registers.
INFO: [RTMG 210-285] Implementing FIFO 'accum2_out_3_1_U(tdf8_top_fifo_w16_d2_S)' using Shift Registers.
INFO: [RTMG 210-285] Implementing FIFO 'accum2_out_3_2_U(tdf8_top_fifo_w16_d2_S)' using Shift Registers.
INFO: [RTMG 210-285] Implementing FIFO 'accum2_out_3_3_U(tdf8_top_fifo_w16_d2_S)' using Shift Registers.
INFO: [RTMG 210-285] Implementing FIFO 'accum2_out_3_4_U(tdf8_top_fifo_w16_d2_S)' using Shift Registers.
INFO: [RTMG 210-285] Implementing FIFO 'tmp_channel_U(tdf8_top_fifo_w16_d2_S)' using Shift Registers.
INFO: [RTMG 210-285] Implementing FIFO 'sums_0_U(tdf8_top_fifo_w16_d2_S)' using Shift Registers.
INFO: [RTMG 210-285] Implementing FIFO 'tmp_178_channel_U(tdf8_top_fifo_w16_d2_S)' using Shift Registers.
INFO: [RTMG 210-285] Implementing FIFO 'sums_1_U(tdf8_top_fifo_w16_d2_S)' using Shift Registers.
INFO: [RTMG 210-285] Implementing FIFO 'tmp_179_channel_U(tdf8_top_fifo_w16_d2_S)' using Shift Registers.
INFO: [RTMG 210-285] Implementing FIFO 'sums_2_U(tdf8_top_fifo_w16_d2_S)' using Shift Registers.
INFO: [RTMG 210-285] Implementing FIFO 'tmp_180_channel_U(tdf8_top_fifo_w16_d2_S)' using Shift Registers.
INFO: [RTMG 210-285] Implementing FIFO 'sums_3_U(tdf8_top_fifo_w16_d2_S)' using Shift Registers.
INFO: [RTMG 210-285] Implementing FIFO 'input_indices_23_c2_U(tdf8_top_fifo_w6_d2_S)' using Shift Registers.
INFO: [RTMG 210-285] Implementing FIFO 'outputs_0_U(tdf8_top_fifo_w16_d2_S)' using Shift Registers.
INFO: [RTMG 210-285] Implementing FIFO 'outputs_1_U(tdf8_top_fifo_w16_d2_S)' using Shift Registers.
INFO: [RTMG 210-285] Implementing FIFO 'outputs_2_U(tdf8_top_fifo_w16_d2_S)' using Shift Registers.
INFO: [RTMG 210-285] Implementing FIFO 'outputs_3_U(tdf8_top_fifo_w16_d2_S)' using Shift Registers.
INFO: [RTMG 210-285] Implementing FIFO 'start_for_tdf8_readFilters4_U0_U(tdf8_top_start_for_tdf8_readFilters4_U0)' using Shift Registers.
WARNING: [RTMG 210-274] Memory 'tdf8_top_in_data' is read-only, switch it to a ROM.
INFO: [RTMG 210-279] Implementing memory 'tdf8_top_in_data_rom' using ultra ROMs.
INFO: [RTMG 210-278] Implementing memory 'tdf8_top_filter_data_0_ram (RAM_2P_BRAM)' using block RAMs.
WARNING: [RTMG 210-274] Memory 'tdf8_top_filter_data_1' is read-only, switch it to a ROM.
INFO: [RTMG 210-279] Implementing memory 'tdf8_top_filter_data_1_rom' using block ROMs.
INFO: [RTMG 210-278] Implementing memory 'tdf8_top_adjustments_ram (RAM_2P_BRAM)' using block RAMs.
INFO: [HLS 200-741] Implementing PIPO tdf8_top_dataflow_in_loop_TOP_LOOP_ifmap_vec_0_memcore using a single memory for all blocks
INFO: [HLS 200-740] Implementing PIPO tdf8_top_dataflow_in_loop_TOP_LOOP_products_0_0_memcore using a separate memory for each block
INFO: [HLS 200-740] Implementing PIPO tdf8_top_dataflow_in_loop_TOP_LOOP_accum1_out_0_0_memcore using a separate memory for each block
INFO: [HLS 200-741] Implementing PIPO tdf8_top_dataflow_in_loop_TOP_LOOP_ifmap_vec_0_memcore using a single memory for all blocks
INFO: [HLS 200-740] Implementing PIPO tdf8_top_dataflow_in_loop_TOP_LOOP_products_0_0_memcore using a separate memory for each block
INFO: [HLS 200-740] Implementing PIPO tdf8_top_dataflow_in_loop_TOP_LOOP_accum1_out_0_0_memcore using a separate memory for each block
INFO: [HLS 200-111] Finished Generating all RTL models: CPU user time: 11.17 seconds. CPU system time: 0.93 seconds. Elapsed time: 15.55 seconds; current allocated memory: 656.961 MB.
INFO: [VHDL 208-304] Generating VHDL RTL for tdf8_top.
INFO: [VLOG 209-307] Generating Verilog RTL for tdf8_top.
INFO: [HLS 200-790] **** Loop Constraint Status: All loop constraints were satisfied.
INFO: [HLS 200-789] **** Estimated Fmax: 148.48 MHz
INFO: [HLS 200-111] Finished Command csynth_design CPU user time: 117.18 seconds. CPU system time: 6.35 seconds. Elapsed time: 131.67 seconds; current allocated memory: 661.743 MB.
INFO: [HLS 200-112] Total CPU user time: 183.84 seconds. Total CPU system time: 9.5 seconds. Total elapsed time: 200.18 seconds; peak allocated memory: 656.961 MB.
INFO: [Common 17-206] Exiting vitis_hls at Mon Mar 15 15:51:30 2021...
