
****** Vitis HLS - High-Level Synthesis from C, C++ and OpenCL v2020.2 (64-bit)
  **** SW Build 3064766 on Wed Nov 18 09:12:47 MST 2020
  **** IP Build 3064653 on Wed Nov 18 14:17:31 MST 2020
    ** Copyright 1986-2020 Xilinx, Inc. All Rights Reserved.

source /usr/local/packages/xilinx_2020/Vitis_HLS/2020.2/scripts/vitis_hls/hls.tcl -notrace
INFO: [HLS 200-10] Running '/usr/local/packages/xilinx_2020/Vitis_HLS/2020.2/bin/unwrapped/lnx64.o/vitis_hls'
INFO: [HLS 200-10] For user 'drauch' on host 'kamek.ece.utexas.edu' (Linux_x86_64 version 3.10.0-1160.6.1.el7.x86_64) on Tue Apr 20 10:40:33 CDT 2021
INFO: [HLS 200-10] On os "CentOS Linux release 7.9.2009 (Core)"
INFO: [HLS 200-10] In directory '/home/ecelrc/students/drauch/research/scale-cnn/networks/vtr/layers/tdf8/r2_o8'
Sourcing Tcl script 'tdf8.tcl'
INFO: [HLS 200-1510] Running: open_project -reset tdf8_prj 
INFO: [HLS 200-10] Creating and opening project '/home/ecelrc/students/drauch/research/scale-cnn/networks/vtr/layers/tdf8/r2_o8/tdf8_prj'.
INFO: [HLS 200-1510] Running: add_files -cflags -I .. -I /home/ecelrc/students/drauch/research/scale-cnn/common -D FAST_COMPILE=0 /home/ecelrc/students/drauch/research/scale-cnn/common/global_defines.h tdf8.cpp 
INFO: [HLS 200-10] Adding design file '/home/ecelrc/students/drauch/research/scale-cnn/common/global_defines.h' to the project
INFO: [HLS 200-10] Adding design file 'tdf8.cpp' to the project
INFO: [HLS 200-1510] Running: add_files -tb -cflags -I .. -I /home/ecelrc/students/drauch/research/scale-cnn/common/test -I /home/ecelrc/students/drauch/research/scale-cnn/common /home/ecelrc/students/drauch/research/scale-cnn/common/test/tb_utils.cpp ../test/golden.cpp ../test/tb_tdf8.cpp 
INFO: [HLS 200-10] Adding test bench file '/home/ecelrc/students/drauch/research/scale-cnn/common/test/tb_utils.cpp' to the project
INFO: [HLS 200-10] Adding test bench file '../test/golden.cpp' to the project
INFO: [HLS 200-10] Adding test bench file '../test/tb_tdf8.cpp' to the project
INFO: [HLS 200-1510] Running: set_top tdf8_top 
INFO: [HLS 200-1510] Running: open_solution -reset solution1 
INFO: [HLS 200-10] Creating and opening solution '/home/ecelrc/students/drauch/research/scale-cnn/networks/vtr/layers/tdf8/r2_o8/tdf8_prj/solution1'.
INFO: [HLS 200-10] Cleaning up the solution database.
WARNING: [HLS 200-40] No /home/ecelrc/students/drauch/research/scale-cnn/networks/vtr/layers/tdf8/r2_o8/tdf8_prj/solution1/solution1.aps file found.
INFO: [HLS 200-1505] Using default flow_target 'vivado'
Resolution: For help on HLS 200-1505 see www.xilinx.com/cgi-bin/docs/rdoc?v=2020.2;t=hls+guidance;d=200-1505.html
INFO: [HLS 200-1510] Running: set_part xcvu3p-ffvc1517-3-e 
INFO: [HLS 200-10] Setting target device to 'xcvu3p-ffvc1517-3-e'
INFO: [HLS 200-1510] Running: create_clock -period 3 
INFO: [SYN 201-201] Setting up clock 'default' with a period of 3ns.
INFO: [HLS 200-1510] Running: set_directive_bind_storage -type ram_s2p -impl uram tdf8_top in_data 
INFO: [HLS 200-1510] Running: set_directive_bind_storage -type ram_s2p -impl uram tdf8_top out_data 
INFO: [HLS 200-1510] Running: set_directive_bind_storage -type ram_2p -impl bram tdf8_top filter_data 
INFO: [HLS 200-1510] Running: set_directive_bind_storage -type ram_2p -impl bram tdf8_top adjustments 
INFO: [HLS 200-1510] Running: set_directive_array_reshape -type cyclic -factor 4 tdf8_top in_data -dim 3 
INFO: [HLS 200-1510] Running: set_directive_array_reshape -type cyclic -factor 2 tdf8_top filter_data -dim 4 
INFO: [HLS 200-1510] Running: set_directive_array_reshape -type cyclic -factor 4 tdf8_top out_data -dim 3 
INFO: [HLS 200-1510] Running: set_directive_array_reshape -type cyclic -factor 4 tdf8_top adjustments -dim 2 
INFO: [HLS 200-1510] Running: set_directive_array_partition -type cyclic -factor 8 -dim 1 tdf8_top filter_data 
INFO: [HLS 200-1510] Running: set_directive_array_partition -type cyclic -factor 8 -dim 1 tdf8 weight_vecs 
INFO: [HLS 200-1510] Running: set_directive_array_partition -type cyclic -factor 8 -dim 1 tdf8 products 
INFO: [HLS 200-1510] Running: set_directive_array_partition -type cyclic -factor 2 -dim 3 tdf8 ifmap_vec 
INFO: [HLS 200-1510] Running: set_directive_array_partition -type cyclic -factor 2 -dim 4 tdf8 weight_vecs 
INFO: [HLS 200-1510] Running: set_directive_array_partition -type cyclic -factor 2 -dim 2 tdf8 products 
INFO: [HLS 200-1510] Running: set_directive_pipeline tdf8_readInputs/IL6 
INFO: [HLS 200-1510] Running: set_directive_unroll -factor 2 tdf8_readInputs/IL6 
INFO: [HLS 200-1510] Running: set_directive_pipeline tdf8_readFilters/FL6 
INFO: [HLS 200-1510] Running: set_directive_unroll -factor 2 tdf8_readFilters/FL6 
INFO: [HLS 200-1510] Running: set_directive_pipeline tdf8_dot_product/DP_OUTER_3 
INFO: [HLS 200-1510] Running: set_directive_unroll -factor 2 tdf8_dot_product/DP_OUTER_3 
INFO: [HLS 200-1510] Running: set_directive_dataflow tdf8/TOP_LOOP 
INFO: [HLS 200-1510] Running: config_op hadd -impl fulldsp -latency 7 
INFO: [HLS 200-1445] Configure operator 'hadd' with implementation style 'fulldsp'.
INFO: [HLS 200-1446] Configure operator 'hadd' with latency 7.
INFO: [HLS 200-1510] Running: config_op hmul -impl maxdsp -latency 4 
INFO: [HLS 200-1445] Configure operator 'hmul' with implementation style 'maxdsp'.
INFO: [HLS 200-1446] Configure operator 'hmul' with latency 4.
INFO: [HLS 200-1510] Running: config_dataflow -strict_mode off 
INFO: [HLS 200-1510] Running: csynth_design 
INFO: [HLS 200-111] Finished File checks and directory preparation: CPU user time: 0.02 seconds. CPU system time: 0.05 seconds. Elapsed time: 0.28 seconds; current allocated memory: 239.701 MB.
INFO: [HLS 200-10] Analyzing design file 'tdf8.cpp' ... 
WARNING: [HLS 207-5510] 'Resource pragma' is deprecated, and it will be removed in future release. It is suggested to replace it with 'bind_op/bind_storage pragma'.: /usr/local/packages/xilinx_2020/Vitis_HLS/2020.2/common/technology/autopilot/hls_hotbm_apfixed.h:117:9
WARNING: [HLS 207-5510] 'Resource pragma' is deprecated, and it will be removed in future release. It is suggested to replace it with 'bind_op/bind_storage pragma'.: /usr/local/packages/xilinx_2020/Vitis_HLS/2020.2/common/technology/autopilot/hls_hotbm_apfixed.h:118:9
WARNING: [HLS 207-5510] 'Resource pragma' is deprecated, and it will be removed in future release. It is suggested to replace it with 'bind_op/bind_storage pragma'.: /usr/local/packages/xilinx_2020/Vitis_HLS/2020.2/common/technology/autopilot/hls_hotbm_apfixed.h:119:9
WARNING: [HLS 207-5510] 'Resource pragma' is deprecated, and it will be removed in future release. It is suggested to replace it with 'bind_op/bind_storage pragma'.: /usr/local/packages/xilinx_2020/Vitis_HLS/2020.2/common/technology/autopilot/hls_hotbm_apfixed.h:120:9
WARNING: [HLS 207-5510] 'Resource pragma' is deprecated, and it will be removed in future release. It is suggested to replace it with 'bind_op/bind_storage pragma'.: /usr/local/packages/xilinx_2020/Vitis_HLS/2020.2/common/technology/autopilot/hls_hotbm_apfixed.h:121:9
WARNING: [HLS 207-5510] 'Resource pragma' is deprecated, and it will be removed in future release. It is suggested to replace it with 'bind_op/bind_storage pragma'.: /usr/local/packages/xilinx_2020/Vitis_HLS/2020.2/common/technology/autopilot/hls_hotbm_apfixed.h:151:9
WARNING: [HLS 207-5510] 'Resource pragma' is deprecated, and it will be removed in future release. It is suggested to replace it with 'bind_op/bind_storage pragma'.: /usr/local/packages/xilinx_2020/Vitis_HLS/2020.2/common/technology/autopilot/hls_hotbm_apfixed.h:152:9
WARNING: [HLS 207-5510] 'Resource pragma' is deprecated, and it will be removed in future release. It is suggested to replace it with 'bind_op/bind_storage pragma'.: /usr/local/packages/xilinx_2020/Vitis_HLS/2020.2/common/technology/autopilot/hls_hotbm_apfixed.h:153:9
WARNING: [HLS 207-5510] 'Resource pragma' is deprecated, and it will be removed in future release. It is suggested to replace it with 'bind_op/bind_storage pragma'.: /usr/local/packages/xilinx_2020/Vitis_HLS/2020.2/common/technology/autopilot/hls_hotbm_apfixed.h:154:9
WARNING: [HLS 207-5510] 'Resource pragma' is deprecated, and it will be removed in future release. It is suggested to replace it with 'bind_op/bind_storage pragma'.: /usr/local/packages/xilinx_2020/Vitis_HLS/2020.2/common/technology/autopilot/hls_hotbm_apfixed.h:155:9
WARNING: [HLS 207-5510] 'Resource pragma' is deprecated, and it will be removed in future release. It is suggested to replace it with 'bind_op/bind_storage pragma'.: /usr/local/packages/xilinx_2020/Vitis_HLS/2020.2/common/technology/autopilot/hls_hotbm_apfixed.h:156:9
WARNING: [HLS 207-5510] 'Resource pragma' is deprecated, and it will be removed in future release. It is suggested to replace it with 'bind_op/bind_storage pragma'.: /usr/local/packages/xilinx_2020/Vitis_HLS/2020.2/common/technology/autopilot/hls_hotbm_apfixed.h:157:9
WARNING: [HLS 207-5510] 'Resource pragma' is deprecated, and it will be removed in future release. It is suggested to replace it with 'bind_op/bind_storage pragma'.: /usr/local/packages/xilinx_2020/Vitis_HLS/2020.2/common/technology/autopilot/hls_hotbm_apfixed.h:158:9
WARNING: [HLS 207-5510] 'Resource pragma' is deprecated, and it will be removed in future release. It is suggested to replace it with 'bind_op/bind_storage pragma'.: /usr/local/packages/xilinx_2020/Vitis_HLS/2020.2/common/technology/autopilot/hls_hotbm_apfixed.h:159:9
WARNING: [HLS 207-5510] 'Resource pragma' is deprecated, and it will be removed in future release. It is suggested to replace it with 'bind_op/bind_storage pragma'.: /usr/local/packages/xilinx_2020/Vitis_HLS/2020.2/common/technology/autopilot/hls_hotbm_apfixed.h:160:9
WARNING: [HLS 207-5510] 'Resource pragma' is deprecated, and it will be removed in future release. It is suggested to replace it with 'bind_op/bind_storage pragma'.: /usr/local/packages/xilinx_2020/Vitis_HLS/2020.2/common/technology/autopilot/hls_hotbm_apfixed.h:210:9
WARNING: [HLS 207-5510] 'Resource pragma' is deprecated, and it will be removed in future release. It is suggested to replace it with 'bind_op/bind_storage pragma'.: /usr/local/packages/xilinx_2020/Vitis_HLS/2020.2/common/technology/autopilot/hls_hotbm_apfixed.h:211:9
WARNING: [HLS 207-5510] 'Resource pragma' is deprecated, and it will be removed in future release. It is suggested to replace it with 'bind_op/bind_storage pragma'.: /usr/local/packages/xilinx_2020/Vitis_HLS/2020.2/common/technology/autopilot/hls_hotbm_apfixed.h:212:9
WARNING: [HLS 207-5510] 'Resource pragma' is deprecated, and it will be removed in future release. It is suggested to replace it with 'bind_op/bind_storage pragma'.: /usr/local/packages/xilinx_2020/Vitis_HLS/2020.2/common/technology/autopilot/hls_hotbm_apfixed.h:239:9
WARNING: [HLS 207-5510] 'Resource pragma' is deprecated, and it will be removed in future release. It is suggested to replace it with 'bind_op/bind_storage pragma'.: /usr/local/packages/xilinx_2020/Vitis_HLS/2020.2/common/technology/autopilot/hls_hotbm_apfixed.h:240:9
WARNING: [HLS 207-5510] 'Resource pragma' is deprecated, and it will be removed in future release. It is suggested to replace it with 'bind_op/bind_storage pragma'.: /usr/local/packages/xilinx_2020/Vitis_HLS/2020.2/common/technology/autopilot/hls_hotbm_apfixed.h:241:9
WARNING: [HLS 207-5510] 'Resource pragma' is deprecated, and it will be removed in future release. It is suggested to replace it with 'bind_op/bind_storage pragma'.: /usr/local/packages/xilinx_2020/Vitis_HLS/2020.2/common/technology/autopilot/hls_hotbm_apfixed.h:242:9
WARNING: [HLS 207-5510] 'Resource pragma' is deprecated, and it will be removed in future release. It is suggested to replace it with 'bind_op/bind_storage pragma'.: /usr/local/packages/xilinx_2020/Vitis_HLS/2020.2/common/technology/autopilot/hls_hotbm_apfixed.h:243:9
WARNING: [HLS 207-5510] 'Resource pragma' is deprecated, and it will be removed in future release. It is suggested to replace it with 'bind_op/bind_storage pragma'.: /usr/local/packages/xilinx_2020/Vitis_HLS/2020.2/common/technology/autopilot/hls_hotbm_apfixed.h:244:9
WARNING: [HLS 207-5510] 'Resource pragma' is deprecated, and it will be removed in future release. It is suggested to replace it with 'bind_op/bind_storage pragma'.: /usr/local/packages/xilinx_2020/Vitis_HLS/2020.2/common/technology/autopilot/hls_hotbm_apfixed.h:280:9
WARNING: [HLS 207-5510] 'Resource pragma' is deprecated, and it will be removed in future release. It is suggested to replace it with 'bind_op/bind_storage pragma'.: /usr/local/packages/xilinx_2020/Vitis_HLS/2020.2/common/technology/autopilot/hls_hotbm_apfixed.h:281:9
WARNING: [HLS 207-5301] unused parameter 'k': ./tdf8_conv_stages.h:76:37
INFO: [HLS 200-111] Finished Source Code Analysis and Preprocessing: CPU user time: 53.73 seconds. CPU system time: 3.68 seconds. Elapsed time: 327.52 seconds; current allocated memory: 243.155 MB.
INFO: [HLS 200-777] Using interface defaults for 'Vivado' flow target.
INFO: [HLS 214-131] Inlining function 'tdf8_adjust_value(decimal16, decimal16, decimal16, decimal16)' into 'tdf8_adjust(decimal16*, decimal16*, decimal16 (*) [4], unsigned short)' (./tdf8_conv_stages.h:223:20)
WARNING: [HLS 214-185] The resource pragma (storage) on function argument, in 'call' is unsupported (tdf8.cpp:254:9)
INFO: [HLS 214-188] Unrolling loop 'IL6' (./tdf8_conv_stages.h:25:15) in function 'tdf8_readInputs' partially with a factor of 2 (./tdf8_conv_stages.h:25:15)
INFO: [HLS 214-188] Unrolling loop 'FL6' (./tdf8_conv_stages.h:49:15) in function 'tdf8_readFilters' partially with a factor of 2 (./tdf8_conv_stages.h:49:15)
INFO: [HLS 214-186] Unrolling loop 'FL7' (./tdf8_conv_stages.h:50:18) in function 'tdf8_readFilters' completely with a factor of 8 (./tdf8_conv_stages.h:50:18)
INFO: [HLS 214-186] Unrolling loop 'FL7' (./tdf8_conv_stages.h:50:18) in function 'tdf8_readFilters' completely with a factor of 8 (./tdf8_conv_stages.h:50:18)
INFO: [HLS 214-186] Unrolling loop 'VITIS_LOOP_117_2' (./tdf8_conv_stages.h:117:25) in function 'tdf8_writeOutputs_aligned' completely with a factor of 4 (./tdf8_conv_stages.h:117:25)
INFO: [HLS 214-188] Unrolling loop 'DP_OUTER_3' (./tdf8_conv_stages.h:149:22) in function 'tdf8_dot_product' partially with a factor of 2 (./tdf8_conv_stages.h:149:22)
INFO: [HLS 214-186] Unrolling loop 'VITIS_LOOP_21_1' (tdf8.cpp:21:19) in function 'tdf8_poolOutputs' completely with a factor of 8 (tdf8.cpp:21:19)
INFO: [HLS 214-188] Unrolling loop 'OUTPUT_LOOP' (tdf8.cpp:57:17) in function 'tdf8_accum_1' partially with a factor of 2 (tdf8.cpp:57:17)
INFO: [HLS 214-178] Inlining function 'fp_struct<decimal16>::fp_struct(decimal16)' into 'int generic_signbit<decimal16>(decimal16)' (/wrk/ci/prod/2020.2/rdi_builds/continuous/2020_11_18_3064766/src/shared/hls/clib/hlsmath/include/FloatingPoint/hls_signbit.h:11:0)
INFO: [HLS 214-178] Inlining function 'fp_struct<decimal16>::__signbit() const' into 'int generic_signbit<decimal16>(decimal16)' (/wrk/ci/prod/2020.2/rdi_builds/continuous/2020_11_18_3064766/src/shared/hls/clib/hlsmath/include/FloatingPoint/hls_signbit.h:11:0)
INFO: [HLS 214-178] Inlining function 'int generic_signbit<decimal16>(decimal16)' into 'hls::signbit(decimal16)' (/wrk/ci/prod/2020.2/rdi_builds/continuous/2020_11_18_3064766/src/shared/hls/clib/hlsmath/src/c++/signbithalf.cpp:7:0)
INFO: [HLS 214-178] Inlining function 'hls::signbit(decimal16)' into 'tdf8_adjust(decimal16*, decimal16*, decimal16 (*) [4], unsigned short)' (./tdf8_conv_stages.h:212:0)
WARNING: [HLS 214-167] The program may have out of bound array access (tdf8.cpp:23:42)
WARNING: [HLS 214-167] The program may have out of bound array access (tdf8.cpp:24:19)
WARNING: [HLS 214-167] The program may have out of bound array access (tdf8.cpp:23:42)
WARNING: [HLS 214-167] The program may have out of bound array access (tdf8.cpp:24:19)
WARNING: [HLS 214-167] The program may have out of bound array access (tdf8.cpp:23:42)
WARNING: [HLS 214-167] The program may have out of bound array access (tdf8.cpp:24:19)
WARNING: [HLS 214-167] The program may have out of bound array access (tdf8.cpp:23:42)
WARNING: [HLS 214-167] The program may have out of bound array access (tdf8.cpp:24:19)
WARNING: [HLS 214-167] The program may have out of bound array access (tdf8.cpp:23:42)
WARNING: [HLS 214-167] The program may have out of bound array access (tdf8.cpp:24:19)
WARNING: [HLS 214-167] The program may have out of bound array access (tdf8.cpp:23:42)
WARNING: [HLS 214-167] The program may have out of bound array access (tdf8.cpp:24:19)
WARNING: [HLS 214-167] The program may have out of bound array access (tdf8.cpp:23:42)
WARNING: [HLS 214-167] The program may have out of bound array access (tdf8.cpp:24:19)
WARNING: [HLS 214-167] The program may have out of bound array access (tdf8.cpp:23:42)
WARNING: [HLS 214-167] The program may have out of bound array access (tdf8.cpp:24:19)
INFO: [HLS 214-248] cyclic reshaped array 'out_data' on dimension 3 with 4 (tdf8.cpp:253:137)
INFO: [HLS 200-111] Finished Compiling Optimization and Transform: CPU user time: 13.48 seconds. CPU system time: 1.57 seconds. Elapsed time: 81.76 seconds; current allocated memory: 245.310 MB.
INFO: [HLS 200-111] Finished Checking Pragmas: CPU user time: 0 seconds. CPU system time: 0 seconds. Elapsed time: 0.09 seconds; current allocated memory: 245.312 MB.
INFO: [HLS 200-10] Starting code transformations ...
INFO: [HLS 200-111] Finished Standard Transforms: CPU user time: 0.61 seconds. CPU system time: 0.05 seconds. Elapsed time: 4.52 seconds; current allocated memory: 266.669 MB.
INFO: [HLS 200-10] Checking synthesizability ...
INFO: [HLS 200-111] Finished Checking Synthesizability: CPU user time: 0.87 seconds. CPU system time: 0.06 seconds. Elapsed time: 6.12 seconds; current allocated memory: 288.226 MB.
INFO: [XFORM 203-502] Unrolling all sub-loops inside loop 'DP_OUTER_3' (./tdf8_conv_stages.h:149) in function 'tdf8_dot_product' for pipelining.
INFO: [XFORM 203-502] Unrolling all sub-loops inside loop 'ACCUM_LOOP_OUTER' (tdf8.cpp:49) in function 'tdf8_accum_1' for pipelining.
INFO: [HLS 200-489] Unrolling loop 'DP_INNER' (./tdf8_conv_stages.h:152) in function 'tdf8_dot_product' completely with a factor of 8.
INFO: [HLS 200-489] Unrolling loop 'ACCUM_LOOP_INNER' (tdf8.cpp:51) in function 'tdf8_accum_1' completely with a factor of 16.
WARNING: [HLS 200-1476] Applying partition directive (tdf8.cpp:255:4) and reshape directive (tdf8.cpp:256:9) on the same variable 'filter_data' (tdf8.cpp:255) may lead to unexpected synthesis behaviors.\

INFO: [XFORM 203-131] Reshaping array 'in_data' (tdf8.cpp:254) in dimension 3 with a cyclic factor of 4.
INFO: [XFORM 203-131] Reshaping array 'filter_data' (tdf8.cpp:255) in dimension 4 with a cyclic factor of 2.
INFO: [XFORM 203-131] Reshaping array 'adjustments' (tdf8.cpp:256) in dimension 2 completely.
INFO: [XFORM 203-101] Partitioning array 'ifmap_vec' (tdf8.cpp:190) in dimension 3 with a cyclic factor 2.
INFO: [XFORM 203-101] Partitioning array 'weight_vecs' (tdf8.cpp:191) in dimension 1 completely.
INFO: [XFORM 203-101] Partitioning array 'products' (tdf8.cpp:192) in dimension 1 completely.
INFO: [XFORM 203-101] Partitioning array 'sums' (tdf8.cpp:193) in dimension 1 completely.
INFO: [XFORM 203-101] Partitioning array 'outputs' (tdf8.cpp:194) in dimension 1 completely.
INFO: [XFORM 203-101] Partitioning array 'input_indices' (tdf8.cpp:197) in dimension 1 completely.
INFO: [XFORM 203-101] Partitioning array 'output_indices' (tdf8.cpp:198) in dimension 1 completely.
INFO: [XFORM 203-101] Partitioning array 'filter_data' (tdf8.cpp:255) in dimension 1 with a cyclic factor 8.
INFO: [XFORM 203-101] Partitioning array 'max_vals'  in dimension 1 completely.
INFO: [XFORM 203-101] Partitioning array 'psum' (tdf8.cpp:45) in dimension 1 completely.
INFO: [XFORM 203-101] Partitioning array 'weight_vecs' (tdf8.cpp:191) in dimension 4 with a cyclic factor 2.
INFO: [XFORM 203-101] Partitioning array 'products' (tdf8.cpp:192) in dimension 2 with a cyclic factor 2.
INFO: [XFORM 203-721] Extract dataflow region from loop TOP_LOOP (tdf8.cpp:187)  of function 'tdf8'.
INFO: [HLS 200-988] Store statement on variable  'sums[0]50' (tdf8.cpp:193) in a dataflow region ( 'dataflow_in_loop_TOP_LOOP' (tdf8.cpp:187:7)) will infer a separate dataflow process. Consider placing this store inside a function.
INFO: [HLS 200-988] Store statement on variable  'sums[1]51' (tdf8.cpp:193) in a dataflow region ( 'dataflow_in_loop_TOP_LOOP' (tdf8.cpp:187:7)) will infer a separate dataflow process. Consider placing this store inside a function.
INFO: [HLS 200-988] Store statement on variable  'sums[2]52' (tdf8.cpp:193) in a dataflow region ( 'dataflow_in_loop_TOP_LOOP' (tdf8.cpp:187:7)) will infer a separate dataflow process. Consider placing this store inside a function.
INFO: [HLS 200-988] Store statement on variable  'sums[3]53' (tdf8.cpp:193) in a dataflow region ( 'dataflow_in_loop_TOP_LOOP' (tdf8.cpp:187:7)) will infer a separate dataflow process. Consider placing this store inside a function.
INFO: [HLS 200-988] Store statement on variable  'sums[4]54' (tdf8.cpp:193) in a dataflow region ( 'dataflow_in_loop_TOP_LOOP' (tdf8.cpp:187:7)) will infer a separate dataflow process. Consider placing this store inside a function.
INFO: [HLS 200-988] Store statement on variable  'sums[5]55' (tdf8.cpp:193) in a dataflow region ( 'dataflow_in_loop_TOP_LOOP' (tdf8.cpp:187:7)) will infer a separate dataflow process. Consider placing this store inside a function.
INFO: [HLS 200-988] Store statement on variable  'sums[6]56' (tdf8.cpp:193) in a dataflow region ( 'dataflow_in_loop_TOP_LOOP' (tdf8.cpp:187:7)) will infer a separate dataflow process. Consider placing this store inside a function.
INFO: [HLS 200-988] Store statement on variable  'sums[7]57' (tdf8.cpp:193) in a dataflow region ( 'dataflow_in_loop_TOP_LOOP' (tdf8.cpp:187:7)) will infer a separate dataflow process. Consider placing this store inside a function.
INFO: [XFORM 203-712] Applying dataflow to function 'dataflow_in_loop_TOP_LOOP' (tdf8.cpp:187:7), detected/extracted 30 process function(s): 
	 'tdf8_get_next_ijk'
	 'tdf8_readInputs'
	 'tdf8_readFilters'
	 'tdf8_dot_product'
	 'tdf8_accum_1'
	 'tdf8_accum_1'
	 'tdf8_accum_1'
	 'tdf8_accum_1'
	 'tdf8_accum_1'
	 'tdf8_accum_1'
	 'tdf8_accum_1'
	 'tdf8_accum_1'
	 'tdf8_accum_2'
	 'Block_entry_proc_proc'
	 'tdf8_accum_2'
	 'Block_entry_proc_proc35'
	 'tdf8_accum_2'
	 'Block_entry_proc_proc36'
	 'tdf8_accum_2'
	 'Block_entry_proc_proc37'
	 'tdf8_accum_2'
	 'Block_entry_proc_proc38'
	 'tdf8_accum_2'
	 'Block_entry_proc_proc39'
	 'tdf8_accum_2'
	 'Block_entry_proc_proc40'
	 'tdf8_accum_2'
	 'Block_entry_proc_proc41'
	 'tdf8_adjust'
	 'tdf8_poolOutputs'.
INFO: [XFORM 203-401] Performing if-conversion on hyperblock in function 'tdf8_get_next_ijk'... converting 6 basic blocks.
INFO: [HLS 200-111] Finished Loop, function and other optimizations: CPU user time: 3.92 seconds. CPU system time: 0.09 seconds. Elapsed time: 21.7 seconds; current allocated memory: 333.256 MB.
INFO: [XFORM 203-541] Flattening a loop nest 'IL5' (./tdf8_conv_stages.h:20:21) in function 'tdf8_readInputs'.
INFO: [XFORM 203-541] Flattening a loop nest 'IL4' (./tdf8_conv_stages.h:19:18) in function 'tdf8_readInputs'.
INFO: [XFORM 203-541] Flattening a loop nest 'FL5' (./tdf8_conv_stages.h:48:26) in function 'tdf8_readFilters'.
INFO: [XFORM 203-541] Flattening a loop nest 'FL4' (./tdf8_conv_stages.h:47:23) in function 'tdf8_readFilters'.
INFO: [XFORM 203-541] Flattening a loop nest 'DP_OUTER_2' (./tdf8_conv_stages.h:148:33) in function 'tdf8_dot_product'.
INFO: [XFORM 203-541] Flattening a loop nest 'DP_OUTER_1' (./tdf8_conv_stages.h:147:28) in function 'tdf8_dot_product'.
WARNING: [ANALYSIS 214-52] Found false inter dependency for variable 'products[5][0]' (./tdf8_conv_stages.h:139).
WARNING: [ANALYSIS 214-52] Found false inter dependency for variable 'products[7][0]' (./tdf8_conv_stages.h:139).
WARNING: [ANALYSIS 214-52] Found false inter dependency for variable 'products[6][0]' (./tdf8_conv_stages.h:139).
WARNING: [ANALYSIS 214-52] Found false inter dependency for variable 'products[4][0]' (./tdf8_conv_stages.h:139).
WARNING: [ANALYSIS 214-52] Found false inter dependency for variable 'products[7][1]' (./tdf8_conv_stages.h:139).
WARNING: [ANALYSIS 214-52] Found false inter dependency for variable 'products[0][1]' (./tdf8_conv_stages.h:139).
WARNING: [ANALYSIS 214-52] Found false inter dependency for variable 'products[5][1]' (./tdf8_conv_stages.h:139).
WARNING: [ANALYSIS 214-52] Found false inter dependency for variable 'products[3][0]' (./tdf8_conv_stages.h:139).
WARNING: [ANALYSIS 214-52] Found false inter dependency for variable 'products[1][0]' (./tdf8_conv_stages.h:139).
WARNING: [ANALYSIS 214-52] Found false inter dependency for variable 'products[2][1]' (./tdf8_conv_stages.h:139).
WARNING: [ANALYSIS 214-52] Found false inter dependency for variable 'products[1][1]' (./tdf8_conv_stages.h:139).
WARNING: [ANALYSIS 214-52] Found false inter dependency for variable 'products[4][1]' (./tdf8_conv_stages.h:139).
WARNING: [ANALYSIS 214-52] Found false inter dependency for variable 'products[3][1]' (./tdf8_conv_stages.h:139).
WARNING: [ANALYSIS 214-52] Found false inter dependency for variable 'products[2][0]' (./tdf8_conv_stages.h:139).
WARNING: [ANALYSIS 214-52] Found false inter dependency for variable 'products[0][0]' (./tdf8_conv_stages.h:139).
WARNING: [ANALYSIS 214-52] Found false inter dependency for variable 'products[6][1]' (./tdf8_conv_stages.h:139).
WARNING: [ANALYSIS 214-52] Found false intra dependency for variable 'products[5][0]' (./tdf8_conv_stages.h:139).
WARNING: [ANALYSIS 214-52] Found false intra dependency for variable 'products[7][0]' (./tdf8_conv_stages.h:139).
WARNING: [ANALYSIS 214-52] Found false intra dependency for variable 'products[6][0]' (./tdf8_conv_stages.h:139).
WARNING: [ANALYSIS 214-52] Found false intra dependency for variable 'products[4][0]' (./tdf8_conv_stages.h:139).
WARNING: [ANALYSIS 214-52] Found false intra dependency for variable 'products[7][1]' (./tdf8_conv_stages.h:139).
WARNING: [ANALYSIS 214-52] Found false intra dependency for variable 'products[0][1]' (./tdf8_conv_stages.h:139).
WARNING: [ANALYSIS 214-52] Found false intra dependency for variable 'products[5][1]' (./tdf8_conv_stages.h:139).
WARNING: [ANALYSIS 214-52] Found false intra dependency for variable 'products[3][0]' (./tdf8_conv_stages.h:139).
WARNING: [ANALYSIS 214-52] Found false intra dependency for variable 'products[1][0]' (./tdf8_conv_stages.h:139).
WARNING: [ANALYSIS 214-52] Found false intra dependency for variable 'products[2][1]' (./tdf8_conv_stages.h:139).
WARNING: [ANALYSIS 214-52] Found false intra dependency for variable 'products[1][1]' (./tdf8_conv_stages.h:139).
WARNING: [ANALYSIS 214-52] Found false intra dependency for variable 'products[4][1]' (./tdf8_conv_stages.h:139).
WARNING: [ANALYSIS 214-52] Found false intra dependency for variable 'products[3][1]' (./tdf8_conv_stages.h:139).
WARNING: [ANALYSIS 214-52] Found false intra dependency for variable 'products[2][0]' (./tdf8_conv_stages.h:139).
WARNING: [ANALYSIS 214-52] Found false intra dependency for variable 'products[0][0]' (./tdf8_conv_stages.h:139).
WARNING: [ANALYSIS 214-52] Found false intra dependency for variable 'products[6][1]' (./tdf8_conv_stages.h:139).
WARNING: [ANALYSIS 214-52] Found false inter dependency for variable 'accum_out' (tdf8.cpp:43).
WARNING: [ANALYSIS 214-52] Found false intra dependency for variable 'accum_out' (tdf8.cpp:43).
WARNING: [ANALYSIS 214-52] Found false inter dependency for variable 'accum_out' (tdf8.cpp:43).
WARNING: [ANALYSIS 214-52] Found false intra dependency for variable 'accum_out' (tdf8.cpp:43).
INFO: [HLS 200-472] Inferring partial write operation for 'filter_data[0]' (tdf8.cpp:259:28)
INFO: [HLS 200-472] Inferring partial write operation for 'adjustments' (tdf8.cpp:260:22)
INFO: [HLS 200-472] Inferring partial write operation for 'ifmap_vec[0]' (./tdf8_conv_stages.h:33:35)
INFO: [HLS 200-472] Inferring partial write operation for 'weight_vecs[0][0]' (./tdf8_conv_stages.h:55:43)
INFO: [HLS 200-472] Inferring partial write operation for 'products[0][0]' (./tdf8_conv_stages.h:153:32)
INFO: [HLS 200-472] Inferring partial write operation for 'accum_out' (tdf8.cpp:69:15)
INTERNAL-INFO: never seen llvm instruction 'hsub'(535)
WARNING: [HLS 200-1449] Process tdf8_readInputs5 has both a predecessor and reads an input from its caller (see the GUI dataflow viewer). This may lead to lower throughput. Consider copying this input via a predecessor process.
INFO: [HLS 200-111] Finished Architecture Synthesis: CPU user time: 3.84 seconds. CPU system time: 0.26 seconds. Elapsed time: 23.52 seconds; current allocated memory: 585.551 MB.
INFO: [HLS 200-10] Starting hardware synthesis ...
INFO: [HLS 200-10] Synthesizing 'tdf8_top' ...
WARNING: [SYN 201-103] Legalizing function name 'tdf8_accum_2.1' to 'tdf8_accum_2_1'.
WARNING: [SYN 201-103] Legalizing function name 'tdf8_accum_2.2' to 'tdf8_accum_2_2'.
WARNING: [SYN 201-103] Legalizing function name 'tdf8_accum_2.3' to 'tdf8_accum_2_3'.
WARNING: [SYN 201-103] Legalizing function name 'tdf8_accum_2.4' to 'tdf8_accum_2_4'.
WARNING: [SYN 201-103] Legalizing function name 'tdf8_accum_2.5' to 'tdf8_accum_2_5'.
WARNING: [SYN 201-103] Legalizing function name 'tdf8_accum_2.6' to 'tdf8_accum_2_6'.
WARNING: [SYN 201-103] Legalizing function name 'tdf8_accum_2.7' to 'tdf8_accum_2_7'.
INFO: [HLS 200-10] ----------------------------------------------------------------
INFO: [HLS 200-42] -- Implementing module 'tdf8_get_next_ijk' 
INFO: [HLS 200-10] ----------------------------------------------------------------
INFO: [SCHED 204-11] Starting scheduling ...
INFO: [SCHED 204-11] Finished scheduling.
INFO: [HLS 200-111] Finished Scheduling: CPU user time: 0.28 seconds. CPU system time: 0.09 seconds. Elapsed time: 2.1 seconds; current allocated memory: 586.356 MB.
INFO: [BIND 205-100] Starting micro-architecture generation ...
INFO: [BIND 205-101] Performing variable lifetime analysis.
INFO: [BIND 205-101] Exploring resource sharing.
INFO: [BIND 205-101] Binding ...
INFO: [BIND 205-100] Finished micro-architecture generation.
INFO: [HLS 200-111] Finished Binding: CPU user time: 0.2 seconds. CPU system time: 0.01 seconds. Elapsed time: 0.8 seconds; current allocated memory: 586.682 MB.
INFO: [HLS 200-10] ----------------------------------------------------------------
INFO: [HLS 200-42] -- Implementing module 'tdf8_readInputs5' 
INFO: [HLS 200-10] ----------------------------------------------------------------
INFO: [SCHED 204-11] Starting scheduling ...
INFO: [SCHED 204-61] Pipelining loop 'IL4_IL5_IL6'.
INFO: [HLS 200-1470] Pipelining result : Target II = 1, Final II = 1, Depth = 5, loop 'IL4_IL5_IL6'
INFO: [SCHED 204-11] Finished scheduling.
INFO: [HLS 200-111] Finished Scheduling: CPU user time: 0.74 seconds. CPU system time: 0.02 seconds. Elapsed time: 3.78 seconds; current allocated memory: 587.208 MB.
INFO: [BIND 205-100] Starting micro-architecture generation ...
INFO: [BIND 205-101] Performing variable lifetime analysis.
INFO: [BIND 205-101] Exploring resource sharing.
INFO: [BIND 205-101] Binding ...
INFO: [BIND 205-100] Finished micro-architecture generation.
INFO: [HLS 200-111] Finished Binding: CPU user time: 0.5 seconds. CPU system time: 0.01 seconds. Elapsed time: 3 seconds; current allocated memory: 587.882 MB.
INFO: [HLS 200-10] ----------------------------------------------------------------
INFO: [HLS 200-42] -- Implementing module 'tdf8_readFilters4' 
INFO: [HLS 200-10] ----------------------------------------------------------------
INFO: [SCHED 204-11] Starting scheduling ...
INFO: [SCHED 204-61] Pipelining loop 'FL4_FL5_FL6'.
INFO: [HLS 200-1470] Pipelining result : Target II = 1, Final II = 1, Depth = 4, loop 'FL4_FL5_FL6'
INFO: [SCHED 204-11] Finished scheduling.
INFO: [HLS 200-111] Finished Scheduling: CPU user time: 1.13 seconds. CPU system time: 0.02 seconds. Elapsed time: 7 seconds; current allocated memory: 588.390 MB.
INFO: [BIND 205-100] Starting micro-architecture generation ...
INFO: [BIND 205-101] Performing variable lifetime analysis.
INFO: [BIND 205-101] Exploring resource sharing.
INFO: [BIND 205-101] Binding ...
INFO: [BIND 205-100] Finished micro-architecture generation.
INFO: [HLS 200-111] Finished Binding: CPU user time: 0.25 seconds. CPU system time: 0 seconds. Elapsed time: 1.31 seconds; current allocated memory: 589.064 MB.
INFO: [HLS 200-10] ----------------------------------------------------------------
INFO: [HLS 200-42] -- Implementing module 'tdf8_dot_product' 
INFO: [HLS 200-10] ----------------------------------------------------------------
INFO: [SCHED 204-11] Starting scheduling ...
INFO: [SCHED 204-61] Pipelining loop 'DP_OUTER_1_DP_OUTER_2_DP_OUTER_3'.
INFO: [HLS 200-1470] Pipelining result : Target II = 1, Final II = 1, Depth = 9, loop 'DP_OUTER_1_DP_OUTER_2_DP_OUTER_3'
INFO: [SCHED 204-11] Finished scheduling.
INFO: [HLS 200-111] Finished Scheduling: CPU user time: 0.71 seconds. CPU system time: 0.02 seconds. Elapsed time: 4.09 seconds; current allocated memory: 589.687 MB.
INFO: [BIND 205-100] Starting micro-architecture generation ...
INFO: [BIND 205-101] Performing variable lifetime analysis.
INFO: [BIND 205-101] Exploring resource sharing.
INFO: [BIND 205-101] Binding ...
INFO: [BIND 205-100] Finished micro-architecture generation.
INFO: [HLS 200-111] Finished Binding: CPU user time: 0.64 seconds. CPU system time: 0.01 seconds. Elapsed time: 3.6 seconds; current allocated memory: 590.553 MB.
INFO: [HLS 200-10] ----------------------------------------------------------------
INFO: [HLS 200-42] -- Implementing module 'tdf8_accum_1' 
INFO: [HLS 200-10] ----------------------------------------------------------------
INFO: [SCHED 204-11] Starting scheduling ...
INFO: [SCHED 204-61] Pipelining loop 'ACCUM_LOOP_OUTER'.
WARNING: [HLS 200-881] Unable to enforce a carried constraint (II = 4) between 'hadd' operation ('psum[15]', tdf8.cpp:54) and 'hadd' operation ('psum[15]', tdf8.cpp:54).
Resolution: For help on HLS 200-881 see www.xilinx.com/cgi-bin/docs/rdoc?v=2020.2;t=hls+guidance;d=200-881.html
WARNING: [HLS 200-881] Unable to enforce a carried constraint (II = 5) between 'hadd' operation ('psum[15]', tdf8.cpp:54) and 'hadd' operation ('psum[15]', tdf8.cpp:54).
Resolution: For help on HLS 200-881 see www.xilinx.com/cgi-bin/docs/rdoc?v=2020.2;t=hls+guidance;d=200-881.html
WARNING: [HLS 200-881] Unable to enforce a carried constraint (II = 6) between 'hadd' operation ('psum[15]', tdf8.cpp:54) and 'hadd' operation ('psum[15]', tdf8.cpp:54).
Resolution: For help on HLS 200-881 see www.xilinx.com/cgi-bin/docs/rdoc?v=2020.2;t=hls+guidance;d=200-881.html
INFO: [HLS 200-1470] Pipelining result : Target II = 4, Final II = 7, Depth = 15, loop 'ACCUM_LOOP_OUTER'
INFO: [SCHED 204-61] Pipelining loop 'OUTPUT_LOOP'.
INFO: [HLS 200-1470] Pipelining result : Target II = 1, Final II = 1, Depth = 1, loop 'OUTPUT_LOOP'
WARNING: [HLS 200-871] Estimated clock period (4.472ns) exceeds the target (target clock period: 3ns, clock uncertainty: 0.81ns, effective delay budget: 2.19ns).
Resolution: For help on HLS 200-871 see www.xilinx.com/cgi-bin/docs/rdoc?v=2020.2;t=hls+guidance;d=200-871.html
WARNING: [HLS 200-1016] The critical path in module 'tdf8_accum_1' consists of the following:	'hadd' operation ('psum[0]', tdf8.cpp:54) [34]  (2.24 ns)
	'phi' operation ('psum[0]') with incoming values : ('psum[0]', tdf8.cpp:54) [21]  (0 ns)
	'hadd' operation ('psum[0]', tdf8.cpp:54) [34]  (2.24 ns)

Resolution: For help on HLS 200-1016 see www.xilinx.com/cgi-bin/docs/rdoc?v=2020.2;t=hls+guidance;d=200-1016.html
INFO: [SCHED 204-11] Finished scheduling.
INFO: [HLS 200-111] Finished Scheduling: CPU user time: 1.23 seconds. CPU system time: 0.04 seconds. Elapsed time: 8.9 seconds; current allocated memory: 591.138 MB.
INFO: [BIND 205-100] Starting micro-architecture generation ...
INFO: [BIND 205-101] Performing variable lifetime analysis.
INFO: [BIND 205-101] Exploring resource sharing.
INFO: [BIND 205-101] Binding ...
INFO: [BIND 205-100] Finished micro-architecture generation.
INFO: [HLS 200-111] Finished Binding: CPU user time: 0.72 seconds. CPU system time: 0.01 seconds. Elapsed time: 3.51 seconds; current allocated memory: 592.041 MB.
INFO: [HLS 200-10] ----------------------------------------------------------------
INFO: [HLS 200-42] -- Implementing module 'tdf8_accum_2' 
INFO: [HLS 200-10] ----------------------------------------------------------------
INFO: [SCHED 204-11] Starting scheduling ...
WARNING: [HLS 200-871] Estimated clock period (2.236ns) exceeds the target (target clock period: 3ns, clock uncertainty: 0.81ns, effective delay budget: 2.19ns).
Resolution: For help on HLS 200-871 see www.xilinx.com/cgi-bin/docs/rdoc?v=2020.2;t=hls+guidance;d=200-871.html
WARNING: [HLS 200-1016] The critical path in module 'tdf8_accum_2' consists of the following:	'hadd' operation ('sum', tdf8.cpp:81) [16]  (2.24 ns)

Resolution: For help on HLS 200-1016 see www.xilinx.com/cgi-bin/docs/rdoc?v=2020.2;t=hls+guidance;d=200-1016.html
INFO: [SCHED 204-11] Finished scheduling.
INFO: [HLS 200-111] Finished Scheduling: CPU user time: 0.81 seconds. CPU system time: 0.02 seconds. Elapsed time: 6.2 seconds; current allocated memory: 592.126 MB.
INFO: [BIND 205-100] Starting micro-architecture generation ...
INFO: [BIND 205-101] Performing variable lifetime analysis.
INFO: [BIND 205-101] Exploring resource sharing.
INFO: [BIND 205-101] Binding ...
INFO: [BIND 205-100] Finished micro-architecture generation.
INFO: [HLS 200-111] Finished Binding: CPU user time: 0.2 seconds. CPU system time: 0.01 seconds. Elapsed time: 1.48 seconds; current allocated memory: 592.234 MB.
INFO: [HLS 200-10] ----------------------------------------------------------------
INFO: [HLS 200-42] -- Implementing module 'Block_entry_proc_proc' 
INFO: [HLS 200-10] ----------------------------------------------------------------
INFO: [SCHED 204-11] Starting scheduling ...
INFO: [SCHED 204-11] Finished scheduling.
INFO: [HLS 200-111] Finished Scheduling: CPU user time: 0.14 seconds. CPU system time: 0.02 seconds. Elapsed time: 1.31 seconds; current allocated memory: 592.264 MB.
INFO: [BIND 205-100] Starting micro-architecture generation ...
INFO: [BIND 205-101] Performing variable lifetime analysis.
INFO: [BIND 205-101] Exploring resource sharing.
INFO: [BIND 205-101] Binding ...
INFO: [BIND 205-100] Finished micro-architecture generation.
INFO: [HLS 200-111] Finished Binding: CPU user time: 0.05 seconds. CPU system time: 0.01 seconds. Elapsed time: 0.41 seconds; current allocated memory: 592.298 MB.
INFO: [HLS 200-10] ----------------------------------------------------------------
INFO: [HLS 200-42] -- Implementing module 'tdf8_accum_2_1' 
INFO: [HLS 200-10] ----------------------------------------------------------------
INFO: [SCHED 204-11] Starting scheduling ...
WARNING: [HLS 200-871] Estimated clock period (2.236ns) exceeds the target (target clock period: 3ns, clock uncertainty: 0.81ns, effective delay budget: 2.19ns).
Resolution: For help on HLS 200-871 see www.xilinx.com/cgi-bin/docs/rdoc?v=2020.2;t=hls+guidance;d=200-871.html
WARNING: [HLS 200-1016] The critical path in module 'tdf8_accum_2_1' consists of the following:	'hadd' operation ('sum', tdf8.cpp:81) [16]  (2.24 ns)

Resolution: For help on HLS 200-1016 see www.xilinx.com/cgi-bin/docs/rdoc?v=2020.2;t=hls+guidance;d=200-1016.html
INFO: [SCHED 204-11] Finished scheduling.
INFO: [HLS 200-111] Finished Scheduling: CPU user time: 0.14 seconds. CPU system time: 0.01 seconds. Elapsed time: 1.4 seconds; current allocated memory: 592.381 MB.
INFO: [BIND 205-100] Starting micro-architecture generation ...
INFO: [BIND 205-101] Performing variable lifetime analysis.
INFO: [BIND 205-101] Exploring resource sharing.
INFO: [BIND 205-101] Binding ...
INFO: [BIND 205-100] Finished micro-architecture generation.
INFO: [HLS 200-111] Finished Binding: CPU user time: 0.21 seconds. CPU system time: 0.01 seconds. Elapsed time: 1.3 seconds; current allocated memory: 592.489 MB.
INFO: [HLS 200-10] ----------------------------------------------------------------
INFO: [HLS 200-42] -- Implementing module 'Block_entry_proc_proc35' 
INFO: [HLS 200-10] ----------------------------------------------------------------
INFO: [SCHED 204-11] Starting scheduling ...
INFO: [SCHED 204-11] Finished scheduling.
INFO: [HLS 200-111] Finished Scheduling: CPU user time: 0.13 seconds. CPU system time: 0.01 seconds. Elapsed time: 0.61 seconds; current allocated memory: 592.519 MB.
INFO: [BIND 205-100] Starting micro-architecture generation ...
INFO: [BIND 205-101] Performing variable lifetime analysis.
INFO: [BIND 205-101] Exploring resource sharing.
INFO: [BIND 205-101] Binding ...
INFO: [BIND 205-100] Finished micro-architecture generation.
INFO: [HLS 200-111] Finished Binding: CPU user time: 0.04 seconds. CPU system time: 0.02 seconds. Elapsed time: 0.18 seconds; current allocated memory: 592.552 MB.
INFO: [HLS 200-10] ----------------------------------------------------------------
INFO: [HLS 200-42] -- Implementing module 'tdf8_accum_2_2' 
INFO: [HLS 200-10] ----------------------------------------------------------------
INFO: [SCHED 204-11] Starting scheduling ...
WARNING: [HLS 200-871] Estimated clock period (2.236ns) exceeds the target (target clock period: 3ns, clock uncertainty: 0.81ns, effective delay budget: 2.19ns).
Resolution: For help on HLS 200-871 see www.xilinx.com/cgi-bin/docs/rdoc?v=2020.2;t=hls+guidance;d=200-871.html
WARNING: [HLS 200-1016] The critical path in module 'tdf8_accum_2_2' consists of the following:	'hadd' operation ('sum', tdf8.cpp:81) [16]  (2.24 ns)

Resolution: For help on HLS 200-1016 see www.xilinx.com/cgi-bin/docs/rdoc?v=2020.2;t=hls+guidance;d=200-1016.html
INFO: [SCHED 204-11] Finished scheduling.
INFO: [HLS 200-111] Finished Scheduling: CPU user time: 0.13 seconds. CPU system time: 0.01 seconds. Elapsed time: 0.57 seconds; current allocated memory: 592.636 MB.
INFO: [BIND 205-100] Starting micro-architecture generation ...
INFO: [BIND 205-101] Performing variable lifetime analysis.
INFO: [BIND 205-101] Exploring resource sharing.
INFO: [BIND 205-101] Binding ...
INFO: [BIND 205-100] Finished micro-architecture generation.
INFO: [HLS 200-111] Finished Binding: CPU user time: 0.21 seconds. CPU system time: 0.01 seconds. Elapsed time: 1.29 seconds; current allocated memory: 592.743 MB.
INFO: [HLS 200-10] ----------------------------------------------------------------
INFO: [HLS 200-42] -- Implementing module 'Block_entry_proc_proc36' 
INFO: [HLS 200-10] ----------------------------------------------------------------
INFO: [SCHED 204-11] Starting scheduling ...
INFO: [SCHED 204-11] Finished scheduling.
INFO: [HLS 200-111] Finished Scheduling: CPU user time: 0.13 seconds. CPU system time: 0.02 seconds. Elapsed time: 0.6 seconds; current allocated memory: 592.773 MB.
INFO: [BIND 205-100] Starting micro-architecture generation ...
INFO: [BIND 205-101] Performing variable lifetime analysis.
INFO: [BIND 205-101] Exploring resource sharing.
INFO: [BIND 205-101] Binding ...
INFO: [BIND 205-100] Finished micro-architecture generation.
INFO: [HLS 200-111] Finished Binding: CPU user time: 0.05 seconds. CPU system time: 0 seconds. Elapsed time: 0.38 seconds; current allocated memory: 592.807 MB.
INFO: [HLS 200-10] ----------------------------------------------------------------
INFO: [HLS 200-42] -- Implementing module 'tdf8_accum_2_3' 
INFO: [HLS 200-10] ----------------------------------------------------------------
INFO: [SCHED 204-11] Starting scheduling ...
WARNING: [HLS 200-871] Estimated clock period (2.236ns) exceeds the target (target clock period: 3ns, clock uncertainty: 0.81ns, effective delay budget: 2.19ns).
Resolution: For help on HLS 200-871 see www.xilinx.com/cgi-bin/docs/rdoc?v=2020.2;t=hls+guidance;d=200-871.html
WARNING: [HLS 200-1016] The critical path in module 'tdf8_accum_2_3' consists of the following:	'hadd' operation ('sum', tdf8.cpp:81) [16]  (2.24 ns)

Resolution: For help on HLS 200-1016 see www.xilinx.com/cgi-bin/docs/rdoc?v=2020.2;t=hls+guidance;d=200-1016.html
INFO: [SCHED 204-11] Finished scheduling.
INFO: [HLS 200-111] Finished Scheduling: CPU user time: 0.15 seconds. CPU system time: 0.03 seconds. Elapsed time: 1.3 seconds; current allocated memory: 592.891 MB.
INFO: [BIND 205-100] Starting micro-architecture generation ...
INFO: [BIND 205-101] Performing variable lifetime analysis.
INFO: [BIND 205-101] Exploring resource sharing.
INFO: [BIND 205-101] Binding ...
INFO: [BIND 205-100] Finished micro-architecture generation.
INFO: [HLS 200-111] Finished Binding: CPU user time: 0.22 seconds. CPU system time: 0 seconds. Elapsed time: 1.2 seconds; current allocated memory: 592.998 MB.
INFO: [HLS 200-10] ----------------------------------------------------------------
INFO: [HLS 200-42] -- Implementing module 'Block_entry_proc_proc37' 
INFO: [HLS 200-10] ----------------------------------------------------------------
INFO: [SCHED 204-11] Starting scheduling ...
INFO: [SCHED 204-11] Finished scheduling.
INFO: [HLS 200-111] Finished Scheduling: CPU user time: 0.15 seconds. CPU system time: 0.01 seconds. Elapsed time: 0.92 seconds; current allocated memory: 593.057 MB.
INFO: [BIND 205-100] Starting micro-architecture generation ...
INFO: [BIND 205-101] Performing variable lifetime analysis.
INFO: [BIND 205-101] Exploring resource sharing.
INFO: [BIND 205-101] Binding ...
INFO: [BIND 205-100] Finished micro-architecture generation.
INFO: [HLS 200-111] Finished Binding: CPU user time: 0.06 seconds. CPU system time: 0.02 seconds. Elapsed time: 0.41 seconds; current allocated memory: 593.091 MB.
INFO: [HLS 200-10] ----------------------------------------------------------------
INFO: [HLS 200-42] -- Implementing module 'tdf8_accum_2_4' 
INFO: [HLS 200-10] ----------------------------------------------------------------
INFO: [SCHED 204-11] Starting scheduling ...
WARNING: [HLS 200-871] Estimated clock period (2.236ns) exceeds the target (target clock period: 3ns, clock uncertainty: 0.81ns, effective delay budget: 2.19ns).
Resolution: For help on HLS 200-871 see www.xilinx.com/cgi-bin/docs/rdoc?v=2020.2;t=hls+guidance;d=200-871.html
WARNING: [HLS 200-1016] The critical path in module 'tdf8_accum_2_4' consists of the following:	'hadd' operation ('sum', tdf8.cpp:81) [16]  (2.24 ns)

Resolution: For help on HLS 200-1016 see www.xilinx.com/cgi-bin/docs/rdoc?v=2020.2;t=hls+guidance;d=200-1016.html
INFO: [SCHED 204-11] Finished scheduling.
INFO: [HLS 200-111] Finished Scheduling: CPU user time: 0.14 seconds. CPU system time: 0.02 seconds. Elapsed time: 1.01 seconds; current allocated memory: 593.175 MB.
INFO: [BIND 205-100] Starting micro-architecture generation ...
INFO: [BIND 205-101] Performing variable lifetime analysis.
INFO: [BIND 205-101] Exploring resource sharing.
INFO: [BIND 205-101] Binding ...
INFO: [BIND 205-100] Finished micro-architecture generation.
INFO: [HLS 200-111] Finished Binding: CPU user time: 0.22 seconds. CPU system time: 0.01 seconds. Elapsed time: 1.31 seconds; current allocated memory: 593.282 MB.
INFO: [HLS 200-10] ----------------------------------------------------------------
INFO: [HLS 200-42] -- Implementing module 'Block_entry_proc_proc38' 
INFO: [HLS 200-10] ----------------------------------------------------------------
INFO: [SCHED 204-11] Starting scheduling ...
INFO: [SCHED 204-11] Finished scheduling.
INFO: [HLS 200-111] Finished Scheduling: CPU user time: 0.15 seconds. CPU system time: 0.02 seconds. Elapsed time: 1.2 seconds; current allocated memory: 593.312 MB.
INFO: [BIND 205-100] Starting micro-architecture generation ...
INFO: [BIND 205-101] Performing variable lifetime analysis.
INFO: [BIND 205-101] Exploring resource sharing.
INFO: [BIND 205-101] Binding ...
INFO: [BIND 205-100] Finished micro-architecture generation.
INFO: [HLS 200-111] Finished Binding: CPU user time: 0.06 seconds. CPU system time: 0.01 seconds. Elapsed time: 0.49 seconds; current allocated memory: 593.346 MB.
INFO: [HLS 200-10] ----------------------------------------------------------------
INFO: [HLS 200-42] -- Implementing module 'tdf8_accum_2_5' 
INFO: [HLS 200-10] ----------------------------------------------------------------
INFO: [SCHED 204-11] Starting scheduling ...
WARNING: [HLS 200-871] Estimated clock period (2.236ns) exceeds the target (target clock period: 3ns, clock uncertainty: 0.81ns, effective delay budget: 2.19ns).
Resolution: For help on HLS 200-871 see www.xilinx.com/cgi-bin/docs/rdoc?v=2020.2;t=hls+guidance;d=200-871.html
WARNING: [HLS 200-1016] The critical path in module 'tdf8_accum_2_5' consists of the following:	'hadd' operation ('sum', tdf8.cpp:81) [16]  (2.24 ns)

Resolution: For help on HLS 200-1016 see www.xilinx.com/cgi-bin/docs/rdoc?v=2020.2;t=hls+guidance;d=200-1016.html
INFO: [SCHED 204-11] Finished scheduling.
INFO: [HLS 200-111] Finished Scheduling: CPU user time: 0.15 seconds. CPU system time: 0.03 seconds. Elapsed time: 1.5 seconds; current allocated memory: 593.430 MB.
INFO: [BIND 205-100] Starting micro-architecture generation ...
INFO: [BIND 205-101] Performing variable lifetime analysis.
INFO: [BIND 205-101] Exploring resource sharing.
INFO: [BIND 205-101] Binding ...
INFO: [BIND 205-100] Finished micro-architecture generation.
INFO: [HLS 200-111] Finished Binding: CPU user time: 0.21 seconds. CPU system time: 0.01 seconds. Elapsed time: 1.09 seconds; current allocated memory: 593.567 MB.
INFO: [HLS 200-10] ----------------------------------------------------------------
INFO: [HLS 200-42] -- Implementing module 'Block_entry_proc_proc39' 
INFO: [HLS 200-10] ----------------------------------------------------------------
INFO: [SCHED 204-11] Starting scheduling ...
INFO: [SCHED 204-11] Finished scheduling.
INFO: [HLS 200-111] Finished Scheduling: CPU user time: 0.15 seconds. CPU system time: 0.02 seconds. Elapsed time: 1.1 seconds; current allocated memory: 593.597 MB.
INFO: [BIND 205-100] Starting micro-architecture generation ...
INFO: [BIND 205-101] Performing variable lifetime analysis.
INFO: [BIND 205-101] Exploring resource sharing.
INFO: [BIND 205-101] Binding ...
INFO: [BIND 205-100] Finished micro-architecture generation.
INFO: [HLS 200-111] Finished Binding: CPU user time: 0.06 seconds. CPU system time: 0.01 seconds. Elapsed time: 0.51 seconds; current allocated memory: 593.630 MB.
INFO: [HLS 200-10] ----------------------------------------------------------------
INFO: [HLS 200-42] -- Implementing module 'tdf8_accum_2_6' 
INFO: [HLS 200-10] ----------------------------------------------------------------
INFO: [SCHED 204-11] Starting scheduling ...
WARNING: [HLS 200-871] Estimated clock period (2.236ns) exceeds the target (target clock period: 3ns, clock uncertainty: 0.81ns, effective delay budget: 2.19ns).
Resolution: For help on HLS 200-871 see www.xilinx.com/cgi-bin/docs/rdoc?v=2020.2;t=hls+guidance;d=200-871.html
WARNING: [HLS 200-1016] The critical path in module 'tdf8_accum_2_6' consists of the following:	'hadd' operation ('sum', tdf8.cpp:81) [16]  (2.24 ns)

Resolution: For help on HLS 200-1016 see www.xilinx.com/cgi-bin/docs/rdoc?v=2020.2;t=hls+guidance;d=200-1016.html
INFO: [SCHED 204-11] Finished scheduling.
INFO: [HLS 200-111] Finished Scheduling: CPU user time: 0.17 seconds. CPU system time: 0.02 seconds. Elapsed time: 1.1 seconds; current allocated memory: 593.714 MB.
INFO: [BIND 205-100] Starting micro-architecture generation ...
INFO: [BIND 205-101] Performing variable lifetime analysis.
INFO: [BIND 205-101] Exploring resource sharing.
INFO: [BIND 205-101] Binding ...
INFO: [BIND 205-100] Finished micro-architecture generation.
INFO: [HLS 200-111] Finished Binding: CPU user time: 0.22 seconds. CPU system time: 0.01 seconds. Elapsed time: 1.4 seconds; current allocated memory: 593.821 MB.
INFO: [HLS 200-10] ----------------------------------------------------------------
INFO: [HLS 200-42] -- Implementing module 'Block_entry_proc_proc40' 
INFO: [HLS 200-10] ----------------------------------------------------------------
INFO: [SCHED 204-11] Starting scheduling ...
INFO: [SCHED 204-11] Finished scheduling.
INFO: [HLS 200-111] Finished Scheduling: CPU user time: 0.16 seconds. CPU system time: 0.01 seconds. Elapsed time: 1.2 seconds; current allocated memory: 593.851 MB.
INFO: [BIND 205-100] Starting micro-architecture generation ...
INFO: [BIND 205-101] Performing variable lifetime analysis.
INFO: [BIND 205-101] Exploring resource sharing.
INFO: [BIND 205-101] Binding ...
INFO: [BIND 205-100] Finished micro-architecture generation.
INFO: [HLS 200-111] Finished Binding: CPU user time: 0.04 seconds. CPU system time: 0.01 seconds. Elapsed time: 0.4 seconds; current allocated memory: 593.885 MB.
INFO: [HLS 200-10] ----------------------------------------------------------------
INFO: [HLS 200-42] -- Implementing module 'tdf8_accum_2_7' 
INFO: [HLS 200-10] ----------------------------------------------------------------
INFO: [SCHED 204-11] Starting scheduling ...
WARNING: [HLS 200-871] Estimated clock period (2.236ns) exceeds the target (target clock period: 3ns, clock uncertainty: 0.81ns, effective delay budget: 2.19ns).
Resolution: For help on HLS 200-871 see www.xilinx.com/cgi-bin/docs/rdoc?v=2020.2;t=hls+guidance;d=200-871.html
WARNING: [HLS 200-1016] The critical path in module 'tdf8_accum_2_7' consists of the following:	'hadd' operation ('sum', tdf8.cpp:81) [16]  (2.24 ns)

Resolution: For help on HLS 200-1016 see www.xilinx.com/cgi-bin/docs/rdoc?v=2020.2;t=hls+guidance;d=200-1016.html
INFO: [SCHED 204-11] Finished scheduling.
INFO: [HLS 200-111] Finished Scheduling: CPU user time: 0.15 seconds. CPU system time: 0.02 seconds. Elapsed time: 0.91 seconds; current allocated memory: 593.969 MB.
INFO: [BIND 205-100] Starting micro-architecture generation ...
INFO: [BIND 205-101] Performing variable lifetime analysis.
INFO: [BIND 205-101] Exploring resource sharing.
INFO: [BIND 205-101] Binding ...
INFO: [BIND 205-100] Finished micro-architecture generation.
INFO: [HLS 200-111] Finished Binding: CPU user time: 0.19 seconds. CPU system time: 0 seconds. Elapsed time: 1.21 seconds; current allocated memory: 594.076 MB.
INFO: [HLS 200-10] ----------------------------------------------------------------
INFO: [HLS 200-42] -- Implementing module 'Block_entry_proc_proc41' 
INFO: [HLS 200-10] ----------------------------------------------------------------
INFO: [SCHED 204-11] Starting scheduling ...
INFO: [SCHED 204-11] Finished scheduling.
INFO: [HLS 200-111] Finished Scheduling: CPU user time: 0.11 seconds. CPU system time: 0.01 seconds. Elapsed time: 0.49 seconds; current allocated memory: 594.106 MB.
INFO: [BIND 205-100] Starting micro-architecture generation ...
INFO: [BIND 205-101] Performing variable lifetime analysis.
INFO: [BIND 205-101] Exploring resource sharing.
INFO: [BIND 205-101] Binding ...
INFO: [BIND 205-100] Finished micro-architecture generation.
INFO: [HLS 200-111] Finished Binding: CPU user time: 0.07 seconds. CPU system time: 0.01 seconds. Elapsed time: 0.31 seconds; current allocated memory: 594.140 MB.
INFO: [HLS 200-10] ----------------------------------------------------------------
INFO: [HLS 200-42] -- Implementing module 'tdf8_adjust' 
INFO: [HLS 200-10] ----------------------------------------------------------------
INFO: [SCHED 204-11] Starting scheduling ...
INFO: [SCHED 204-61] Pipelining loop 'ADJUST_LOOP'.
INFO: [HLS 200-1470] Pipelining result : Target II = 1, Final II = 1, Depth = 23, loop 'ADJUST_LOOP'
WARNING: [HLS 200-871] Estimated clock period (2.236ns) exceeds the target (target clock period: 3ns, clock uncertainty: 0.81ns, effective delay budget: 2.19ns).
Resolution: For help on HLS 200-871 see www.xilinx.com/cgi-bin/docs/rdoc?v=2020.2;t=hls+guidance;d=200-871.html
WARNING: [HLS 200-1016] The critical path in module 'tdf8_adjust' consists of the following:	'hadd' operation ('biased', ./tdf8_conv_stages.h:187) [66]  (2.24 ns)

Resolution: For help on HLS 200-1016 see www.xilinx.com/cgi-bin/docs/rdoc?v=2020.2;t=hls+guidance;d=200-1016.html
INFO: [SCHED 204-11] Finished scheduling.
INFO: [HLS 200-111] Finished Scheduling: CPU user time: 0.45 seconds. CPU system time: 0.02 seconds. Elapsed time: 2.48 seconds; current allocated memory: 594.567 MB.
INFO: [BIND 205-100] Starting micro-architecture generation ...
INFO: [BIND 205-101] Performing variable lifetime analysis.
INFO: [BIND 205-101] Exploring resource sharing.
INFO: [BIND 205-101] Binding ...
INFO: [BIND 205-100] Finished micro-architecture generation.
INFO: [HLS 200-111] Finished Binding: CPU user time: 0.6 seconds. CPU system time: 0.01 seconds. Elapsed time: 2.99 seconds; current allocated memory: 595.310 MB.
INFO: [HLS 200-10] ----------------------------------------------------------------
INFO: [HLS 200-42] -- Implementing module 'tdf8_writeOutputs_aligned' 
INFO: [HLS 200-10] ----------------------------------------------------------------
INFO: [SCHED 204-11] Starting scheduling ...
INFO: [SCHED 204-11] Finished scheduling.
INFO: [HLS 200-111] Finished Scheduling: CPU user time: 0.67 seconds. CPU system time: 0.02 seconds. Elapsed time: 3.59 seconds; current allocated memory: 595.483 MB.
INFO: [BIND 205-100] Starting micro-architecture generation ...
INFO: [BIND 205-101] Performing variable lifetime analysis.
INFO: [BIND 205-101] Exploring resource sharing.
INFO: [BIND 205-101] Binding ...
INFO: [BIND 205-100] Finished micro-architecture generation.
INFO: [HLS 200-111] Finished Binding: CPU user time: 0.15 seconds. CPU system time: 0.01 seconds. Elapsed time: 1.11 seconds; current allocated memory: 595.691 MB.
INFO: [HLS 200-10] ----------------------------------------------------------------
INFO: [HLS 200-42] -- Implementing module 'tdf8_poolOutputs' 
INFO: [HLS 200-10] ----------------------------------------------------------------
INFO: [SCHED 204-11] Starting scheduling ...
INFO: [SCHED 204-11] Finished scheduling.
INFO: [HLS 200-111] Finished Scheduling: CPU user time: 0.29 seconds. CPU system time: 0.02 seconds. Elapsed time: 2.3 seconds; current allocated memory: 595.903 MB.
INFO: [BIND 205-100] Starting micro-architecture generation ...
INFO: [BIND 205-101] Performing variable lifetime analysis.
INFO: [BIND 205-101] Exploring resource sharing.
INFO: [BIND 205-101] Binding ...
INFO: [BIND 205-100] Finished micro-architecture generation.
INFO: [HLS 200-111] Finished Binding: CPU user time: 0.27 seconds. CPU system time: 0.01 seconds. Elapsed time: 1.99 seconds; current allocated memory: 596.218 MB.
INFO: [HLS 200-10] ----------------------------------------------------------------
INFO: [HLS 200-42] -- Implementing module 'dataflow_in_loop_TOP_LOOP' 
INFO: [HLS 200-10] ----------------------------------------------------------------
INFO: [SCHED 204-11] Starting scheduling ...
INFO: [SCHED 204-11] Finished scheduling.
INFO: [HLS 200-111] Finished Scheduling: CPU user time: 0.53 seconds. CPU system time: 0.02 seconds. Elapsed time: 4.08 seconds; current allocated memory: 596.589 MB.
INFO: [BIND 205-100] Starting micro-architecture generation ...
INFO: [BIND 205-101] Performing variable lifetime analysis.
INFO: [BIND 205-101] Exploring resource sharing.
INFO: [BIND 205-101] Binding ...
INFO: [BIND 205-100] Finished micro-architecture generation.
INFO: [HLS 200-111] Finished Binding: CPU user time: 7.53 seconds. CPU system time: 0.04 seconds. Elapsed time: 39.89 seconds; current allocated memory: 597.226 MB.
INFO: [HLS 200-10] ----------------------------------------------------------------
INFO: [HLS 200-42] -- Implementing module 'tdf8' 
INFO: [HLS 200-10] ----------------------------------------------------------------
INFO: [SCHED 204-11] Starting scheduling ...
INFO: [SCHED 204-11] Finished scheduling.
INFO: [HLS 200-111] Finished Scheduling: CPU user time: 4.22 seconds. CPU system time: 0.06 seconds. Elapsed time: 28.91 seconds; current allocated memory: 597.313 MB.
INFO: [BIND 205-100] Starting micro-architecture generation ...
INFO: [BIND 205-101] Performing variable lifetime analysis.
INFO: [BIND 205-101] Exploring resource sharing.
INFO: [BIND 205-101] Binding ...
INFO: [BIND 205-100] Finished micro-architecture generation.
INFO: [HLS 200-111] Finished Binding: CPU user time: 1.31 seconds. CPU system time: 0.01 seconds. Elapsed time: 7.09 seconds; current allocated memory: 597.477 MB.
INFO: [HLS 200-10] ----------------------------------------------------------------
INFO: [HLS 200-42] -- Implementing module 'tdf8_top' 
INFO: [HLS 200-10] ----------------------------------------------------------------
INFO: [SCHED 204-11] Starting scheduling ...
INFO: [SCHED 204-11] Finished scheduling.
INFO: [HLS 200-111] Finished Scheduling: CPU user time: 3.77 seconds. CPU system time: 0.02 seconds. Elapsed time: 22.21 seconds; current allocated memory: 597.566 MB.
INFO: [BIND 205-100] Starting micro-architecture generation ...
INFO: [BIND 205-101] Performing variable lifetime analysis.
INFO: [BIND 205-101] Exploring resource sharing.
WARNING: [BIND 205-102] The specified resource core for memory 'filter_data_0' will be ignored if a simpler one can be used.
WARNING: [BIND 205-102] The specified resource core for memory 'adjustments' will be ignored if a simpler one can be used.
INFO: [BIND 205-101] Binding ...
INFO: [BIND 205-100] Finished micro-architecture generation.
INFO: [HLS 200-111] Finished Binding: CPU user time: 1.33 seconds. CPU system time: 0.02 seconds. Elapsed time: 6.8 seconds; current allocated memory: 597.773 MB.
INFO: [HLS 200-10] ----------------------------------------------------------------
INFO: [HLS 200-10] -- Generating RTL for module 'tdf8_get_next_ijk' 
INFO: [HLS 200-10] ----------------------------------------------------------------
WARNING: [RTGEN 206-101] Register 'i_p' is power-on initialization.
WARNING: [RTGEN 206-101] Register 'j_p' is power-on initialization.
WARNING: [RTGEN 206-101] Register 'i' is power-on initialization.
WARNING: [RTGEN 206-101] Register 'j' is power-on initialization.
WARNING: [RTGEN 206-101] Register 'k' is power-on initialization.
WARNING: [RTGEN 206-101] Register 'i_out' is power-on initialization.
WARNING: [RTGEN 206-101] Register 'j_out' is power-on initialization.
INFO: [RTGEN 206-100] Finished creating RTL model for 'tdf8_get_next_ijk'.
INFO: [HLS 200-111] Finished Creating RTL model: CPU user time: 3.89 seconds. CPU system time: 0.09 seconds. Elapsed time: 20.98 seconds; current allocated memory: 598.266 MB.
INFO: [HLS 200-10] ----------------------------------------------------------------
INFO: [HLS 200-10] -- Generating RTL for module 'tdf8_readInputs5' 
INFO: [HLS 200-10] ----------------------------------------------------------------
INFO: [RTGEN 206-100] Finished creating RTL model for 'tdf8_readInputs5'.
INFO: [HLS 200-111] Finished Creating RTL model: CPU user time: 1.08 seconds. CPU system time: 0.14 seconds. Elapsed time: 5.6 seconds; current allocated memory: 600.743 MB.
INFO: [HLS 200-10] ----------------------------------------------------------------
INFO: [HLS 200-10] -- Generating RTL for module 'tdf8_readFilters4' 
INFO: [HLS 200-10] ----------------------------------------------------------------
INFO: [RTGEN 206-100] Generating core module 'mux_816_32_1_1': 8 instance(s).
INFO: [RTGEN 206-100] Finished creating RTL model for 'tdf8_readFilters4'.
INFO: [HLS 200-111] Finished Creating RTL model: CPU user time: 2.39 seconds. CPU system time: 0.25 seconds. Elapsed time: 16.29 seconds; current allocated memory: 604.543 MB.
INFO: [HLS 200-10] ----------------------------------------------------------------
INFO: [HLS 200-10] -- Generating RTL for module 'tdf8_dot_product' 
INFO: [HLS 200-10] ----------------------------------------------------------------
INFO: [RTGEN 206-100] Generating core module 'hmul_16ns_16ns_16_5_max_dsp_1': 16 instance(s).
INFO: [RTGEN 206-100] Finished creating RTL model for 'tdf8_dot_product'.
INFO: [HLS 200-111] Finished Creating RTL model: CPU user time: 0.83 seconds. CPU system time: 0.24 seconds. Elapsed time: 6.49 seconds; current allocated memory: 608.292 MB.
INFO: [HLS 200-10] ----------------------------------------------------------------
INFO: [HLS 200-10] -- Generating RTL for module 'tdf8_accum_1' 
INFO: [HLS 200-10] ----------------------------------------------------------------
INFO: [RTGEN 206-100] Generating core module 'hadd_16ns_16ns_16_8_full_dsp_1': 3 instance(s).
INFO: [RTGEN 206-100] Finished creating RTL model for 'tdf8_accum_1'.
INFO: [HLS 200-111] Finished Creating RTL model: CPU user time: 1.83 seconds. CPU system time: 0.22 seconds. Elapsed time: 11.2 seconds; current allocated memory: 611.965 MB.
INFO: [HLS 200-10] ----------------------------------------------------------------
INFO: [HLS 200-10] -- Generating RTL for module 'tdf8_accum_2' 
INFO: [HLS 200-10] ----------------------------------------------------------------
INFO: [RTGEN 206-100] Generating core module 'hadd_16ns_16ns_16_8_full_dsp_1': 1 instance(s).
INFO: [RTGEN 206-100] Finished creating RTL model for 'tdf8_accum_2'.
INFO: [HLS 200-111] Finished Creating RTL model: CPU user time: 1.29 seconds. CPU system time: 0.2 seconds. Elapsed time: 7.88 seconds; current allocated memory: 614.530 MB.
INFO: [HLS 200-10] ----------------------------------------------------------------
INFO: [HLS 200-10] -- Generating RTL for module 'Block_entry_proc_proc' 
INFO: [HLS 200-10] ----------------------------------------------------------------
INFO: [RTGEN 206-100] Finished creating RTL model for 'Block_entry_proc_proc'.
INFO: [HLS 200-111] Finished Creating RTL model: CPU user time: 0.25 seconds. CPU system time: 0.05 seconds. Elapsed time: 1.4 seconds; current allocated memory: 614.995 MB.
INFO: [HLS 200-10] ----------------------------------------------------------------
INFO: [HLS 200-10] -- Generating RTL for module 'tdf8_accum_2_1' 
INFO: [HLS 200-10] ----------------------------------------------------------------
INFO: [RTGEN 206-100] Generating core module 'hadd_16ns_16ns_16_8_full_dsp_1': 1 instance(s).
INFO: [RTGEN 206-100] Finished creating RTL model for 'tdf8_accum_2_1'.
INFO: [HLS 200-111] Finished Creating RTL model: CPU user time: 0.11 seconds. CPU system time: 0.04 seconds. Elapsed time: 1.2 seconds; current allocated memory: 615.350 MB.
INFO: [HLS 200-10] ----------------------------------------------------------------
INFO: [HLS 200-10] -- Generating RTL for module 'Block_entry_proc_proc35' 
INFO: [HLS 200-10] ----------------------------------------------------------------
INFO: [RTGEN 206-100] Finished creating RTL model for 'Block_entry_proc_proc35'.
INFO: [HLS 200-111] Finished Creating RTL model: CPU user time: 0.24 seconds. CPU system time: 0.04 seconds. Elapsed time: 1.71 seconds; current allocated memory: 615.818 MB.
INFO: [HLS 200-10] ----------------------------------------------------------------
INFO: [HLS 200-10] -- Generating RTL for module 'tdf8_accum_2_2' 
INFO: [HLS 200-10] ----------------------------------------------------------------
INFO: [RTGEN 206-100] Generating core module 'hadd_16ns_16ns_16_8_full_dsp_1': 1 instance(s).
INFO: [RTGEN 206-100] Finished creating RTL model for 'tdf8_accum_2_2'.
INFO: [HLS 200-111] Finished Creating RTL model: CPU user time: 0.12 seconds. CPU system time: 0.02 seconds. Elapsed time: 0.59 seconds; current allocated memory: 616.201 MB.
INFO: [HLS 200-10] ----------------------------------------------------------------
INFO: [HLS 200-10] -- Generating RTL for module 'Block_entry_proc_proc36' 
INFO: [HLS 200-10] ----------------------------------------------------------------
INFO: [RTGEN 206-100] Finished creating RTL model for 'Block_entry_proc_proc36'.
INFO: [HLS 200-111] Finished Creating RTL model: CPU user time: 0.25 seconds. CPU system time: 0.05 seconds. Elapsed time: 1.88 seconds; current allocated memory: 616.639 MB.
INFO: [HLS 200-10] ----------------------------------------------------------------
INFO: [HLS 200-10] -- Generating RTL for module 'tdf8_accum_2_3' 
INFO: [HLS 200-10] ----------------------------------------------------------------
INFO: [RTGEN 206-100] Generating core module 'hadd_16ns_16ns_16_8_full_dsp_1': 1 instance(s).
INFO: [RTGEN 206-100] Finished creating RTL model for 'tdf8_accum_2_3'.
INFO: [HLS 200-111] Finished Creating RTL model: CPU user time: 0.12 seconds. CPU system time: 0.03 seconds. Elapsed time: 1.31 seconds; current allocated memory: 617.052 MB.
INFO: [HLS 200-10] ----------------------------------------------------------------
INFO: [HLS 200-10] -- Generating RTL for module 'Block_entry_proc_proc37' 
INFO: [HLS 200-10] ----------------------------------------------------------------
INFO: [RTGEN 206-100] Finished creating RTL model for 'Block_entry_proc_proc37'.
INFO: [HLS 200-111] Finished Creating RTL model: CPU user time: 0.25 seconds. CPU system time: 0.05 seconds. Elapsed time: 2.7 seconds; current allocated memory: 617.520 MB.
INFO: [HLS 200-10] ----------------------------------------------------------------
INFO: [HLS 200-10] -- Generating RTL for module 'tdf8_accum_2_4' 
INFO: [HLS 200-10] ----------------------------------------------------------------
INFO: [RTGEN 206-100] Generating core module 'hadd_16ns_16ns_16_8_full_dsp_1': 1 instance(s).
INFO: [RTGEN 206-100] Finished creating RTL model for 'tdf8_accum_2_4'.
INFO: [HLS 200-111] Finished Creating RTL model: CPU user time: 0.13 seconds. CPU system time: 0.02 seconds. Elapsed time: 1.39 seconds; current allocated memory: 617.873 MB.
INFO: [HLS 200-10] ----------------------------------------------------------------
INFO: [HLS 200-10] -- Generating RTL for module 'Block_entry_proc_proc38' 
INFO: [HLS 200-10] ----------------------------------------------------------------
INFO: [RTGEN 206-100] Finished creating RTL model for 'Block_entry_proc_proc38'.
INFO: [HLS 200-111] Finished Creating RTL model: CPU user time: 0.26 seconds. CPU system time: 0.05 seconds. Elapsed time: 2.71 seconds; current allocated memory: 618.370 MB.
INFO: [HLS 200-10] ----------------------------------------------------------------
INFO: [HLS 200-10] -- Generating RTL for module 'tdf8_accum_2_5' 
INFO: [HLS 200-10] ----------------------------------------------------------------
INFO: [RTGEN 206-100] Generating core module 'hadd_16ns_16ns_16_8_full_dsp_1': 1 instance(s).
INFO: [RTGEN 206-100] Finished creating RTL model for 'tdf8_accum_2_5'.
INFO: [HLS 200-111] Finished Creating RTL model: CPU user time: 0.13 seconds. CPU system time: 0.02 seconds. Elapsed time: 1.19 seconds; current allocated memory: 618.695 MB.
INFO: [HLS 200-10] ----------------------------------------------------------------
INFO: [HLS 200-10] -- Generating RTL for module 'Block_entry_proc_proc39' 
INFO: [HLS 200-10] ----------------------------------------------------------------
INFO: [RTGEN 206-100] Finished creating RTL model for 'Block_entry_proc_proc39'.
INFO: [HLS 200-111] Finished Creating RTL model: CPU user time: 0.25 seconds. CPU system time: 0.04 seconds. Elapsed time: 2.49 seconds; current allocated memory: 619.192 MB.
INFO: [HLS 200-10] ----------------------------------------------------------------
INFO: [HLS 200-10] -- Generating RTL for module 'tdf8_accum_2_6' 
INFO: [HLS 200-10] ----------------------------------------------------------------
INFO: [RTGEN 206-100] Generating core module 'hadd_16ns_16ns_16_8_full_dsp_1': 1 instance(s).
INFO: [RTGEN 206-100] Finished creating RTL model for 'tdf8_accum_2_6'.
INFO: [HLS 200-111] Finished Creating RTL model: CPU user time: 0.13 seconds. CPU system time: 0.02 seconds. Elapsed time: 1.19 seconds; current allocated memory: 619.559 MB.
INFO: [HLS 200-10] ----------------------------------------------------------------
INFO: [HLS 200-10] -- Generating RTL for module 'Block_entry_proc_proc40' 
INFO: [HLS 200-10] ----------------------------------------------------------------
INFO: [RTGEN 206-100] Finished creating RTL model for 'Block_entry_proc_proc40'.
INFO: [HLS 200-111] Finished Creating RTL model: CPU user time: 0.24 seconds. CPU system time: 0.05 seconds. Elapsed time: 1.71 seconds; current allocated memory: 619.997 MB.
INFO: [HLS 200-10] ----------------------------------------------------------------
INFO: [HLS 200-10] -- Generating RTL for module 'tdf8_accum_2_7' 
INFO: [HLS 200-10] ----------------------------------------------------------------
INFO: [RTGEN 206-100] Generating core module 'hadd_16ns_16ns_16_8_full_dsp_1': 1 instance(s).
INFO: [RTGEN 206-100] Finished creating RTL model for 'tdf8_accum_2_7'.
INFO: [HLS 200-111] Finished Creating RTL model: CPU user time: 0.13 seconds. CPU system time: 0.03 seconds. Elapsed time: 0.9 seconds; current allocated memory: 620.381 MB.
INFO: [HLS 200-10] ----------------------------------------------------------------
INFO: [HLS 200-10] -- Generating RTL for module 'Block_entry_proc_proc41' 
INFO: [HLS 200-10] ----------------------------------------------------------------
INFO: [RTGEN 206-100] Finished creating RTL model for 'Block_entry_proc_proc41'.
INFO: [HLS 200-111] Finished Creating RTL model: CPU user time: 0.25 seconds. CPU system time: 0.05 seconds. Elapsed time: 2.12 seconds; current allocated memory: 620.878 MB.
INFO: [HLS 200-10] ----------------------------------------------------------------
INFO: [HLS 200-10] -- Generating RTL for module 'tdf8_adjust' 
INFO: [HLS 200-10] ----------------------------------------------------------------
INFO: [RTGEN 206-100] Generating core module 'hadd_16ns_16ns_16_8_full_dsp_1': 1 instance(s).
INFO: [RTGEN 206-100] Generating core module 'hmul_16ns_16ns_16_5_max_dsp_1': 1 instance(s).
INFO: [RTGEN 206-100] Generating core module 'hsub_16ns_16ns_16_7_full_dsp_1': 1 instance(s).
INFO: [RTGEN 206-100] Generating core module 'mux_83_16_1_1': 1 instance(s).
INFO: [RTGEN 206-100] Generating core module 'mux_83_1_1_1': 8 instance(s).
INFO: [RTGEN 206-100] Finished creating RTL model for 'tdf8_adjust'.
INFO: [HLS 200-111] Finished Creating RTL model: CPU user time: 0.26 seconds. CPU system time: 0.04 seconds. Elapsed time: 2 seconds; current allocated memory: 622.450 MB.
INFO: [HLS 200-10] ----------------------------------------------------------------
INFO: [HLS 200-10] -- Generating RTL for module 'tdf8_writeOutputs_aligned' 
INFO: [HLS 200-10] ----------------------------------------------------------------
INFO: [RTGEN 206-100] Finished creating RTL model for 'tdf8_writeOutputs_aligned'.
INFO: [HLS 200-111] Finished Creating RTL model: CPU user time: 1.52 seconds. CPU system time: 0.19 seconds. Elapsed time: 9.81 seconds; current allocated memory: 625.070 MB.
INFO: [HLS 200-10] ----------------------------------------------------------------
INFO: [HLS 200-10] -- Generating RTL for module 'tdf8_poolOutputs' 
INFO: [HLS 200-10] ----------------------------------------------------------------
WARNING: [RTGEN 206-101] Register 'max_vals_0' is power-on initialization.
WARNING: [RTGEN 206-101] Register 'max_vals_1' is power-on initialization.
WARNING: [RTGEN 206-101] Register 'max_vals_2' is power-on initialization.
WARNING: [RTGEN 206-101] Register 'max_vals_3' is power-on initialization.
WARNING: [RTGEN 206-101] Register 'max_vals_4' is power-on initialization.
WARNING: [RTGEN 206-101] Register 'max_vals_5' is power-on initialization.
WARNING: [RTGEN 206-101] Register 'max_vals_6' is power-on initialization.
WARNING: [RTGEN 206-101] Register 'max_vals_7' is power-on initialization.
INFO: [RTGEN 206-100] Generating core module 'hcmp_16ns_16ns_1_2_no_dsp_1': 8 instance(s).
INFO: [RTGEN 206-100] Finished creating RTL model for 'tdf8_poolOutputs'.
INFO: [HLS 200-111] Finished Creating RTL model: CPU user time: 0.58 seconds. CPU system time: 0.1 seconds. Elapsed time: 3.9 seconds; current allocated memory: 626.535 MB.
INFO: [HLS 200-10] ----------------------------------------------------------------
INFO: [HLS 200-10] -- Generating RTL for module 'dataflow_in_loop_TOP_LOOP' 
INFO: [HLS 200-10] ----------------------------------------------------------------
INFO: [RTGEN 206-100] Finished creating RTL model for 'dataflow_in_loop_TOP_LOOP'.
INFO: [HLS 200-111] Finished Creating RTL model: CPU user time: 2.27 seconds. CPU system time: 0.12 seconds. Elapsed time: 12.01 seconds; current allocated memory: 634.449 MB.
INFO: [HLS 200-10] ----------------------------------------------------------------
INFO: [HLS 200-10] -- Generating RTL for module 'tdf8' 
INFO: [HLS 200-10] ----------------------------------------------------------------
INFO: [RTGEN 206-100] Finished creating RTL model for 'tdf8'.
INFO: [HLS 200-111] Finished Creating RTL model: CPU user time: 5.7 seconds. CPU system time: 0.18 seconds. Elapsed time: 36.2 seconds; current allocated memory: 638.228 MB.
INFO: [HLS 200-10] ----------------------------------------------------------------
INFO: [HLS 200-10] -- Generating RTL for module 'tdf8_top' 
INFO: [HLS 200-10] ----------------------------------------------------------------
INFO: [RTGEN 206-500] Setting interface mode on port 'tdf8_top/dummy_val' to 'ap_none'.
INFO: [RTGEN 206-500] Setting interface mode on port 'tdf8_top/out_data' to 'ap_memory'.
INFO: [RTGEN 206-500] Setting interface mode on function 'tdf8_top' to 'ap_ctrl_hs'.
INFO: [RTGEN 206-100] Finished creating RTL model for 'tdf8_top'.
INFO: [HLS 200-111] Finished Creating RTL model: CPU user time: 3.85 seconds. CPU system time: 0.06 seconds. Elapsed time: 22.91 seconds; current allocated memory: 639.335 MB.
INFO: [HLS 200-741] Implementing PIPO tdf8_top_dataflow_in_loop_TOP_LOOP_ifmap_vec_0_memcore using a single memory for all blocks
INFO: [RTMG 210-278] Implementing memory 'tdf8_top_dataflow_in_loop_TOP_LOOP_ifmap_vec_0_memcore_ram (RAM)' using auto RAMs.
INFO: [HLS 200-740] Implementing PIPO tdf8_top_dataflow_in_loop_TOP_LOOP_products_0_0_memcore using a separate memory for each block
INFO: [RTMG 210-278] Implementing memory 'tdf8_top_dataflow_in_loop_TOP_LOOP_products_0_0_memcore_ram (RAM)' using auto RAMs.
INFO: [HLS 200-740] Implementing PIPO tdf8_top_dataflow_in_loop_TOP_LOOP_accum1_out_0_memcore using a separate memory for each block
INFO: [RTMG 210-278] Implementing memory 'tdf8_top_dataflow_in_loop_TOP_LOOP_accum1_out_0_memcore_ram (RAM)' using auto RAMs.
INFO: [RTMG 210-285] Implementing FIFO 'input_indices_23_c_U(tdf8_top_fifo_w5_d2_S)' using Shift Registers.
INFO: [RTMG 210-285] Implementing FIFO 'input_indices_23_c1_U(tdf8_top_fifo_w5_d7_S)' using Shift Registers.
INFO: [RTMG 210-285] Implementing FIFO 'output_indices_04_c_U(tdf8_top_fifo_w4_d8_S)' using Shift Registers.
INFO: [RTMG 210-285] Implementing FIFO 'output_indices_15_c_U(tdf8_top_fifo_w8_d8_S)' using Shift Registers.
INFO: [RTMG 210-285] Implementing FIFO 'resetMaximum6_c_U(tdf8_top_fifo_w1_d8_S)' using Shift Registers.
INFO: [RTMG 210-285] Implementing FIFO 'storeOutput7_c_U(tdf8_top_fifo_w1_d8_S)' using Shift Registers.
INFO: [RTMG 210-285] Implementing FIFO 'input_indices_0_U(tdf8_top_fifo_w16_d2_S)' using Shift Registers.
INFO: [RTMG 210-285] Implementing FIFO 'input_indices_1_U(tdf8_top_fifo_w16_d2_S)' using Shift Registers.
INFO: [RTMG 210-285] Implementing FIFO 'tmp_channel_U(tdf8_top_fifo_w16_d2_S)' using Shift Registers.
INFO: [RTMG 210-285] Implementing FIFO 'sums_0_U(tdf8_top_fifo_w16_d2_S)' using Shift Registers.
INFO: [RTMG 210-285] Implementing FIFO 'tmp_37_channel_U(tdf8_top_fifo_w16_d2_S)' using Shift Registers.
INFO: [RTMG 210-285] Implementing FIFO 'sums_1_U(tdf8_top_fifo_w16_d2_S)' using Shift Registers.
INFO: [RTMG 210-285] Implementing FIFO 'tmp_38_channel_U(tdf8_top_fifo_w16_d2_S)' using Shift Registers.
INFO: [RTMG 210-285] Implementing FIFO 'sums_2_U(tdf8_top_fifo_w16_d2_S)' using Shift Registers.
INFO: [RTMG 210-285] Implementing FIFO 'tmp_39_channel_U(tdf8_top_fifo_w16_d2_S)' using Shift Registers.
INFO: [RTMG 210-285] Implementing FIFO 'sums_3_U(tdf8_top_fifo_w16_d2_S)' using Shift Registers.
INFO: [RTMG 210-285] Implementing FIFO 'tmp_40_channel_U(tdf8_top_fifo_w16_d2_S)' using Shift Registers.
INFO: [RTMG 210-285] Implementing FIFO 'sums_4_U(tdf8_top_fifo_w16_d2_S)' using Shift Registers.
INFO: [RTMG 210-285] Implementing FIFO 'tmp_41_channel_U(tdf8_top_fifo_w16_d2_S)' using Shift Registers.
INFO: [RTMG 210-285] Implementing FIFO 'sums_5_U(tdf8_top_fifo_w16_d2_S)' using Shift Registers.
INFO: [RTMG 210-285] Implementing FIFO 'tmp_42_channel_U(tdf8_top_fifo_w16_d2_S)' using Shift Registers.
INFO: [RTMG 210-285] Implementing FIFO 'sums_6_U(tdf8_top_fifo_w16_d2_S)' using Shift Registers.
INFO: [RTMG 210-285] Implementing FIFO 'tmp_43_channel_U(tdf8_top_fifo_w16_d2_S)' using Shift Registers.
INFO: [RTMG 210-285] Implementing FIFO 'sums_7_U(tdf8_top_fifo_w16_d2_S)' using Shift Registers.
INFO: [RTMG 210-285] Implementing FIFO 'input_indices_23_c2_U(tdf8_top_fifo_w5_d2_S)' using Shift Registers.
INFO: [RTMG 210-285] Implementing FIFO 'outputs_0_U(tdf8_top_fifo_w16_d2_S)' using Shift Registers.
INFO: [RTMG 210-285] Implementing FIFO 'outputs_1_U(tdf8_top_fifo_w16_d2_S)' using Shift Registers.
INFO: [RTMG 210-285] Implementing FIFO 'outputs_2_U(tdf8_top_fifo_w16_d2_S)' using Shift Registers.
INFO: [RTMG 210-285] Implementing FIFO 'outputs_3_U(tdf8_top_fifo_w16_d2_S)' using Shift Registers.
INFO: [RTMG 210-285] Implementing FIFO 'outputs_4_U(tdf8_top_fifo_w16_d2_S)' using Shift Registers.
INFO: [RTMG 210-285] Implementing FIFO 'outputs_5_U(tdf8_top_fifo_w16_d2_S)' using Shift Registers.
INFO: [RTMG 210-285] Implementing FIFO 'outputs_6_U(tdf8_top_fifo_w16_d2_S)' using Shift Registers.
INFO: [RTMG 210-285] Implementing FIFO 'outputs_7_U(tdf8_top_fifo_w16_d2_S)' using Shift Registers.
INFO: [RTMG 210-285] Implementing FIFO 'start_for_tdf8_readFilters4_U0_U(tdf8_top_start_for_tdf8_readFilters4_U0)' using Shift Registers.
WARNING: [RTMG 210-274] Memory 'tdf8_top_in_data' is read-only, switch it to a ROM.
INFO: [RTMG 210-279] Implementing memory 'tdf8_top_in_data_rom' using ultra ROMs.
INFO: [RTMG 210-278] Implementing memory 'tdf8_top_filter_data_0_ram (RAM_2P_BRAM)' using block RAMs.
WARNING: [RTMG 210-274] Memory 'tdf8_top_filter_data_1' is read-only, switch it to a ROM.
INFO: [RTMG 210-279] Implementing memory 'tdf8_top_filter_data_1_rom' using block ROMs.
INFO: [RTMG 210-278] Implementing memory 'tdf8_top_adjustments_ram (RAM_2P_BRAM)' using block RAMs.
INFO: [HLS 200-741] Implementing PIPO tdf8_top_dataflow_in_loop_TOP_LOOP_ifmap_vec_0_memcore using a single memory for all blocks
INFO: [HLS 200-740] Implementing PIPO tdf8_top_dataflow_in_loop_TOP_LOOP_products_0_0_memcore using a separate memory for each block
INFO: [HLS 200-740] Implementing PIPO tdf8_top_dataflow_in_loop_TOP_LOOP_accum1_out_0_memcore using a separate memory for each block
INFO: [HLS 200-741] Implementing PIPO tdf8_top_dataflow_in_loop_TOP_LOOP_ifmap_vec_0_memcore using a single memory for all blocks
INFO: [HLS 200-740] Implementing PIPO tdf8_top_dataflow_in_loop_TOP_LOOP_products_0_0_memcore using a separate memory for each block
INFO: [HLS 200-740] Implementing PIPO tdf8_top_dataflow_in_loop_TOP_LOOP_accum1_out_0_memcore using a separate memory for each block
INFO: [HLS 200-111] Finished Generating all RTL models: CPU user time: 15.77 seconds. CPU system time: 5.14 seconds. Elapsed time: 130.31 seconds; current allocated memory: 649.247 MB.
INFO: [VHDL 208-304] Generating VHDL RTL for tdf8_top.
INFO: [VLOG 209-307] Generating Verilog RTL for tdf8_top.
INFO: [HLS 200-790] **** Loop Constraint Status: All loop constraints were satisfied.
INFO: [HLS 200-789] **** Estimated Fmax: 223.61 MHz
INFO: [HLS 200-111] Finished Command csynth_design CPU user time: 154.94 seconds. CPU system time: 14.41 seconds. Elapsed time: 983.37 seconds; current allocated memory: 652.051 MB.
INFO: [HLS 200-112] Total CPU user time: 165.79 seconds. Total CPU system time: 19.24 seconds. Total elapsed time: 1065.3 seconds; peak allocated memory: 649.247 MB.
INFO: [Common 17-206] Exiting vitis_hls at Tue Apr 20 10:58:11 2021...
