
****** Vitis HLS - High-Level Synthesis from C, C++ and OpenCL v2020.2 (64-bit)
  **** SW Build 3064766 on Wed Nov 18 09:12:47 MST 2020
  **** IP Build 3064653 on Wed Nov 18 14:17:31 MST 2020
    ** Copyright 1986-2020 Xilinx, Inc. All Rights Reserved.

source /usr/local/packages/xilinx_2020/Vitis_HLS/2020.2/scripts/vitis_hls/hls.tcl -notrace
INFO: [HLS 200-10] Running '/usr/local/packages/xilinx_2020/Vitis_HLS/2020.2/bin/unwrapped/lnx64.o/vitis_hls'
INFO: [HLS 200-10] For user 'drauch' on host 'yoshi.ece.utexas.edu' (Linux_x86_64 version 3.10.0-1160.11.1.el7.x86_64) on Wed Mar 17 19:02:22 CDT 2021
INFO: [HLS 200-10] On os "CentOS Linux release 7.9.2009 (Core)"
INFO: [HLS 200-10] In directory '/home/ecelrc/students/drauch/research/scale-cnn/networks/td_fused/layers/tdf12/r16_o2'
Sourcing Tcl script 'tdf12.tcl'
INFO: [HLS 200-1510] Running: open_project -reset tdf12_prj 
INFO: [HLS 200-10] Creating and opening project '/home/ecelrc/students/drauch/research/scale-cnn/networks/td_fused/layers/tdf12/r16_o2/tdf12_prj'.
INFO: [HLS 200-1510] Running: add_files -cflags -I .. -I /home/ecelrc/students/drauch/research/scale-cnn/common -D FAST_COMPILE=0 /home/ecelrc/students/drauch/research/scale-cnn/common/global_defines.h tdf12.cpp 
INFO: [HLS 200-10] Adding design file '/home/ecelrc/students/drauch/research/scale-cnn/common/global_defines.h' to the project
INFO: [HLS 200-10] Adding design file 'tdf12.cpp' to the project
INFO: [HLS 200-1510] Running: add_files -tb -cflags -I .. -I /home/ecelrc/students/drauch/research/scale-cnn/common/test -I /home/ecelrc/students/drauch/research/scale-cnn/common /home/ecelrc/students/drauch/research/scale-cnn/common/test/tb_utils.cpp ../test/golden.cpp ../test/tb_tdf12.cpp 
INFO: [HLS 200-10] Adding test bench file '/home/ecelrc/students/drauch/research/scale-cnn/common/test/tb_utils.cpp' to the project
INFO: [HLS 200-10] Adding test bench file '../test/golden.cpp' to the project
INFO: [HLS 200-10] Adding test bench file '../test/tb_tdf12.cpp' to the project
INFO: [HLS 200-1510] Running: set_top tdf12_top 
INFO: [HLS 200-1510] Running: open_solution -reset solution1 
INFO: [HLS 200-10] Creating and opening solution '/home/ecelrc/students/drauch/research/scale-cnn/networks/td_fused/layers/tdf12/r16_o2/tdf12_prj/solution1'.
INFO: [HLS 200-10] Cleaning up the solution database.
WARNING: [HLS 200-40] No /home/ecelrc/students/drauch/research/scale-cnn/networks/td_fused/layers/tdf12/r16_o2/tdf12_prj/solution1/solution1.aps file found.
INFO: [HLS 200-1505] Using default flow_target 'vivado'
Resolution: For help on HLS 200-1505 see www.xilinx.com/cgi-bin/docs/rdoc?v=2020.2;t=hls+guidance;d=200-1505.html
INFO: [HLS 200-1510] Running: set_part xcvu3p-ffvc1517-3-e 
INFO: [HLS 200-10] Setting target device to 'xcvu3p-ffvc1517-3-e'
INFO: [HLS 200-1510] Running: create_clock -period 10 
INFO: [SYN 201-201] Setting up clock 'default' with a period of 10ns.
INFO: [HLS 200-1510] Running: set_directive_bind_storage -type ram_s2p -impl uram tdf12_top in_data 
INFO: [HLS 200-1510] Running: set_directive_bind_storage -type ram_s2p -impl uram tdf12_top out_data 
INFO: [HLS 200-1510] Running: set_directive_bind_storage -type ram_2p -impl bram tdf12_top filter_data 
INFO: [HLS 200-1510] Running: set_directive_bind_storage -type ram_2p -impl bram tdf12_top adjustments 
INFO: [HLS 200-1510] Running: set_directive_array_reshape -type cyclic -factor 16 tdf12_top in_data -dim 3 
INFO: [HLS 200-1510] Running: set_directive_array_reshape -type cyclic -factor 16 tdf12_top filter_data -dim 4 
INFO: [HLS 200-1510] Running: set_directive_array_reshape -type cyclic -factor 4 tdf12_top out_data -dim 3 
INFO: [HLS 200-1510] Running: set_directive_array_reshape -type cyclic -factor 4 tdf12_top adjustments -dim 2 
INFO: [HLS 200-1510] Running: set_directive_array_partition -type cyclic -factor 2 -dim 1 tdf12_top filter_data 
INFO: [HLS 200-1510] Running: set_directive_array_partition -type cyclic -factor 2 -dim 1 tdf12 weight_vecs 
INFO: [HLS 200-1510] Running: set_directive_array_partition -type cyclic -factor 2 -dim 1 tdf12 products 
INFO: [HLS 200-1510] Running: set_directive_array_partition -type cyclic -factor 16 -dim 3 tdf12 ifmap_vec 
INFO: [HLS 200-1510] Running: set_directive_array_partition -type cyclic -factor 16 -dim 4 tdf12 weight_vecs 
INFO: [HLS 200-1510] Running: set_directive_array_partition -type cyclic -factor 16 -dim 2 tdf12 products 
INFO: [HLS 200-1510] Running: set_directive_pipeline tdf12_readInputs/IL6 
INFO: [HLS 200-1510] Running: set_directive_unroll -factor 16 tdf12_readInputs/IL6 
INFO: [HLS 200-1510] Running: set_directive_pipeline tdf12_readFilters/FL6 
INFO: [HLS 200-1510] Running: set_directive_unroll -factor 16 tdf12_readFilters/FL6 
INFO: [HLS 200-1510] Running: set_directive_pipeline tdf12_dot_product/DP_OUTER_3 
INFO: [HLS 200-1510] Running: set_directive_unroll -factor 16 tdf12_dot_product/DP_OUTER_3 
INFO: [HLS 200-1510] Running: set_directive_dataflow tdf12/TOP_LOOP 
INFO: [HLS 200-1510] Running: config_op hadd -impl fulldsp -latency 1 
INFO: [HLS 200-1445] Configure operator 'hadd' with implementation style 'fulldsp'.
INFO: [HLS 200-1446] Configure operator 'hadd' with latency 1.
INFO: [HLS 200-1510] Running: config_op hmul -impl maxdsp -latency 1 
INFO: [HLS 200-1445] Configure operator 'hmul' with implementation style 'maxdsp'.
INFO: [HLS 200-1446] Configure operator 'hmul' with latency 1.
INFO: [HLS 200-1510] Running: csim_design -clean 
INFO: [SIM 211-2] *************** CSIM start ***************
INFO: [SIM 211-4] CSIM will launch GCC as the compiler.
   Compiling ../../../../../../../../../common/test/tb_utils.cpp in debug mode
   Compiling ../../../../../test/golden.cpp in debug mode
   Compiling ../../../../../test/tb_tdf12.cpp in debug mode
   Compiling ../../../../tdf12.cpp in debug mode
   Generating csim.exe
In file included from /usr/local/packages/xilinx_2020/Vitis_HLS/2020.2/include/hls_hotbm_apfixed.h:45:0,
                 from /usr/local/packages/xilinx_2020/Vitis_HLS/2020.2/include/hls_math.h:1065,
                 from ../../../../tdf12_conv_stages.h:8,
                 from ../../../../tdf12.cpp:6:
/usr/local/packages/xilinx_2020/Vitis_HLS/2020.2/include/utils/x_hls_utils.h:243:40: warning: ‘hls_preserve’ attribute directive ignored [-Wattributes]
 __attribute__((hls_preserve)) T reg(T d)
                                        ^
Beginning functional validation.
Generating random inputs.
Running synthesized function...
Running golden comparison function...
Comparing expected vs. actual values.
0 out of 196000 points exceeded low error threshold.
130018 out of 196000 points equaled their exact expected values.
Validation successful.
INFO: [SIM 211-1] CSim done with 0 errors.
INFO: [SIM 211-3] *************** CSIM finish ***************
INFO: [HLS 200-111] Finished Command csim_design CPU user time: 32.79 seconds. CPU system time: 1.33 seconds. Elapsed time: 34.41 seconds; current allocated memory: 240.059 MB.
INFO: [HLS 200-1510] Running: config_dataflow -strict_mode off 
INFO: [HLS 200-1510] Running: csynth_design 
INFO: [HLS 200-111] Finished File checks and directory preparation: CPU user time: 0 seconds. CPU system time: 0.01 seconds. Elapsed time: 0.02 seconds; current allocated memory: 240.333 MB.
INFO: [HLS 200-10] Analyzing design file 'tdf12.cpp' ... 
WARNING: [HLS 207-5510] 'Resource pragma' is deprecated, and it will be removed in future release. It is suggested to replace it with 'bind_op/bind_storage pragma'.: /usr/local/packages/xilinx_2020/Vitis_HLS/2020.2/common/technology/autopilot/hls_hotbm_apfixed.h:117:9
WARNING: [HLS 207-5510] 'Resource pragma' is deprecated, and it will be removed in future release. It is suggested to replace it with 'bind_op/bind_storage pragma'.: /usr/local/packages/xilinx_2020/Vitis_HLS/2020.2/common/technology/autopilot/hls_hotbm_apfixed.h:118:9
WARNING: [HLS 207-5510] 'Resource pragma' is deprecated, and it will be removed in future release. It is suggested to replace it with 'bind_op/bind_storage pragma'.: /usr/local/packages/xilinx_2020/Vitis_HLS/2020.2/common/technology/autopilot/hls_hotbm_apfixed.h:119:9
WARNING: [HLS 207-5510] 'Resource pragma' is deprecated, and it will be removed in future release. It is suggested to replace it with 'bind_op/bind_storage pragma'.: /usr/local/packages/xilinx_2020/Vitis_HLS/2020.2/common/technology/autopilot/hls_hotbm_apfixed.h:120:9
WARNING: [HLS 207-5510] 'Resource pragma' is deprecated, and it will be removed in future release. It is suggested to replace it with 'bind_op/bind_storage pragma'.: /usr/local/packages/xilinx_2020/Vitis_HLS/2020.2/common/technology/autopilot/hls_hotbm_apfixed.h:121:9
WARNING: [HLS 207-5510] 'Resource pragma' is deprecated, and it will be removed in future release. It is suggested to replace it with 'bind_op/bind_storage pragma'.: /usr/local/packages/xilinx_2020/Vitis_HLS/2020.2/common/technology/autopilot/hls_hotbm_apfixed.h:151:9
WARNING: [HLS 207-5510] 'Resource pragma' is deprecated, and it will be removed in future release. It is suggested to replace it with 'bind_op/bind_storage pragma'.: /usr/local/packages/xilinx_2020/Vitis_HLS/2020.2/common/technology/autopilot/hls_hotbm_apfixed.h:152:9
WARNING: [HLS 207-5510] 'Resource pragma' is deprecated, and it will be removed in future release. It is suggested to replace it with 'bind_op/bind_storage pragma'.: /usr/local/packages/xilinx_2020/Vitis_HLS/2020.2/common/technology/autopilot/hls_hotbm_apfixed.h:153:9
WARNING: [HLS 207-5510] 'Resource pragma' is deprecated, and it will be removed in future release. It is suggested to replace it with 'bind_op/bind_storage pragma'.: /usr/local/packages/xilinx_2020/Vitis_HLS/2020.2/common/technology/autopilot/hls_hotbm_apfixed.h:154:9
WARNING: [HLS 207-5510] 'Resource pragma' is deprecated, and it will be removed in future release. It is suggested to replace it with 'bind_op/bind_storage pragma'.: /usr/local/packages/xilinx_2020/Vitis_HLS/2020.2/common/technology/autopilot/hls_hotbm_apfixed.h:155:9
WARNING: [HLS 207-5510] 'Resource pragma' is deprecated, and it will be removed in future release. It is suggested to replace it with 'bind_op/bind_storage pragma'.: /usr/local/packages/xilinx_2020/Vitis_HLS/2020.2/common/technology/autopilot/hls_hotbm_apfixed.h:156:9
WARNING: [HLS 207-5510] 'Resource pragma' is deprecated, and it will be removed in future release. It is suggested to replace it with 'bind_op/bind_storage pragma'.: /usr/local/packages/xilinx_2020/Vitis_HLS/2020.2/common/technology/autopilot/hls_hotbm_apfixed.h:157:9
WARNING: [HLS 207-5510] 'Resource pragma' is deprecated, and it will be removed in future release. It is suggested to replace it with 'bind_op/bind_storage pragma'.: /usr/local/packages/xilinx_2020/Vitis_HLS/2020.2/common/technology/autopilot/hls_hotbm_apfixed.h:158:9
WARNING: [HLS 207-5510] 'Resource pragma' is deprecated, and it will be removed in future release. It is suggested to replace it with 'bind_op/bind_storage pragma'.: /usr/local/packages/xilinx_2020/Vitis_HLS/2020.2/common/technology/autopilot/hls_hotbm_apfixed.h:159:9
WARNING: [HLS 207-5510] 'Resource pragma' is deprecated, and it will be removed in future release. It is suggested to replace it with 'bind_op/bind_storage pragma'.: /usr/local/packages/xilinx_2020/Vitis_HLS/2020.2/common/technology/autopilot/hls_hotbm_apfixed.h:160:9
WARNING: [HLS 207-5510] 'Resource pragma' is deprecated, and it will be removed in future release. It is suggested to replace it with 'bind_op/bind_storage pragma'.: /usr/local/packages/xilinx_2020/Vitis_HLS/2020.2/common/technology/autopilot/hls_hotbm_apfixed.h:210:9
WARNING: [HLS 207-5510] 'Resource pragma' is deprecated, and it will be removed in future release. It is suggested to replace it with 'bind_op/bind_storage pragma'.: /usr/local/packages/xilinx_2020/Vitis_HLS/2020.2/common/technology/autopilot/hls_hotbm_apfixed.h:211:9
WARNING: [HLS 207-5510] 'Resource pragma' is deprecated, and it will be removed in future release. It is suggested to replace it with 'bind_op/bind_storage pragma'.: /usr/local/packages/xilinx_2020/Vitis_HLS/2020.2/common/technology/autopilot/hls_hotbm_apfixed.h:212:9
WARNING: [HLS 207-5510] 'Resource pragma' is deprecated, and it will be removed in future release. It is suggested to replace it with 'bind_op/bind_storage pragma'.: /usr/local/packages/xilinx_2020/Vitis_HLS/2020.2/common/technology/autopilot/hls_hotbm_apfixed.h:239:9
WARNING: [HLS 207-5510] 'Resource pragma' is deprecated, and it will be removed in future release. It is suggested to replace it with 'bind_op/bind_storage pragma'.: /usr/local/packages/xilinx_2020/Vitis_HLS/2020.2/common/technology/autopilot/hls_hotbm_apfixed.h:240:9
WARNING: [HLS 207-5510] 'Resource pragma' is deprecated, and it will be removed in future release. It is suggested to replace it with 'bind_op/bind_storage pragma'.: /usr/local/packages/xilinx_2020/Vitis_HLS/2020.2/common/technology/autopilot/hls_hotbm_apfixed.h:241:9
WARNING: [HLS 207-5510] 'Resource pragma' is deprecated, and it will be removed in future release. It is suggested to replace it with 'bind_op/bind_storage pragma'.: /usr/local/packages/xilinx_2020/Vitis_HLS/2020.2/common/technology/autopilot/hls_hotbm_apfixed.h:242:9
WARNING: [HLS 207-5510] 'Resource pragma' is deprecated, and it will be removed in future release. It is suggested to replace it with 'bind_op/bind_storage pragma'.: /usr/local/packages/xilinx_2020/Vitis_HLS/2020.2/common/technology/autopilot/hls_hotbm_apfixed.h:243:9
WARNING: [HLS 207-5510] 'Resource pragma' is deprecated, and it will be removed in future release. It is suggested to replace it with 'bind_op/bind_storage pragma'.: /usr/local/packages/xilinx_2020/Vitis_HLS/2020.2/common/technology/autopilot/hls_hotbm_apfixed.h:244:9
WARNING: [HLS 207-5510] 'Resource pragma' is deprecated, and it will be removed in future release. It is suggested to replace it with 'bind_op/bind_storage pragma'.: /usr/local/packages/xilinx_2020/Vitis_HLS/2020.2/common/technology/autopilot/hls_hotbm_apfixed.h:280:9
WARNING: [HLS 207-5510] 'Resource pragma' is deprecated, and it will be removed in future release. It is suggested to replace it with 'bind_op/bind_storage pragma'.: /usr/local/packages/xilinx_2020/Vitis_HLS/2020.2/common/technology/autopilot/hls_hotbm_apfixed.h:281:9
WARNING: [HLS 207-5301] unused parameter 'k': ./tdf12_conv_stages.h:76:37
INFO: [HLS 200-111] Finished Source Code Analysis and Preprocessing: CPU user time: 32.73 seconds. CPU system time: 2.65 seconds. Elapsed time: 35.65 seconds; current allocated memory: 243.784 MB.
INFO: [HLS 200-777] Using interface defaults for 'Vivado' flow target.
INFO: [HLS 214-131] Inlining function 'tdf12_adjust_value(decimal16, decimal16, decimal16, decimal16)' into 'tdf12_adjust(decimal16*, decimal16*, decimal16 (*) [4], unsigned short)' (./tdf12_conv_stages.h:223:20)
WARNING: [HLS 214-185] The resource pragma (storage) on function argument, in 'call' is unsupported (tdf12.cpp:240:9)
INFO: [HLS 214-186] Unrolling loop 'FL7' (./tdf12_conv_stages.h:50:18) in function 'tdf12_readFilters' completely with a factor of 2 (./tdf12_conv_stages.h:50:18)
INFO: [HLS 214-186] Unrolling loop 'VITIS_LOOP_90_2' (./tdf12_conv_stages.h:90:27) in function 'tdf12_writeOutputs_unaligned' completely with a factor of 4 (./tdf12_conv_stages.h:90:27)
INFO: [HLS 214-178] Inlining function 'fp_struct<decimal16>::fp_struct(decimal16)' into 'int generic_signbit<decimal16>(decimal16)' (/wrk/ci/prod/2020.2/rdi_builds/continuous/2020_11_18_3064766/src/shared/hls/clib/hlsmath/include/FloatingPoint/hls_signbit.h:11:0)
INFO: [HLS 214-178] Inlining function 'fp_struct<decimal16>::__signbit() const' into 'int generic_signbit<decimal16>(decimal16)' (/wrk/ci/prod/2020.2/rdi_builds/continuous/2020_11_18_3064766/src/shared/hls/clib/hlsmath/include/FloatingPoint/hls_signbit.h:11:0)
INFO: [HLS 214-178] Inlining function 'int generic_signbit<decimal16>(decimal16)' into 'hls::signbit(decimal16)' (/wrk/ci/prod/2020.2/rdi_builds/continuous/2020_11_18_3064766/src/shared/hls/clib/hlsmath/src/c++/signbithalf.cpp:7:0)
INFO: [HLS 214-178] Inlining function 'hls::signbit(decimal16)' into 'tdf12_adjust(decimal16*, decimal16*, decimal16 (*) [4], unsigned short)' (./tdf12_conv_stages.h:212:0)
WARNING: [HLS 214-167] The program may have out of bound array access (./tdf12_conv_stages.h:94:37)
WARNING: [HLS 214-167] The program may have out of bound array access (./tdf12_conv_stages.h:94:37)
WARNING: [HLS 214-167] The program may have out of bound array access (./tdf12_conv_stages.h:94:37)
WARNING: [HLS 214-167] The program may have out of bound array access (./tdf12_conv_stages.h:94:37)
INFO: [HLS 214-248] cyclic reshaped array 'out_data' on dimension 3 with 4 (tdf12.cpp:239:139)
INFO: [HLS 200-111] Finished Compiling Optimization and Transform: CPU user time: 6.98 seconds. CPU system time: 0.72 seconds. Elapsed time: 8.09 seconds; current allocated memory: 245.810 MB.
INFO: [HLS 200-111] Finished Checking Pragmas: CPU user time: 0 seconds. CPU system time: 0 seconds. Elapsed time: 0 seconds; current allocated memory: 245.811 MB.
INFO: [HLS 200-10] Starting code transformations ...
INFO: [HLS 200-111] Finished Standard Transforms: CPU user time: 0.3 seconds. CPU system time: 0.04 seconds. Elapsed time: 0.43 seconds; current allocated memory: 267.099 MB.
INFO: [HLS 200-10] Checking synthesizability ...
INFO: [HLS 200-111] Finished Checking Synthesizability: CPU user time: 0.43 seconds. CPU system time: 0.04 seconds. Elapsed time: 0.49 seconds; current allocated memory: 288.547 MB.
INFO: [XFORM 203-502] Unrolling all sub-loops inside loop 'IL_LOOP' (tdf12.cpp:80) in function 'tdf12_accum_2' for pipelining.
INFO: [XFORM 203-502] Unrolling small iteration loop 'DP_OUTER_1' (./tdf12_conv_stages.h:147) in function 'tdf12_dot_product' automatically.
INFO: [XFORM 203-502] Unrolling small iteration loop 'DP_OUTER_2' (./tdf12_conv_stages.h:148) in function 'tdf12_dot_product' automatically.
INFO: [XFORM 203-502] Unrolling all sub-loops inside loop 'DP_OUTER_3' (./tdf12_conv_stages.h:149) in function 'tdf12_dot_product' for pipelining.
INFO: [XFORM 203-502] Unrolling small iteration loop 'FL4' (./tdf12_conv_stages.h:47) in function 'tdf12_readFilters' automatically.
INFO: [XFORM 203-502] Unrolling small iteration loop 'FL5' (./tdf12_conv_stages.h:48) in function 'tdf12_readFilters' automatically.
INFO: [XFORM 203-502] Unrolling all sub-loops inside loop 'IL_LOOP' (tdf12.cpp:20) in function 'tdf12_accum_1' for pipelining.
INFO: [HLS 200-489] Unrolling loop 'WRPC_LOOP' (tdf12.cpp:88) in function 'tdf12_accum_2' completely with a factor of 16.
INFO: [HLS 200-489] Unrolling loop 'DP_OUTER_1' (./tdf12_conv_stages.h:147) in function 'tdf12_dot_product' completely with a factor of 1.
INFO: [HLS 200-489] Unrolling loop 'DP_OUTER_2' (./tdf12_conv_stages.h:148) in function 'tdf12_dot_product' completely with a factor of 1.
INFO: [XFORM 203-501] Unrolling loop 'DP_OUTER_3' (./tdf12_conv_stages.h:149) in function 'tdf12_dot_product' partially with a factor of 16.
INFO: [HLS 200-489] Unrolling loop 'DP_INNER' (./tdf12_conv_stages.h:152) in function 'tdf12_dot_product' completely with a factor of 2.
INFO: [HLS 200-489] Unrolling loop 'FL4' (./tdf12_conv_stages.h:47) in function 'tdf12_readFilters' completely with a factor of 1.
INFO: [HLS 200-489] Unrolling loop 'FL5' (./tdf12_conv_stages.h:48) in function 'tdf12_readFilters' completely with a factor of 1.
INFO: [XFORM 203-501] Unrolling loop 'FL6' (./tdf12_conv_stages.h:49) in function 'tdf12_readFilters' partially with a factor of 16.
INFO: [XFORM 203-501] Unrolling loop 'IL6' (./tdf12_conv_stages.h:25) in function 'tdf12_readInputs' partially with a factor of 16.
INFO: [HLS 200-489] Unrolling loop 'WRPC_LOOP' (tdf12.cpp:28) in function 'tdf12_accum_1' completely with a factor of 32.
WARNING: [HLS 200-1476] Applying partition directive (tdf12.cpp:241:4) and reshape directive (tdf12.cpp:242:9) on the same variable 'filter_data' (tdf12.cpp:241) may lead to unexpected synthesis behaviors.\

INFO: [XFORM 203-131] Reshaping array 'in_data' (tdf12.cpp:240) in dimension 3 with a cyclic factor of 16.
INFO: [XFORM 203-131] Reshaping array 'filter_data' (tdf12.cpp:241) in dimension 4 with a cyclic factor of 16.
INFO: [XFORM 203-131] Reshaping array 'adjustments' (tdf12.cpp:242) in dimension 2 completely.
INFO: [XFORM 203-101] Partitioning array 'ifmap_vec' (tdf12.cpp:191) in dimension 3 with a cyclic factor 16.
INFO: [XFORM 203-101] Partitioning array 'weight_vecs' (tdf12.cpp:192) in dimension 1 completely.
INFO: [XFORM 203-101] Partitioning array 'products' (tdf12.cpp:193) in dimension 1 completely.
INFO: [XFORM 203-101] Partitioning array 'sums' (tdf12.cpp:194) in dimension 1 completely.
INFO: [XFORM 203-101] Partitioning array 'outputs' (tdf12.cpp:195) in dimension 1 completely.
INFO: [XFORM 203-101] Partitioning array 'indices' (tdf12.cpp:198) in dimension 1 completely.
INFO: [XFORM 203-101] Partitioning array 'accum1_out_0' (tdf12.cpp:216) in dimension 1 with a cyclic factor 8.
INFO: [XFORM 203-101] Partitioning array 'accum1_out_1' (tdf12.cpp:217) in dimension 1 with a cyclic factor 8.
INFO: [XFORM 203-101] Partitioning array 'accum2_out_0' (tdf12.cpp:222) in dimension 1 completely.
INFO: [XFORM 203-101] Partitioning array 'accum2_out_1' (tdf12.cpp:223) in dimension 1 completely.
INFO: [XFORM 203-101] Partitioning array 'filter_data' (tdf12.cpp:241) in dimension 1 with a cyclic factor 2.
INFO: [XFORM 203-101] Partitioning array 'outputRow'  in dimension 1 completely.
INFO: [XFORM 203-101] Partitioning array 'vals' (tdf12.cpp:84) in dimension 1 completely.
INFO: [XFORM 203-101] Partitioning array 'vals' (tdf12.cpp:24) in dimension 1 completely.
INFO: [XFORM 203-101] Partitioning array 'weight_vecs' (tdf12.cpp:192) in dimension 4 with a cyclic factor 16.
INFO: [XFORM 203-101] Partitioning array 'products' (tdf12.cpp:193) in dimension 2 with a cyclic factor 16.
INFO: [XFORM 203-102] Partitioning array 'ifmap_vec.0' in dimension 1 automatically.
INFO: [XFORM 203-102] Partitioning array 'ifmap_vec1.0' in dimension 1 automatically.
INFO: [XFORM 203-102] Partitioning array 'ifmap_vec2.0' in dimension 1 automatically.
INFO: [XFORM 203-102] Partitioning array 'ifmap_vec3.0' in dimension 1 automatically.
INFO: [XFORM 203-102] Partitioning array 'ifmap_vec4.0' in dimension 1 automatically.
INFO: [XFORM 203-102] Partitioning array 'ifmap_vec5.0' in dimension 1 automatically.
INFO: [XFORM 203-102] Partitioning array 'ifmap_vec6.0' in dimension 1 automatically.
INFO: [XFORM 203-102] Partitioning array 'ifmap_vec7.0' in dimension 1 automatically.
INFO: [XFORM 203-102] Partitioning array 'ifmap_vec8.0' in dimension 1 automatically.
INFO: [XFORM 203-102] Partitioning array 'ifmap_vec9.0' in dimension 1 automatically.
INFO: [XFORM 203-102] Partitioning array 'ifmap_vec10.0' in dimension 1 automatically.
INFO: [XFORM 203-102] Partitioning array 'ifmap_vec11.0' in dimension 1 automatically.
INFO: [XFORM 203-102] Partitioning array 'ifmap_vec12.0' in dimension 1 automatically.
INFO: [XFORM 203-102] Partitioning array 'ifmap_vec13.0' in dimension 1 automatically.
INFO: [XFORM 203-102] Partitioning array 'ifmap_vec14.0' in dimension 1 automatically.
INFO: [XFORM 203-102] Partitioning array 'ifmap_vec15.0' in dimension 1 automatically.
INFO: [XFORM 203-102] Partitioning array 'weight_vecs.0' in dimension 1 automatically.
INFO: [XFORM 203-102] Partitioning array 'weight_vecs1.0' in dimension 1 automatically.
INFO: [XFORM 203-102] Partitioning array 'weight_vecs2.0' in dimension 1 automatically.
INFO: [XFORM 203-102] Partitioning array 'weight_vecs3.0' in dimension 1 automatically.
INFO: [XFORM 203-102] Partitioning array 'weight_vecs4.0' in dimension 1 automatically.
INFO: [XFORM 203-102] Partitioning array 'weight_vecs5.0' in dimension 1 automatically.
INFO: [XFORM 203-102] Partitioning array 'weight_vecs6.0' in dimension 1 automatically.
INFO: [XFORM 203-102] Partitioning array 'weight_vecs7.0' in dimension 1 automatically.
INFO: [XFORM 203-102] Partitioning array 'weight_vecs8.0' in dimension 1 automatically.
INFO: [XFORM 203-102] Partitioning array 'weight_vecs9.0' in dimension 1 automatically.
INFO: [XFORM 203-102] Partitioning array 'weight_vecs10.0' in dimension 1 automatically.
INFO: [XFORM 203-102] Partitioning array 'weight_vecs11.0' in dimension 1 automatically.
INFO: [XFORM 203-102] Partitioning array 'weight_vecs12.0' in dimension 1 automatically.
INFO: [XFORM 203-102] Partitioning array 'weight_vecs13.0' in dimension 1 automatically.
INFO: [XFORM 203-102] Partitioning array 'weight_vecs14.0' in dimension 1 automatically.
INFO: [XFORM 203-102] Partitioning array 'weight_vecs15.0' in dimension 1 automatically.
INFO: [XFORM 203-102] Partitioning array 'weight_vecs216.0' in dimension 1 automatically.
INFO: [XFORM 203-102] Partitioning array 'weight_vecs217.0' in dimension 1 automatically.
INFO: [XFORM 203-102] Partitioning array 'weight_vecs218.0' in dimension 1 automatically.
INFO: [XFORM 203-102] Partitioning array 'weight_vecs219.0' in dimension 1 automatically.
INFO: [XFORM 203-102] Partitioning array 'weight_vecs220.0' in dimension 1 automatically.
INFO: [XFORM 203-102] Partitioning array 'weight_vecs221.0' in dimension 1 automatically.
INFO: [XFORM 203-102] Partitioning array 'weight_vecs222.0' in dimension 1 automatically.
INFO: [XFORM 203-102] Partitioning array 'weight_vecs223.0' in dimension 1 automatically.
INFO: [XFORM 203-102] Partitioning array 'weight_vecs224.0' in dimension 1 automatically.
INFO: [XFORM 203-102] Partitioning array 'weight_vecs225.0' in dimension 1 automatically.
INFO: [XFORM 203-102] Partitioning array 'weight_vecs226.0' in dimension 1 automatically.
INFO: [XFORM 203-102] Partitioning array 'weight_vecs227.0' in dimension 1 automatically.
INFO: [XFORM 203-102] Partitioning array 'weight_vecs228.0' in dimension 1 automatically.
INFO: [XFORM 203-102] Partitioning array 'weight_vecs229.0' in dimension 1 automatically.
INFO: [XFORM 203-102] Partitioning array 'weight_vecs230.0' in dimension 1 automatically.
INFO: [XFORM 203-102] Partitioning array 'weight_vecs231.0' in dimension 1 automatically.
INFO: [XFORM 203-102] Partitioning array 'ifmap_vec.0' in dimension 1 automatically.
INFO: [XFORM 203-102] Partitioning array 'ifmap_vec1.0' in dimension 1 automatically.
INFO: [XFORM 203-102] Partitioning array 'ifmap_vec2.0' in dimension 1 automatically.
INFO: [XFORM 203-102] Partitioning array 'ifmap_vec3.0' in dimension 1 automatically.
INFO: [XFORM 203-102] Partitioning array 'ifmap_vec4.0' in dimension 1 automatically.
INFO: [XFORM 203-102] Partitioning array 'ifmap_vec5.0' in dimension 1 automatically.
INFO: [XFORM 203-102] Partitioning array 'ifmap_vec6.0' in dimension 1 automatically.
INFO: [XFORM 203-102] Partitioning array 'ifmap_vec7.0' in dimension 1 automatically.
INFO: [XFORM 203-102] Partitioning array 'ifmap_vec8.0' in dimension 1 automatically.
INFO: [XFORM 203-102] Partitioning array 'ifmap_vec9.0' in dimension 1 automatically.
INFO: [XFORM 203-102] Partitioning array 'ifmap_vec10.0' in dimension 1 automatically.
INFO: [XFORM 203-102] Partitioning array 'ifmap_vec11.0' in dimension 1 automatically.
INFO: [XFORM 203-102] Partitioning array 'ifmap_vec12.0' in dimension 1 automatically.
INFO: [XFORM 203-102] Partitioning array 'ifmap_vec13.0' in dimension 1 automatically.
INFO: [XFORM 203-102] Partitioning array 'ifmap_vec14.0' in dimension 1 automatically.
INFO: [XFORM 203-102] Partitioning array 'ifmap_vec15.0' in dimension 1 automatically.
INFO: [XFORM 203-102] Partitioning array 'weight_vecs.0' in dimension 1 automatically.
INFO: [XFORM 203-102] Partitioning array 'weight_vecs1.0' in dimension 1 automatically.
INFO: [XFORM 203-102] Partitioning array 'weight_vecs2.0' in dimension 1 automatically.
INFO: [XFORM 203-102] Partitioning array 'weight_vecs3.0' in dimension 1 automatically.
INFO: [XFORM 203-102] Partitioning array 'weight_vecs4.0' in dimension 1 automatically.
INFO: [XFORM 203-102] Partitioning array 'weight_vecs5.0' in dimension 1 automatically.
INFO: [XFORM 203-102] Partitioning array 'weight_vecs6.0' in dimension 1 automatically.
INFO: [XFORM 203-102] Partitioning array 'weight_vecs7.0' in dimension 1 automatically.
INFO: [XFORM 203-102] Partitioning array 'weight_vecs8.0' in dimension 1 automatically.
INFO: [XFORM 203-102] Partitioning array 'weight_vecs9.0' in dimension 1 automatically.
INFO: [XFORM 203-102] Partitioning array 'weight_vecs10.0' in dimension 1 automatically.
INFO: [XFORM 203-102] Partitioning array 'weight_vecs11.0' in dimension 1 automatically.
INFO: [XFORM 203-102] Partitioning array 'weight_vecs12.0' in dimension 1 automatically.
INFO: [XFORM 203-102] Partitioning array 'weight_vecs13.0' in dimension 1 automatically.
INFO: [XFORM 203-102] Partitioning array 'weight_vecs14.0' in dimension 1 automatically.
INFO: [XFORM 203-102] Partitioning array 'weight_vecs15.0' in dimension 1 automatically.
INFO: [XFORM 203-102] Partitioning array 'weight_vecs16.0' in dimension 1 automatically.
INFO: [XFORM 203-102] Partitioning array 'weight_vecs1616.0' in dimension 1 automatically.
INFO: [XFORM 203-102] Partitioning array 'weight_vecs1617.0' in dimension 1 automatically.
INFO: [XFORM 203-102] Partitioning array 'weight_vecs1618.0' in dimension 1 automatically.
INFO: [XFORM 203-102] Partitioning array 'weight_vecs1619.0' in dimension 1 automatically.
INFO: [XFORM 203-102] Partitioning array 'weight_vecs1620.0' in dimension 1 automatically.
INFO: [XFORM 203-102] Partitioning array 'weight_vecs1621.0' in dimension 1 automatically.
INFO: [XFORM 203-102] Partitioning array 'weight_vecs1622.0' in dimension 1 automatically.
INFO: [XFORM 203-102] Partitioning array 'weight_vecs1623.0' in dimension 1 automatically.
INFO: [XFORM 203-102] Partitioning array 'weight_vecs1624.0' in dimension 1 automatically.
INFO: [XFORM 203-102] Partitioning array 'weight_vecs1625.0' in dimension 1 automatically.
INFO: [XFORM 203-102] Partitioning array 'weight_vecs1626.0' in dimension 1 automatically.
INFO: [XFORM 203-102] Partitioning array 'weight_vecs1627.0' in dimension 1 automatically.
INFO: [XFORM 203-102] Partitioning array 'weight_vecs1628.0' in dimension 1 automatically.
INFO: [XFORM 203-102] Partitioning array 'weight_vecs1629.0' in dimension 1 automatically.
INFO: [XFORM 203-102] Partitioning array 'weight_vecs1630.0' in dimension 1 automatically.
INFO: [XFORM 203-102] Partitioning array 'ifmap_vec.0' (tdf12.cpp:191) in dimension 1 automatically.
INFO: [XFORM 203-102] Partitioning array 'ifmap_vec.1' (tdf12.cpp:191) in dimension 1 automatically.
INFO: [XFORM 203-102] Partitioning array 'ifmap_vec.2' (tdf12.cpp:191) in dimension 1 automatically.
INFO: [XFORM 203-102] Partitioning array 'ifmap_vec.3' (tdf12.cpp:191) in dimension 1 automatically.
INFO: [XFORM 203-102] Partitioning array 'ifmap_vec.4' (tdf12.cpp:191) in dimension 1 automatically.
INFO: [XFORM 203-102] Partitioning array 'ifmap_vec.5' (tdf12.cpp:191) in dimension 1 automatically.
INFO: [XFORM 203-102] Partitioning array 'ifmap_vec.6' (tdf12.cpp:191) in dimension 1 automatically.
INFO: [XFORM 203-102] Partitioning array 'ifmap_vec.7' (tdf12.cpp:191) in dimension 1 automatically.
INFO: [XFORM 203-102] Partitioning array 'ifmap_vec.8' (tdf12.cpp:191) in dimension 1 automatically.
INFO: [XFORM 203-102] Partitioning array 'ifmap_vec.9' (tdf12.cpp:191) in dimension 1 automatically.
INFO: [XFORM 203-102] Partitioning array 'ifmap_vec.10' (tdf12.cpp:191) in dimension 1 automatically.
INFO: [XFORM 203-102] Partitioning array 'ifmap_vec.11' (tdf12.cpp:191) in dimension 1 automatically.
INFO: [XFORM 203-102] Partitioning array 'ifmap_vec.12' (tdf12.cpp:191) in dimension 1 automatically.
INFO: [XFORM 203-102] Partitioning array 'ifmap_vec.13' (tdf12.cpp:191) in dimension 1 automatically.
INFO: [XFORM 203-102] Partitioning array 'ifmap_vec.14' (tdf12.cpp:191) in dimension 1 automatically.
INFO: [XFORM 203-102] Partitioning array 'ifmap_vec.15' (tdf12.cpp:191) in dimension 1 automatically.
INFO: [XFORM 203-102] Partitioning array 'weight_vecs.0.0' (tdf12.cpp:192) in dimension 1 automatically.
INFO: [XFORM 203-102] Partitioning array 'weight_vecs.0.1' (tdf12.cpp:192) in dimension 1 automatically.
INFO: [XFORM 203-102] Partitioning array 'weight_vecs.0.2' (tdf12.cpp:192) in dimension 1 automatically.
INFO: [XFORM 203-102] Partitioning array 'weight_vecs.0.3' (tdf12.cpp:192) in dimension 1 automatically.
INFO: [XFORM 203-102] Partitioning array 'weight_vecs.0.4' (tdf12.cpp:192) in dimension 1 automatically.
INFO: [XFORM 203-102] Partitioning array 'weight_vecs.0.5' (tdf12.cpp:192) in dimension 1 automatically.
INFO: [XFORM 203-102] Partitioning array 'weight_vecs.0.6' (tdf12.cpp:192) in dimension 1 automatically.
INFO: [XFORM 203-102] Partitioning array 'weight_vecs.0.7' (tdf12.cpp:192) in dimension 1 automatically.
INFO: [XFORM 203-102] Partitioning array 'weight_vecs.0.8' (tdf12.cpp:192) in dimension 1 automatically.
INFO: [XFORM 203-102] Partitioning array 'weight_vecs.0.9' (tdf12.cpp:192) in dimension 1 automatically.
INFO: [XFORM 203-102] Partitioning array 'weight_vecs.0.10' (tdf12.cpp:192) in dimension 1 automatically.
INFO: [XFORM 203-102] Partitioning array 'weight_vecs.0.11' (tdf12.cpp:192) in dimension 1 automatically.
INFO: [XFORM 203-102] Partitioning array 'weight_vecs.0.12' (tdf12.cpp:192) in dimension 1 automatically.
INFO: [XFORM 203-102] Partitioning array 'weight_vecs.0.13' (tdf12.cpp:192) in dimension 1 automatically.
INFO: [XFORM 203-102] Partitioning array 'weight_vecs.0.14' (tdf12.cpp:192) in dimension 1 automatically.
INFO: [XFORM 203-102] Partitioning array 'weight_vecs.0.15' (tdf12.cpp:192) in dimension 1 automatically.
INFO: [XFORM 203-102] Partitioning array 'weight_vecs.1.0' (tdf12.cpp:192) in dimension 1 automatically.
INFO: [XFORM 203-102] Partitioning array 'weight_vecs.1.1' (tdf12.cpp:192) in dimension 1 automatically.
INFO: [XFORM 203-102] Partitioning array 'weight_vecs.1.2' (tdf12.cpp:192) in dimension 1 automatically.
INFO: [XFORM 203-102] Partitioning array 'weight_vecs.1.3' (tdf12.cpp:192) in dimension 1 automatically.
INFO: [XFORM 203-102] Partitioning array 'weight_vecs.1.4' (tdf12.cpp:192) in dimension 1 automatically.
INFO: [XFORM 203-102] Partitioning array 'weight_vecs.1.5' (tdf12.cpp:192) in dimension 1 automatically.
INFO: [XFORM 203-102] Partitioning array 'weight_vecs.1.6' (tdf12.cpp:192) in dimension 1 automatically.
INFO: [XFORM 203-102] Partitioning array 'weight_vecs.1.7' (tdf12.cpp:192) in dimension 1 automatically.
INFO: [XFORM 203-102] Partitioning array 'weight_vecs.1.8' (tdf12.cpp:192) in dimension 1 automatically.
INFO: [XFORM 203-102] Partitioning array 'weight_vecs.1.9' (tdf12.cpp:192) in dimension 1 automatically.
INFO: [XFORM 203-102] Partitioning array 'weight_vecs.1.10' (tdf12.cpp:192) in dimension 1 automatically.
INFO: [XFORM 203-102] Partitioning array 'weight_vecs.1.11' (tdf12.cpp:192) in dimension 1 automatically.
INFO: [XFORM 203-102] Partitioning array 'weight_vecs.1.12' (tdf12.cpp:192) in dimension 1 automatically.
INFO: [XFORM 203-102] Partitioning array 'weight_vecs.1.13' (tdf12.cpp:192) in dimension 1 automatically.
INFO: [XFORM 203-102] Partitioning array 'weight_vecs.1.14' (tdf12.cpp:192) in dimension 1 automatically.
INFO: [XFORM 203-102] Partitioning array 'weight_vecs.1.15' (tdf12.cpp:192) in dimension 1 automatically.
INFO: [XFORM 203-102] Partitioning array 'ifmap_vec.0.0' (tdf12.cpp:191) in dimension 1 automatically.
INFO: [XFORM 203-102] Partitioning array 'ifmap_vec.1.0' (tdf12.cpp:191) in dimension 1 automatically.
INFO: [XFORM 203-102] Partitioning array 'ifmap_vec.2.0' (tdf12.cpp:191) in dimension 1 automatically.
INFO: [XFORM 203-102] Partitioning array 'ifmap_vec.3.0' (tdf12.cpp:191) in dimension 1 automatically.
INFO: [XFORM 203-102] Partitioning array 'ifmap_vec.4.0' (tdf12.cpp:191) in dimension 1 automatically.
INFO: [XFORM 203-102] Partitioning array 'ifmap_vec.5.0' (tdf12.cpp:191) in dimension 1 automatically.
INFO: [XFORM 203-102] Partitioning array 'ifmap_vec.6.0' (tdf12.cpp:191) in dimension 1 automatically.
INFO: [XFORM 203-102] Partitioning array 'ifmap_vec.7.0' (tdf12.cpp:191) in dimension 1 automatically.
INFO: [XFORM 203-102] Partitioning array 'ifmap_vec.8.0' (tdf12.cpp:191) in dimension 1 automatically.
INFO: [XFORM 203-102] Partitioning array 'ifmap_vec.9.0' (tdf12.cpp:191) in dimension 1 automatically.
INFO: [XFORM 203-102] Partitioning array 'ifmap_vec.10.0' (tdf12.cpp:191) in dimension 1 automatically.
INFO: [XFORM 203-102] Partitioning array 'ifmap_vec.11.0' (tdf12.cpp:191) in dimension 1 automatically.
INFO: [XFORM 203-102] Partitioning array 'ifmap_vec.12.0' (tdf12.cpp:191) in dimension 1 automatically.
INFO: [XFORM 203-102] Partitioning array 'ifmap_vec.13.0' (tdf12.cpp:191) in dimension 1 automatically.
INFO: [XFORM 203-102] Partitioning array 'ifmap_vec.14.0' (tdf12.cpp:191) in dimension 1 automatically.
INFO: [XFORM 203-102] Partitioning array 'ifmap_vec.15.0' (tdf12.cpp:191) in dimension 1 automatically.
INFO: [XFORM 203-102] Partitioning array 'weight_vecs.0.0.0' (tdf12.cpp:192) in dimension 1 automatically.
INFO: [XFORM 203-102] Partitioning array 'weight_vecs.0.1.0' (tdf12.cpp:192) in dimension 1 automatically.
INFO: [XFORM 203-102] Partitioning array 'weight_vecs.0.2.0' (tdf12.cpp:192) in dimension 1 automatically.
INFO: [XFORM 203-102] Partitioning array 'weight_vecs.0.3.0' (tdf12.cpp:192) in dimension 1 automatically.
INFO: [XFORM 203-102] Partitioning array 'weight_vecs.0.4.0' (tdf12.cpp:192) in dimension 1 automatically.
INFO: [XFORM 203-102] Partitioning array 'weight_vecs.0.5.0' (tdf12.cpp:192) in dimension 1 automatically.
INFO: [XFORM 203-102] Partitioning array 'weight_vecs.0.6.0' (tdf12.cpp:192) in dimension 1 automatically.
INFO: [XFORM 203-102] Partitioning array 'weight_vecs.0.7.0' (tdf12.cpp:192) in dimension 1 automatically.
INFO: [XFORM 203-102] Partitioning array 'weight_vecs.0.8.0' (tdf12.cpp:192) in dimension 1 automatically.
INFO: [XFORM 203-102] Partitioning array 'weight_vecs.0.9.0' (tdf12.cpp:192) in dimension 1 automatically.
INFO: [XFORM 203-102] Partitioning array 'weight_vecs.0.10.0' (tdf12.cpp:192) in dimension 1 automatically.
INFO: [XFORM 203-102] Partitioning array 'weight_vecs.0.11.0' (tdf12.cpp:192) in dimension 1 automatically.
INFO: [XFORM 203-102] Partitioning array 'weight_vecs.0.12.0' (tdf12.cpp:192) in dimension 1 automatically.
INFO: [XFORM 203-102] Partitioning array 'weight_vecs.0.13.0' (tdf12.cpp:192) in dimension 1 automatically.
INFO: [XFORM 203-102] Partitioning array 'weight_vecs.0.14.0' (tdf12.cpp:192) in dimension 1 automatically.
INFO: [XFORM 203-102] Partitioning array 'weight_vecs.0.15.0' (tdf12.cpp:192) in dimension 1 automatically.
INFO: [XFORM 203-102] Partitioning array 'weight_vecs.1.0.0' (tdf12.cpp:192) in dimension 1 automatically.
INFO: [XFORM 203-102] Partitioning array 'weight_vecs.1.1.0' (tdf12.cpp:192) in dimension 1 automatically.
INFO: [XFORM 203-102] Partitioning array 'weight_vecs.1.2.0' (tdf12.cpp:192) in dimension 1 automatically.
INFO: [XFORM 203-102] Partitioning array 'weight_vecs.1.3.0' (tdf12.cpp:192) in dimension 1 automatically.
INFO: [XFORM 203-102] Partitioning array 'weight_vecs.1.4.0' (tdf12.cpp:192) in dimension 1 automatically.
INFO: [XFORM 203-102] Partitioning array 'weight_vecs.1.5.0' (tdf12.cpp:192) in dimension 1 automatically.
INFO: [XFORM 203-102] Partitioning array 'weight_vecs.1.6.0' (tdf12.cpp:192) in dimension 1 automatically.
INFO: [XFORM 203-102] Partitioning array 'weight_vecs.1.7.0' (tdf12.cpp:192) in dimension 1 automatically.
INFO: [XFORM 203-102] Partitioning array 'weight_vecs.1.8.0' (tdf12.cpp:192) in dimension 1 automatically.
INFO: [XFORM 203-102] Partitioning array 'weight_vecs.1.9.0' (tdf12.cpp:192) in dimension 1 automatically.
INFO: [XFORM 203-102] Partitioning array 'weight_vecs.1.10.0' (tdf12.cpp:192) in dimension 1 automatically.
INFO: [XFORM 203-102] Partitioning array 'weight_vecs.1.11.0' (tdf12.cpp:192) in dimension 1 automatically.
INFO: [XFORM 203-102] Partitioning array 'weight_vecs.1.12.0' (tdf12.cpp:192) in dimension 1 automatically.
INFO: [XFORM 203-102] Partitioning array 'weight_vecs.1.13.0' (tdf12.cpp:192) in dimension 1 automatically.
INFO: [XFORM 203-102] Partitioning array 'weight_vecs.1.14.0' (tdf12.cpp:192) in dimension 1 automatically.
INFO: [XFORM 203-102] Partitioning array 'weight_vecs.1.15.0' (tdf12.cpp:192) in dimension 1 automatically.
INFO: [XFORM 203-721] Extract dataflow region from loop TOP_LOOP (tdf12.cpp:188)  of function 'tdf12'.
INFO: [HLS 200-988] Store statement on variable  'sums[0]108' (tdf12.cpp:194) in a dataflow region ( 'dataflow_in_loop_TOP_LOOP' (tdf12.cpp:188:7)) will infer a separate dataflow process. Consider placing this store inside a function.
INFO: [HLS 200-988] Store statement on variable  'sums[1]109' (tdf12.cpp:194) in a dataflow region ( 'dataflow_in_loop_TOP_LOOP' (tdf12.cpp:188:7)) will infer a separate dataflow process. Consider placing this store inside a function.
INFO: [XFORM 203-712] Applying dataflow to function 'dataflow_in_loop_TOP_LOOP' (tdf12.cpp:188:7), detected/extracted 14 process function(s): 
	 'tdf12_get_next_ijk'
	 'tdf12_readInputs'
	 'tdf12_readFilters'
	 'tdf12_dot_product'
	 'tdf12_accum_1'
	 'tdf12_accum_1'
	 'tdf12_accum_2'
	 'tdf12_accum_2'
	 'tdf12_accum_3'
	 'Block_entry_proc_proc'
	 'tdf12_accum_3'
	 'Block_entry_proc_proc233'
	 'tdf12_adjust'
	 'tdf12_writeOutputs_unaligned'.
INFO: [XFORM 203-401] Performing if-conversion on hyperblock from (./tdf12_conv_stages.h:85:33) to (./tdf12_conv_stages.h:86:30) in function 'tdf12_writeOutputs_unaligned'... converting 4 basic blocks.
INFO: [XFORM 203-401] Performing if-conversion on hyperblock from (/wrk/ci/prod/2020.2/rdi_builds/continuous/2020_11_18_3064766/src/shared/hls/clib/hlsmath/include/FloatingPoint/hls_signbit.h:12:16) to (./tdf12_conv_stages.h:223:18) in function 'tdf12_adjust'... converting 4 basic blocks.
INFO: [HLS 200-111] Finished Loop, function and other optimizations: CPU user time: 2.63 seconds. CPU system time: 0.14 seconds. Elapsed time: 3.39 seconds; current allocated memory: 333.989 MB.
WARNING: [ANALYSIS 214-52] Found false inter dependency for variable 'products[1][3]' (./tdf12_conv_stages.h:139).
WARNING: [ANALYSIS 214-52] Found false inter dependency for variable 'products[0][13]' (./tdf12_conv_stages.h:139).
WARNING: [ANALYSIS 214-52] Found false inter dependency for variable 'products[1][9]' (./tdf12_conv_stages.h:139).
WARNING: [ANALYSIS 214-52] Found false inter dependency for variable 'products[1][13]' (./tdf12_conv_stages.h:139).
WARNING: [ANALYSIS 214-52] Found false inter dependency for variable 'products[0][9]' (./tdf12_conv_stages.h:139).
WARNING: [ANALYSIS 214-52] Found false inter dependency for variable 'products[1][7]' (./tdf12_conv_stages.h:139).
WARNING: [ANALYSIS 214-52] Found false inter dependency for variable 'products[1][6]' (./tdf12_conv_stages.h:139).
WARNING: [ANALYSIS 214-52] Found false inter dependency for variable 'products[1][15]' (./tdf12_conv_stages.h:139).
WARNING: [ANALYSIS 214-52] Found false inter dependency for variable 'products[1][14]' (./tdf12_conv_stages.h:139).
WARNING: [ANALYSIS 214-52] Found false inter dependency for variable 'products[0][3]' (./tdf12_conv_stages.h:139).
WARNING: [ANALYSIS 214-52] Found false inter dependency for variable 'products[1][5]' (./tdf12_conv_stages.h:139).
WARNING: [ANALYSIS 214-52] Found false inter dependency for variable 'products[0][0]' (./tdf12_conv_stages.h:139).
WARNING: [ANALYSIS 214-52] Found false inter dependency for variable 'products[1][4]' (./tdf12_conv_stages.h:139).
WARNING: [ANALYSIS 214-52] Found false inter dependency for variable 'products[1][12]' (./tdf12_conv_stages.h:139).
WARNING: [ANALYSIS 214-52] Found false inter dependency for variable 'products[1][11]' (./tdf12_conv_stages.h:139).
WARNING: [ANALYSIS 214-52] Found false inter dependency for variable 'products[1][1]' (./tdf12_conv_stages.h:139).
WARNING: [ANALYSIS 214-52] Found false inter dependency for variable 'products[0][5]' (./tdf12_conv_stages.h:139).
WARNING: [ANALYSIS 214-52] Found false inter dependency for variable 'products[0][7]' (./tdf12_conv_stages.h:139).
WARNING: [ANALYSIS 214-52] Found false inter dependency for variable 'products[0][10]' (./tdf12_conv_stages.h:139).
WARNING: [ANALYSIS 214-52] Found false inter dependency for variable 'products[1][0]' (./tdf12_conv_stages.h:139).
WARNING: [ANALYSIS 214-52] Found false inter dependency for variable 'products[1][8]' (./tdf12_conv_stages.h:139).
WARNING: [ANALYSIS 214-52] Found false inter dependency for variable 'products[1][10]' (./tdf12_conv_stages.h:139).
WARNING: [ANALYSIS 214-52] Found false inter dependency for variable 'products[0][14]' (./tdf12_conv_stages.h:139).
WARNING: [ANALYSIS 214-52] Found false inter dependency for variable 'products[0][15]' (./tdf12_conv_stages.h:139).
WARNING: [ANALYSIS 214-52] Found false inter dependency for variable 'products[0][8]' (./tdf12_conv_stages.h:139).
WARNING: [ANALYSIS 214-52] Found false inter dependency for variable 'products[0][12]' (./tdf12_conv_stages.h:139).
WARNING: [ANALYSIS 214-52] Found false inter dependency for variable 'products[0][11]' (./tdf12_conv_stages.h:139).
WARNING: [ANALYSIS 214-52] Found false inter dependency for variable 'products[0][2]' (./tdf12_conv_stages.h:139).
WARNING: [ANALYSIS 214-52] Found false inter dependency for variable 'products[0][6]' (./tdf12_conv_stages.h:139).
WARNING: [ANALYSIS 214-52] Found false inter dependency for variable 'products[0][4]' (./tdf12_conv_stages.h:139).
WARNING: [ANALYSIS 214-52] Found false inter dependency for variable 'products[1][2]' (./tdf12_conv_stages.h:139).
WARNING: [ANALYSIS 214-52] Found false inter dependency for variable 'products[0][1]' (./tdf12_conv_stages.h:139).
WARNING: [ANALYSIS 214-52] Found false intra dependency for variable 'products[1][3]' (./tdf12_conv_stages.h:139).
WARNING: [ANALYSIS 214-52] Found false intra dependency for variable 'products[0][13]' (./tdf12_conv_stages.h:139).
WARNING: [ANALYSIS 214-52] Found false intra dependency for variable 'products[1][9]' (./tdf12_conv_stages.h:139).
WARNING: [ANALYSIS 214-52] Found false intra dependency for variable 'products[1][13]' (./tdf12_conv_stages.h:139).
WARNING: [ANALYSIS 214-52] Found false intra dependency for variable 'products[0][9]' (./tdf12_conv_stages.h:139).
WARNING: [ANALYSIS 214-52] Found false intra dependency for variable 'products[1][7]' (./tdf12_conv_stages.h:139).
WARNING: [ANALYSIS 214-52] Found false intra dependency for variable 'products[1][6]' (./tdf12_conv_stages.h:139).
WARNING: [ANALYSIS 214-52] Found false intra dependency for variable 'products[1][15]' (./tdf12_conv_stages.h:139).
WARNING: [ANALYSIS 214-52] Found false intra dependency for variable 'products[1][14]' (./tdf12_conv_stages.h:139).
WARNING: [ANALYSIS 214-52] Found false intra dependency for variable 'products[0][3]' (./tdf12_conv_stages.h:139).
WARNING: [ANALYSIS 214-52] Found false intra dependency for variable 'products[1][5]' (./tdf12_conv_stages.h:139).
WARNING: [ANALYSIS 214-52] Found false intra dependency for variable 'products[0][0]' (./tdf12_conv_stages.h:139).
WARNING: [ANALYSIS 214-52] Found false intra dependency for variable 'products[1][4]' (./tdf12_conv_stages.h:139).
WARNING: [ANALYSIS 214-52] Found false intra dependency for variable 'products[1][12]' (./tdf12_conv_stages.h:139).
WARNING: [ANALYSIS 214-52] Found false intra dependency for variable 'products[1][11]' (./tdf12_conv_stages.h:139).
WARNING: [ANALYSIS 214-52] Found false intra dependency for variable 'products[1][1]' (./tdf12_conv_stages.h:139).
WARNING: [ANALYSIS 214-52] Found false intra dependency for variable 'products[0][5]' (./tdf12_conv_stages.h:139).
WARNING: [ANALYSIS 214-52] Found false intra dependency for variable 'products[0][7]' (./tdf12_conv_stages.h:139).
WARNING: [ANALYSIS 214-52] Found false intra dependency for variable 'products[0][10]' (./tdf12_conv_stages.h:139).
WARNING: [ANALYSIS 214-52] Found false intra dependency for variable 'products[1][0]' (./tdf12_conv_stages.h:139).
WARNING: [ANALYSIS 214-52] Found false intra dependency for variable 'products[1][8]' (./tdf12_conv_stages.h:139).
WARNING: [ANALYSIS 214-52] Found false intra dependency for variable 'products[1][10]' (./tdf12_conv_stages.h:139).
WARNING: [ANALYSIS 214-52] Found false intra dependency for variable 'products[0][14]' (./tdf12_conv_stages.h:139).
WARNING: [ANALYSIS 214-52] Found false intra dependency for variable 'products[0][15]' (./tdf12_conv_stages.h:139).
WARNING: [ANALYSIS 214-52] Found false intra dependency for variable 'products[0][8]' (./tdf12_conv_stages.h:139).
WARNING: [ANALYSIS 214-52] Found false intra dependency for variable 'products[0][12]' (./tdf12_conv_stages.h:139).
WARNING: [ANALYSIS 214-52] Found false intra dependency for variable 'products[0][11]' (./tdf12_conv_stages.h:139).
WARNING: [ANALYSIS 214-52] Found false intra dependency for variable 'products[0][2]' (./tdf12_conv_stages.h:139).
WARNING: [ANALYSIS 214-52] Found false intra dependency for variable 'products[0][6]' (./tdf12_conv_stages.h:139).
WARNING: [ANALYSIS 214-52] Found false intra dependency for variable 'products[0][4]' (./tdf12_conv_stages.h:139).
WARNING: [ANALYSIS 214-52] Found false intra dependency for variable 'products[1][2]' (./tdf12_conv_stages.h:139).
WARNING: [ANALYSIS 214-52] Found false intra dependency for variable 'products[0][1]' (./tdf12_conv_stages.h:139).
INFO: [HLS 200-472] Inferring partial write operation for 'filter_data[0]' (tdf12.cpp:245:28)
INFO: [HLS 200-472] Inferring partial write operation for 'adjustments' (tdf12.cpp:246:22)
INFO: [HLS 200-472] Inferring partial write operation for 'ifmap_vec[0][0][0]' (./tdf12_conv_stages.h:33:35)
INFO: [HLS 200-472] Inferring partial write operation for 'weight_vecs[0][0][0][0]' (./tdf12_conv_stages.h:55:43)
INFO: [HLS 200-472] Inferring partial write operation for 'products[0][0]' (./tdf12_conv_stages.h:153:32)
INFO: [HLS 200-472] Inferring partial write operation for 'accum_out[0]' (tdf12.cpp:57:28)
INFO: [HLS 200-472] Inferring partial write operation for 'accum_out[1]' (tdf12.cpp:58:28)
INFO: [HLS 200-472] Inferring partial write operation for 'accum_out[2]' (tdf12.cpp:59:28)
INFO: [HLS 200-472] Inferring partial write operation for 'accum_out[3]' (tdf12.cpp:60:28)
INFO: [HLS 200-472] Inferring partial write operation for 'accum_out[4]' (tdf12.cpp:61:28)
INFO: [HLS 200-472] Inferring partial write operation for 'accum_out[5]' (tdf12.cpp:62:28)
INFO: [HLS 200-472] Inferring partial write operation for 'accum_out[6]' (tdf12.cpp:63:28)
INFO: [HLS 200-472] Inferring partial write operation for 'accum_out[7]' (tdf12.cpp:64:28)
INTERNAL-INFO: never seen llvm instruction 'hsub'(535)
WARNING: [HLS 200-1449] Process tdf12_readInputs has both a predecessor and reads an input from its caller (see the GUI dataflow viewer). This may lead to lower throughput. Consider copying this input via a predecessor process.
INFO: [HLS 200-111] Finished Architecture Synthesis: CPU user time: 1.73 seconds. CPU system time: 0.12 seconds. Elapsed time: 2.2 seconds; current allocated memory: 480.430 MB.
INFO: [HLS 200-10] Starting hardware synthesis ...
INFO: [HLS 200-10] Synthesizing 'tdf12_top' ...
WARNING: [SYN 201-103] Legalizing function name 'tdf12_accum_2.1' to 'tdf12_accum_2_1'.
WARNING: [SYN 201-103] Legalizing function name 'tdf12_accum_3.1' to 'tdf12_accum_3_1'.
INFO: [HLS 200-10] ----------------------------------------------------------------
INFO: [HLS 200-42] -- Implementing module 'tdf12_get_next_ijk' 
INFO: [HLS 200-10] ----------------------------------------------------------------
INFO: [SCHED 204-11] Starting scheduling ...
INFO: [SCHED 204-11] Finished scheduling.
INFO: [HLS 200-111] Finished Scheduling: CPU user time: 0.1 seconds. CPU system time: 0.03 seconds. Elapsed time: 0.18 seconds; current allocated memory: 481.025 MB.
INFO: [BIND 205-100] Starting micro-architecture generation ...
INFO: [BIND 205-101] Performing variable lifetime analysis.
INFO: [BIND 205-101] Exploring resource sharing.
INFO: [BIND 205-101] Binding ...
INFO: [BIND 205-100] Finished micro-architecture generation.
INFO: [HLS 200-111] Finished Binding: CPU user time: 0.04 seconds. CPU system time: 0.01 seconds. Elapsed time: 0.09 seconds; current allocated memory: 481.200 MB.
INFO: [HLS 200-10] ----------------------------------------------------------------
INFO: [HLS 200-42] -- Implementing module 'tdf12_readInputs' 
INFO: [HLS 200-10] ----------------------------------------------------------------
INFO: [SCHED 204-11] Starting scheduling ...
INFO: [SCHED 204-61] Pipelining loop 'IL6'.
INFO: [HLS 200-1470] Pipelining result : Target II = 1, Final II = 1, Depth = 2, loop 'IL6'
INFO: [SCHED 204-11] Finished scheduling.
INFO: [HLS 200-111] Finished Scheduling: CPU user time: 0.17 seconds. CPU system time: 0.01 seconds. Elapsed time: 0.21 seconds; current allocated memory: 481.619 MB.
INFO: [BIND 205-100] Starting micro-architecture generation ...
INFO: [BIND 205-101] Performing variable lifetime analysis.
INFO: [BIND 205-101] Exploring resource sharing.
INFO: [BIND 205-101] Binding ...
INFO: [BIND 205-100] Finished micro-architecture generation.
INFO: [HLS 200-111] Finished Binding: CPU user time: 0.12 seconds. CPU system time: 0 seconds. Elapsed time: 0.15 seconds; current allocated memory: 482.152 MB.
INFO: [HLS 200-10] ----------------------------------------------------------------
INFO: [HLS 200-42] -- Implementing module 'tdf12_readFilters' 
INFO: [HLS 200-10] ----------------------------------------------------------------
INFO: [SCHED 204-11] Starting scheduling ...
INFO: [SCHED 204-61] Pipelining loop 'FL6'.
INFO: [HLS 200-1470] Pipelining result : Target II = 1, Final II = 1, Depth = 2, loop 'FL6'
INFO: [SCHED 204-11] Finished scheduling.
INFO: [HLS 200-111] Finished Scheduling: CPU user time: 0.27 seconds. CPU system time: 0.01 seconds. Elapsed time: 0.33 seconds; current allocated memory: 482.682 MB.
INFO: [BIND 205-100] Starting micro-architecture generation ...
INFO: [BIND 205-101] Performing variable lifetime analysis.
INFO: [BIND 205-101] Exploring resource sharing.
INFO: [BIND 205-101] Binding ...
INFO: [BIND 205-100] Finished micro-architecture generation.
INFO: [HLS 200-111] Finished Binding: CPU user time: 0.09 seconds. CPU system time: 0 seconds. Elapsed time: 0.14 seconds; current allocated memory: 483.317 MB.
INFO: [HLS 200-10] ----------------------------------------------------------------
INFO: [HLS 200-42] -- Implementing module 'tdf12_dot_product' 
INFO: [HLS 200-10] ----------------------------------------------------------------
INFO: [SCHED 204-11] Starting scheduling ...
INFO: [SCHED 204-61] Pipelining loop 'DP_OUTER_3'.
INFO: [HLS 200-1470] Pipelining result : Target II = 1, Final II = 1, Depth = 3, loop 'DP_OUTER_3'
INFO: [SCHED 204-11] Finished scheduling.
INFO: [HLS 200-111] Finished Scheduling: CPU user time: 0.34 seconds. CPU system time: 0.02 seconds. Elapsed time: 0.41 seconds; current allocated memory: 484.241 MB.
INFO: [BIND 205-100] Starting micro-architecture generation ...
INFO: [BIND 205-101] Performing variable lifetime analysis.
INFO: [BIND 205-101] Exploring resource sharing.
INFO: [BIND 205-101] Binding ...
INFO: [BIND 205-100] Finished micro-architecture generation.
INFO: [HLS 200-111] Finished Binding: CPU user time: 0.33 seconds. CPU system time: 0 seconds. Elapsed time: 0.39 seconds; current allocated memory: 485.330 MB.
INFO: [HLS 200-10] ----------------------------------------------------------------
INFO: [HLS 200-42] -- Implementing module 'tdf12_accum_1' 
INFO: [HLS 200-10] ----------------------------------------------------------------
INFO: [SCHED 204-11] Starting scheduling ...
INFO: [SCHED 204-61] Pipelining loop 'IL_LOOP'.
INFO: [HLS 200-1470] Pipelining result : Target II = 1, Final II = 1, Depth = 5, loop 'IL_LOOP'
INFO: [SCHED 204-11] Finished scheduling.
INFO: [HLS 200-111] Finished Scheduling: CPU user time: 0.66 seconds. CPU system time: 0.02 seconds. Elapsed time: 0.73 seconds; current allocated memory: 485.795 MB.
INFO: [BIND 205-100] Starting micro-architecture generation ...
INFO: [BIND 205-101] Performing variable lifetime analysis.
INFO: [BIND 205-101] Exploring resource sharing.
INFO: [BIND 205-101] Binding ...
INFO: [BIND 205-100] Finished micro-architecture generation.
INFO: [HLS 200-111] Finished Binding: CPU user time: 0.26 seconds. CPU system time: 0 seconds. Elapsed time: 0.3 seconds; current allocated memory: 486.450 MB.
INFO: [HLS 200-10] ----------------------------------------------------------------
INFO: [HLS 200-42] -- Implementing module 'tdf12_accum_2' 
INFO: [HLS 200-10] ----------------------------------------------------------------
INFO: [SCHED 204-11] Starting scheduling ...
INFO: [SCHED 204-61] Pipelining loop 'IL_LOOP'.
INFO: [HLS 200-1470] Pipelining result : Target II = 1, Final II = 1, Depth = 7, loop 'IL_LOOP'
INFO: [SCHED 204-11] Finished scheduling.
INFO: [HLS 200-111] Finished Scheduling: CPU user time: 0.48 seconds. CPU system time: 0 seconds. Elapsed time: 0.53 seconds; current allocated memory: 486.746 MB.
INFO: [BIND 205-100] Starting micro-architecture generation ...
INFO: [BIND 205-101] Performing variable lifetime analysis.
INFO: [BIND 205-101] Exploring resource sharing.
INFO: [BIND 205-101] Binding ...
INFO: [BIND 205-100] Finished micro-architecture generation.
INFO: [HLS 200-111] Finished Binding: CPU user time: 0.2 seconds. CPU system time: 0 seconds. Elapsed time: 0.24 seconds; current allocated memory: 487.185 MB.
INFO: [HLS 200-10] ----------------------------------------------------------------
INFO: [HLS 200-42] -- Implementing module 'tdf12_accum_2_1' 
INFO: [HLS 200-10] ----------------------------------------------------------------
INFO: [SCHED 204-11] Starting scheduling ...
INFO: [SCHED 204-61] Pipelining loop 'IL_LOOP'.
INFO: [HLS 200-1470] Pipelining result : Target II = 1, Final II = 1, Depth = 7, loop 'IL_LOOP'
INFO: [SCHED 204-11] Finished scheduling.
INFO: [HLS 200-111] Finished Scheduling: CPU user time: 0.38 seconds. CPU system time: 0.01 seconds. Elapsed time: 0.43 seconds; current allocated memory: 487.483 MB.
INFO: [BIND 205-100] Starting micro-architecture generation ...
INFO: [BIND 205-101] Performing variable lifetime analysis.
INFO: [BIND 205-101] Exploring resource sharing.
INFO: [BIND 205-101] Binding ...
INFO: [BIND 205-100] Finished micro-architecture generation.
INFO: [HLS 200-111] Finished Binding: CPU user time: 0.21 seconds. CPU system time: 0.01 seconds. Elapsed time: 0.25 seconds; current allocated memory: 487.924 MB.
INFO: [HLS 200-10] ----------------------------------------------------------------
INFO: [HLS 200-42] -- Implementing module 'tdf12_accum_3' 
INFO: [HLS 200-10] ----------------------------------------------------------------
INFO: [SCHED 204-11] Starting scheduling ...
INFO: [SCHED 204-11] Finished scheduling.
INFO: [HLS 200-111] Finished Scheduling: CPU user time: 0.29 seconds. CPU system time: 0.01 seconds. Elapsed time: 0.33 seconds; current allocated memory: 487.982 MB.
INFO: [BIND 205-100] Starting micro-architecture generation ...
INFO: [BIND 205-101] Performing variable lifetime analysis.
INFO: [BIND 205-101] Exploring resource sharing.
INFO: [BIND 205-101] Binding ...
INFO: [BIND 205-100] Finished micro-architecture generation.
INFO: [HLS 200-111] Finished Binding: CPU user time: 0.07 seconds. CPU system time: 0.01 seconds. Elapsed time: 0.1 seconds; current allocated memory: 488.055 MB.
INFO: [HLS 200-10] ----------------------------------------------------------------
INFO: [HLS 200-42] -- Implementing module 'Block_entry_proc_proc' 
INFO: [HLS 200-10] ----------------------------------------------------------------
INFO: [SCHED 204-11] Starting scheduling ...
INFO: [SCHED 204-11] Finished scheduling.
INFO: [HLS 200-111] Finished Scheduling: CPU user time: 0.07 seconds. CPU system time: 0 seconds. Elapsed time: 0.1 seconds; current allocated memory: 488.085 MB.
INFO: [BIND 205-100] Starting micro-architecture generation ...
INFO: [BIND 205-101] Performing variable lifetime analysis.
INFO: [BIND 205-101] Exploring resource sharing.
INFO: [BIND 205-101] Binding ...
INFO: [BIND 205-100] Finished micro-architecture generation.
INFO: [HLS 200-111] Finished Binding: CPU user time: 0.04 seconds. CPU system time: 0.01 seconds. Elapsed time: 0.06 seconds; current allocated memory: 488.119 MB.
INFO: [HLS 200-10] ----------------------------------------------------------------
INFO: [HLS 200-42] -- Implementing module 'tdf12_accum_3_1' 
INFO: [HLS 200-10] ----------------------------------------------------------------
INFO: [SCHED 204-11] Starting scheduling ...
INFO: [SCHED 204-11] Finished scheduling.
INFO: [HLS 200-111] Finished Scheduling: CPU user time: 0.06 seconds. CPU system time: 0 seconds. Elapsed time: 0.09 seconds; current allocated memory: 488.204 MB.
INFO: [BIND 205-100] Starting micro-architecture generation ...
INFO: [BIND 205-101] Performing variable lifetime analysis.
INFO: [BIND 205-101] Exploring resource sharing.
INFO: [BIND 205-101] Binding ...
INFO: [BIND 205-100] Finished micro-architecture generation.
INFO: [HLS 200-111] Finished Binding: CPU user time: 0.07 seconds. CPU system time: 0.01 seconds. Elapsed time: 0.1 seconds; current allocated memory: 488.277 MB.
INFO: [HLS 200-10] ----------------------------------------------------------------
INFO: [HLS 200-42] -- Implementing module 'Block_entry_proc_proc233' 
INFO: [HLS 200-10] ----------------------------------------------------------------
INFO: [SCHED 204-11] Starting scheduling ...
INFO: [SCHED 204-11] Finished scheduling.
INFO: [HLS 200-111] Finished Scheduling: CPU user time: 0.07 seconds. CPU system time: 0 seconds. Elapsed time: 0.1 seconds; current allocated memory: 488.307 MB.
INFO: [BIND 205-100] Starting micro-architecture generation ...
INFO: [BIND 205-101] Performing variable lifetime analysis.
INFO: [BIND 205-101] Exploring resource sharing.
INFO: [BIND 205-101] Binding ...
INFO: [BIND 205-100] Finished micro-architecture generation.
INFO: [HLS 200-111] Finished Binding: CPU user time: 0.04 seconds. CPU system time: 0.01 seconds. Elapsed time: 0.06 seconds; current allocated memory: 488.340 MB.
INFO: [HLS 200-10] ----------------------------------------------------------------
INFO: [HLS 200-42] -- Implementing module 'tdf12_adjust' 
INFO: [HLS 200-10] ----------------------------------------------------------------
INFO: [SCHED 204-11] Starting scheduling ...
INFO: [SCHED 204-61] Pipelining loop 'ADJUST_LOOP'.
INFO: [HLS 200-1470] Pipelining result : Target II = 1, Final II = 1, Depth = 7, loop 'ADJUST_LOOP'
INFO: [SCHED 204-11] Finished scheduling.
INFO: [HLS 200-111] Finished Scheduling: CPU user time: 0.12 seconds. CPU system time: 0 seconds. Elapsed time: 0.15 seconds; current allocated memory: 488.490 MB.
INFO: [BIND 205-100] Starting micro-architecture generation ...
INFO: [BIND 205-101] Performing variable lifetime analysis.
INFO: [BIND 205-101] Exploring resource sharing.
INFO: [BIND 205-101] Binding ...
INFO: [BIND 205-100] Finished micro-architecture generation.
INFO: [HLS 200-111] Finished Binding: CPU user time: 0.12 seconds. CPU system time: 0.01 seconds. Elapsed time: 0.16 seconds; current allocated memory: 488.715 MB.
INFO: [HLS 200-10] ----------------------------------------------------------------
INFO: [HLS 200-42] -- Implementing module 'tdf12_writeOutputs_unaligned' 
INFO: [HLS 200-10] ----------------------------------------------------------------
INFO: [SCHED 204-11] Starting scheduling ...
INFO: [SCHED 204-11] Finished scheduling.
INFO: [HLS 200-111] Finished Scheduling: CPU user time: 0.16 seconds. CPU system time: 0 seconds. Elapsed time: 0.2 seconds; current allocated memory: 488.947 MB.
INFO: [BIND 205-100] Starting micro-architecture generation ...
INFO: [BIND 205-101] Performing variable lifetime analysis.
INFO: [BIND 205-101] Exploring resource sharing.
INFO: [BIND 205-101] Binding ...
INFO: [BIND 205-100] Finished micro-architecture generation.
INFO: [HLS 200-111] Finished Binding: CPU user time: 0.09 seconds. CPU system time: 0 seconds. Elapsed time: 0.12 seconds; current allocated memory: 489.239 MB.
INFO: [HLS 200-10] ----------------------------------------------------------------
INFO: [HLS 200-42] -- Implementing module 'dataflow_in_loop_TOP_LOOP' 
INFO: [HLS 200-10] ----------------------------------------------------------------
INFO: [SCHED 204-11] Starting scheduling ...
INFO: [SCHED 204-11] Finished scheduling.
INFO: [HLS 200-111] Finished Scheduling: CPU user time: 0.19 seconds. CPU system time: 0.01 seconds. Elapsed time: 0.24 seconds; current allocated memory: 489.662 MB.
INFO: [BIND 205-100] Starting micro-architecture generation ...
INFO: [BIND 205-101] Performing variable lifetime analysis.
INFO: [BIND 205-101] Exploring resource sharing.
INFO: [BIND 205-101] Binding ...
INFO: [BIND 205-100] Finished micro-architecture generation.
INFO: [HLS 200-111] Finished Binding: CPU user time: 2.26 seconds. CPU system time: 0.01 seconds. Elapsed time: 2.31 seconds; current allocated memory: 490.329 MB.
INFO: [HLS 200-10] ----------------------------------------------------------------
INFO: [HLS 200-42] -- Implementing module 'tdf12' 
INFO: [HLS 200-10] ----------------------------------------------------------------
INFO: [SCHED 204-11] Starting scheduling ...
INFO: [SCHED 204-11] Finished scheduling.
INFO: [HLS 200-111] Finished Scheduling: CPU user time: 1.12 seconds. CPU system time: 0.01 seconds. Elapsed time: 1.18 seconds; current allocated memory: 490.401 MB.
INFO: [BIND 205-100] Starting micro-architecture generation ...
INFO: [BIND 205-101] Performing variable lifetime analysis.
INFO: [BIND 205-101] Exploring resource sharing.
INFO: [BIND 205-101] Binding ...
INFO: [BIND 205-100] Finished micro-architecture generation.
INFO: [HLS 200-111] Finished Binding: CPU user time: 0.43 seconds. CPU system time: 0.01 seconds. Elapsed time: 0.45 seconds; current allocated memory: 490.527 MB.
INFO: [HLS 200-10] ----------------------------------------------------------------
INFO: [HLS 200-42] -- Implementing module 'tdf12_top' 
INFO: [HLS 200-10] ----------------------------------------------------------------
INFO: [SCHED 204-11] Starting scheduling ...
INFO: [SCHED 204-11] Finished scheduling.
INFO: [HLS 200-111] Finished Scheduling: CPU user time: 1.15 seconds. CPU system time: 0.01 seconds. Elapsed time: 1.19 seconds; current allocated memory: 490.602 MB.
INFO: [BIND 205-100] Starting micro-architecture generation ...
INFO: [BIND 205-101] Performing variable lifetime analysis.
INFO: [BIND 205-101] Exploring resource sharing.
WARNING: [BIND 205-102] The specified resource core for memory 'filter_data_0' will be ignored if a simpler one can be used.
WARNING: [BIND 205-102] The specified resource core for memory 'adjustments' will be ignored if a simpler one can be used.
INFO: [BIND 205-101] Binding ...
INFO: [BIND 205-100] Finished micro-architecture generation.
INFO: [HLS 200-111] Finished Binding: CPU user time: 0.43 seconds. CPU system time: 0 seconds. Elapsed time: 0.48 seconds; current allocated memory: 490.745 MB.
INFO: [HLS 200-10] ----------------------------------------------------------------
INFO: [HLS 200-10] -- Generating RTL for module 'tdf12_get_next_ijk' 
INFO: [HLS 200-10] ----------------------------------------------------------------
WARNING: [RTGEN 206-101] Register 'i' is power-on initialization.
WARNING: [RTGEN 206-101] Register 'j' is power-on initialization.
WARNING: [RTGEN 206-101] Register 'k' is power-on initialization.
INFO: [RTGEN 206-100] Finished creating RTL model for 'tdf12_get_next_ijk'.
INFO: [HLS 200-111] Finished Creating RTL model: CPU user time: 1.33 seconds. CPU system time: 0.01 seconds. Elapsed time: 1.38 seconds; current allocated memory: 490.980 MB.
INFO: [HLS 200-10] ----------------------------------------------------------------
INFO: [HLS 200-10] -- Generating RTL for module 'tdf12_readInputs' 
INFO: [HLS 200-10] ----------------------------------------------------------------
INFO: [RTGEN 206-100] Finished creating RTL model for 'tdf12_readInputs'.
INFO: [HLS 200-111] Finished Creating RTL model: CPU user time: 0.19 seconds. CPU system time: 0.01 seconds. Elapsed time: 0.24 seconds; current allocated memory: 492.353 MB.
INFO: [HLS 200-10] ----------------------------------------------------------------
INFO: [HLS 200-10] -- Generating RTL for module 'tdf12_readFilters' 
INFO: [HLS 200-10] ----------------------------------------------------------------
INFO: [RTGEN 206-100] Finished creating RTL model for 'tdf12_readFilters'.
INFO: [HLS 200-111] Finished Creating RTL model: CPU user time: 0.45 seconds. CPU system time: 0.03 seconds. Elapsed time: 0.57 seconds; current allocated memory: 495.247 MB.
INFO: [HLS 200-10] ----------------------------------------------------------------
INFO: [HLS 200-10] -- Generating RTL for module 'tdf12_dot_product' 
INFO: [HLS 200-10] ----------------------------------------------------------------
INFO: [RTGEN 206-100] Generating core module 'hmul_16ns_16ns_16_2_max_dsp_1': 32 instance(s).
INFO: [RTGEN 206-100] Finished creating RTL model for 'tdf12_dot_product'.
INFO: [HLS 200-111] Finished Creating RTL model: CPU user time: 0.27 seconds. CPU system time: 0.04 seconds. Elapsed time: 0.38 seconds; current allocated memory: 499.250 MB.
INFO: [HLS 200-10] ----------------------------------------------------------------
INFO: [HLS 200-10] -- Generating RTL for module 'tdf12_accum_1' 
INFO: [HLS 200-10] ----------------------------------------------------------------
INFO: [RTGEN 206-100] Generating core module 'hadd_16ns_16ns_16_2_full_dsp_1': 24 instance(s).
INFO: [RTGEN 206-100] Finished creating RTL model for 'tdf12_accum_1'.
INFO: [HLS 200-111] Finished Creating RTL model: CPU user time: 1.09 seconds. CPU system time: 0.07 seconds. Elapsed time: 1.24 seconds; current allocated memory: 504.128 MB.
INFO: [HLS 200-10] ----------------------------------------------------------------
INFO: [HLS 200-10] -- Generating RTL for module 'tdf12_accum_2' 
INFO: [HLS 200-10] ----------------------------------------------------------------
INFO: [RTGEN 206-100] Generating core module 'hadd_16ns_16ns_16_2_full_dsp_1': 14 instance(s).
INFO: [RTGEN 206-100] Finished creating RTL model for 'tdf12_accum_2'.
INFO: [HLS 200-111] Finished Creating RTL model: CPU user time: 0.83 seconds. CPU system time: 0.04 seconds. Elapsed time: 0.95 seconds; current allocated memory: 507.199 MB.
INFO: [HLS 200-10] ----------------------------------------------------------------
INFO: [HLS 200-10] -- Generating RTL for module 'tdf12_accum_2_1' 
INFO: [HLS 200-10] ----------------------------------------------------------------
INFO: [RTGEN 206-100] Generating core module 'hadd_16ns_16ns_16_2_full_dsp_1': 14 instance(s).
INFO: [RTGEN 206-100] Finished creating RTL model for 'tdf12_accum_2_1'.
INFO: [HLS 200-111] Finished Creating RTL model: CPU user time: 0.63 seconds. CPU system time: 0.03 seconds. Elapsed time: 0.72 seconds; current allocated memory: 509.521 MB.
INFO: [HLS 200-10] ----------------------------------------------------------------
INFO: [HLS 200-10] -- Generating RTL for module 'tdf12_accum_3' 
INFO: [HLS 200-10] ----------------------------------------------------------------
INFO: [RTGEN 206-100] Generating core module 'hadd_16ns_16ns_16_2_full_dsp_1': 2 instance(s).
INFO: [RTGEN 206-100] Finished creating RTL model for 'tdf12_accum_3'.
INFO: [HLS 200-111] Finished Creating RTL model: CPU user time: 0.59 seconds. CPU system time: 0.03 seconds. Elapsed time: 0.67 seconds; current allocated memory: 511.200 MB.
INFO: [HLS 200-10] ----------------------------------------------------------------
INFO: [HLS 200-10] -- Generating RTL for module 'Block_entry_proc_proc' 
INFO: [HLS 200-10] ----------------------------------------------------------------
INFO: [RTGEN 206-100] Finished creating RTL model for 'Block_entry_proc_proc'.
INFO: [HLS 200-111] Finished Creating RTL model: CPU user time: 0.12 seconds. CPU system time: 0.01 seconds. Elapsed time: 0.17 seconds; current allocated memory: 511.559 MB.
INFO: [HLS 200-10] ----------------------------------------------------------------
INFO: [HLS 200-10] -- Generating RTL for module 'tdf12_accum_3_1' 
INFO: [HLS 200-10] ----------------------------------------------------------------
INFO: [RTGEN 206-100] Generating core module 'hadd_16ns_16ns_16_2_full_dsp_1': 2 instance(s).
INFO: [RTGEN 206-100] Finished creating RTL model for 'tdf12_accum_3_1'.
INFO: [HLS 200-111] Finished Creating RTL model: CPU user time: 0.08 seconds. CPU system time: 0 seconds. Elapsed time: 0.12 seconds; current allocated memory: 511.882 MB.
INFO: [HLS 200-10] ----------------------------------------------------------------
INFO: [HLS 200-10] -- Generating RTL for module 'Block_entry_proc_proc233' 
INFO: [HLS 200-10] ----------------------------------------------------------------
INFO: [RTGEN 206-100] Finished creating RTL model for 'Block_entry_proc_proc233'.
INFO: [HLS 200-111] Finished Creating RTL model: CPU user time: 0.12 seconds. CPU system time: 0.01 seconds. Elapsed time: 0.17 seconds; current allocated memory: 512.242 MB.
INFO: [HLS 200-10] ----------------------------------------------------------------
INFO: [HLS 200-10] -- Generating RTL for module 'tdf12_adjust' 
INFO: [HLS 200-10] ----------------------------------------------------------------
INFO: [RTGEN 206-100] Generating core module 'hadd_16ns_16ns_16_2_full_dsp_1': 1 instance(s).
INFO: [RTGEN 206-100] Generating core module 'hmul_16ns_16ns_16_2_max_dsp_1': 1 instance(s).
INFO: [RTGEN 206-100] Generating core module 'hsub_16ns_16ns_16_2_full_dsp_1': 1 instance(s).
INFO: [RTGEN 206-100] Finished creating RTL model for 'tdf12_adjust'.
INFO: [HLS 200-111] Finished Creating RTL model: CPU user time: 0.1 seconds. CPU system time: 0.01 seconds. Elapsed time: 0.14 seconds; current allocated memory: 512.827 MB.
INFO: [HLS 200-10] ----------------------------------------------------------------
INFO: [HLS 200-10] -- Generating RTL for module 'tdf12_writeOutputs_unaligned' 
INFO: [HLS 200-10] ----------------------------------------------------------------
WARNING: [RTGEN 206-101] Register 'outputCount' is power-on initialization.
WARNING: [RTGEN 206-101] Register 'outputChanIdx' is power-on initialization.
WARNING: [RTGEN 206-101] Register 'outputRow_0' is power-on initialization.
WARNING: [RTGEN 206-101] Register 'outputRow_1' is power-on initialization.
WARNING: [RTGEN 206-101] Register 'outputRow_2' is power-on initialization.
WARNING: [RTGEN 206-101] Register 'outputRow_3' is power-on initialization.
INFO: [RTGEN 206-100] Generating core module 'mul_10s_9ns_16_1_1': 1 instance(s).
INFO: [RTGEN 206-100] Finished creating RTL model for 'tdf12_writeOutputs_unaligned'.
INFO: [HLS 200-111] Finished Creating RTL model: CPU user time: 0.34 seconds. CPU system time: 0.01 seconds. Elapsed time: 0.42 seconds; current allocated memory: 513.946 MB.
INFO: [HLS 200-10] ----------------------------------------------------------------
INFO: [HLS 200-10] -- Generating RTL for module 'dataflow_in_loop_TOP_LOOP' 
INFO: [HLS 200-10] ----------------------------------------------------------------
INFO: [RTGEN 206-100] Finished creating RTL model for 'dataflow_in_loop_TOP_LOOP'.
INFO: [HLS 200-111] Finished Creating RTL model: CPU user time: 2.46 seconds. CPU system time: 0.05 seconds. Elapsed time: 2.57 seconds; current allocated memory: 527.420 MB.
INFO: [HLS 200-10] ----------------------------------------------------------------
INFO: [HLS 200-10] -- Generating RTL for module 'tdf12' 
INFO: [HLS 200-10] ----------------------------------------------------------------
INFO: [RTGEN 206-100] Finished creating RTL model for 'tdf12'.
INFO: [HLS 200-111] Finished Creating RTL model: CPU user time: 3.26 seconds. CPU system time: 0.06 seconds. Elapsed time: 3.41 seconds; current allocated memory: 532.062 MB.
INFO: [HLS 200-10] ----------------------------------------------------------------
INFO: [HLS 200-10] -- Generating RTL for module 'tdf12_top' 
INFO: [HLS 200-10] ----------------------------------------------------------------
INFO: [RTGEN 206-500] Setting interface mode on port 'tdf12_top/dummy_val' to 'ap_none'.
INFO: [RTGEN 206-500] Setting interface mode on port 'tdf12_top/out_data' to 'ap_memory'.
INFO: [RTGEN 206-500] Setting interface mode on function 'tdf12_top' to 'ap_ctrl_hs'.
INFO: [RTGEN 206-100] Finished creating RTL model for 'tdf12_top'.
INFO: [HLS 200-111] Finished Creating RTL model: CPU user time: 1.26 seconds. CPU system time: 0.02 seconds. Elapsed time: 1.33 seconds; current allocated memory: 532.825 MB.
INFO: [RTMG 210-282] Generating pipelined core: 'tdf12_top_mul_10s_9ns_16_1_1_Multiplier_0'
INFO: [HLS 200-741] Implementing PIPO tdf12_top_dataflow_in_loop_TOP_LOOP_ifmap_vec_0_0_0_memcore using a single memory for all blocks
INFO: [RTMG 210-278] Implementing memory 'tdf12_top_dataflow_in_loop_TOP_LOOP_ifmap_vec_0_0_0_memcore_ram (RAM)' using auto RAMs.
INFO: [HLS 200-740] Implementing PIPO tdf12_top_dataflow_in_loop_TOP_LOOP_products_0_0_memcore using a separate memory for each block
INFO: [RTMG 210-278] Implementing memory 'tdf12_top_dataflow_in_loop_TOP_LOOP_products_0_0_memcore_ram (RAM)' using auto RAMs.
INFO: [HLS 200-740] Implementing PIPO tdf12_top_dataflow_in_loop_TOP_LOOP_accum1_out_0_0_memcore using a separate memory for each block
INFO: [RTMG 210-278] Implementing memory 'tdf12_top_dataflow_in_loop_TOP_LOOP_accum1_out_0_0_memcore_ram (RAM)' using auto RAMs.
INFO: [RTMG 210-285] Implementing FIFO 'indices_01_c_U(tdf12_top_fifo_w16_d2_S)' using Shift Registers.
INFO: [RTMG 210-285] Implementing FIFO 'indices_12_c_U(tdf12_top_fifo_w16_d2_S)' using Shift Registers.
INFO: [RTMG 210-285] Implementing FIFO 'indices_23_c_U(tdf12_top_fifo_w9_d2_S)' using Shift Registers.
INFO: [RTMG 210-285] Implementing FIFO 'indices_23_c1_U(tdf12_top_fifo_w9_d8_S)' using Shift Registers.
INFO: [RTMG 210-285] Implementing FIFO 'indices_01_c2_U(tdf12_top_fifo_w4_d8_S)' using Shift Registers.
INFO: [RTMG 210-285] Implementing FIFO 'indices_12_c3_U(tdf12_top_fifo_w8_d8_S)' using Shift Registers.
INFO: [RTMG 210-285] Implementing FIFO 'accum2_out_0_0_U(tdf12_top_fifo_w16_d2_S)' using Shift Registers.
INFO: [RTMG 210-285] Implementing FIFO 'accum2_out_0_1_U(tdf12_top_fifo_w16_d2_S)' using Shift Registers.
INFO: [RTMG 210-285] Implementing FIFO 'accum2_out_0_2_U(tdf12_top_fifo_w16_d2_S)' using Shift Registers.
INFO: [RTMG 210-285] Implementing FIFO 'accum2_out_0_3_U(tdf12_top_fifo_w16_d2_S)' using Shift Registers.
INFO: [RTMG 210-285] Implementing FIFO 'accum2_out_1_0_U(tdf12_top_fifo_w16_d2_S)' using Shift Registers.
INFO: [RTMG 210-285] Implementing FIFO 'accum2_out_1_1_U(tdf12_top_fifo_w16_d2_S)' using Shift Registers.
INFO: [RTMG 210-285] Implementing FIFO 'accum2_out_1_2_U(tdf12_top_fifo_w16_d2_S)' using Shift Registers.
INFO: [RTMG 210-285] Implementing FIFO 'accum2_out_1_3_U(tdf12_top_fifo_w16_d2_S)' using Shift Registers.
INFO: [RTMG 210-285] Implementing FIFO 'tmp_channel_U(tdf12_top_fifo_w16_d2_S)' using Shift Registers.
INFO: [RTMG 210-285] Implementing FIFO 'sums_0_U(tdf12_top_fifo_w16_d2_S)' using Shift Registers.
INFO: [RTMG 210-285] Implementing FIFO 'tmp_81_channel_U(tdf12_top_fifo_w16_d2_S)' using Shift Registers.
INFO: [RTMG 210-285] Implementing FIFO 'sums_1_U(tdf12_top_fifo_w16_d2_S)' using Shift Registers.
INFO: [RTMG 210-285] Implementing FIFO 'outputs_0_U(tdf12_top_fifo_w16_d2_S)' using Shift Registers.
INFO: [RTMG 210-285] Implementing FIFO 'outputs_1_U(tdf12_top_fifo_w16_d2_S)' using Shift Registers.
INFO: [RTMG 210-285] Implementing FIFO 'start_for_tdf12_readFilters_U0_U(tdf12_top_start_for_tdf12_readFilters_U0)' using Shift Registers.
WARNING: [RTMG 210-274] Memory 'tdf12_top_in_data' is read-only, switch it to a ROM.
INFO: [RTMG 210-279] Implementing memory 'tdf12_top_in_data_rom' using ultra ROMs.
INFO: [RTMG 210-278] Implementing memory 'tdf12_top_filter_data_0_ram (RAM_2P_BRAM)' using block RAMs.
WARNING: [RTMG 210-274] Memory 'tdf12_top_filter_data_1' is read-only, switch it to a ROM.
INFO: [RTMG 210-279] Implementing memory 'tdf12_top_filter_data_1_rom' using block ROMs.
INFO: [RTMG 210-278] Implementing memory 'tdf12_top_adjustments_ram (RAM_2P_BRAM)' using block RAMs.
INFO: [HLS 200-741] Implementing PIPO tdf12_top_dataflow_in_loop_TOP_LOOP_ifmap_vec_0_0_0_memcore using a single memory for all blocks
INFO: [HLS 200-740] Implementing PIPO tdf12_top_dataflow_in_loop_TOP_LOOP_products_0_0_memcore using a separate memory for each block
INFO: [HLS 200-740] Implementing PIPO tdf12_top_dataflow_in_loop_TOP_LOOP_accum1_out_0_0_memcore using a separate memory for each block
INFO: [HLS 200-741] Implementing PIPO tdf12_top_dataflow_in_loop_TOP_LOOP_ifmap_vec_0_0_0_memcore using a single memory for all blocks
INFO: [HLS 200-740] Implementing PIPO tdf12_top_dataflow_in_loop_TOP_LOOP_products_0_0_memcore using a separate memory for each block
INFO: [HLS 200-740] Implementing PIPO tdf12_top_dataflow_in_loop_TOP_LOOP_accum1_out_0_0_memcore using a separate memory for each block
INFO: [HLS 200-111] Finished Generating all RTL models: CPU user time: 6.28 seconds. CPU system time: 0.6 seconds. Elapsed time: 9.13 seconds; current allocated memory: 542.733 MB.
INFO: [VHDL 208-304] Generating VHDL RTL for tdf12_top.
INFO: [VLOG 209-307] Generating Verilog RTL for tdf12_top.
INFO: [HLS 200-790] **** Loop Constraint Status: All loop constraints were satisfied.
INFO: [HLS 200-789] **** Estimated Fmax: 148.48 MHz
INFO: [HLS 200-111] Finished Command csynth_design CPU user time: 75.19 seconds. CPU system time: 5.05 seconds. Elapsed time: 86.56 seconds; current allocated memory: 545.919 MB.
INFO: [HLS 200-112] Total CPU user time: 112.76 seconds. Total CPU system time: 8.16 seconds. Total elapsed time: 125.92 seconds; peak allocated memory: 542.733 MB.
INFO: [Common 17-206] Exiting vitis_hls at Wed Mar 17 19:04:27 2021...
