
****** Vitis HLS - High-Level Synthesis from C, C++ and OpenCL v2020.2 (64-bit)
  **** SW Build 3064766 on Wed Nov 18 09:12:47 MST 2020
  **** IP Build 3064653 on Wed Nov 18 14:17:31 MST 2020
    ** Copyright 1986-2020 Xilinx, Inc. All Rights Reserved.

source /usr/local/packages/xilinx_2020/Vitis_HLS/2020.2/scripts/vitis_hls/hls.tcl -notrace
INFO: [HLS 200-10] Running '/usr/local/packages/xilinx_2020/Vitis_HLS/2020.2/bin/unwrapped/lnx64.o/vitis_hls'
INFO: [HLS 200-10] For user 'drauch' on host 'yoshi.ece.utexas.edu' (Linux_x86_64 version 3.10.0-1160.11.1.el7.x86_64) on Wed Mar 17 18:26:16 CDT 2021
INFO: [HLS 200-10] On os "CentOS Linux release 7.9.2009 (Core)"
INFO: [HLS 200-10] In directory '/home/ecelrc/students/drauch/research/scale-cnn/networks/td_fused/layers/tdf12/r1_o4'
Sourcing Tcl script 'tdf12.tcl'
INFO: [HLS 200-1510] Running: open_project -reset tdf12_prj 
INFO: [HLS 200-10] Creating and opening project '/home/ecelrc/students/drauch/research/scale-cnn/networks/td_fused/layers/tdf12/r1_o4/tdf12_prj'.
INFO: [HLS 200-1510] Running: add_files -cflags -I .. -I /home/ecelrc/students/drauch/research/scale-cnn/common -D FAST_COMPILE=0 /home/ecelrc/students/drauch/research/scale-cnn/common/global_defines.h tdf12.cpp 
INFO: [HLS 200-10] Adding design file '/home/ecelrc/students/drauch/research/scale-cnn/common/global_defines.h' to the project
INFO: [HLS 200-10] Adding design file 'tdf12.cpp' to the project
INFO: [HLS 200-1510] Running: add_files -tb -cflags -I .. -I /home/ecelrc/students/drauch/research/scale-cnn/common/test -I /home/ecelrc/students/drauch/research/scale-cnn/common /home/ecelrc/students/drauch/research/scale-cnn/common/test/tb_utils.cpp ../test/golden.cpp ../test/tb_tdf12.cpp 
INFO: [HLS 200-10] Adding test bench file '/home/ecelrc/students/drauch/research/scale-cnn/common/test/tb_utils.cpp' to the project
INFO: [HLS 200-10] Adding test bench file '../test/golden.cpp' to the project
INFO: [HLS 200-10] Adding test bench file '../test/tb_tdf12.cpp' to the project
INFO: [HLS 200-1510] Running: set_top tdf12_top 
INFO: [HLS 200-1510] Running: open_solution -reset solution1 
INFO: [HLS 200-10] Creating and opening solution '/home/ecelrc/students/drauch/research/scale-cnn/networks/td_fused/layers/tdf12/r1_o4/tdf12_prj/solution1'.
INFO: [HLS 200-10] Cleaning up the solution database.
WARNING: [HLS 200-40] No /home/ecelrc/students/drauch/research/scale-cnn/networks/td_fused/layers/tdf12/r1_o4/tdf12_prj/solution1/solution1.aps file found.
INFO: [HLS 200-1505] Using default flow_target 'vivado'
Resolution: For help on HLS 200-1505 see www.xilinx.com/cgi-bin/docs/rdoc?v=2020.2;t=hls+guidance;d=200-1505.html
INFO: [HLS 200-1510] Running: set_part xcvu3p-ffvc1517-3-e 
INFO: [HLS 200-10] Setting target device to 'xcvu3p-ffvc1517-3-e'
INFO: [HLS 200-1510] Running: create_clock -period 10 
INFO: [SYN 201-201] Setting up clock 'default' with a period of 10ns.
INFO: [HLS 200-1510] Running: set_directive_bind_storage -type ram_s2p -impl uram tdf12_top in_data 
INFO: [HLS 200-1510] Running: set_directive_bind_storage -type ram_s2p -impl uram tdf12_top out_data 
INFO: [HLS 200-1510] Running: set_directive_bind_storage -type ram_2p -impl bram tdf12_top filter_data 
INFO: [HLS 200-1510] Running: set_directive_bind_storage -type ram_2p -impl bram tdf12_top adjustments 
INFO: [HLS 200-1510] Running: set_directive_array_reshape -type cyclic -factor 4 tdf12_top in_data -dim 3 
INFO: [HLS 200-1510] Running: set_directive_array_reshape -type cyclic -factor 1 tdf12_top filter_data -dim 4 
INFO: [HLS 200-1510] Running: set_directive_array_reshape -type cyclic -factor 4 tdf12_top out_data -dim 3 
INFO: [HLS 200-1510] Running: set_directive_array_reshape -type cyclic -factor 4 tdf12_top adjustments -dim 2 
INFO: [HLS 200-1510] Running: set_directive_array_partition -type cyclic -factor 4 -dim 1 tdf12_top filter_data 
INFO: [HLS 200-1510] Running: set_directive_array_partition -type cyclic -factor 4 -dim 1 tdf12 weight_vecs 
INFO: [HLS 200-1510] Running: set_directive_array_partition -type cyclic -factor 4 -dim 1 tdf12 products 
INFO: [HLS 200-1510] Running: set_directive_pipeline tdf12_readInputs/IL6 
INFO: [HLS 200-1510] Running: set_directive_unroll -factor 1 tdf12_readInputs/IL6 
INFO: [HLS 200-1510] Running: set_directive_pipeline tdf12_readFilters/FL6 
INFO: [HLS 200-1510] Running: set_directive_unroll -factor 1 tdf12_readFilters/FL6 
INFO: [HLS 200-1510] Running: set_directive_pipeline tdf12_dot_product/DP_OUTER_3 
INFO: [HLS 200-1510] Running: set_directive_unroll -factor 1 tdf12_dot_product/DP_OUTER_3 
INFO: [HLS 200-1510] Running: set_directive_dataflow tdf12/TOP_LOOP 
INFO: [HLS 200-1510] Running: config_op hadd -impl fulldsp -latency 1 
INFO: [HLS 200-1445] Configure operator 'hadd' with implementation style 'fulldsp'.
INFO: [HLS 200-1446] Configure operator 'hadd' with latency 1.
INFO: [HLS 200-1510] Running: config_op hmul -impl maxdsp -latency 1 
INFO: [HLS 200-1445] Configure operator 'hmul' with implementation style 'maxdsp'.
INFO: [HLS 200-1446] Configure operator 'hmul' with latency 1.
INFO: [HLS 200-1510] Running: csim_design -clean 
INFO: [SIM 211-2] *************** CSIM start ***************
INFO: [SIM 211-4] CSIM will launch GCC as the compiler.
   Compiling ../../../../../../../../../common/test/tb_utils.cpp in debug mode
   Compiling ../../../../../test/golden.cpp in debug mode
   Compiling ../../../../../test/tb_tdf12.cpp in debug mode
   Compiling ../../../../tdf12.cpp in debug mode
   Generating csim.exe
In file included from /usr/local/packages/xilinx_2020/Vitis_HLS/2020.2/include/hls_hotbm_apfixed.h:45:0,
                 from /usr/local/packages/xilinx_2020/Vitis_HLS/2020.2/include/hls_math.h:1065,
                 from ../../../../tdf12_conv_stages.h:8,
                 from ../../../../tdf12.cpp:6:
/usr/local/packages/xilinx_2020/Vitis_HLS/2020.2/include/utils/x_hls_utils.h:243:40: warning: ‘hls_preserve’ attribute directive ignored [-Wattributes]
 __attribute__((hls_preserve)) T reg(T d)
                                        ^
Beginning functional validation.
Generating random inputs.
Running synthesized function...
Running golden comparison function...
Comparing expected vs. actual values.
0 out of 196000 points exceeded low error threshold.
125120 out of 196000 points equaled their exact expected values.
Validation successful.
INFO: [SIM 211-1] CSim done with 0 errors.
INFO: [SIM 211-3] *************** CSIM finish ***************
INFO: [HLS 200-111] Finished Command csim_design CPU user time: 32.51 seconds. CPU system time: 1.38 seconds. Elapsed time: 34.19 seconds; current allocated memory: 239.923 MB.
INFO: [HLS 200-1510] Running: config_dataflow -strict_mode off 
INFO: [HLS 200-1510] Running: csynth_design 
INFO: [HLS 200-111] Finished File checks and directory preparation: CPU user time: 0.01 seconds. CPU system time: 0 seconds. Elapsed time: 0.02 seconds; current allocated memory: 240.147 MB.
INFO: [HLS 200-10] Analyzing design file 'tdf12.cpp' ... 
WARNING: [HLS 207-5510] 'Resource pragma' is deprecated, and it will be removed in future release. It is suggested to replace it with 'bind_op/bind_storage pragma'.: /usr/local/packages/xilinx_2020/Vitis_HLS/2020.2/common/technology/autopilot/hls_hotbm_apfixed.h:117:9
WARNING: [HLS 207-5510] 'Resource pragma' is deprecated, and it will be removed in future release. It is suggested to replace it with 'bind_op/bind_storage pragma'.: /usr/local/packages/xilinx_2020/Vitis_HLS/2020.2/common/technology/autopilot/hls_hotbm_apfixed.h:118:9
WARNING: [HLS 207-5510] 'Resource pragma' is deprecated, and it will be removed in future release. It is suggested to replace it with 'bind_op/bind_storage pragma'.: /usr/local/packages/xilinx_2020/Vitis_HLS/2020.2/common/technology/autopilot/hls_hotbm_apfixed.h:119:9
WARNING: [HLS 207-5510] 'Resource pragma' is deprecated, and it will be removed in future release. It is suggested to replace it with 'bind_op/bind_storage pragma'.: /usr/local/packages/xilinx_2020/Vitis_HLS/2020.2/common/technology/autopilot/hls_hotbm_apfixed.h:120:9
WARNING: [HLS 207-5510] 'Resource pragma' is deprecated, and it will be removed in future release. It is suggested to replace it with 'bind_op/bind_storage pragma'.: /usr/local/packages/xilinx_2020/Vitis_HLS/2020.2/common/technology/autopilot/hls_hotbm_apfixed.h:121:9
WARNING: [HLS 207-5510] 'Resource pragma' is deprecated, and it will be removed in future release. It is suggested to replace it with 'bind_op/bind_storage pragma'.: /usr/local/packages/xilinx_2020/Vitis_HLS/2020.2/common/technology/autopilot/hls_hotbm_apfixed.h:151:9
WARNING: [HLS 207-5510] 'Resource pragma' is deprecated, and it will be removed in future release. It is suggested to replace it with 'bind_op/bind_storage pragma'.: /usr/local/packages/xilinx_2020/Vitis_HLS/2020.2/common/technology/autopilot/hls_hotbm_apfixed.h:152:9
WARNING: [HLS 207-5510] 'Resource pragma' is deprecated, and it will be removed in future release. It is suggested to replace it with 'bind_op/bind_storage pragma'.: /usr/local/packages/xilinx_2020/Vitis_HLS/2020.2/common/technology/autopilot/hls_hotbm_apfixed.h:153:9
WARNING: [HLS 207-5510] 'Resource pragma' is deprecated, and it will be removed in future release. It is suggested to replace it with 'bind_op/bind_storage pragma'.: /usr/local/packages/xilinx_2020/Vitis_HLS/2020.2/common/technology/autopilot/hls_hotbm_apfixed.h:154:9
WARNING: [HLS 207-5510] 'Resource pragma' is deprecated, and it will be removed in future release. It is suggested to replace it with 'bind_op/bind_storage pragma'.: /usr/local/packages/xilinx_2020/Vitis_HLS/2020.2/common/technology/autopilot/hls_hotbm_apfixed.h:155:9
WARNING: [HLS 207-5510] 'Resource pragma' is deprecated, and it will be removed in future release. It is suggested to replace it with 'bind_op/bind_storage pragma'.: /usr/local/packages/xilinx_2020/Vitis_HLS/2020.2/common/technology/autopilot/hls_hotbm_apfixed.h:156:9
WARNING: [HLS 207-5510] 'Resource pragma' is deprecated, and it will be removed in future release. It is suggested to replace it with 'bind_op/bind_storage pragma'.: /usr/local/packages/xilinx_2020/Vitis_HLS/2020.2/common/technology/autopilot/hls_hotbm_apfixed.h:157:9
WARNING: [HLS 207-5510] 'Resource pragma' is deprecated, and it will be removed in future release. It is suggested to replace it with 'bind_op/bind_storage pragma'.: /usr/local/packages/xilinx_2020/Vitis_HLS/2020.2/common/technology/autopilot/hls_hotbm_apfixed.h:158:9
WARNING: [HLS 207-5510] 'Resource pragma' is deprecated, and it will be removed in future release. It is suggested to replace it with 'bind_op/bind_storage pragma'.: /usr/local/packages/xilinx_2020/Vitis_HLS/2020.2/common/technology/autopilot/hls_hotbm_apfixed.h:159:9
WARNING: [HLS 207-5510] 'Resource pragma' is deprecated, and it will be removed in future release. It is suggested to replace it with 'bind_op/bind_storage pragma'.: /usr/local/packages/xilinx_2020/Vitis_HLS/2020.2/common/technology/autopilot/hls_hotbm_apfixed.h:160:9
WARNING: [HLS 207-5510] 'Resource pragma' is deprecated, and it will be removed in future release. It is suggested to replace it with 'bind_op/bind_storage pragma'.: /usr/local/packages/xilinx_2020/Vitis_HLS/2020.2/common/technology/autopilot/hls_hotbm_apfixed.h:210:9
WARNING: [HLS 207-5510] 'Resource pragma' is deprecated, and it will be removed in future release. It is suggested to replace it with 'bind_op/bind_storage pragma'.: /usr/local/packages/xilinx_2020/Vitis_HLS/2020.2/common/technology/autopilot/hls_hotbm_apfixed.h:211:9
WARNING: [HLS 207-5510] 'Resource pragma' is deprecated, and it will be removed in future release. It is suggested to replace it with 'bind_op/bind_storage pragma'.: /usr/local/packages/xilinx_2020/Vitis_HLS/2020.2/common/technology/autopilot/hls_hotbm_apfixed.h:212:9
WARNING: [HLS 207-5510] 'Resource pragma' is deprecated, and it will be removed in future release. It is suggested to replace it with 'bind_op/bind_storage pragma'.: /usr/local/packages/xilinx_2020/Vitis_HLS/2020.2/common/technology/autopilot/hls_hotbm_apfixed.h:239:9
WARNING: [HLS 207-5510] 'Resource pragma' is deprecated, and it will be removed in future release. It is suggested to replace it with 'bind_op/bind_storage pragma'.: /usr/local/packages/xilinx_2020/Vitis_HLS/2020.2/common/technology/autopilot/hls_hotbm_apfixed.h:240:9
WARNING: [HLS 207-5510] 'Resource pragma' is deprecated, and it will be removed in future release. It is suggested to replace it with 'bind_op/bind_storage pragma'.: /usr/local/packages/xilinx_2020/Vitis_HLS/2020.2/common/technology/autopilot/hls_hotbm_apfixed.h:241:9
WARNING: [HLS 207-5510] 'Resource pragma' is deprecated, and it will be removed in future release. It is suggested to replace it with 'bind_op/bind_storage pragma'.: /usr/local/packages/xilinx_2020/Vitis_HLS/2020.2/common/technology/autopilot/hls_hotbm_apfixed.h:242:9
WARNING: [HLS 207-5510] 'Resource pragma' is deprecated, and it will be removed in future release. It is suggested to replace it with 'bind_op/bind_storage pragma'.: /usr/local/packages/xilinx_2020/Vitis_HLS/2020.2/common/technology/autopilot/hls_hotbm_apfixed.h:243:9
WARNING: [HLS 207-5510] 'Resource pragma' is deprecated, and it will be removed in future release. It is suggested to replace it with 'bind_op/bind_storage pragma'.: /usr/local/packages/xilinx_2020/Vitis_HLS/2020.2/common/technology/autopilot/hls_hotbm_apfixed.h:244:9
WARNING: [HLS 207-5510] 'Resource pragma' is deprecated, and it will be removed in future release. It is suggested to replace it with 'bind_op/bind_storage pragma'.: /usr/local/packages/xilinx_2020/Vitis_HLS/2020.2/common/technology/autopilot/hls_hotbm_apfixed.h:280:9
WARNING: [HLS 207-5510] 'Resource pragma' is deprecated, and it will be removed in future release. It is suggested to replace it with 'bind_op/bind_storage pragma'.: /usr/local/packages/xilinx_2020/Vitis_HLS/2020.2/common/technology/autopilot/hls_hotbm_apfixed.h:281:9
WARNING: [HLS 207-5301] unused parameter 'k': ./tdf12_conv_stages.h:76:37
INFO: [HLS 200-111] Finished Source Code Analysis and Preprocessing: CPU user time: 32.43 seconds. CPU system time: 2.33 seconds. Elapsed time: 35.07 seconds; current allocated memory: 243.538 MB.
INFO: [HLS 200-777] Using interface defaults for 'Vivado' flow target.
INFO: [HLS 214-131] Inlining function 'tdf12_adjust_value(decimal16, decimal16, decimal16, decimal16)' into 'tdf12_adjust(decimal16*, decimal16*, decimal16 (*) [4], unsigned short)' (./tdf12_conv_stages.h:223:20)
WARNING: [HLS 214-185] The resource pragma (storage) on function argument, in 'call' is unsupported (tdf12.cpp:171:9)
INFO: [HLS 214-186] Unrolling loop 'FL7' (./tdf12_conv_stages.h:50:18) in function 'tdf12_readFilters' completely with a factor of 4 (./tdf12_conv_stages.h:50:18)
INFO: [HLS 214-186] Unrolling loop 'VITIS_LOOP_117_2' (./tdf12_conv_stages.h:117:25) in function 'tdf12_writeOutputs_aligned' completely with a factor of 4 (./tdf12_conv_stages.h:117:25)
INFO: [HLS 214-188] Unrolling loop 'OUTPUT_LOOP' (tdf12.cpp:33:17) in function 'tdf12_accum_1' partially with a factor of 2 (tdf12.cpp:33:17)
INFO: [HLS 214-178] Inlining function 'fp_struct<decimal16>::fp_struct(decimal16)' into 'int generic_signbit<decimal16>(decimal16)' (/wrk/ci/prod/2020.2/rdi_builds/continuous/2020_11_18_3064766/src/shared/hls/clib/hlsmath/include/FloatingPoint/hls_signbit.h:11:0)
INFO: [HLS 214-178] Inlining function 'fp_struct<decimal16>::__signbit() const' into 'int generic_signbit<decimal16>(decimal16)' (/wrk/ci/prod/2020.2/rdi_builds/continuous/2020_11_18_3064766/src/shared/hls/clib/hlsmath/include/FloatingPoint/hls_signbit.h:11:0)
INFO: [HLS 214-178] Inlining function 'int generic_signbit<decimal16>(decimal16)' into 'hls::signbit(decimal16)' (/wrk/ci/prod/2020.2/rdi_builds/continuous/2020_11_18_3064766/src/shared/hls/clib/hlsmath/src/c++/signbithalf.cpp:7:0)
INFO: [HLS 214-178] Inlining function 'hls::signbit(decimal16)' into 'tdf12_adjust(decimal16*, decimal16*, decimal16 (*) [4], unsigned short)' (./tdf12_conv_stages.h:212:0)
INFO: [HLS 214-248] cyclic reshaped array 'out_data' on dimension 3 with 4 (tdf12.cpp:170:139)
INFO: [HLS 200-111] Finished Compiling Optimization and Transform: CPU user time: 6.11 seconds. CPU system time: 0.72 seconds. Elapsed time: 7.22 seconds; current allocated memory: 244.461 MB.
INFO: [HLS 200-111] Finished Checking Pragmas: CPU user time: 0 seconds. CPU system time: 0 seconds. Elapsed time: 0 seconds; current allocated memory: 244.462 MB.
INFO: [HLS 200-10] Starting code transformations ...
INFO: [HLS 200-111] Finished Standard Transforms: CPU user time: 0.27 seconds. CPU system time: 0.03 seconds. Elapsed time: 0.39 seconds; current allocated memory: 265.555 MB.
INFO: [HLS 200-10] Checking synthesizability ...
INFO: [HLS 200-111] Finished Checking Synthesizability: CPU user time: 0.38 seconds. CPU system time: 0.06 seconds. Elapsed time: 0.47 seconds; current allocated memory: 286.809 MB.
INFO: [XFORM 203-502] Unrolling small iteration loop 'DP_OUTER_1' (./tdf12_conv_stages.h:147) in function 'tdf12_dot_product' automatically.
INFO: [XFORM 203-502] Unrolling small iteration loop 'DP_OUTER_2' (./tdf12_conv_stages.h:148) in function 'tdf12_dot_product' automatically.
INFO: [XFORM 203-502] Unrolling all sub-loops inside loop 'DP_OUTER_3' (./tdf12_conv_stages.h:149) in function 'tdf12_dot_product' for pipelining.
INFO: [XFORM 203-502] Unrolling small iteration loop 'FL4' (./tdf12_conv_stages.h:47) in function 'tdf12_readFilters' automatically.
INFO: [XFORM 203-502] Unrolling small iteration loop 'FL5' (./tdf12_conv_stages.h:48) in function 'tdf12_readFilters' automatically.
INFO: [XFORM 203-502] Unrolling all sub-loops inside loop 'ACCUM_LOOP_OUTER' (tdf12.cpp:25) in function 'tdf12_accum_1' for pipelining.
INFO: [HLS 200-489] Unrolling loop 'DP_OUTER_1' (./tdf12_conv_stages.h:147) in function 'tdf12_dot_product' completely with a factor of 1.
INFO: [HLS 200-489] Unrolling loop 'DP_OUTER_2' (./tdf12_conv_stages.h:148) in function 'tdf12_dot_product' completely with a factor of 1.
INFO: [HLS 200-489] Unrolling loop 'DP_INNER' (./tdf12_conv_stages.h:152) in function 'tdf12_dot_product' completely with a factor of 4.
INFO: [HLS 200-489] Unrolling loop 'FL4' (./tdf12_conv_stages.h:47) in function 'tdf12_readFilters' completely with a factor of 1.
INFO: [HLS 200-489] Unrolling loop 'FL5' (./tdf12_conv_stages.h:48) in function 'tdf12_readFilters' completely with a factor of 1.
INFO: [HLS 200-489] Unrolling loop 'ACCUM_LOOP_INNER' (tdf12.cpp:27) in function 'tdf12_accum_1' completely with a factor of 8.
INFO: [XFORM 203-102] Partitioning array 'ifmap_vec.0' in dimension 1 automatically.
INFO: [XFORM 203-102] Partitioning array 'ifmap_vec.0' in dimension 1 automatically.
INFO: [XFORM 203-102] Partitioning array 'ifmap_vec' (tdf12.cpp:124) in dimension 1 automatically.
INFO: [XFORM 203-102] Partitioning array 'ifmap_vec.0' (tdf12.cpp:124) in dimension 1 automatically.
WARNING: [XFORM 203-135] Cannot reshape array 'filter_data' (tdf12.cpp:172): incorrect reshape factor 1.
WARNING: [XFORM 203-135] Cannot reshape array 'filter_data' (tdf12.cpp:172): incorrect reshape factor 1.
INFO: [XFORM 203-131] Reshaping array 'in_data' (tdf12.cpp:171) in dimension 3 with a cyclic factor of 4.
INFO: [XFORM 203-131] Reshaping array 'adjustments' (tdf12.cpp:173) in dimension 2 completely.
INFO: [XFORM 203-501] Unrolling loop 'IL6' (./tdf12_conv_stages.h:25) in function 'tdf12_readInputs' partially with a factor of 4.
INFO: [XFORM 203-101] Partitioning array 'weight_vecs' (tdf12.cpp:125) in dimension 1 completely.
INFO: [XFORM 203-101] Partitioning array 'products' (tdf12.cpp:126) in dimension 1 completely.
INFO: [XFORM 203-101] Partitioning array 'sums' (tdf12.cpp:127) in dimension 1 completely.
INFO: [XFORM 203-101] Partitioning array 'outputs' (tdf12.cpp:128) in dimension 1 completely.
INFO: [XFORM 203-101] Partitioning array 'indices' (tdf12.cpp:131) in dimension 1 completely.
INFO: [XFORM 203-101] Partitioning array 'filter_data' (tdf12.cpp:172) in dimension 1 with a cyclic factor 4.
INFO: [XFORM 203-101] Partitioning array 'psum' (tdf12.cpp:21) in dimension 1 completely.
INFO: [XFORM 203-102] Partitioning array 'weight_vecs.0' in dimension 1 automatically.
INFO: [XFORM 203-102] Partitioning array 'weight_vecs4.0' in dimension 1 automatically.
INFO: [XFORM 203-102] Partitioning array 'weight_vecs5.0' in dimension 1 automatically.
INFO: [XFORM 203-102] Partitioning array 'weight_vecs6.0' in dimension 1 automatically.
INFO: [XFORM 203-102] Partitioning array 'weight_vecs.0' in dimension 1 automatically.
INFO: [XFORM 203-102] Partitioning array 'weight_vecs1.0' in dimension 1 automatically.
INFO: [XFORM 203-102] Partitioning array 'weight_vecs2.0' in dimension 1 automatically.
INFO: [XFORM 203-102] Partitioning array 'weight_vecs3.0' in dimension 1 automatically.
INFO: [XFORM 203-102] Partitioning array 'weight_vecs.0' (tdf12.cpp:125) in dimension 1 automatically.
INFO: [XFORM 203-102] Partitioning array 'weight_vecs.1' (tdf12.cpp:125) in dimension 1 automatically.
INFO: [XFORM 203-102] Partitioning array 'weight_vecs.2' (tdf12.cpp:125) in dimension 1 automatically.
INFO: [XFORM 203-102] Partitioning array 'weight_vecs.3' (tdf12.cpp:125) in dimension 1 automatically.
INFO: [XFORM 203-102] Partitioning array 'weight_vecs.0.0' (tdf12.cpp:125) in dimension 1 automatically.
INFO: [XFORM 203-102] Partitioning array 'weight_vecs.1.0' (tdf12.cpp:125) in dimension 1 automatically.
INFO: [XFORM 203-102] Partitioning array 'weight_vecs.2.0' (tdf12.cpp:125) in dimension 1 automatically.
INFO: [XFORM 203-102] Partitioning array 'weight_vecs.3.0' (tdf12.cpp:125) in dimension 1 automatically.
INFO: [XFORM 203-721] Extract dataflow region from loop TOP_LOOP (tdf12.cpp:121)  of function 'tdf12'.
INFO: [HLS 200-988] Store statement on variable  'sums[0]17' (tdf12.cpp:127) in a dataflow region ( 'dataflow_in_loop_TOP_LOOP' (tdf12.cpp:121:7)) will infer a separate dataflow process. Consider placing this store inside a function.
INFO: [HLS 200-988] Store statement on variable  'sums[1]18' (tdf12.cpp:127) in a dataflow region ( 'dataflow_in_loop_TOP_LOOP' (tdf12.cpp:121:7)) will infer a separate dataflow process. Consider placing this store inside a function.
INFO: [HLS 200-988] Store statement on variable  'sums[2]19' (tdf12.cpp:127) in a dataflow region ( 'dataflow_in_loop_TOP_LOOP' (tdf12.cpp:121:7)) will infer a separate dataflow process. Consider placing this store inside a function.
INFO: [HLS 200-988] Store statement on variable  'sums[3]20' (tdf12.cpp:127) in a dataflow region ( 'dataflow_in_loop_TOP_LOOP' (tdf12.cpp:121:7)) will infer a separate dataflow process. Consider placing this store inside a function.
INFO: [XFORM 203-712] Applying dataflow to function 'dataflow_in_loop_TOP_LOOP' (tdf12.cpp:121:7), detected/extracted 18 process function(s): 
	 'tdf12_get_next_ijk'
	 'tdf12_readInputs'
	 'tdf12_readFilters'
	 'tdf12_dot_product'
	 'tdf12_accum_1'
	 'tdf12_accum_1'
	 'tdf12_accum_1'
	 'tdf12_accum_1'
	 'tdf12_accum_2'
	 'Block_entry_proc_proc'
	 'tdf12_accum_2'
	 'Block_entry_proc_proc51'
	 'tdf12_accum_2'
	 'Block_entry_proc_proc52'
	 'tdf12_accum_2'
	 'Block_entry_proc_proc53'
	 'tdf12_adjust'
	 'tdf12_writeOutputs_aligned'.
INFO: [HLS 200-111] Finished Loop, function and other optimizations: CPU user time: 1.47 seconds. CPU system time: 0.14 seconds. Elapsed time: 1.78 seconds; current allocated memory: 331.031 MB.
WARNING: [ANALYSIS 214-52] Found false inter dependency for variable 'products[3]' (./tdf12_conv_stages.h:139).
WARNING: [ANALYSIS 214-52] Found false inter dependency for variable 'products[0]' (./tdf12_conv_stages.h:139).
WARNING: [ANALYSIS 214-52] Found false inter dependency for variable 'products[2]' (./tdf12_conv_stages.h:139).
WARNING: [ANALYSIS 214-52] Found false inter dependency for variable 'products[1]' (./tdf12_conv_stages.h:139).
WARNING: [ANALYSIS 214-52] Found false intra dependency for variable 'products[3]' (./tdf12_conv_stages.h:139).
WARNING: [ANALYSIS 214-52] Found false intra dependency for variable 'products[0]' (./tdf12_conv_stages.h:139).
WARNING: [ANALYSIS 214-52] Found false intra dependency for variable 'products[2]' (./tdf12_conv_stages.h:139).
WARNING: [ANALYSIS 214-52] Found false intra dependency for variable 'products[1]' (./tdf12_conv_stages.h:139).
WARNING: [ANALYSIS 214-52] Found false inter dependency for variable 'accum_out' (tdf12.cpp:19).
WARNING: [ANALYSIS 214-52] Found false intra dependency for variable 'accum_out' (tdf12.cpp:19).
WARNING: [ANALYSIS 214-52] Found false inter dependency for variable 'accum_out' (tdf12.cpp:19).
WARNING: [ANALYSIS 214-52] Found false intra dependency for variable 'accum_out' (tdf12.cpp:19).
INFO: [HLS 200-472] Inferring partial write operation for 'filter_data[0]' (tdf12.cpp:176:28)
INFO: [HLS 200-472] Inferring partial write operation for 'adjustments' (tdf12.cpp:177:22)
INFO: [HLS 200-472] Inferring partial write operation for 'ifmap_vec[0][0]' (./tdf12_conv_stages.h:33:35)
INFO: [HLS 200-472] Inferring partial write operation for 'weight_vecs[0][0][0]' (./tdf12_conv_stages.h:55:43)
INFO: [HLS 200-472] Inferring partial write operation for 'products[0]' (./tdf12_conv_stages.h:153:32)
INFO: [HLS 200-472] Inferring partial write operation for 'accum_out' (tdf12.cpp:45:15)
INTERNAL-INFO: never seen llvm instruction 'hsub'(535)
WARNING: [HLS 200-1449] Process tdf12_readInputs has both a predecessor and reads an input from its caller (see the GUI dataflow viewer). This may lead to lower throughput. Consider copying this input via a predecessor process.
INFO: [HLS 200-111] Finished Architecture Synthesis: CPU user time: 1.11 seconds. CPU system time: 0.11 seconds. Elapsed time: 1.28 seconds; current allocated memory: 493.855 MB.
INFO: [HLS 200-10] Starting hardware synthesis ...
INFO: [HLS 200-10] Synthesizing 'tdf12_top' ...
WARNING: [SYN 201-103] Legalizing function name 'tdf12_accum_2.1' to 'tdf12_accum_2_1'.
WARNING: [SYN 201-103] Legalizing function name 'tdf12_accum_2.2' to 'tdf12_accum_2_2'.
WARNING: [SYN 201-103] Legalizing function name 'tdf12_accum_2.3' to 'tdf12_accum_2_3'.
INFO: [HLS 200-10] ----------------------------------------------------------------
INFO: [HLS 200-42] -- Implementing module 'tdf12_get_next_ijk' 
INFO: [HLS 200-10] ----------------------------------------------------------------
INFO: [SCHED 204-11] Starting scheduling ...
INFO: [SCHED 204-11] Finished scheduling.
INFO: [HLS 200-111] Finished Scheduling: CPU user time: 0.07 seconds. CPU system time: 0.02 seconds. Elapsed time: 0.12 seconds; current allocated memory: 494.229 MB.
INFO: [BIND 205-100] Starting micro-architecture generation ...
INFO: [BIND 205-101] Performing variable lifetime analysis.
INFO: [BIND 205-101] Exploring resource sharing.
INFO: [BIND 205-101] Binding ...
INFO: [BIND 205-100] Finished micro-architecture generation.
INFO: [HLS 200-111] Finished Binding: CPU user time: 0.04 seconds. CPU system time: 0.01 seconds. Elapsed time: 0.05 seconds; current allocated memory: 494.408 MB.
INFO: [HLS 200-10] ----------------------------------------------------------------
INFO: [HLS 200-42] -- Implementing module 'tdf12_readInputs' 
INFO: [HLS 200-10] ----------------------------------------------------------------
INFO: [SCHED 204-11] Starting scheduling ...
INFO: [SCHED 204-61] Pipelining loop 'IL6'.
WARNING: [HLS 200-885] Unable to schedule 'store' operation ('ifmap_vec_0_0_addr_2_write_ln33', ./tdf12_conv_stages.h:33) of variable 'select_ln33_2', ./tdf12_conv_stages.h:33 on array 'ifmap_vec_0_0' due to limited memory ports. Please consider using a memory core with more ports or partitioning the array 'ifmap_vec_0_0'.
Resolution: For help on HLS 200-885 see www.xilinx.com/cgi-bin/docs/rdoc?v=2020.2;t=hls+guidance;d=200-885.html
INFO: [HLS 200-1470] Pipelining result : Target II = 1, Final II = 2, Depth = 3, loop 'IL6'
INFO: [SCHED 204-11] Finished scheduling.
INFO: [HLS 200-111] Finished Scheduling: CPU user time: 0.12 seconds. CPU system time: 0 seconds. Elapsed time: 0.15 seconds; current allocated memory: 494.635 MB.
INFO: [BIND 205-100] Starting micro-architecture generation ...
INFO: [BIND 205-101] Performing variable lifetime analysis.
INFO: [BIND 205-101] Exploring resource sharing.
INFO: [BIND 205-101] Binding ...
INFO: [BIND 205-100] Finished micro-architecture generation.
INFO: [HLS 200-111] Finished Binding: CPU user time: 0.08 seconds. CPU system time: 0 seconds. Elapsed time: 0.11 seconds; current allocated memory: 494.947 MB.
INFO: [HLS 200-10] ----------------------------------------------------------------
INFO: [HLS 200-42] -- Implementing module 'tdf12_readFilters' 
INFO: [HLS 200-10] ----------------------------------------------------------------
INFO: [SCHED 204-11] Starting scheduling ...
INFO: [SCHED 204-61] Pipelining loop 'FL6'.
INFO: [HLS 200-1470] Pipelining result : Target II = 1, Final II = 1, Depth = 2, loop 'FL6'
INFO: [SCHED 204-11] Finished scheduling.
INFO: [HLS 200-111] Finished Scheduling: CPU user time: 0.13 seconds. CPU system time: 0.01 seconds. Elapsed time: 0.17 seconds; current allocated memory: 495.128 MB.
INFO: [BIND 205-100] Starting micro-architecture generation ...
INFO: [BIND 205-101] Performing variable lifetime analysis.
INFO: [BIND 205-101] Exploring resource sharing.
INFO: [BIND 205-101] Binding ...
INFO: [BIND 205-100] Finished micro-architecture generation.
INFO: [HLS 200-111] Finished Binding: CPU user time: 0.05 seconds. CPU system time: 0 seconds. Elapsed time: 0.08 seconds; current allocated memory: 495.332 MB.
INFO: [HLS 200-10] ----------------------------------------------------------------
INFO: [HLS 200-42] -- Implementing module 'tdf12_dot_product' 
INFO: [HLS 200-10] ----------------------------------------------------------------
INFO: [SCHED 204-11] Starting scheduling ...
INFO: [SCHED 204-61] Pipelining loop 'DP_OUTER_3'.
INFO: [HLS 200-1470] Pipelining result : Target II = 1, Final II = 1, Depth = 3, loop 'DP_OUTER_3'
INFO: [SCHED 204-11] Finished scheduling.
INFO: [HLS 200-111] Finished Scheduling: CPU user time: 0.1 seconds. CPU system time: 0 seconds. Elapsed time: 0.12 seconds; current allocated memory: 495.491 MB.
INFO: [BIND 205-100] Starting micro-architecture generation ...
INFO: [BIND 205-101] Performing variable lifetime analysis.
INFO: [BIND 205-101] Exploring resource sharing.
INFO: [BIND 205-101] Binding ...
INFO: [BIND 205-100] Finished micro-architecture generation.
INFO: [HLS 200-111] Finished Binding: CPU user time: 0.08 seconds. CPU system time: 0.01 seconds. Elapsed time: 0.1 seconds; current allocated memory: 495.713 MB.
INFO: [HLS 200-10] ----------------------------------------------------------------
INFO: [HLS 200-42] -- Implementing module 'tdf12_accum_1' 
INFO: [HLS 200-10] ----------------------------------------------------------------
INFO: [SCHED 204-11] Starting scheduling ...
INFO: [SCHED 204-61] Pipelining loop 'ACCUM_LOOP_OUTER'.
INFO: [HLS 200-1470] Pipelining result : Target II = 4, Final II = 4, Depth = 6, loop 'ACCUM_LOOP_OUTER'
INFO: [SCHED 204-61] Pipelining loop 'OUTPUT_LOOP'.
INFO: [HLS 200-1470] Pipelining result : Target II = 1, Final II = 1, Depth = 1, loop 'OUTPUT_LOOP'
INFO: [SCHED 204-11] Finished scheduling.
INFO: [HLS 200-111] Finished Scheduling: CPU user time: 0.19 seconds. CPU system time: 0 seconds. Elapsed time: 0.23 seconds; current allocated memory: 496.005 MB.
INFO: [BIND 205-100] Starting micro-architecture generation ...
INFO: [BIND 205-101] Performing variable lifetime analysis.
INFO: [BIND 205-101] Exploring resource sharing.
INFO: [BIND 205-101] Binding ...
INFO: [BIND 205-100] Finished micro-architecture generation.
INFO: [HLS 200-111] Finished Binding: CPU user time: 0.14 seconds. CPU system time: 0.01 seconds. Elapsed time: 0.17 seconds; current allocated memory: 496.452 MB.
INFO: [HLS 200-10] ----------------------------------------------------------------
INFO: [HLS 200-42] -- Implementing module 'tdf12_accum_2' 
INFO: [HLS 200-10] ----------------------------------------------------------------
INFO: [SCHED 204-11] Starting scheduling ...
INFO: [SCHED 204-11] Finished scheduling.
INFO: [HLS 200-111] Finished Scheduling: CPU user time: 0.15 seconds. CPU system time: 0 seconds. Elapsed time: 0.18 seconds; current allocated memory: 496.524 MB.
INFO: [BIND 205-100] Starting micro-architecture generation ...
INFO: [BIND 205-101] Performing variable lifetime analysis.
INFO: [BIND 205-101] Exploring resource sharing.
INFO: [BIND 205-101] Binding ...
INFO: [BIND 205-100] Finished micro-architecture generation.
INFO: [HLS 200-111] Finished Binding: CPU user time: 0.05 seconds. CPU system time: 0 seconds. Elapsed time: 0.08 seconds; current allocated memory: 496.618 MB.
INFO: [HLS 200-10] ----------------------------------------------------------------
INFO: [HLS 200-42] -- Implementing module 'Block_entry_proc_proc' 
INFO: [HLS 200-10] ----------------------------------------------------------------
INFO: [SCHED 204-11] Starting scheduling ...
INFO: [SCHED 204-11] Finished scheduling.
INFO: [HLS 200-111] Finished Scheduling: CPU user time: 0.05 seconds. CPU system time: 0.01 seconds. Elapsed time: 0.09 seconds; current allocated memory: 496.648 MB.
INFO: [BIND 205-100] Starting micro-architecture generation ...
INFO: [BIND 205-101] Performing variable lifetime analysis.
INFO: [BIND 205-101] Exploring resource sharing.
INFO: [BIND 205-101] Binding ...
INFO: [BIND 205-100] Finished micro-architecture generation.
INFO: [HLS 200-111] Finished Binding: CPU user time: 0.02 seconds. CPU system time: 0 seconds. Elapsed time: 0.04 seconds; current allocated memory: 496.682 MB.
INFO: [HLS 200-10] ----------------------------------------------------------------
INFO: [HLS 200-42] -- Implementing module 'tdf12_accum_2_1' 
INFO: [HLS 200-10] ----------------------------------------------------------------
INFO: [SCHED 204-11] Starting scheduling ...
INFO: [SCHED 204-11] Finished scheduling.
INFO: [HLS 200-111] Finished Scheduling: CPU user time: 0.04 seconds. CPU system time: 0.01 seconds. Elapsed time: 0.06 seconds; current allocated memory: 496.752 MB.
INFO: [BIND 205-100] Starting micro-architecture generation ...
INFO: [BIND 205-101] Performing variable lifetime analysis.
INFO: [BIND 205-101] Exploring resource sharing.
INFO: [BIND 205-101] Binding ...
INFO: [BIND 205-100] Finished micro-architecture generation.
INFO: [HLS 200-111] Finished Binding: CPU user time: 0.05 seconds. CPU system time: 0 seconds. Elapsed time: 0.08 seconds; current allocated memory: 496.861 MB.
INFO: [HLS 200-10] ----------------------------------------------------------------
INFO: [HLS 200-42] -- Implementing module 'Block_entry_proc_proc51' 
INFO: [HLS 200-10] ----------------------------------------------------------------
INFO: [SCHED 204-11] Starting scheduling ...
INFO: [SCHED 204-11] Finished scheduling.
INFO: [HLS 200-111] Finished Scheduling: CPU user time: 0.05 seconds. CPU system time: 0.01 seconds. Elapsed time: 0.08 seconds; current allocated memory: 496.891 MB.
INFO: [BIND 205-100] Starting micro-architecture generation ...
INFO: [BIND 205-101] Performing variable lifetime analysis.
INFO: [BIND 205-101] Exploring resource sharing.
INFO: [BIND 205-101] Binding ...
INFO: [BIND 205-100] Finished micro-architecture generation.
INFO: [HLS 200-111] Finished Binding: CPU user time: 0.01 seconds. CPU system time: 0.01 seconds. Elapsed time: 0.04 seconds; current allocated memory: 496.925 MB.
INFO: [HLS 200-10] ----------------------------------------------------------------
INFO: [HLS 200-42] -- Implementing module 'tdf12_accum_2_2' 
INFO: [HLS 200-10] ----------------------------------------------------------------
INFO: [SCHED 204-11] Starting scheduling ...
INFO: [SCHED 204-11] Finished scheduling.
INFO: [HLS 200-111] Finished Scheduling: CPU user time: 0.04 seconds. CPU system time: 0 seconds. Elapsed time: 0.07 seconds; current allocated memory: 496.995 MB.
INFO: [BIND 205-100] Starting micro-architecture generation ...
INFO: [BIND 205-101] Performing variable lifetime analysis.
INFO: [BIND 205-101] Exploring resource sharing.
INFO: [BIND 205-101] Binding ...
INFO: [BIND 205-100] Finished micro-architecture generation.
INFO: [HLS 200-111] Finished Binding: CPU user time: 0.05 seconds. CPU system time: 0 seconds. Elapsed time: 0.07 seconds; current allocated memory: 497.088 MB.
INFO: [HLS 200-10] ----------------------------------------------------------------
INFO: [HLS 200-42] -- Implementing module 'Block_entry_proc_proc52' 
INFO: [HLS 200-10] ----------------------------------------------------------------
INFO: [SCHED 204-11] Starting scheduling ...
INFO: [SCHED 204-11] Finished scheduling.
INFO: [HLS 200-111] Finished Scheduling: CPU user time: 0.06 seconds. CPU system time: 0.01 seconds. Elapsed time: 0.08 seconds; current allocated memory: 497.118 MB.
INFO: [BIND 205-100] Starting micro-architecture generation ...
INFO: [BIND 205-101] Performing variable lifetime analysis.
INFO: [BIND 205-101] Exploring resource sharing.
INFO: [BIND 205-101] Binding ...
INFO: [BIND 205-100] Finished micro-architecture generation.
INFO: [HLS 200-111] Finished Binding: CPU user time: 0.03 seconds. CPU system time: 0 seconds. Elapsed time: 0.05 seconds; current allocated memory: 497.152 MB.
INFO: [HLS 200-10] ----------------------------------------------------------------
INFO: [HLS 200-42] -- Implementing module 'tdf12_accum_2_3' 
INFO: [HLS 200-10] ----------------------------------------------------------------
INFO: [SCHED 204-11] Starting scheduling ...
INFO: [SCHED 204-11] Finished scheduling.
INFO: [HLS 200-111] Finished Scheduling: CPU user time: 0.06 seconds. CPU system time: 0 seconds. Elapsed time: 0.08 seconds; current allocated memory: 497.222 MB.
INFO: [BIND 205-100] Starting micro-architecture generation ...
INFO: [BIND 205-101] Performing variable lifetime analysis.
INFO: [BIND 205-101] Exploring resource sharing.
INFO: [BIND 205-101] Binding ...
INFO: [BIND 205-100] Finished micro-architecture generation.
INFO: [HLS 200-111] Finished Binding: CPU user time: 0.06 seconds. CPU system time: 0 seconds. Elapsed time: 0.08 seconds; current allocated memory: 497.315 MB.
INFO: [HLS 200-10] ----------------------------------------------------------------
INFO: [HLS 200-42] -- Implementing module 'Block_entry_proc_proc53' 
INFO: [HLS 200-10] ----------------------------------------------------------------
INFO: [SCHED 204-11] Starting scheduling ...
INFO: [SCHED 204-11] Finished scheduling.
INFO: [HLS 200-111] Finished Scheduling: CPU user time: 0.05 seconds. CPU system time: 0.01 seconds. Elapsed time: 0.08 seconds; current allocated memory: 497.345 MB.
INFO: [BIND 205-100] Starting micro-architecture generation ...
INFO: [BIND 205-101] Performing variable lifetime analysis.
INFO: [BIND 205-101] Exploring resource sharing.
INFO: [BIND 205-101] Binding ...
INFO: [BIND 205-100] Finished micro-architecture generation.
INFO: [HLS 200-111] Finished Binding: CPU user time: 0.02 seconds. CPU system time: 0 seconds. Elapsed time: 0.05 seconds; current allocated memory: 497.394 MB.
INFO: [HLS 200-10] ----------------------------------------------------------------
INFO: [HLS 200-42] -- Implementing module 'tdf12_adjust' 
INFO: [HLS 200-10] ----------------------------------------------------------------
INFO: [SCHED 204-11] Starting scheduling ...
INFO: [SCHED 204-61] Pipelining loop 'ADJUST_LOOP'.
INFO: [HLS 200-1470] Pipelining result : Target II = 1, Final II = 1, Depth = 7, loop 'ADJUST_LOOP'
INFO: [SCHED 204-11] Finished scheduling.
INFO: [HLS 200-111] Finished Scheduling: CPU user time: 0.12 seconds. CPU system time: 0.01 seconds. Elapsed time: 0.16 seconds; current allocated memory: 497.654 MB.
INFO: [BIND 205-100] Starting micro-architecture generation ...
INFO: [BIND 205-101] Performing variable lifetime analysis.
INFO: [BIND 205-101] Exploring resource sharing.
INFO: [BIND 205-101] Binding ...
INFO: [BIND 205-100] Finished micro-architecture generation.
INFO: [HLS 200-111] Finished Binding: CPU user time: 0.15 seconds. CPU system time: 0.01 seconds. Elapsed time: 0.18 seconds; current allocated memory: 498.037 MB.
INFO: [HLS 200-10] ----------------------------------------------------------------
INFO: [HLS 200-42] -- Implementing module 'tdf12_writeOutputs_aligned' 
INFO: [HLS 200-10] ----------------------------------------------------------------
INFO: [SCHED 204-11] Starting scheduling ...
INFO: [HLS 200-486] Changing DSP48 latency (root=mul_ln123) to 3 in order to utilize available DSP registers.
INFO: [SCHED 204-11] Finished scheduling.
INFO: [HLS 200-111] Finished Scheduling: CPU user time: 0.2 seconds. CPU system time: 0.01 seconds. Elapsed time: 0.23 seconds; current allocated memory: 498.154 MB.
INFO: [BIND 205-100] Starting micro-architecture generation ...
INFO: [BIND 205-101] Performing variable lifetime analysis.
INFO: [BIND 205-101] Exploring resource sharing.
INFO: [BIND 205-101] Binding ...
INFO: [BIND 205-100] Finished micro-architecture generation.
INFO: [HLS 200-111] Finished Binding: CPU user time: 0.06 seconds. CPU system time: 0.01 seconds. Elapsed time: 0.09 seconds; current allocated memory: 498.341 MB.
INFO: [HLS 200-10] ----------------------------------------------------------------
INFO: [HLS 200-42] -- Implementing module 'dataflow_in_loop_TOP_LOOP' 
INFO: [HLS 200-10] ----------------------------------------------------------------
INFO: [SCHED 204-11] Starting scheduling ...
INFO: [SCHED 204-11] Finished scheduling.
WARNING: [HLS 200-1019] Consider increasing the depth of PIPO weight_vecs_0_0_0 (from tdf12_readFilters_U0 to tdf12_dot_product_U0) to 3 to improve performance and/or avoid deadlocks.
WARNING: [HLS 200-1019] Consider increasing the depth of PIPO weight_vecs_1_0_0 (from tdf12_readFilters_U0 to tdf12_dot_product_U0) to 3 to improve performance and/or avoid deadlocks.
WARNING: [HLS 200-1019] Consider increasing the depth of PIPO weight_vecs_2_0_0 (from tdf12_readFilters_U0 to tdf12_dot_product_U0) to 3 to improve performance and/or avoid deadlocks.
WARNING: [HLS 200-1019] Consider increasing the depth of PIPO weight_vecs_3_0_0 (from tdf12_readFilters_U0 to tdf12_dot_product_U0) to 3 to improve performance and/or avoid deadlocks.
INFO: [HLS 200-111] Finished Scheduling: CPU user time: 0.13 seconds. CPU system time: 0.01 seconds. Elapsed time: 0.18 seconds; current allocated memory: 498.555 MB.
INFO: [BIND 205-100] Starting micro-architecture generation ...
INFO: [BIND 205-101] Performing variable lifetime analysis.
INFO: [BIND 205-101] Exploring resource sharing.
INFO: [BIND 205-101] Binding ...
INFO: [BIND 205-100] Finished micro-architecture generation.
INFO: [HLS 200-111] Finished Binding: CPU user time: 1.08 seconds. CPU system time: 0.02 seconds. Elapsed time: 1.12 seconds; current allocated memory: 498.933 MB.
INFO: [HLS 200-10] ----------------------------------------------------------------
INFO: [HLS 200-42] -- Implementing module 'tdf12' 
INFO: [HLS 200-10] ----------------------------------------------------------------
INFO: [SCHED 204-11] Starting scheduling ...
INFO: [SCHED 204-11] Finished scheduling.
INFO: [HLS 200-111] Finished Scheduling: CPU user time: 0.51 seconds. CPU system time: 0 seconds. Elapsed time: 0.55 seconds; current allocated memory: 499.007 MB.
INFO: [BIND 205-100] Starting micro-architecture generation ...
INFO: [BIND 205-101] Performing variable lifetime analysis.
INFO: [BIND 205-101] Exploring resource sharing.
INFO: [BIND 205-101] Binding ...
INFO: [BIND 205-100] Finished micro-architecture generation.
INFO: [HLS 200-111] Finished Binding: CPU user time: 0.21 seconds. CPU system time: 0 seconds. Elapsed time: 0.22 seconds; current allocated memory: 499.129 MB.
INFO: [HLS 200-10] ----------------------------------------------------------------
INFO: [HLS 200-42] -- Implementing module 'tdf12_top' 
INFO: [HLS 200-10] ----------------------------------------------------------------
INFO: [SCHED 204-11] Starting scheduling ...
INFO: [SCHED 204-11] Finished scheduling.
INFO: [HLS 200-111] Finished Scheduling: CPU user time: 0.52 seconds. CPU system time: 0.01 seconds. Elapsed time: 0.55 seconds; current allocated memory: 499.205 MB.
INFO: [BIND 205-100] Starting micro-architecture generation ...
INFO: [BIND 205-101] Performing variable lifetime analysis.
INFO: [BIND 205-101] Exploring resource sharing.
WARNING: [BIND 205-102] The specified resource core for memory 'filter_data_0' will be ignored if a simpler one can be used.
WARNING: [BIND 205-102] The specified resource core for memory 'adjustments' will be ignored if a simpler one can be used.
INFO: [BIND 205-101] Binding ...
INFO: [BIND 205-100] Finished micro-architecture generation.
INFO: [HLS 200-111] Finished Binding: CPU user time: 0.22 seconds. CPU system time: 0 seconds. Elapsed time: 0.25 seconds; current allocated memory: 499.335 MB.
INFO: [HLS 200-10] ----------------------------------------------------------------
INFO: [HLS 200-10] -- Generating RTL for module 'tdf12_get_next_ijk' 
INFO: [HLS 200-10] ----------------------------------------------------------------
WARNING: [RTGEN 206-101] Register 'i' is power-on initialization.
WARNING: [RTGEN 206-101] Register 'j' is power-on initialization.
WARNING: [RTGEN 206-101] Register 'k' is power-on initialization.
INFO: [RTGEN 206-100] Finished creating RTL model for 'tdf12_get_next_ijk'.
INFO: [HLS 200-111] Finished Creating RTL model: CPU user time: 0.52 seconds. CPU system time: 0.02 seconds. Elapsed time: 0.57 seconds; current allocated memory: 499.590 MB.
INFO: [HLS 200-10] ----------------------------------------------------------------
INFO: [HLS 200-10] -- Generating RTL for module 'tdf12_readInputs' 
INFO: [HLS 200-10] ----------------------------------------------------------------
INFO: [RTGEN 206-100] Finished creating RTL model for 'tdf12_readInputs'.
INFO: [HLS 200-111] Finished Creating RTL model: CPU user time: 0.16 seconds. CPU system time: 0.01 seconds. Elapsed time: 0.21 seconds; current allocated memory: 500.667 MB.
INFO: [HLS 200-10] ----------------------------------------------------------------
INFO: [HLS 200-10] -- Generating RTL for module 'tdf12_readFilters' 
INFO: [HLS 200-10] ----------------------------------------------------------------
INFO: [RTGEN 206-100] Generating core module 'mux_416_16_1_1': 4 instance(s).
INFO: [RTGEN 206-100] Finished creating RTL model for 'tdf12_readFilters'.
INFO: [HLS 200-111] Finished Creating RTL model: CPU user time: 0.28 seconds. CPU system time: 0.02 seconds. Elapsed time: 0.35 seconds; current allocated memory: 502.116 MB.
INFO: [HLS 200-10] ----------------------------------------------------------------
INFO: [HLS 200-10] -- Generating RTL for module 'tdf12_dot_product' 
INFO: [HLS 200-10] ----------------------------------------------------------------
INFO: [RTGEN 206-100] Generating core module 'hmul_16ns_16ns_16_2_max_dsp_1': 4 instance(s).
INFO: [RTGEN 206-100] Finished creating RTL model for 'tdf12_dot_product'.
INFO: [HLS 200-111] Finished Creating RTL model: CPU user time: 0.14 seconds. CPU system time: 0 seconds. Elapsed time: 0.2 seconds; current allocated memory: 503.183 MB.
INFO: [HLS 200-10] ----------------------------------------------------------------
INFO: [HLS 200-10] -- Generating RTL for module 'tdf12_accum_1' 
INFO: [HLS 200-10] ----------------------------------------------------------------
INFO: [RTGEN 206-100] Generating core module 'hadd_16ns_16ns_16_2_full_dsp_1': 2 instance(s).
INFO: [RTGEN 206-100] Finished creating RTL model for 'tdf12_accum_1'.
INFO: [HLS 200-111] Finished Creating RTL model: CPU user time: 0.23 seconds. CPU system time: 0.01 seconds. Elapsed time: 0.29 seconds; current allocated memory: 504.515 MB.
INFO: [HLS 200-10] ----------------------------------------------------------------
INFO: [HLS 200-10] -- Generating RTL for module 'tdf12_accum_2' 
INFO: [HLS 200-10] ----------------------------------------------------------------
INFO: [RTGEN 206-100] Generating core module 'hadd_16ns_16ns_16_2_full_dsp_1': 1 instance(s).
INFO: [RTGEN 206-100] Finished creating RTL model for 'tdf12_accum_2'.
INFO: [HLS 200-111] Finished Creating RTL model: CPU user time: 0.33 seconds. CPU system time: 0.03 seconds. Elapsed time: 0.41 seconds; current allocated memory: 506.083 MB.
INFO: [HLS 200-10] ----------------------------------------------------------------
INFO: [HLS 200-10] -- Generating RTL for module 'Block_entry_proc_proc' 
INFO: [HLS 200-10] ----------------------------------------------------------------
INFO: [RTGEN 206-100] Finished creating RTL model for 'Block_entry_proc_proc'.
INFO: [HLS 200-111] Finished Creating RTL model: CPU user time: 0.1 seconds. CPU system time: 0.01 seconds. Elapsed time: 0.15 seconds; current allocated memory: 506.544 MB.
INFO: [HLS 200-10] ----------------------------------------------------------------
INFO: [HLS 200-10] -- Generating RTL for module 'tdf12_accum_2_1' 
INFO: [HLS 200-10] ----------------------------------------------------------------
INFO: [RTGEN 206-100] Generating core module 'hadd_16ns_16ns_16_2_full_dsp_1': 1 instance(s).
INFO: [RTGEN 206-100] Finished creating RTL model for 'tdf12_accum_2_1'.
INFO: [HLS 200-111] Finished Creating RTL model: CPU user time: 0.05 seconds. CPU system time: 0.01 seconds. Elapsed time: 0.1 seconds; current allocated memory: 506.828 MB.
INFO: [HLS 200-10] ----------------------------------------------------------------
INFO: [HLS 200-10] -- Generating RTL for module 'Block_entry_proc_proc51' 
INFO: [HLS 200-10] ----------------------------------------------------------------
INFO: [RTGEN 206-100] Finished creating RTL model for 'Block_entry_proc_proc51'.
INFO: [HLS 200-111] Finished Creating RTL model: CPU user time: 0.1 seconds. CPU system time: 0.01 seconds. Elapsed time: 0.14 seconds; current allocated memory: 507.304 MB.
INFO: [HLS 200-10] ----------------------------------------------------------------
INFO: [HLS 200-10] -- Generating RTL for module 'tdf12_accum_2_2' 
INFO: [HLS 200-10] ----------------------------------------------------------------
INFO: [RTGEN 206-100] Generating core module 'hadd_16ns_16ns_16_2_full_dsp_1': 1 instance(s).
INFO: [RTGEN 206-100] Finished creating RTL model for 'tdf12_accum_2_2'.
INFO: [HLS 200-111] Finished Creating RTL model: CPU user time: 0.05 seconds. CPU system time: 0.01 seconds. Elapsed time: 0.09 seconds; current allocated memory: 507.588 MB.
INFO: [HLS 200-10] ----------------------------------------------------------------
INFO: [HLS 200-10] -- Generating RTL for module 'Block_entry_proc_proc52' 
INFO: [HLS 200-10] ----------------------------------------------------------------
INFO: [RTGEN 206-100] Finished creating RTL model for 'Block_entry_proc_proc52'.
INFO: [HLS 200-111] Finished Creating RTL model: CPU user time: 0.11 seconds. CPU system time: 0.01 seconds. Elapsed time: 0.17 seconds; current allocated memory: 508.065 MB.
INFO: [HLS 200-10] ----------------------------------------------------------------
INFO: [HLS 200-10] -- Generating RTL for module 'tdf12_accum_2_3' 
INFO: [HLS 200-10] ----------------------------------------------------------------
INFO: [RTGEN 206-100] Generating core module 'hadd_16ns_16ns_16_2_full_dsp_1': 1 instance(s).
INFO: [RTGEN 206-100] Finished creating RTL model for 'tdf12_accum_2_3'.
INFO: [HLS 200-111] Finished Creating RTL model: CPU user time: 0.06 seconds. CPU system time: 0.01 seconds. Elapsed time: 0.1 seconds; current allocated memory: 508.348 MB.
INFO: [HLS 200-10] ----------------------------------------------------------------
INFO: [HLS 200-10] -- Generating RTL for module 'Block_entry_proc_proc53' 
INFO: [HLS 200-10] ----------------------------------------------------------------
INFO: [RTGEN 206-100] Finished creating RTL model for 'Block_entry_proc_proc53'.
INFO: [HLS 200-111] Finished Creating RTL model: CPU user time: 0.11 seconds. CPU system time: 0.02 seconds. Elapsed time: 0.15 seconds; current allocated memory: 508.779 MB.
INFO: [HLS 200-10] ----------------------------------------------------------------
INFO: [HLS 200-10] -- Generating RTL for module 'tdf12_adjust' 
INFO: [HLS 200-10] ----------------------------------------------------------------
INFO: [RTGEN 206-100] Generating core module 'hadd_16ns_16ns_16_2_full_dsp_1': 1 instance(s).
INFO: [RTGEN 206-100] Generating core module 'hmul_16ns_16ns_16_2_max_dsp_1': 1 instance(s).
INFO: [RTGEN 206-100] Generating core module 'hsub_16ns_16ns_16_2_full_dsp_1': 1 instance(s).
INFO: [RTGEN 206-100] Generating core module 'mux_42_16_1_1': 1 instance(s).
INFO: [RTGEN 206-100] Generating core module 'mux_42_1_1_1': 4 instance(s).
INFO: [RTGEN 206-100] Finished creating RTL model for 'tdf12_adjust'.
INFO: [HLS 200-111] Finished Creating RTL model: CPU user time: 0.1 seconds. CPU system time: 0 seconds. Elapsed time: 0.15 seconds; current allocated memory: 509.642 MB.
INFO: [HLS 200-10] ----------------------------------------------------------------
INFO: [HLS 200-10] -- Generating RTL for module 'tdf12_writeOutputs_aligned' 
INFO: [HLS 200-10] ----------------------------------------------------------------
INFO: [RTGEN 206-100] Generating core module 'mac_muladd_10s_9ns_8ns_16_4_1': 1 instance(s).
INFO: [RTGEN 206-100] Finished creating RTL model for 'tdf12_writeOutputs_aligned'.
INFO: [HLS 200-111] Finished Creating RTL model: CPU user time: 0.39 seconds. CPU system time: 0.03 seconds. Elapsed time: 0.47 seconds; current allocated memory: 511.178 MB.
INFO: [HLS 200-10] ----------------------------------------------------------------
INFO: [HLS 200-10] -- Generating RTL for module 'dataflow_in_loop_TOP_LOOP' 
INFO: [HLS 200-10] ----------------------------------------------------------------
INFO: [RTGEN 206-100] Finished creating RTL model for 'dataflow_in_loop_TOP_LOOP'.
INFO: [HLS 200-111] Finished Creating RTL model: CPU user time: 0.22 seconds. CPU system time: 0.02 seconds. Elapsed time: 0.28 seconds; current allocated memory: 514.333 MB.
INFO: [HLS 200-10] ----------------------------------------------------------------
INFO: [HLS 200-10] -- Generating RTL for module 'tdf12' 
INFO: [HLS 200-10] ----------------------------------------------------------------
INFO: [RTGEN 206-100] Finished creating RTL model for 'tdf12'.
INFO: [HLS 200-111] Finished Creating RTL model: CPU user time: 0.9 seconds. CPU system time: 0.02 seconds. Elapsed time: 0.97 seconds; current allocated memory: 516.258 MB.
INFO: [HLS 200-10] ----------------------------------------------------------------
INFO: [HLS 200-10] -- Generating RTL for module 'tdf12_top' 
INFO: [HLS 200-10] ----------------------------------------------------------------
INFO: [RTGEN 206-500] Setting interface mode on port 'tdf12_top/dummy_val' to 'ap_none'.
INFO: [RTGEN 206-500] Setting interface mode on port 'tdf12_top/out_data' to 'ap_memory'.
INFO: [RTGEN 206-500] Setting interface mode on function 'tdf12_top' to 'ap_ctrl_hs'.
INFO: [RTGEN 206-100] Finished creating RTL model for 'tdf12_top'.
INFO: [HLS 200-111] Finished Creating RTL model: CPU user time: 0.55 seconds. CPU system time: 0.01 seconds. Elapsed time: 0.62 seconds; current allocated memory: 517.115 MB.
INFO: [HLS 200-740] Implementing PIPO tdf12_top_dataflow_in_loop_TOP_LOOP_ifmap_vec_0_0_memcore using a separate memory for each block
INFO: [RTMG 210-278] Implementing memory 'tdf12_top_dataflow_in_loop_TOP_LOOP_ifmap_vec_0_0_memcore_ram (RAM)' using auto RAMs.
INFO: [HLS 200-741] Implementing PIPO tdf12_top_dataflow_in_loop_TOP_LOOP_weight_vecs_0_0_0_memcore using a single memory for all blocks
INFO: [RTMG 210-278] Implementing memory 'tdf12_top_dataflow_in_loop_TOP_LOOP_weight_vecs_0_0_0_memcore_ram (RAM)' using auto RAMs.
INFO: [HLS 200-740] Implementing PIPO tdf12_top_dataflow_in_loop_TOP_LOOP_products_0_memcore using a separate memory for each block
INFO: [RTMG 210-278] Implementing memory 'tdf12_top_dataflow_in_loop_TOP_LOOP_products_0_memcore_ram (RAM)' using auto RAMs.
INFO: [HLS 200-740] Implementing PIPO tdf12_top_dataflow_in_loop_TOP_LOOP_accum1_out_0_memcore using a separate memory for each block
INFO: [RTMG 210-278] Implementing memory 'tdf12_top_dataflow_in_loop_TOP_LOOP_accum1_out_0_memcore_ram (RAM)' using auto RAMs.
INFO: [RTMG 210-285] Implementing FIFO 'indices_01_c_U(tdf12_top_fifo_w16_d2_S)' using Shift Registers.
INFO: [RTMG 210-285] Implementing FIFO 'indices_12_c_U(tdf12_top_fifo_w16_d2_S)' using Shift Registers.
INFO: [RTMG 210-285] Implementing FIFO 'indices_23_c1_U(tdf12_top_fifo_w8_d7_S)' using Shift Registers.
INFO: [RTMG 210-285] Implementing FIFO 'indices_01_c2_U(tdf12_top_fifo_w4_d7_S)' using Shift Registers.
INFO: [RTMG 210-285] Implementing FIFO 'indices_12_c3_U(tdf12_top_fifo_w8_d7_S)' using Shift Registers.
INFO: [RTMG 210-285] Implementing FIFO 'tmp_channel_U(tdf12_top_fifo_w16_d2_S)' using Shift Registers.
INFO: [RTMG 210-285] Implementing FIFO 'sums_0_U(tdf12_top_fifo_w16_d2_S)' using Shift Registers.
INFO: [RTMG 210-285] Implementing FIFO 'tmp_10_channel_U(tdf12_top_fifo_w16_d2_S)' using Shift Registers.
INFO: [RTMG 210-285] Implementing FIFO 'sums_1_U(tdf12_top_fifo_w16_d2_S)' using Shift Registers.
INFO: [RTMG 210-285] Implementing FIFO 'tmp_11_channel_U(tdf12_top_fifo_w16_d2_S)' using Shift Registers.
INFO: [RTMG 210-285] Implementing FIFO 'sums_2_U(tdf12_top_fifo_w16_d2_S)' using Shift Registers.
INFO: [RTMG 210-285] Implementing FIFO 'tmp_12_channel_U(tdf12_top_fifo_w16_d2_S)' using Shift Registers.
INFO: [RTMG 210-285] Implementing FIFO 'sums_3_U(tdf12_top_fifo_w16_d2_S)' using Shift Registers.
INFO: [RTMG 210-285] Implementing FIFO 'indices_23_c4_U(tdf12_top_fifo_w8_d2_S)' using Shift Registers.
INFO: [RTMG 210-285] Implementing FIFO 'outputs_0_U(tdf12_top_fifo_w16_d2_S)' using Shift Registers.
INFO: [RTMG 210-285] Implementing FIFO 'outputs_1_U(tdf12_top_fifo_w16_d2_S)' using Shift Registers.
INFO: [RTMG 210-285] Implementing FIFO 'outputs_2_U(tdf12_top_fifo_w16_d2_S)' using Shift Registers.
INFO: [RTMG 210-285] Implementing FIFO 'outputs_3_U(tdf12_top_fifo_w16_d2_S)' using Shift Registers.
WARNING: [RTMG 210-274] Memory 'tdf12_top_in_data' is read-only, switch it to a ROM.
INFO: [RTMG 210-279] Implementing memory 'tdf12_top_in_data_rom' using ultra ROMs.
INFO: [RTMG 210-278] Implementing memory 'tdf12_top_filter_data_0_ram (RAM_2P_BRAM)' using block RAMs.
WARNING: [RTMG 210-274] Memory 'tdf12_top_filter_data_1' is read-only, switch it to a ROM.
INFO: [RTMG 210-279] Implementing memory 'tdf12_top_filter_data_1_rom' using block ROMs.
INFO: [RTMG 210-278] Implementing memory 'tdf12_top_adjustments_ram (RAM_2P_BRAM)' using block RAMs.
INFO: [HLS 200-740] Implementing PIPO tdf12_top_dataflow_in_loop_TOP_LOOP_ifmap_vec_0_0_memcore using a separate memory for each block
INFO: [HLS 200-741] Implementing PIPO tdf12_top_dataflow_in_loop_TOP_LOOP_weight_vecs_0_0_0_memcore using a single memory for all blocks
INFO: [HLS 200-740] Implementing PIPO tdf12_top_dataflow_in_loop_TOP_LOOP_products_0_memcore using a separate memory for each block
INFO: [HLS 200-740] Implementing PIPO tdf12_top_dataflow_in_loop_TOP_LOOP_accum1_out_0_memcore using a separate memory for each block
INFO: [HLS 200-740] Implementing PIPO tdf12_top_dataflow_in_loop_TOP_LOOP_ifmap_vec_0_0_memcore using a separate memory for each block
INFO: [HLS 200-741] Implementing PIPO tdf12_top_dataflow_in_loop_TOP_LOOP_weight_vecs_0_0_0_memcore using a single memory for all blocks
INFO: [HLS 200-740] Implementing PIPO tdf12_top_dataflow_in_loop_TOP_LOOP_products_0_memcore using a separate memory for each block
INFO: [HLS 200-740] Implementing PIPO tdf12_top_dataflow_in_loop_TOP_LOOP_accum1_out_0_memcore using a separate memory for each block
INFO: [HLS 200-111] Finished Generating all RTL models: CPU user time: 4.43 seconds. CPU system time: 0.66 seconds. Elapsed time: 7.74 seconds; current allocated memory: 526.637 MB.
INFO: [VHDL 208-304] Generating VHDL RTL for tdf12_top.
INFO: [VLOG 209-307] Generating Verilog RTL for tdf12_top.
INFO: [HLS 200-790] **** Loop Constraint Status: All loop constraints were satisfied.
INFO: [HLS 200-789] **** Estimated Fmax: 148.48 MHz
INFO: [HLS 200-111] Finished Command csynth_design CPU user time: 56.14 seconds. CPU system time: 4.5 seconds. Elapsed time: 66.15 seconds; current allocated memory: 528.288 MB.
INFO: [HLS 200-112] Total CPU user time: 93.29 seconds. Total CPU system time: 7.6 seconds. Total elapsed time: 105.14 seconds; peak allocated memory: 526.637 MB.
INFO: [Common 17-206] Exiting vitis_hls at Wed Mar 17 18:28:01 2021...
