
****** Vitis HLS - High-Level Synthesis from C, C++ and OpenCL v2020.2 (64-bit)
  **** SW Build 3064766 on Wed Nov 18 09:12:47 MST 2020
  **** IP Build 3064653 on Wed Nov 18 14:17:31 MST 2020
    ** Copyright 1986-2020 Xilinx, Inc. All Rights Reserved.

source /usr/local/packages/xilinx_2020/Vitis_HLS/2020.2/scripts/vitis_hls/hls.tcl -notrace
INFO: [HLS 200-10] Running '/usr/local/packages/xilinx_2020/Vitis_HLS/2020.2/bin/unwrapped/lnx64.o/vitis_hls'
INFO: [HLS 200-10] For user 'drauch' on host 'kamek.ece.utexas.edu' (Linux_x86_64 version 3.10.0-1160.6.1.el7.x86_64) on Tue Apr 20 12:06:25 CDT 2021
INFO: [HLS 200-10] On os "CentOS Linux release 7.9.2009 (Core)"
INFO: [HLS 200-10] In directory '/home/ecelrc/students/drauch/research/scale-cnn/networks/vtr/layers/tdf8/r16_o1'
Sourcing Tcl script 'tdf8.tcl'
INFO: [HLS 200-1510] Running: open_project -reset tdf8_prj 
INFO: [HLS 200-10] Creating and opening project '/home/ecelrc/students/drauch/research/scale-cnn/networks/vtr/layers/tdf8/r16_o1/tdf8_prj'.
INFO: [HLS 200-1510] Running: add_files -cflags -I .. -I /home/ecelrc/students/drauch/research/scale-cnn/common -D FAST_COMPILE=0 /home/ecelrc/students/drauch/research/scale-cnn/common/global_defines.h tdf8.cpp 
INFO: [HLS 200-10] Adding design file '/home/ecelrc/students/drauch/research/scale-cnn/common/global_defines.h' to the project
INFO: [HLS 200-10] Adding design file 'tdf8.cpp' to the project
INFO: [HLS 200-1510] Running: add_files -tb -cflags -I .. -I /home/ecelrc/students/drauch/research/scale-cnn/common/test -I /home/ecelrc/students/drauch/research/scale-cnn/common /home/ecelrc/students/drauch/research/scale-cnn/common/test/tb_utils.cpp ../test/golden.cpp ../test/tb_tdf8.cpp 
INFO: [HLS 200-10] Adding test bench file '/home/ecelrc/students/drauch/research/scale-cnn/common/test/tb_utils.cpp' to the project
INFO: [HLS 200-10] Adding test bench file '../test/golden.cpp' to the project
INFO: [HLS 200-10] Adding test bench file '../test/tb_tdf8.cpp' to the project
INFO: [HLS 200-1510] Running: set_top tdf8_top 
INFO: [HLS 200-1510] Running: open_solution -reset solution1 
INFO: [HLS 200-10] Creating and opening solution '/home/ecelrc/students/drauch/research/scale-cnn/networks/vtr/layers/tdf8/r16_o1/tdf8_prj/solution1'.
INFO: [HLS 200-10] Cleaning up the solution database.
WARNING: [HLS 200-40] No /home/ecelrc/students/drauch/research/scale-cnn/networks/vtr/layers/tdf8/r16_o1/tdf8_prj/solution1/solution1.aps file found.
INFO: [HLS 200-1505] Using default flow_target 'vivado'
Resolution: For help on HLS 200-1505 see www.xilinx.com/cgi-bin/docs/rdoc?v=2020.2;t=hls+guidance;d=200-1505.html
INFO: [HLS 200-1510] Running: set_part xcvu3p-ffvc1517-3-e 
INFO: [HLS 200-10] Setting target device to 'xcvu3p-ffvc1517-3-e'
INFO: [HLS 200-1510] Running: create_clock -period 3 
INFO: [SYN 201-201] Setting up clock 'default' with a period of 3ns.
INFO: [HLS 200-1510] Running: set_directive_bind_storage -type ram_s2p -impl uram tdf8_top in_data 
INFO: [HLS 200-1510] Running: set_directive_bind_storage -type ram_s2p -impl uram tdf8_top out_data 
INFO: [HLS 200-1510] Running: set_directive_bind_storage -type ram_2p -impl bram tdf8_top filter_data 
INFO: [HLS 200-1510] Running: set_directive_bind_storage -type ram_2p -impl bram tdf8_top adjustments 
INFO: [HLS 200-1510] Running: set_directive_array_reshape -type cyclic -factor 16 tdf8_top in_data -dim 3 
INFO: [HLS 200-1510] Running: set_directive_array_reshape -type cyclic -factor 16 tdf8_top filter_data -dim 4 
INFO: [HLS 200-1510] Running: set_directive_array_reshape -type cyclic -factor 4 tdf8_top out_data -dim 3 
INFO: [HLS 200-1510] Running: set_directive_array_reshape -type cyclic -factor 4 tdf8_top adjustments -dim 2 
INFO: [HLS 200-1510] Running: set_directive_array_partition -type cyclic -factor 16 -dim 3 tdf8 ifmap_vec 
INFO: [HLS 200-1510] Running: set_directive_array_partition -type cyclic -factor 16 -dim 4 tdf8 weight_vecs 
INFO: [HLS 200-1510] Running: set_directive_array_partition -type cyclic -factor 16 -dim 2 tdf8 products 
INFO: [HLS 200-1510] Running: set_directive_pipeline tdf8_readInputs/IL6 
INFO: [HLS 200-1510] Running: set_directive_unroll -factor 16 tdf8_readInputs/IL6 
INFO: [HLS 200-1510] Running: set_directive_pipeline tdf8_readFilters/FL6 
INFO: [HLS 200-1510] Running: set_directive_unroll -factor 16 tdf8_readFilters/FL6 
INFO: [HLS 200-1510] Running: set_directive_pipeline tdf8_dot_product/DP_OUTER_3 
INFO: [HLS 200-1510] Running: set_directive_unroll -factor 16 tdf8_dot_product/DP_OUTER_3 
INFO: [HLS 200-1510] Running: set_directive_dataflow tdf8/TOP_LOOP 
INFO: [HLS 200-1510] Running: config_op hadd -impl fulldsp -latency 7 
INFO: [HLS 200-1445] Configure operator 'hadd' with implementation style 'fulldsp'.
INFO: [HLS 200-1446] Configure operator 'hadd' with latency 7.
INFO: [HLS 200-1510] Running: config_op hmul -impl maxdsp -latency 4 
INFO: [HLS 200-1445] Configure operator 'hmul' with implementation style 'maxdsp'.
INFO: [HLS 200-1446] Configure operator 'hmul' with latency 4.
INFO: [HLS 200-1510] Running: config_dataflow -strict_mode off 
INFO: [HLS 200-1510] Running: csynth_design 
INFO: [HLS 200-111] Finished File checks and directory preparation: CPU user time: 0.01 seconds. CPU system time: 0.05 seconds. Elapsed time: 0.3 seconds; current allocated memory: 239.565 MB.
INFO: [HLS 200-10] Analyzing design file 'tdf8.cpp' ... 
WARNING: [HLS 207-5510] 'Resource pragma' is deprecated, and it will be removed in future release. It is suggested to replace it with 'bind_op/bind_storage pragma'.: /usr/local/packages/xilinx_2020/Vitis_HLS/2020.2/common/technology/autopilot/hls_hotbm_apfixed.h:117:9
WARNING: [HLS 207-5510] 'Resource pragma' is deprecated, and it will be removed in future release. It is suggested to replace it with 'bind_op/bind_storage pragma'.: /usr/local/packages/xilinx_2020/Vitis_HLS/2020.2/common/technology/autopilot/hls_hotbm_apfixed.h:118:9
WARNING: [HLS 207-5510] 'Resource pragma' is deprecated, and it will be removed in future release. It is suggested to replace it with 'bind_op/bind_storage pragma'.: /usr/local/packages/xilinx_2020/Vitis_HLS/2020.2/common/technology/autopilot/hls_hotbm_apfixed.h:119:9
WARNING: [HLS 207-5510] 'Resource pragma' is deprecated, and it will be removed in future release. It is suggested to replace it with 'bind_op/bind_storage pragma'.: /usr/local/packages/xilinx_2020/Vitis_HLS/2020.2/common/technology/autopilot/hls_hotbm_apfixed.h:120:9
WARNING: [HLS 207-5510] 'Resource pragma' is deprecated, and it will be removed in future release. It is suggested to replace it with 'bind_op/bind_storage pragma'.: /usr/local/packages/xilinx_2020/Vitis_HLS/2020.2/common/technology/autopilot/hls_hotbm_apfixed.h:121:9
WARNING: [HLS 207-5510] 'Resource pragma' is deprecated, and it will be removed in future release. It is suggested to replace it with 'bind_op/bind_storage pragma'.: /usr/local/packages/xilinx_2020/Vitis_HLS/2020.2/common/technology/autopilot/hls_hotbm_apfixed.h:151:9
WARNING: [HLS 207-5510] 'Resource pragma' is deprecated, and it will be removed in future release. It is suggested to replace it with 'bind_op/bind_storage pragma'.: /usr/local/packages/xilinx_2020/Vitis_HLS/2020.2/common/technology/autopilot/hls_hotbm_apfixed.h:152:9
WARNING: [HLS 207-5510] 'Resource pragma' is deprecated, and it will be removed in future release. It is suggested to replace it with 'bind_op/bind_storage pragma'.: /usr/local/packages/xilinx_2020/Vitis_HLS/2020.2/common/technology/autopilot/hls_hotbm_apfixed.h:153:9
WARNING: [HLS 207-5510] 'Resource pragma' is deprecated, and it will be removed in future release. It is suggested to replace it with 'bind_op/bind_storage pragma'.: /usr/local/packages/xilinx_2020/Vitis_HLS/2020.2/common/technology/autopilot/hls_hotbm_apfixed.h:154:9
WARNING: [HLS 207-5510] 'Resource pragma' is deprecated, and it will be removed in future release. It is suggested to replace it with 'bind_op/bind_storage pragma'.: /usr/local/packages/xilinx_2020/Vitis_HLS/2020.2/common/technology/autopilot/hls_hotbm_apfixed.h:155:9
WARNING: [HLS 207-5510] 'Resource pragma' is deprecated, and it will be removed in future release. It is suggested to replace it with 'bind_op/bind_storage pragma'.: /usr/local/packages/xilinx_2020/Vitis_HLS/2020.2/common/technology/autopilot/hls_hotbm_apfixed.h:156:9
WARNING: [HLS 207-5510] 'Resource pragma' is deprecated, and it will be removed in future release. It is suggested to replace it with 'bind_op/bind_storage pragma'.: /usr/local/packages/xilinx_2020/Vitis_HLS/2020.2/common/technology/autopilot/hls_hotbm_apfixed.h:157:9
WARNING: [HLS 207-5510] 'Resource pragma' is deprecated, and it will be removed in future release. It is suggested to replace it with 'bind_op/bind_storage pragma'.: /usr/local/packages/xilinx_2020/Vitis_HLS/2020.2/common/technology/autopilot/hls_hotbm_apfixed.h:158:9
WARNING: [HLS 207-5510] 'Resource pragma' is deprecated, and it will be removed in future release. It is suggested to replace it with 'bind_op/bind_storage pragma'.: /usr/local/packages/xilinx_2020/Vitis_HLS/2020.2/common/technology/autopilot/hls_hotbm_apfixed.h:159:9
WARNING: [HLS 207-5510] 'Resource pragma' is deprecated, and it will be removed in future release. It is suggested to replace it with 'bind_op/bind_storage pragma'.: /usr/local/packages/xilinx_2020/Vitis_HLS/2020.2/common/technology/autopilot/hls_hotbm_apfixed.h:160:9
WARNING: [HLS 207-5510] 'Resource pragma' is deprecated, and it will be removed in future release. It is suggested to replace it with 'bind_op/bind_storage pragma'.: /usr/local/packages/xilinx_2020/Vitis_HLS/2020.2/common/technology/autopilot/hls_hotbm_apfixed.h:210:9
WARNING: [HLS 207-5510] 'Resource pragma' is deprecated, and it will be removed in future release. It is suggested to replace it with 'bind_op/bind_storage pragma'.: /usr/local/packages/xilinx_2020/Vitis_HLS/2020.2/common/technology/autopilot/hls_hotbm_apfixed.h:211:9
WARNING: [HLS 207-5510] 'Resource pragma' is deprecated, and it will be removed in future release. It is suggested to replace it with 'bind_op/bind_storage pragma'.: /usr/local/packages/xilinx_2020/Vitis_HLS/2020.2/common/technology/autopilot/hls_hotbm_apfixed.h:212:9
WARNING: [HLS 207-5510] 'Resource pragma' is deprecated, and it will be removed in future release. It is suggested to replace it with 'bind_op/bind_storage pragma'.: /usr/local/packages/xilinx_2020/Vitis_HLS/2020.2/common/technology/autopilot/hls_hotbm_apfixed.h:239:9
WARNING: [HLS 207-5510] 'Resource pragma' is deprecated, and it will be removed in future release. It is suggested to replace it with 'bind_op/bind_storage pragma'.: /usr/local/packages/xilinx_2020/Vitis_HLS/2020.2/common/technology/autopilot/hls_hotbm_apfixed.h:240:9
WARNING: [HLS 207-5510] 'Resource pragma' is deprecated, and it will be removed in future release. It is suggested to replace it with 'bind_op/bind_storage pragma'.: /usr/local/packages/xilinx_2020/Vitis_HLS/2020.2/common/technology/autopilot/hls_hotbm_apfixed.h:241:9
WARNING: [HLS 207-5510] 'Resource pragma' is deprecated, and it will be removed in future release. It is suggested to replace it with 'bind_op/bind_storage pragma'.: /usr/local/packages/xilinx_2020/Vitis_HLS/2020.2/common/technology/autopilot/hls_hotbm_apfixed.h:242:9
WARNING: [HLS 207-5510] 'Resource pragma' is deprecated, and it will be removed in future release. It is suggested to replace it with 'bind_op/bind_storage pragma'.: /usr/local/packages/xilinx_2020/Vitis_HLS/2020.2/common/technology/autopilot/hls_hotbm_apfixed.h:243:9
WARNING: [HLS 207-5510] 'Resource pragma' is deprecated, and it will be removed in future release. It is suggested to replace it with 'bind_op/bind_storage pragma'.: /usr/local/packages/xilinx_2020/Vitis_HLS/2020.2/common/technology/autopilot/hls_hotbm_apfixed.h:244:9
WARNING: [HLS 207-5510] 'Resource pragma' is deprecated, and it will be removed in future release. It is suggested to replace it with 'bind_op/bind_storage pragma'.: /usr/local/packages/xilinx_2020/Vitis_HLS/2020.2/common/technology/autopilot/hls_hotbm_apfixed.h:280:9
WARNING: [HLS 207-5510] 'Resource pragma' is deprecated, and it will be removed in future release. It is suggested to replace it with 'bind_op/bind_storage pragma'.: /usr/local/packages/xilinx_2020/Vitis_HLS/2020.2/common/technology/autopilot/hls_hotbm_apfixed.h:281:9
WARNING: [HLS 207-5301] unused parameter 'k': ./tdf8_conv_stages.h:76:37
INFO: [HLS 200-111] Finished Source Code Analysis and Preprocessing: CPU user time: 48.81 seconds. CPU system time: 3.27 seconds. Elapsed time: 200.87 seconds; current allocated memory: 242.942 MB.
INFO: [HLS 200-777] Using interface defaults for 'Vivado' flow target.
INFO: [HLS 214-131] Inlining function 'tdf8_adjust_value(decimal16, decimal16, decimal16, decimal16)' into 'tdf8_adjust(decimal16*, decimal16*, decimal16 (*) [4], unsigned short)' (./tdf8_conv_stages.h:223:20)
WARNING: [HLS 214-185] The resource pragma (storage) on function argument, in 'call' is unsupported (tdf8.cpp:345:9)
INFO: [HLS 214-188] Unrolling loop 'IL6' (./tdf8_conv_stages.h:25:15) in function 'tdf8_readInputs' partially with a factor of 16 (./tdf8_conv_stages.h:25:15)
INFO: [HLS 214-188] Unrolling loop 'FL6' (./tdf8_conv_stages.h:49:15) in function 'tdf8_readFilters' partially with a factor of 16 (./tdf8_conv_stages.h:49:15)
INFO: [HLS 214-186] Unrolling loop 'FL7' (./tdf8_conv_stages.h:50:18) in function 'tdf8_readFilters' completely with a factor of 1 (./tdf8_conv_stages.h:50:18)
INFO: [HLS 214-186] Unrolling loop 'FL7' (./tdf8_conv_stages.h:50:18) in function 'tdf8_readFilters' completely with a factor of 1 (./tdf8_conv_stages.h:50:18)
INFO: [HLS 214-186] Unrolling loop 'FL7' (./tdf8_conv_stages.h:50:18) in function 'tdf8_readFilters' completely with a factor of 1 (./tdf8_conv_stages.h:50:18)
INFO: [HLS 214-186] Unrolling loop 'FL7' (./tdf8_conv_stages.h:50:18) in function 'tdf8_readFilters' completely with a factor of 1 (./tdf8_conv_stages.h:50:18)
INFO: [HLS 214-186] Unrolling loop 'FL7' (./tdf8_conv_stages.h:50:18) in function 'tdf8_readFilters' completely with a factor of 1 (./tdf8_conv_stages.h:50:18)
INFO: [HLS 214-186] Unrolling loop 'FL7' (./tdf8_conv_stages.h:50:18) in function 'tdf8_readFilters' completely with a factor of 1 (./tdf8_conv_stages.h:50:18)
INFO: [HLS 214-186] Unrolling loop 'FL7' (./tdf8_conv_stages.h:50:18) in function 'tdf8_readFilters' completely with a factor of 1 (./tdf8_conv_stages.h:50:18)
INFO: [HLS 214-186] Unrolling loop 'FL7' (./tdf8_conv_stages.h:50:18) in function 'tdf8_readFilters' completely with a factor of 1 (./tdf8_conv_stages.h:50:18)
INFO: [HLS 214-186] Unrolling loop 'FL7' (./tdf8_conv_stages.h:50:18) in function 'tdf8_readFilters' completely with a factor of 1 (./tdf8_conv_stages.h:50:18)
INFO: [HLS 214-186] Unrolling loop 'FL7' (./tdf8_conv_stages.h:50:18) in function 'tdf8_readFilters' completely with a factor of 1 (./tdf8_conv_stages.h:50:18)
INFO: [HLS 214-186] Unrolling loop 'FL7' (./tdf8_conv_stages.h:50:18) in function 'tdf8_readFilters' completely with a factor of 1 (./tdf8_conv_stages.h:50:18)
INFO: [HLS 214-186] Unrolling loop 'FL7' (./tdf8_conv_stages.h:50:18) in function 'tdf8_readFilters' completely with a factor of 1 (./tdf8_conv_stages.h:50:18)
INFO: [HLS 214-186] Unrolling loop 'FL7' (./tdf8_conv_stages.h:50:18) in function 'tdf8_readFilters' completely with a factor of 1 (./tdf8_conv_stages.h:50:18)
INFO: [HLS 214-186] Unrolling loop 'FL7' (./tdf8_conv_stages.h:50:18) in function 'tdf8_readFilters' completely with a factor of 1 (./tdf8_conv_stages.h:50:18)
INFO: [HLS 214-186] Unrolling loop 'FL7' (./tdf8_conv_stages.h:50:18) in function 'tdf8_readFilters' completely with a factor of 1 (./tdf8_conv_stages.h:50:18)
INFO: [HLS 214-186] Unrolling loop 'FL7' (./tdf8_conv_stages.h:50:18) in function 'tdf8_readFilters' completely with a factor of 1 (./tdf8_conv_stages.h:50:18)
INFO: [HLS 214-186] Unrolling loop 'VITIS_LOOP_90_2' (./tdf8_conv_stages.h:90:27) in function 'tdf8_writeOutputs_unaligned' completely with a factor of 4 (./tdf8_conv_stages.h:90:27)
INFO: [HLS 214-188] Unrolling loop 'DP_OUTER_3' (./tdf8_conv_stages.h:149:22) in function 'tdf8_dot_product' partially with a factor of 16 (./tdf8_conv_stages.h:149:22)
INFO: [HLS 214-186] Unrolling loop 'VITIS_LOOP_21_1' (tdf8.cpp:21:19) in function 'tdf8_poolOutputs' completely with a factor of 1 (tdf8.cpp:21:19)
INFO: [HLS 214-178] Inlining function 'fp_struct<decimal16>::fp_struct(decimal16)' into 'int generic_signbit<decimal16>(decimal16)' (/wrk/ci/prod/2020.2/rdi_builds/continuous/2020_11_18_3064766/src/shared/hls/clib/hlsmath/include/FloatingPoint/hls_signbit.h:11:0)
INFO: [HLS 214-178] Inlining function 'fp_struct<decimal16>::__signbit() const' into 'int generic_signbit<decimal16>(decimal16)' (/wrk/ci/prod/2020.2/rdi_builds/continuous/2020_11_18_3064766/src/shared/hls/clib/hlsmath/include/FloatingPoint/hls_signbit.h:11:0)
INFO: [HLS 214-178] Inlining function 'int generic_signbit<decimal16>(decimal16)' into 'hls::signbit(decimal16)' (/wrk/ci/prod/2020.2/rdi_builds/continuous/2020_11_18_3064766/src/shared/hls/clib/hlsmath/src/c++/signbithalf.cpp:7:0)
INFO: [HLS 214-178] Inlining function 'hls::signbit(decimal16)' into 'tdf8_adjust(decimal16*, decimal16*, decimal16 (*) [4], unsigned short)' (./tdf8_conv_stages.h:212:0)
WARNING: [HLS 214-167] The program may have out of bound array access (./tdf8_conv_stages.h:94:37)
WARNING: [HLS 214-167] The program may have out of bound array access (./tdf8_conv_stages.h:94:37)
WARNING: [HLS 214-167] The program may have out of bound array access (./tdf8_conv_stages.h:94:37)
WARNING: [HLS 214-167] The program may have out of bound array access (./tdf8_conv_stages.h:94:37)
WARNING: [HLS 214-167] The program may have out of bound array access (tdf8.cpp:23:42)
WARNING: [HLS 214-167] The program may have out of bound array access (tdf8.cpp:24:19)
INFO: [HLS 214-248] cyclic reshaped array 'out_data' on dimension 3 with 4 (tdf8.cpp:344:137)
INFO: [HLS 200-111] Finished Compiling Optimization and Transform: CPU user time: 15.3 seconds. CPU system time: 1.26 seconds. Elapsed time: 61.46 seconds; current allocated memory: 247.516 MB.
INFO: [HLS 200-111] Finished Checking Pragmas: CPU user time: 0 seconds. CPU system time: 0 seconds. Elapsed time: 0 seconds; current allocated memory: 247.517 MB.
INFO: [HLS 200-10] Starting code transformations ...
INFO: [XFORM 203-501] Unrolling loop 'ADJUST_LOOP' (/wrk/ci/prod/2020.2/rdi_builds/continuous/2020_11_18_3064766/src/shared/hls/clib/hlsmath/include/FloatingPoint/hls_signbit.h:12) in function 'tdf8_adjust(decimal16*, decimal16*, decimal16 (*) [4], unsigned short)': changing partial unrolling into complete unrolling since the unrolling factor (=1) is no less than the loop trip count (=1).
INFO: [HLS 200-489] Unrolling loop 'ADJUST_LOOP' (/wrk/ci/prod/2020.2/rdi_builds/continuous/2020_11_18_3064766/src/shared/hls/clib/hlsmath/include/FloatingPoint/hls_signbit.h:12) in function 'tdf8_adjust(decimal16*, decimal16*, decimal16 (*) [4], unsigned short)' completely with a factor of 1.
INFO: [HLS 200-111] Finished Standard Transforms: CPU user time: 0.67 seconds. CPU system time: 0.05 seconds. Elapsed time: 2.11 seconds; current allocated memory: 269.211 MB.
INFO: [HLS 200-10] Checking synthesizability ...
INFO: [HLS 200-111] Finished Checking Synthesizability: CPU user time: 1.04 seconds. CPU system time: 0.03 seconds. Elapsed time: 3.27 seconds; current allocated memory: 291.194 MB.
INFO: [XFORM 203-502] Unrolling small iteration loop 'VITIS_LOOP_85_1' (./tdf8_conv_stages.h:85) in function 'tdf8_writeOutputs_unaligned' automatically.
INFO: [XFORM 203-502] Unrolling all sub-loops inside loop 'IL_LOOP' (tdf8.cpp:148) in function 'tdf8_accum_3' for pipelining.
INFO: [XFORM 203-502] Unrolling all sub-loops inside loop 'IL_LOOP' (tdf8.cpp:104) in function 'tdf8_accum_2' for pipelining.
INFO: [XFORM 203-502] Unrolling all sub-loops inside loop 'DP_OUTER_3' (./tdf8_conv_stages.h:149) in function 'tdf8_dot_product' for pipelining.
INFO: [XFORM 203-502] Unrolling all sub-loops inside loop 'IL_LOOP' (tdf8.cpp:44) in function 'tdf8_accum_1' for pipelining.
INFO: [HLS 200-489] Unrolling loop 'VITIS_LOOP_85_1' (./tdf8_conv_stages.h:85) in function 'tdf8_writeOutputs_unaligned' completely with a factor of 1.
INFO: [HLS 200-489] Unrolling loop 'WRPC_LOOP' (tdf8.cpp:156) in function 'tdf8_accum_3' completely with a factor of 8.
INFO: [HLS 200-489] Unrolling loop 'WRPC_LOOP' (tdf8.cpp:112) in function 'tdf8_accum_2' completely with a factor of 16.
INFO: [HLS 200-489] Unrolling loop 'DP_INNER' (./tdf8_conv_stages.h:152) in function 'tdf8_dot_product' completely with a factor of 1.
INFO: [HLS 200-489] Unrolling loop 'WRPC_LOOP' (tdf8.cpp:52) in function 'tdf8_accum_1' completely with a factor of 32.
INFO: [XFORM 203-131] Reshaping array 'in_data' (tdf8.cpp:345) in dimension 3 with a cyclic factor of 16.
INFO: [XFORM 203-131] Reshaping array 'filter_data' (tdf8.cpp:346) in dimension 4 with a cyclic factor of 16.
INFO: [XFORM 203-131] Reshaping array 'adjustments' (tdf8.cpp:347) in dimension 2 completely.
INFO: [XFORM 203-101] Partitioning array 'ifmap_vec' (tdf8.cpp:295) in dimension 3 with a cyclic factor 16.
INFO: [XFORM 203-101] Partitioning array 'weight_vecs' (tdf8.cpp:296) in dimension 4 with a cyclic factor 16.
INFO: [XFORM 203-101] Partitioning array 'products' (tdf8.cpp:297) in dimension 2 with a cyclic factor 16.
INFO: [XFORM 203-101] Partitioning array 'sums' (tdf8.cpp:298) in dimension 1 completely.
INFO: [XFORM 203-101] Partitioning array 'outputs' (tdf8.cpp:299) in dimension 1 completely.
INFO: [XFORM 203-101] Partitioning array 'input_indices' (tdf8.cpp:302) in dimension 1 completely.
INFO: [XFORM 203-101] Partitioning array 'output_indices' (tdf8.cpp:303) in dimension 1 completely.
INFO: [XFORM 203-101] Partitioning array 'accum1_out_0' (tdf8.cpp:325) in dimension 1 with a cyclic factor 8.
INFO: [XFORM 203-101] Partitioning array 'accum2_out_0' (tdf8.cpp:328) in dimension 1 with a cyclic factor 4.
INFO: [XFORM 203-101] Partitioning array 'accum3_out_0' (tdf8.cpp:331) in dimension 1 completely.
INFO: [XFORM 203-101] Partitioning array 'outputRow'  in dimension 1 completely.
INFO: [XFORM 203-101] Partitioning array 'max_vals'  in dimension 1 completely.
INFO: [XFORM 203-101] Partitioning array 'vals' (tdf8.cpp:152) in dimension 1 completely.
INFO: [XFORM 203-101] Partitioning array 'vals' (tdf8.cpp:108) in dimension 1 completely.
INFO: [XFORM 203-101] Partitioning array 'vals' (tdf8.cpp:48) in dimension 1 completely.
INFO: [XFORM 203-102] Partitioning array 'weight_vecs.0' (tdf8.cpp:296) in dimension 1 automatically.
INFO: [XFORM 203-102] Partitioning array 'weight_vecs.1' (tdf8.cpp:296) in dimension 1 automatically.
INFO: [XFORM 203-102] Partitioning array 'weight_vecs.2' (tdf8.cpp:296) in dimension 1 automatically.
INFO: [XFORM 203-102] Partitioning array 'weight_vecs.3' (tdf8.cpp:296) in dimension 1 automatically.
INFO: [XFORM 203-102] Partitioning array 'weight_vecs.4' (tdf8.cpp:296) in dimension 1 automatically.
INFO: [XFORM 203-102] Partitioning array 'weight_vecs.5' (tdf8.cpp:296) in dimension 1 automatically.
INFO: [XFORM 203-102] Partitioning array 'weight_vecs.6' (tdf8.cpp:296) in dimension 1 automatically.
INFO: [XFORM 203-102] Partitioning array 'weight_vecs.7' (tdf8.cpp:296) in dimension 1 automatically.
INFO: [XFORM 203-102] Partitioning array 'weight_vecs.8' (tdf8.cpp:296) in dimension 1 automatically.
INFO: [XFORM 203-102] Partitioning array 'weight_vecs.9' (tdf8.cpp:296) in dimension 1 automatically.
INFO: [XFORM 203-102] Partitioning array 'weight_vecs.10' (tdf8.cpp:296) in dimension 1 automatically.
INFO: [XFORM 203-102] Partitioning array 'weight_vecs.11' (tdf8.cpp:296) in dimension 1 automatically.
INFO: [XFORM 203-102] Partitioning array 'weight_vecs.12' (tdf8.cpp:296) in dimension 1 automatically.
INFO: [XFORM 203-102] Partitioning array 'weight_vecs.13' (tdf8.cpp:296) in dimension 1 automatically.
INFO: [XFORM 203-102] Partitioning array 'weight_vecs.14' (tdf8.cpp:296) in dimension 1 automatically.
INFO: [XFORM 203-102] Partitioning array 'weight_vecs.15' (tdf8.cpp:296) in dimension 1 automatically.
INFO: [XFORM 203-721] Extract dataflow region from loop TOP_LOOP (tdf8.cpp:292)  of function 'tdf8'.
INFO: [HLS 200-988] Store statement on variable  'sums[0]74' (tdf8.cpp:298) in a dataflow region ( 'dataflow_in_loop_TOP_LOOP' (tdf8.cpp:292:7)) will infer a separate dataflow process. Consider placing this store inside a function.
INFO: [XFORM 203-712] Applying dataflow to function 'dataflow_in_loop_TOP_LOOP' (tdf8.cpp:292:7), detected/extracted 11 process function(s): 
	 'tdf8_get_next_ijk'
	 'tdf8_readInputs'
	 'tdf8_readFilters'
	 'tdf8_dot_product'
	 'tdf8_accum_1'
	 'tdf8_accum_2'
	 'tdf8_accum_3'
	 'tdf8_accum_4'
	 'Block_entry_proc_proc'
	 'tdf8_adjust'
	 'tdf8_poolOutputs'.
INFO: [XFORM 203-401] Performing if-conversion on hyperblock in function 'tdf8_get_next_ijk'... converting 6 basic blocks.
INFO: [XFORM 203-401] Performing if-conversion on hyperblock from (tdf8.cpp:148:13) to (tdf8.cpp:167:28) in function 'tdf8_accum_3'... converting 9 basic blocks.
INFO: [XFORM 203-401] Performing if-conversion on hyperblock from (tdf8.cpp:104:13) in function 'tdf8_accum_2'... converting 17 basic blocks.
INFO: [HLS 200-111] Finished Loop, function and other optimizations: CPU user time: 4.14 seconds. CPU system time: 0.12 seconds. Elapsed time: 20.42 seconds; current allocated memory: 336.294 MB.
INFO: [XFORM 203-541] Flattening a loop nest 'IL5' (./tdf8_conv_stages.h:20:21) in function 'tdf8_readInputs'.
INFO: [XFORM 203-541] Flattening a loop nest 'IL4' (./tdf8_conv_stages.h:19:18) in function 'tdf8_readInputs'.
INFO: [XFORM 203-541] Flattening a loop nest 'FL5' (./tdf8_conv_stages.h:48:26) in function 'tdf8_readFilters'.
INFO: [XFORM 203-541] Flattening a loop nest 'FL4' (./tdf8_conv_stages.h:47:23) in function 'tdf8_readFilters'.
INFO: [XFORM 203-541] Flattening a loop nest 'DP_OUTER_2' (./tdf8_conv_stages.h:148:33) in function 'tdf8_dot_product'.
INFO: [XFORM 203-541] Flattening a loop nest 'DP_OUTER_1' (./tdf8_conv_stages.h:147:28) in function 'tdf8_dot_product'.
WARNING: [ANALYSIS 214-52] Found false inter dependency for variable 'products[6]' (./tdf8_conv_stages.h:139).
WARNING: [ANALYSIS 214-52] Found false inter dependency for variable 'products[8]' (./tdf8_conv_stages.h:139).
WARNING: [ANALYSIS 214-52] Found false inter dependency for variable 'products[7]' (./tdf8_conv_stages.h:139).
WARNING: [ANALYSIS 214-52] Found false inter dependency for variable 'products[11]' (./tdf8_conv_stages.h:139).
WARNING: [ANALYSIS 214-52] Found false inter dependency for variable 'products[12]' (./tdf8_conv_stages.h:139).
WARNING: [ANALYSIS 214-52] Found false inter dependency for variable 'products[5]' (./tdf8_conv_stages.h:139).
WARNING: [ANALYSIS 214-52] Found false inter dependency for variable 'products[0]' (./tdf8_conv_stages.h:139).
WARNING: [ANALYSIS 214-52] Found false inter dependency for variable 'products[15]' (./tdf8_conv_stages.h:139).
WARNING: [ANALYSIS 214-52] Found false inter dependency for variable 'products[14]' (./tdf8_conv_stages.h:139).
WARNING: [ANALYSIS 214-52] Found false inter dependency for variable 'products[3]' (./tdf8_conv_stages.h:139).
WARNING: [ANALYSIS 214-52] Found false inter dependency for variable 'products[4]' (./tdf8_conv_stages.h:139).
WARNING: [ANALYSIS 214-52] Found false inter dependency for variable 'products[1]' (./tdf8_conv_stages.h:139).
WARNING: [ANALYSIS 214-52] Found false inter dependency for variable 'products[2]' (./tdf8_conv_stages.h:139).
WARNING: [ANALYSIS 214-52] Found false inter dependency for variable 'products[9]' (./tdf8_conv_stages.h:139).
WARNING: [ANALYSIS 214-52] Found false inter dependency for variable 'products[13]' (./tdf8_conv_stages.h:139).
WARNING: [ANALYSIS 214-52] Found false inter dependency for variable 'products[10]' (./tdf8_conv_stages.h:139).
WARNING: [ANALYSIS 214-52] Found false intra dependency for variable 'products[6]' (./tdf8_conv_stages.h:139).
WARNING: [ANALYSIS 214-52] Found false intra dependency for variable 'products[8]' (./tdf8_conv_stages.h:139).
WARNING: [ANALYSIS 214-52] Found false intra dependency for variable 'products[7]' (./tdf8_conv_stages.h:139).
WARNING: [ANALYSIS 214-52] Found false intra dependency for variable 'products[11]' (./tdf8_conv_stages.h:139).
WARNING: [ANALYSIS 214-52] Found false intra dependency for variable 'products[12]' (./tdf8_conv_stages.h:139).
WARNING: [ANALYSIS 214-52] Found false intra dependency for variable 'products[5]' (./tdf8_conv_stages.h:139).
WARNING: [ANALYSIS 214-52] Found false intra dependency for variable 'products[0]' (./tdf8_conv_stages.h:139).
WARNING: [ANALYSIS 214-52] Found false intra dependency for variable 'products[15]' (./tdf8_conv_stages.h:139).
WARNING: [ANALYSIS 214-52] Found false intra dependency for variable 'products[14]' (./tdf8_conv_stages.h:139).
WARNING: [ANALYSIS 214-52] Found false intra dependency for variable 'products[3]' (./tdf8_conv_stages.h:139).
WARNING: [ANALYSIS 214-52] Found false intra dependency for variable 'products[4]' (./tdf8_conv_stages.h:139).
WARNING: [ANALYSIS 214-52] Found false intra dependency for variable 'products[1]' (./tdf8_conv_stages.h:139).
WARNING: [ANALYSIS 214-52] Found false intra dependency for variable 'products[2]' (./tdf8_conv_stages.h:139).
WARNING: [ANALYSIS 214-52] Found false intra dependency for variable 'products[9]' (./tdf8_conv_stages.h:139).
WARNING: [ANALYSIS 214-52] Found false intra dependency for variable 'products[13]' (./tdf8_conv_stages.h:139).
WARNING: [ANALYSIS 214-52] Found false intra dependency for variable 'products[10]' (./tdf8_conv_stages.h:139).
INFO: [HLS 200-472] Inferring partial write operation for 'filter_data' (tdf8.cpp:350:28)
INFO: [HLS 200-472] Inferring partial write operation for 'adjustments' (tdf8.cpp:351:22)
INFO: [HLS 200-472] Inferring partial write operation for 'ifmap_vec[0]' (./tdf8_conv_stages.h:33:35)
INFO: [HLS 200-472] Inferring partial write operation for 'weight_vecs[0][0]' (./tdf8_conv_stages.h:55:43)
INFO: [HLS 200-472] Inferring partial write operation for 'products[0]' (./tdf8_conv_stages.h:153:32)
INFO: [HLS 200-472] Inferring partial write operation for 'accum_out[0]' (tdf8.cpp:129:28)
INFO: [HLS 200-472] Inferring partial write operation for 'accum_out[1]' (tdf8.cpp:130:28)
INFO: [HLS 200-472] Inferring partial write operation for 'accum_out[2]' (tdf8.cpp:131:28)
INFO: [HLS 200-472] Inferring partial write operation for 'accum_out[3]' (tdf8.cpp:132:28)
INFO: [HLS 200-472] Inferring partial write operation for 'accum_out[0]' (tdf8.cpp:81:28)
INFO: [HLS 200-472] Inferring partial write operation for 'accum_out[1]' (tdf8.cpp:82:28)
INFO: [HLS 200-472] Inferring partial write operation for 'accum_out[2]' (tdf8.cpp:83:28)
INFO: [HLS 200-472] Inferring partial write operation for 'accum_out[3]' (tdf8.cpp:84:28)
INFO: [HLS 200-472] Inferring partial write operation for 'accum_out[4]' (tdf8.cpp:85:28)
INFO: [HLS 200-472] Inferring partial write operation for 'accum_out[5]' (tdf8.cpp:86:28)
INFO: [HLS 200-472] Inferring partial write operation for 'accum_out[6]' (tdf8.cpp:87:28)
INFO: [HLS 200-472] Inferring partial write operation for 'accum_out[7]' (tdf8.cpp:88:28)
INTERNAL-INFO: never seen llvm instruction 'hsub'(535)
WARNING: [HLS 200-1449] Process tdf8_readInputs6 has both a predecessor and reads an input from its caller (see the GUI dataflow viewer). This may lead to lower throughput. Consider copying this input via a predecessor process.
INFO: [HLS 200-111] Finished Architecture Synthesis: CPU user time: 3.25 seconds. CPU system time: 0.13 seconds. Elapsed time: 11.99 seconds; current allocated memory: 473.904 MB.
INFO: [HLS 200-10] Starting hardware synthesis ...
INFO: [HLS 200-10] Synthesizing 'tdf8_top' ...
INFO: [HLS 200-10] ----------------------------------------------------------------
INFO: [HLS 200-42] -- Implementing module 'tdf8_get_next_ijk' 
INFO: [HLS 200-10] ----------------------------------------------------------------
INFO: [SCHED 204-11] Starting scheduling ...
INFO: [SCHED 204-11] Finished scheduling.
INFO: [HLS 200-111] Finished Scheduling: CPU user time: 0.21 seconds. CPU system time: 0.07 seconds. Elapsed time: 0.89 seconds; current allocated memory: 474.667 MB.
INFO: [BIND 205-100] Starting micro-architecture generation ...
INFO: [BIND 205-101] Performing variable lifetime analysis.
INFO: [BIND 205-101] Exploring resource sharing.
INFO: [BIND 205-101] Binding ...
INFO: [BIND 205-100] Finished micro-architecture generation.
INFO: [HLS 200-111] Finished Binding: CPU user time: 0.2 seconds. CPU system time: 0.01 seconds. Elapsed time: 0.67 seconds; current allocated memory: 474.992 MB.
INFO: [HLS 200-10] ----------------------------------------------------------------
INFO: [HLS 200-42] -- Implementing module 'tdf8_readInputs6' 
INFO: [HLS 200-10] ----------------------------------------------------------------
INFO: [SCHED 204-11] Starting scheduling ...
INFO: [SCHED 204-61] Pipelining loop 'IL4_IL5_IL6'.
INFO: [HLS 200-1470] Pipelining result : Target II = 1, Final II = 1, Depth = 4, loop 'IL4_IL5_IL6'
INFO: [SCHED 204-11] Finished scheduling.
INFO: [HLS 200-111] Finished Scheduling: CPU user time: 0.77 seconds. CPU system time: 0.02 seconds. Elapsed time: 2.42 seconds; current allocated memory: 475.624 MB.
INFO: [BIND 205-100] Starting micro-architecture generation ...
INFO: [BIND 205-101] Performing variable lifetime analysis.
INFO: [BIND 205-101] Exploring resource sharing.
INFO: [BIND 205-101] Binding ...
INFO: [BIND 205-100] Finished micro-architecture generation.
INFO: [HLS 200-111] Finished Binding: CPU user time: 0.45 seconds. CPU system time: 0.01 seconds. Elapsed time: 1.4 seconds; current allocated memory: 476.448 MB.
INFO: [HLS 200-10] ----------------------------------------------------------------
INFO: [HLS 200-42] -- Implementing module 'tdf8_readFilters5' 
INFO: [HLS 200-10] ----------------------------------------------------------------
INFO: [SCHED 204-11] Starting scheduling ...
INFO: [SCHED 204-61] Pipelining loop 'FL4_FL5_FL6'.
INFO: [HLS 200-1470] Pipelining result : Target II = 1, Final II = 1, Depth = 3, loop 'FL4_FL5_FL6'
INFO: [SCHED 204-11] Finished scheduling.
INFO: [HLS 200-111] Finished Scheduling: CPU user time: 0.99 seconds. CPU system time: 0.02 seconds. Elapsed time: 4.68 seconds; current allocated memory: 476.876 MB.
INFO: [BIND 205-100] Starting micro-architecture generation ...
INFO: [BIND 205-101] Performing variable lifetime analysis.
INFO: [BIND 205-101] Exploring resource sharing.
INFO: [BIND 205-101] Binding ...
INFO: [BIND 205-100] Finished micro-architecture generation.
INFO: [HLS 200-111] Finished Binding: CPU user time: 0.22 seconds. CPU system time: 0.01 seconds. Elapsed time: 1.19 seconds; current allocated memory: 477.417 MB.
INFO: [HLS 200-10] ----------------------------------------------------------------
INFO: [HLS 200-42] -- Implementing module 'tdf8_dot_product' 
INFO: [HLS 200-10] ----------------------------------------------------------------
INFO: [SCHED 204-11] Starting scheduling ...
INFO: [SCHED 204-61] Pipelining loop 'DP_OUTER_1_DP_OUTER_2_DP_OUTER_3'.
INFO: [HLS 200-1470] Pipelining result : Target II = 1, Final II = 1, Depth = 9, loop 'DP_OUTER_1_DP_OUTER_2_DP_OUTER_3'
INFO: [SCHED 204-11] Finished scheduling.
INFO: [HLS 200-111] Finished Scheduling: CPU user time: 0.83 seconds. CPU system time: 0.02 seconds. Elapsed time: 4.61 seconds; current allocated memory: 478.301 MB.
INFO: [BIND 205-100] Starting micro-architecture generation ...
INFO: [BIND 205-101] Performing variable lifetime analysis.
INFO: [BIND 205-101] Exploring resource sharing.
INFO: [BIND 205-101] Binding ...
INFO: [BIND 205-100] Finished micro-architecture generation.
INFO: [HLS 200-111] Finished Binding: CPU user time: 0.63 seconds. CPU system time: 0.01 seconds. Elapsed time: 2.51 seconds; current allocated memory: 479.543 MB.
INFO: [HLS 200-10] ----------------------------------------------------------------
INFO: [HLS 200-42] -- Implementing module 'tdf8_accum_1' 
INFO: [HLS 200-10] ----------------------------------------------------------------
INFO: [SCHED 204-11] Starting scheduling ...
INFO: [SCHED 204-61] Pipelining loop 'IL_LOOP'.
INFO: [HLS 200-1470] Pipelining result : Target II = 1, Final II = 1, Depth = 19, loop 'IL_LOOP'
WARNING: [HLS 200-871] Estimated clock period (2.236ns) exceeds the target (target clock period: 3ns, clock uncertainty: 0.81ns, effective delay budget: 2.19ns).
Resolution: For help on HLS 200-871 see www.xilinx.com/cgi-bin/docs/rdoc?v=2020.2;t=hls+guidance;d=200-871.html
WARNING: [HLS 200-1016] The critical path in module 'tdf8_accum_1' consists of the following:	'hadd' operation ('sum0', tdf8.cpp:57) [103]  (2.24 ns)

Resolution: For help on HLS 200-1016 see www.xilinx.com/cgi-bin/docs/rdoc?v=2020.2;t=hls+guidance;d=200-1016.html
INFO: [SCHED 204-11] Finished scheduling.
INFO: [HLS 200-111] Finished Scheduling: CPU user time: 1.1 seconds. CPU system time: 0.02 seconds. Elapsed time: 4.69 seconds; current allocated memory: 480.160 MB.
INFO: [BIND 205-100] Starting micro-architecture generation ...
INFO: [BIND 205-101] Performing variable lifetime analysis.
INFO: [BIND 205-101] Exploring resource sharing.
INFO: [BIND 205-101] Binding ...
INFO: [BIND 205-100] Finished micro-architecture generation.
INFO: [HLS 200-111] Finished Binding: CPU user time: 0.74 seconds. CPU system time: 0 seconds. Elapsed time: 2.39 seconds; current allocated memory: 481.170 MB.
INFO: [HLS 200-10] ----------------------------------------------------------------
INFO: [HLS 200-42] -- Implementing module 'tdf8_accum_2' 
INFO: [HLS 200-10] ----------------------------------------------------------------
INFO: [SCHED 204-11] Starting scheduling ...
INFO: [SCHED 204-61] Pipelining loop 'IL_LOOP'.
INFO: [HLS 200-1470] Pipelining result : Target II = 1, Final II = 1, Depth = 19, loop 'IL_LOOP'
WARNING: [HLS 200-871] Estimated clock period (2.236ns) exceeds the target (target clock period: 3ns, clock uncertainty: 0.81ns, effective delay budget: 2.19ns).
Resolution: For help on HLS 200-871 see www.xilinx.com/cgi-bin/docs/rdoc?v=2020.2;t=hls+guidance;d=200-871.html
WARNING: [HLS 200-1016] The critical path in module 'tdf8_accum_2' consists of the following:	'hadd' operation ('sum0', tdf8.cpp:117) [98]  (2.24 ns)

Resolution: For help on HLS 200-1016 see www.xilinx.com/cgi-bin/docs/rdoc?v=2020.2;t=hls+guidance;d=200-1016.html
INFO: [SCHED 204-11] Finished scheduling.
INFO: [HLS 200-111] Finished Scheduling: CPU user time: 1.24 seconds. CPU system time: 0.02 seconds. Elapsed time: 4.99 seconds; current allocated memory: 481.653 MB.
INFO: [BIND 205-100] Starting micro-architecture generation ...
INFO: [BIND 205-101] Performing variable lifetime analysis.
INFO: [BIND 205-101] Exploring resource sharing.
INFO: [BIND 205-101] Binding ...
INFO: [BIND 205-100] Finished micro-architecture generation.
INFO: [HLS 200-111] Finished Binding: CPU user time: 0.64 seconds. CPU system time: 0.01 seconds. Elapsed time: 2 seconds; current allocated memory: 482.407 MB.
INFO: [HLS 200-10] ----------------------------------------------------------------
INFO: [HLS 200-42] -- Implementing module 'tdf8_accum_3' 
INFO: [HLS 200-10] ----------------------------------------------------------------
INFO: [SCHED 204-11] Starting scheduling ...
INFO: [SCHED 204-61] Pipelining loop 'IL_LOOP'.
INFO: [HLS 200-1470] Pipelining result : Target II = 1, Final II = 1, Depth = 19, loop 'IL_LOOP'
WARNING: [HLS 200-871] Estimated clock period (2.236ns) exceeds the target (target clock period: 3ns, clock uncertainty: 0.81ns, effective delay budget: 2.19ns).
Resolution: For help on HLS 200-871 see www.xilinx.com/cgi-bin/docs/rdoc?v=2020.2;t=hls+guidance;d=200-871.html
WARNING: [HLS 200-1016] The critical path in module 'tdf8_accum_3' consists of the following:	'hadd' operation ('sum0', tdf8.cpp:161) [68]  (2.24 ns)

Resolution: For help on HLS 200-1016 see www.xilinx.com/cgi-bin/docs/rdoc?v=2020.2;t=hls+guidance;d=200-1016.html
INFO: [SCHED 204-11] Finished scheduling.
INFO: [HLS 200-111] Finished Scheduling: CPU user time: 0.88 seconds. CPU system time: 0.02 seconds. Elapsed time: 2.5 seconds; current allocated memory: 482.801 MB.
INFO: [BIND 205-100] Starting micro-architecture generation ...
INFO: [BIND 205-101] Performing variable lifetime analysis.
INFO: [BIND 205-101] Exploring resource sharing.
INFO: [BIND 205-101] Binding ...
INFO: [BIND 205-100] Finished micro-architecture generation.
INFO: [HLS 200-111] Finished Binding: CPU user time: 0.21 seconds. CPU system time: 0.01 seconds. Elapsed time: 0.58 seconds; current allocated memory: 483.474 MB.
INFO: [HLS 200-10] ----------------------------------------------------------------
INFO: [HLS 200-42] -- Implementing module 'tdf8_accum_4' 
INFO: [HLS 200-10] ----------------------------------------------------------------
INFO: [SCHED 204-11] Starting scheduling ...
WARNING: [HLS 200-871] Estimated clock period (2.236ns) exceeds the target (target clock period: 3ns, clock uncertainty: 0.81ns, effective delay budget: 2.19ns).
Resolution: For help on HLS 200-871 see www.xilinx.com/cgi-bin/docs/rdoc?v=2020.2;t=hls+guidance;d=200-871.html
WARNING: [HLS 200-1016] The critical path in module 'tdf8_accum_4' consists of the following:	wire read on port 'accum_in_5_read' (tdf8.cpp:180) [8]  (0 ns)
	'hadd' operation ('sum0', tdf8.cpp:181) [14]  (2.24 ns)

Resolution: For help on HLS 200-1016 see www.xilinx.com/cgi-bin/docs/rdoc?v=2020.2;t=hls+guidance;d=200-1016.html
INFO: [SCHED 204-11] Finished scheduling.
INFO: [HLS 200-111] Finished Scheduling: CPU user time: 0.54 seconds. CPU system time: 0.01 seconds. Elapsed time: 2 seconds; current allocated memory: 483.592 MB.
INFO: [BIND 205-100] Starting micro-architecture generation ...
INFO: [BIND 205-101] Performing variable lifetime analysis.
INFO: [BIND 205-101] Exploring resource sharing.
INFO: [BIND 205-101] Binding ...
INFO: [BIND 205-100] Finished micro-architecture generation.
INFO: [HLS 200-111] Finished Binding: CPU user time: 0.39 seconds. CPU system time: 0.01 seconds. Elapsed time: 1.11 seconds; current allocated memory: 483.753 MB.
INFO: [HLS 200-10] ----------------------------------------------------------------
INFO: [HLS 200-42] -- Implementing module 'Block_entry_proc_proc' 
INFO: [HLS 200-10] ----------------------------------------------------------------
INFO: [SCHED 204-11] Starting scheduling ...
INFO: [SCHED 204-11] Finished scheduling.
INFO: [HLS 200-111] Finished Scheduling: CPU user time: 0.22 seconds. CPU system time: 0.02 seconds. Elapsed time: 0.77 seconds; current allocated memory: 483.783 MB.
INFO: [BIND 205-100] Starting micro-architecture generation ...
INFO: [BIND 205-101] Performing variable lifetime analysis.
INFO: [BIND 205-101] Exploring resource sharing.
INFO: [BIND 205-101] Binding ...
INFO: [BIND 205-100] Finished micro-architecture generation.
INFO: [HLS 200-111] Finished Binding: CPU user time: 0.05 seconds. CPU system time: 0.01 seconds. Elapsed time: 0.29 seconds; current allocated memory: 483.847 MB.
INFO: [HLS 200-10] ----------------------------------------------------------------
INFO: [HLS 200-42] -- Implementing module 'tdf8_adjust' 
INFO: [HLS 200-10] ----------------------------------------------------------------
INFO: [SCHED 204-11] Starting scheduling ...
WARNING: [HLS 200-871] Estimated clock period (2.236ns) exceeds the target (target clock period: 3ns, clock uncertainty: 0.81ns, effective delay budget: 2.19ns).
Resolution: For help on HLS 200-871 see www.xilinx.com/cgi-bin/docs/rdoc?v=2020.2;t=hls+guidance;d=200-871.html
WARNING: [HLS 200-1016] The critical path in module 'tdf8_adjust' consists of the following:	'hadd' operation ('add_i_i_i', ./tdf8_conv_stages.h:187) [20]  (2.24 ns)

Resolution: For help on HLS 200-1016 see www.xilinx.com/cgi-bin/docs/rdoc?v=2020.2;t=hls+guidance;d=200-1016.html
INFO: [SCHED 204-11] Finished scheduling.
INFO: [HLS 200-111] Finished Scheduling: CPU user time: 0.19 seconds. CPU system time: 0.02 seconds. Elapsed time: 0.61 seconds; current allocated memory: 483.962 MB.
INFO: [BIND 205-100] Starting micro-architecture generation ...
INFO: [BIND 205-101] Performing variable lifetime analysis.
INFO: [BIND 205-101] Exploring resource sharing.
INFO: [BIND 205-101] Binding ...
INFO: [BIND 205-100] Finished micro-architecture generation.
INFO: [HLS 200-111] Finished Binding: CPU user time: 0.35 seconds. CPU system time: 0.01 seconds. Elapsed time: 1.18 seconds; current allocated memory: 484.140 MB.
INFO: [HLS 200-10] ----------------------------------------------------------------
INFO: [HLS 200-42] -- Implementing module 'tdf8_writeOutputs_unaligned' 
INFO: [HLS 200-10] ----------------------------------------------------------------
INFO: [SCHED 204-11] Starting scheduling ...
INFO: [SCHED 204-11] Finished scheduling.
INFO: [HLS 200-111] Finished Scheduling: CPU user time: 0.2 seconds. CPU system time: 0.01 seconds. Elapsed time: 0.6 seconds; current allocated memory: 484.305 MB.
INFO: [BIND 205-100] Starting micro-architecture generation ...
INFO: [BIND 205-101] Performing variable lifetime analysis.
INFO: [BIND 205-101] Exploring resource sharing.
INFO: [BIND 205-101] Binding ...
INFO: [BIND 205-100] Finished micro-architecture generation.
INFO: [HLS 200-111] Finished Binding: CPU user time: 0.08 seconds. CPU system time: 0 seconds. Elapsed time: 0.29 seconds; current allocated memory: 484.515 MB.
INFO: [HLS 200-10] ----------------------------------------------------------------
INFO: [HLS 200-42] -- Implementing module 'tdf8_poolOutputs' 
INFO: [HLS 200-10] ----------------------------------------------------------------
INFO: [SCHED 204-11] Starting scheduling ...
INFO: [SCHED 204-11] Finished scheduling.
INFO: [HLS 200-111] Finished Scheduling: CPU user time: 0.16 seconds. CPU system time: 0.01 seconds. Elapsed time: 0.47 seconds; current allocated memory: 484.595 MB.
INFO: [BIND 205-100] Starting micro-architecture generation ...
INFO: [BIND 205-101] Performing variable lifetime analysis.
INFO: [BIND 205-101] Exploring resource sharing.
INFO: [BIND 205-101] Binding ...
INFO: [BIND 205-100] Finished micro-architecture generation.
INFO: [HLS 200-111] Finished Binding: CPU user time: 0.12 seconds. CPU system time: 0.01 seconds. Elapsed time: 0.5 seconds; current allocated memory: 484.746 MB.
INFO: [HLS 200-10] ----------------------------------------------------------------
INFO: [HLS 200-42] -- Implementing module 'dataflow_in_loop_TOP_LOOP' 
INFO: [HLS 200-10] ----------------------------------------------------------------
INFO: [SCHED 204-11] Starting scheduling ...
WARNING: [HLS 200-871] Estimated clock period (2.236ns) exceeds the target (target clock period: 3ns, clock uncertainty: 0.81ns, effective delay budget: 2.19ns).
Resolution: For help on HLS 200-871 see www.xilinx.com/cgi-bin/docs/rdoc?v=2020.2;t=hls+guidance;d=200-871.html
WARNING: [HLS 200-1016] The critical path in module 'dataflow_in_loop_TOP_LOOP' consists of the following:	'call' operation ('_ln334', tdf8.cpp:334) to 'tdf8_accum_4' [123]  (2.24 ns)

Resolution: For help on HLS 200-1016 see www.xilinx.com/cgi-bin/docs/rdoc?v=2020.2;t=hls+guidance;d=200-1016.html
INFO: [SCHED 204-11] Finished scheduling.
INFO: [HLS 200-111] Finished Scheduling: CPU user time: 0.29 seconds. CPU system time: 0.01 seconds. Elapsed time: 0.92 seconds; current allocated memory: 485.055 MB.
INFO: [BIND 205-100] Starting micro-architecture generation ...
INFO: [BIND 205-101] Performing variable lifetime analysis.
INFO: [BIND 205-101] Exploring resource sharing.
INFO: [BIND 205-101] Binding ...
INFO: [BIND 205-100] Finished micro-architecture generation.
INFO: [HLS 200-111] Finished Binding: CPU user time: 5.45 seconds. CPU system time: 0 seconds. Elapsed time: 23.69 seconds; current allocated memory: 485.576 MB.
INFO: [HLS 200-10] ----------------------------------------------------------------
INFO: [HLS 200-42] -- Implementing module 'tdf8' 
INFO: [HLS 200-10] ----------------------------------------------------------------
INFO: [SCHED 204-11] Starting scheduling ...
INFO: [SCHED 204-11] Finished scheduling.
INFO: [HLS 200-111] Finished Scheduling: CPU user time: 2.42 seconds. CPU system time: 0.03 seconds. Elapsed time: 7.71 seconds; current allocated memory: 485.647 MB.
INFO: [BIND 205-100] Starting micro-architecture generation ...
INFO: [BIND 205-101] Performing variable lifetime analysis.
INFO: [BIND 205-101] Exploring resource sharing.
INFO: [BIND 205-101] Binding ...
INFO: [BIND 205-100] Finished micro-architecture generation.
INFO: [HLS 200-111] Finished Binding: CPU user time: 0.86 seconds. CPU system time: 0.01 seconds. Elapsed time: 2.6 seconds; current allocated memory: 485.782 MB.
INFO: [HLS 200-10] ----------------------------------------------------------------
INFO: [HLS 200-42] -- Implementing module 'tdf8_top' 
INFO: [HLS 200-10] ----------------------------------------------------------------
INFO: [SCHED 204-11] Starting scheduling ...
INFO: [SCHED 204-11] Finished scheduling.
INFO: [HLS 200-111] Finished Scheduling: CPU user time: 2.62 seconds. CPU system time: 0.02 seconds. Elapsed time: 9.9 seconds; current allocated memory: 485.854 MB.
INFO: [BIND 205-100] Starting micro-architecture generation ...
INFO: [BIND 205-101] Performing variable lifetime analysis.
INFO: [BIND 205-101] Exploring resource sharing.
WARNING: [BIND 205-102] The specified resource core for memory 'filter_data' will be ignored if a simpler one can be used.
WARNING: [BIND 205-102] The specified resource core for memory 'adjustments' will be ignored if a simpler one can be used.
INFO: [BIND 205-101] Binding ...
INFO: [BIND 205-100] Finished micro-architecture generation.
INFO: [HLS 200-111] Finished Binding: CPU user time: 0.99 seconds. CPU system time: 0.01 seconds. Elapsed time: 5.39 seconds; current allocated memory: 486.006 MB.
INFO: [HLS 200-10] ----------------------------------------------------------------
INFO: [HLS 200-10] -- Generating RTL for module 'tdf8_get_next_ijk' 
INFO: [HLS 200-10] ----------------------------------------------------------------
WARNING: [RTGEN 206-101] Register 'i_p' is power-on initialization.
WARNING: [RTGEN 206-101] Register 'j_p' is power-on initialization.
WARNING: [RTGEN 206-101] Register 'i' is power-on initialization.
WARNING: [RTGEN 206-101] Register 'j' is power-on initialization.
WARNING: [RTGEN 206-101] Register 'k' is power-on initialization.
WARNING: [RTGEN 206-101] Register 'i_out' is power-on initialization.
WARNING: [RTGEN 206-101] Register 'j_out' is power-on initialization.
INFO: [RTGEN 206-100] Finished creating RTL model for 'tdf8_get_next_ijk'.
INFO: [HLS 200-111] Finished Creating RTL model: CPU user time: 2.78 seconds. CPU system time: 0.06 seconds. Elapsed time: 12.02 seconds; current allocated memory: 486.492 MB.
INFO: [HLS 200-10] ----------------------------------------------------------------
INFO: [HLS 200-10] -- Generating RTL for module 'tdf8_readInputs6' 
INFO: [HLS 200-10] ----------------------------------------------------------------
INFO: [RTGEN 206-100] Finished creating RTL model for 'tdf8_readInputs6'.
INFO: [HLS 200-111] Finished Creating RTL model: CPU user time: 0.74 seconds. CPU system time: 0.07 seconds. Elapsed time: 2.3 seconds; current allocated memory: 489.129 MB.
INFO: [HLS 200-10] ----------------------------------------------------------------
INFO: [HLS 200-10] -- Generating RTL for module 'tdf8_readFilters5' 
INFO: [HLS 200-10] ----------------------------------------------------------------
INFO: [RTGEN 206-100] Finished creating RTL model for 'tdf8_readFilters5'.
INFO: [HLS 200-111] Finished Creating RTL model: CPU user time: 1.92 seconds. CPU system time: 0.28 seconds. Elapsed time: 6.6 seconds; current allocated memory: 493.069 MB.
INFO: [HLS 200-10] ----------------------------------------------------------------
INFO: [HLS 200-10] -- Generating RTL for module 'tdf8_dot_product' 
INFO: [HLS 200-10] ----------------------------------------------------------------
INFO: [RTGEN 206-100] Generating core module 'hmul_16ns_16ns_16_5_max_dsp_1': 16 instance(s).
INFO: [RTGEN 206-100] Finished creating RTL model for 'tdf8_dot_product'.
INFO: [HLS 200-111] Finished Creating RTL model: CPU user time: 0.87 seconds. CPU system time: 0.22 seconds. Elapsed time: 3.3 seconds; current allocated memory: 496.996 MB.
INFO: [HLS 200-10] ----------------------------------------------------------------
INFO: [HLS 200-10] -- Generating RTL for module 'tdf8_accum_1' 
INFO: [HLS 200-10] ----------------------------------------------------------------
INFO: [RTGEN 206-100] Generating core module 'hadd_16ns_16ns_16_8_full_dsp_1': 24 instance(s).
INFO: [RTGEN 206-100] Finished creating RTL model for 'tdf8_accum_1'.
INFO: [HLS 200-111] Finished Creating RTL model: CPU user time: 1.85 seconds. CPU system time: 0.37 seconds. Elapsed time: 9.79 seconds; current allocated memory: 502.629 MB.
INFO: [HLS 200-10] ----------------------------------------------------------------
INFO: [HLS 200-10] -- Generating RTL for module 'tdf8_accum_2' 
INFO: [HLS 200-10] ----------------------------------------------------------------
INFO: [RTGEN 206-100] Generating core module 'hadd_16ns_16ns_16_8_full_dsp_1': 12 instance(s).
INFO: [RTGEN 206-100] Finished creating RTL model for 'tdf8_accum_2'.
INFO: [HLS 200-111] Finished Creating RTL model: CPU user time: 1.92 seconds. CPU system time: 0.18 seconds. Elapsed time: 10.21 seconds; current allocated memory: 506.381 MB.
INFO: [HLS 200-10] ----------------------------------------------------------------
INFO: [HLS 200-10] -- Generating RTL for module 'tdf8_accum_3' 
INFO: [HLS 200-10] ----------------------------------------------------------------
INFO: [RTGEN 206-100] Generating core module 'hadd_16ns_16ns_16_8_full_dsp_1': 6 instance(s).
INFO: [RTGEN 206-100] Generating core module 'mux_83_1_1_1': 6 instance(s).
INFO: [RTGEN 206-100] Finished creating RTL model for 'tdf8_accum_3'.
INFO: [HLS 200-111] Finished Creating RTL model: CPU user time: 1.44 seconds. CPU system time: 0.11 seconds. Elapsed time: 5.34 seconds; current allocated memory: 509.661 MB.
INFO: [HLS 200-10] ----------------------------------------------------------------
INFO: [HLS 200-10] -- Generating RTL for module 'tdf8_accum_4' 
INFO: [HLS 200-10] ----------------------------------------------------------------
INFO: [RTGEN 206-100] Generating core module 'hadd_16ns_16ns_16_8_full_dsp_1': 2 instance(s).
INFO: [RTGEN 206-100] Finished creating RTL model for 'tdf8_accum_4'.
INFO: [HLS 200-111] Finished Creating RTL model: CPU user time: 0.89 seconds. CPU system time: 0.15 seconds. Elapsed time: 2.96 seconds; current allocated memory: 511.930 MB.
INFO: [HLS 200-10] ----------------------------------------------------------------
INFO: [HLS 200-10] -- Generating RTL for module 'Block_entry_proc_proc' 
INFO: [HLS 200-10] ----------------------------------------------------------------
INFO: [RTGEN 206-100] Finished creating RTL model for 'Block_entry_proc_proc'.
INFO: [HLS 200-111] Finished Creating RTL model: CPU user time: 0.31 seconds. CPU system time: 0.04 seconds. Elapsed time: 0.95 seconds; current allocated memory: 512.387 MB.
INFO: [HLS 200-10] ----------------------------------------------------------------
INFO: [HLS 200-10] -- Generating RTL for module 'tdf8_adjust' 
INFO: [HLS 200-10] ----------------------------------------------------------------
INFO: [RTGEN 206-100] Generating core module 'hadd_16ns_16ns_16_8_full_dsp_1': 1 instance(s).
INFO: [RTGEN 206-100] Generating core module 'hmul_16ns_16ns_16_5_max_dsp_1': 1 instance(s).
INFO: [RTGEN 206-100] Generating core module 'hsub_16ns_16ns_16_7_full_dsp_1': 1 instance(s).
INFO: [RTGEN 206-100] Finished creating RTL model for 'tdf8_adjust'.
INFO: [HLS 200-111] Finished Creating RTL model: CPU user time: 0.13 seconds. CPU system time: 0.03 seconds. Elapsed time: 0.6 seconds; current allocated memory: 512.899 MB.
INFO: [HLS 200-10] ----------------------------------------------------------------
INFO: [HLS 200-10] -- Generating RTL for module 'tdf8_writeOutputs_unaligned' 
INFO: [HLS 200-10] ----------------------------------------------------------------
WARNING: [RTGEN 206-101] Register 'outputCount' is power-on initialization.
WARNING: [RTGEN 206-101] Register 'outputChanIdx' is power-on initialization.
WARNING: [RTGEN 206-101] Register 'outputRow_0' is power-on initialization.
WARNING: [RTGEN 206-101] Register 'outputRow_1' is power-on initialization.
WARNING: [RTGEN 206-101] Register 'outputRow_2' is power-on initialization.
WARNING: [RTGEN 206-101] Register 'outputRow_3' is power-on initialization.
INFO: [RTGEN 206-100] Finished creating RTL model for 'tdf8_writeOutputs_unaligned'.
INFO: [HLS 200-111] Finished Creating RTL model: CPU user time: 0.4 seconds. CPU system time: 0.05 seconds. Elapsed time: 1.39 seconds; current allocated memory: 513.586 MB.
INFO: [HLS 200-10] ----------------------------------------------------------------
INFO: [HLS 200-10] -- Generating RTL for module 'tdf8_poolOutputs' 
INFO: [HLS 200-10] ----------------------------------------------------------------
WARNING: [RTGEN 206-101] Register 'max_vals_0' is power-on initialization.
INFO: [RTGEN 206-100] Generating core module 'hcmp_16ns_16ns_1_2_no_dsp_1': 1 instance(s).
INFO: [RTGEN 206-100] Finished creating RTL model for 'tdf8_poolOutputs'.
INFO: [HLS 200-111] Finished Creating RTL model: CPU user time: 0.28 seconds. CPU system time: 0.09 seconds. Elapsed time: 1.29 seconds; current allocated memory: 514.616 MB.
INFO: [HLS 200-10] ----------------------------------------------------------------
INFO: [HLS 200-10] -- Generating RTL for module 'dataflow_in_loop_TOP_LOOP' 
INFO: [HLS 200-10] ----------------------------------------------------------------
INFO: [RTGEN 206-100] Finished creating RTL model for 'dataflow_in_loop_TOP_LOOP'.
INFO: [HLS 200-111] Finished Creating RTL model: CPU user time: 2.22 seconds. CPU system time: 0.05 seconds. Elapsed time: 7 seconds; current allocated memory: 522.876 MB.
INFO: [HLS 200-10] ----------------------------------------------------------------
INFO: [HLS 200-10] -- Generating RTL for module 'tdf8' 
INFO: [HLS 200-10] ----------------------------------------------------------------
INFO: [RTGEN 206-100] Finished creating RTL model for 'tdf8'.
INFO: [HLS 200-111] Finished Creating RTL model: CPU user time: 4.92 seconds. CPU system time: 0.16 seconds. Elapsed time: 23.18 seconds; current allocated memory: 526.060 MB.
INFO: [HLS 200-10] ----------------------------------------------------------------
INFO: [HLS 200-10] -- Generating RTL for module 'tdf8_top' 
INFO: [HLS 200-10] ----------------------------------------------------------------
INFO: [RTGEN 206-500] Setting interface mode on port 'tdf8_top/dummy_val' to 'ap_none'.
INFO: [RTGEN 206-500] Setting interface mode on port 'tdf8_top/out_data' to 'ap_memory'.
INFO: [RTGEN 206-500] Setting interface mode on function 'tdf8_top' to 'ap_ctrl_hs'.
INFO: [RTGEN 206-100] Finished creating RTL model for 'tdf8_top'.
INFO: [HLS 200-111] Finished Creating RTL model: CPU user time: 1.89 seconds. CPU system time: 0.02 seconds. Elapsed time: 4.58 seconds; current allocated memory: 526.726 MB.
INFO: [HLS 200-741] Implementing PIPO tdf8_top_dataflow_in_loop_TOP_LOOP_ifmap_vec_0_memcore using a single memory for all blocks
INFO: [RTMG 210-278] Implementing memory 'tdf8_top_dataflow_in_loop_TOP_LOOP_ifmap_vec_0_memcore_ram (RAM)' using auto RAMs.
INFO: [HLS 200-740] Implementing PIPO tdf8_top_dataflow_in_loop_TOP_LOOP_products_0_memcore using a separate memory for each block
INFO: [RTMG 210-278] Implementing memory 'tdf8_top_dataflow_in_loop_TOP_LOOP_products_0_memcore_ram (RAM)' using auto RAMs.
INFO: [HLS 200-740] Implementing PIPO tdf8_top_dataflow_in_loop_TOP_LOOP_accum1_out_0_0_memcore using a separate memory for each block
INFO: [RTMG 210-278] Implementing memory 'tdf8_top_dataflow_in_loop_TOP_LOOP_accum1_out_0_0_memcore_ram (RAM)' using auto RAMs.
INFO: [HLS 200-740] Implementing PIPO tdf8_top_dataflow_in_loop_TOP_LOOP_accum2_out_0_0_memcore using a separate memory for each block
INFO: [RTMG 210-278] Implementing memory 'tdf8_top_dataflow_in_loop_TOP_LOOP_accum2_out_0_0_memcore_ram (RAM)' using auto RAMs.
INFO: [RTMG 210-285] Implementing FIFO 'input_indices_23_c_U(tdf8_top_fifo_w8_d2_S)' using Shift Registers.
INFO: [RTMG 210-285] Implementing FIFO 'input_indices_23_c1_U(tdf8_top_fifo_w8_d9_S)' using Shift Registers.
INFO: [RTMG 210-285] Implementing FIFO 'output_indices_04_c_U(tdf8_top_fifo_w4_d10_S)' using Shift Registers.
INFO: [RTMG 210-285] Implementing FIFO 'output_indices_15_c_U(tdf8_top_fifo_w8_d10_S)' using Shift Registers.
INFO: [RTMG 210-285] Implementing FIFO 'resetMaximum6_c_U(tdf8_top_fifo_w1_d10_S)' using Shift Registers.
INFO: [RTMG 210-285] Implementing FIFO 'storeOutput7_c_U(tdf8_top_fifo_w1_d10_S)' using Shift Registers.
INFO: [RTMG 210-285] Implementing FIFO 'input_indices_0_U(tdf8_top_fifo_w16_d2_S)' using Shift Registers.
INFO: [RTMG 210-285] Implementing FIFO 'input_indices_1_U(tdf8_top_fifo_w16_d2_S)' using Shift Registers.
INFO: [RTMG 210-285] Implementing FIFO 'accum3_out_0_0_U(tdf8_top_fifo_w16_d2_S)' using Shift Registers.
INFO: [RTMG 210-285] Implementing FIFO 'accum3_out_0_1_U(tdf8_top_fifo_w16_d2_S)' using Shift Registers.
INFO: [RTMG 210-285] Implementing FIFO 'accum3_out_0_2_U(tdf8_top_fifo_w16_d2_S)' using Shift Registers.
INFO: [RTMG 210-285] Implementing FIFO 'accum3_out_0_3_U(tdf8_top_fifo_w16_d2_S)' using Shift Registers.
INFO: [RTMG 210-285] Implementing FIFO 'accum3_out_0_4_U(tdf8_top_fifo_w16_d2_S)' using Shift Registers.
INFO: [RTMG 210-285] Implementing FIFO 'accum3_out_0_5_U(tdf8_top_fifo_w16_d2_S)' using Shift Registers.
INFO: [RTMG 210-285] Implementing FIFO 'tmp_channel_U(tdf8_top_fifo_w16_d2_S)' using Shift Registers.
INFO: [RTMG 210-285] Implementing FIFO 'sums_0_U(tdf8_top_fifo_w16_d2_S)' using Shift Registers.
INFO: [RTMG 210-285] Implementing FIFO 'outputs_0_U(tdf8_top_fifo_w16_d2_S)' using Shift Registers.
INFO: [RTMG 210-285] Implementing FIFO 'start_for_tdf8_readFilters5_U0_U(tdf8_top_start_for_tdf8_readFilters5_U0)' using Shift Registers.
WARNING: [RTMG 210-274] Memory 'tdf8_top_in_data' is read-only, switch it to a ROM.
INFO: [RTMG 210-279] Implementing memory 'tdf8_top_in_data_rom' using ultra ROMs.
INFO: [RTMG 210-278] Implementing memory 'tdf8_top_filter_data_ram (RAM_2P_BRAM)' using block RAMs.
INFO: [RTMG 210-278] Implementing memory 'tdf8_top_adjustments_ram (RAM_2P_BRAM)' using block RAMs.
INFO: [HLS 200-741] Implementing PIPO tdf8_top_dataflow_in_loop_TOP_LOOP_ifmap_vec_0_memcore using a single memory for all blocks
INFO: [HLS 200-740] Implementing PIPO tdf8_top_dataflow_in_loop_TOP_LOOP_products_0_memcore using a separate memory for each block
INFO: [HLS 200-740] Implementing PIPO tdf8_top_dataflow_in_loop_TOP_LOOP_accum1_out_0_0_memcore using a separate memory for each block
INFO: [HLS 200-740] Implementing PIPO tdf8_top_dataflow_in_loop_TOP_LOOP_accum2_out_0_0_memcore using a separate memory for each block
INFO: [HLS 200-741] Implementing PIPO tdf8_top_dataflow_in_loop_TOP_LOOP_ifmap_vec_0_memcore using a single memory for all blocks
INFO: [HLS 200-740] Implementing PIPO tdf8_top_dataflow_in_loop_TOP_LOOP_products_0_memcore using a separate memory for each block
INFO: [HLS 200-740] Implementing PIPO tdf8_top_dataflow_in_loop_TOP_LOOP_accum1_out_0_0_memcore using a separate memory for each block
INFO: [HLS 200-740] Implementing PIPO tdf8_top_dataflow_in_loop_TOP_LOOP_accum2_out_0_0_memcore using a separate memory for each block
INFO: [HLS 200-111] Finished Generating all RTL models: CPU user time: 11.61 seconds. CPU system time: 3.38 seconds. Elapsed time: 59.42 seconds; current allocated memory: 534.853 MB.
INFO: [VHDL 208-304] Generating VHDL RTL for tdf8_top.
INFO: [VLOG 209-307] Generating Verilog RTL for tdf8_top.
INFO: [HLS 200-790] **** Loop Constraint Status: All loop constraints were satisfied.
INFO: [HLS 200-789] **** Estimated Fmax: 447.23 MHz
INFO: [HLS 200-111] Finished Command csynth_design CPU user time: 132.26 seconds. CPU system time: 10.66 seconds. Elapsed time: 548.88 seconds; current allocated memory: 537.607 MB.
INFO: [HLS 200-112] Total CPU user time: 142.12 seconds. Total CPU system time: 15.62 seconds. Total elapsed time: 596.9 seconds; peak allocated memory: 534.853 MB.
INFO: [Common 17-206] Exiting vitis_hls at Tue Apr 20 12:16:20 2021...
